2012/12/19 上午 07:00:00==> Operate Description:根據用戶名刪除之前生成的異常分析記錄, Operate Model:考勤稽核, Operate creater:AuitMail Operate Type:刪除

2012/12/19 上午 07:00:00==> Operate Description:根據用戶名刪除之前生成的異常分析記錄, Operate Model:考勤稽核, Operate creater:AuitMail Operate Type:刪除

2012/12/19 上午 07:00:00==> Operate Description:根據用戶名刪除之前生成的異常分析記錄, Operate Model:考勤稽核, Operate creater:AuitMail Operate Type:刪除

2012/12/19 上午 07:01:51==> Operate Description:定時發送異常郵件, Operate Model:考勤稽核, Operate creater:AuitJobMail Operate Type:AuitJobMail

2012/12/19 上午 07:01:51==> Operate Description:根據用戶名刪除之前生成的異常分析記錄, Operate Model:考勤稽核, Operate creater:AuitMail Operate Type:刪除

2012/12/19 上午 07:03:01==> Operate Description:定時發送異常郵件, Operate Model:考勤稽核, Operate creater:AuitJobMail Operate Type:AuitJobMail

2012/12/19 上午 07:03:01==> Operate Description:根據用戶名刪除之前生成的異常分析記錄, Operate Model:考勤稽核, Operate creater:AuitMail Operate Type:刪除

2012/12/19 上午 07:03:01==> Operate Description:根據用戶名刪除之前生成的異常分析記錄, Operate Model:考勤稽核, Operate creater:AuitMail Operate Type:刪除

2012/12/19 上午 07:03:55==> Operate Description:定時發送異常郵件, Operate Model:考勤稽核, Operate creater:AuitJobMail Operate Type:AuitJobMail

2012/12/19 上午 07:03:55==> Operate Description:根據用戶名刪除之前生成的異常分析記錄, Operate Model:考勤稽核, Operate creater:AuitMail Operate Type:刪除

2012/12/19 上午 07:05:35==> Operate Description:根據用戶名刪除之前生成的異常分析記錄, Operate Model:考勤稽核, Operate creater:AuitMail Operate Type:刪除

2012/12/19 上午 07:06:25==> Operate Description:定時發送異常郵件, Operate Model:考勤稽核, Operate creater:AuitJobMail Operate Type:AuitJobMail

2012/12/19 上午 07:06:25==> Operate Description:根據用戶名刪除之前生成的異常分析記錄, Operate Model:考勤稽核, Operate creater:AuitMail Operate Type:刪除

2012/12/19 上午 07:06:25==> Operate Description:根據用戶名刪除之前生成的異常分析記錄, Operate Model:考勤稽核, Operate creater:AuitMail Operate Type:刪除

2012/12/19 上午 07:07:27==> Operate Description:定時發送異常郵件, Operate Model:考勤稽核, Operate creater:AuitJobMail Operate Type:AuitJobMail

2012/12/19 上午 07:07:27==> Operate Description:根據用戶名刪除之前生成的異常分析記錄, Operate Model:考勤稽核, Operate creater:AuitMail Operate Type:刪除

2012/12/19 上午 07:08:24==> Operate Description:定時發送異常郵件, Operate Model:考勤稽核, Operate creater:AuitJobMail Operate Type:AuitJobMail

2012/12/19 上午 07:08:24==> Operate Description:根據用戶名刪除之前生成的異常分析記錄, Operate Model:考勤稽核, Operate creater:AuitMail Operate Type:刪除

2012/12/19 上午 07:09:20==> Operate Description:定時發送異常郵件, Operate Model:考勤稽核, Operate creater:AuitJobMail Operate Type:AuitJobMail

2012/12/19 上午 07:09:20==> Operate Description:根據用戶名刪除之前生成的異常分析記錄, Operate Model:考勤稽核, Operate creater:AuitMail Operate Type:刪除

2012/12/19 上午 07:09:44==> Operate Description:根據用戶名刪除之前生成的異常分析記錄, Operate Model:考勤稽核, Operate creater:AuitMail Operate Type:刪除

2012/12/19 上午 07:10:27==> Operate Description:定時發送異常郵件, Operate Model:考勤稽核, Operate creater:AuitJobMail Operate Type:AuitJobMail

2012/12/19 上午 07:10:27==> Operate Description:根據用戶名刪除之前生成的異常分析記錄, Operate Model:考勤稽核, Operate creater:AuitMail Operate Type:刪除

2012/12/19 上午 07:11:42==> Operate Description:定時發送異常郵件, Operate Model:考勤稽核, Operate creater:AuitJobMail Operate Type:AuitJobMail

2012/12/19 上午 07:11:48::自動執行發送門禁考勤異常報表郵件:true

2012/12/19 下午 03:00:38==> Operate Description:用戶登錄, Operate Model:用戶管理, Operate creater:admin Operate Type:登錄

2012/12/19 下午 03:02:59==> Operate Description:註冊用戶, Operate Model:用戶管理, Operate creater:Yanli.Yin Operate Type:註冊

2012/12/19 下午 03:03:32==> Operate Description:註冊用戶, Operate Model:用戶管理, Operate creater:Guiqing.Li Operate Type:註冊

2012/12/19 下午 03:04:23==> Operate Description:註冊用戶, Operate Model:用戶管理, Operate creater:Angela.Xiao Operate Type:註冊

2012/12/19 下午 03:04:44==> Operate Description:用戶登錄, Operate Model:用戶管理, Operate creater:admin Operate Type:登錄

2012/12/19 下午 03:14:22==> Operate Description:用戶登錄, Operate Model:用戶管理, Operate creater:admin Operate Type:登錄

2012/12/19 下午 03:15:03==> Operate Description:根據用戶名刪除之前生成的異常分析記錄, Operate Model:考勤稽核, Operate creater:admin Operate Type:刪除

2012/12/19 下午 03:15:08==> Operate Description:根據用戶名刪除之前生成的異常分析記錄, Operate Model:考勤稽核, Operate creater:admin Operate Type:刪除

2012/12/19 下午 03:15:13==> Operate Description:根據用戶名刪除之前生成的異常分析記錄, Operate Model:考勤稽核, Operate creater:admin Operate Type:刪除

2012/12/19 下午 03:15:24==> Operate Description:根據用戶名刪除之前生成的異常分析記錄, Operate Model:考勤稽核, Operate creater:admin Operate Type:刪除

2012/12/19 下午 03:16:18==> Operate Description:根據用戶名刪除之前生成的異常分析記錄, Operate Model:考勤稽核, Operate creater:admin Operate Type:刪除

2012/12/19 下午 04:47:28==> Operate Description:用戶登錄, Operate Model:用戶管理, Operate creater:Guiqing.Li Operate Type:登錄

2012/12/19 下午 04:48:11==> Operate Description:根據用戶名刪除之前生成的異常分析記錄, Operate Model:考勤稽核, Operate creater:Guiqing.Li Operate Type:刪除

2012/12/19 下午 04:49:38==> Operate Description:根據用戶名刪除之前生成的異常分析記錄, Operate Model:考勤稽核, Operate creater:Guiqing.Li Operate Type:刪除

2012/12/19 下午 08:14:05==> Operate Description:用戶登錄, Operate Model:用戶管理, Operate creater:Angela.Xiao Operate Type:登錄

2012/12/19 下午 08:15:28==> Operate Description:根據用戶名刪除之前生成的異常分析記錄, Operate Model:考勤稽核, Operate creater:Angela.Xiao Operate Type:刪除

2012/12/19 下午 08:16:56==> Errors Description:Access to the path 'E:\hilton\ePortal\ePortal.Web\temp\attendance.xls' is denied.Errors Location:   at System.IO.__Error.WinIOError(Int32 errorCode, String maybeFullPath)
   at System.IO.FileStream.Init(String path, FileMode mode, FileAccess access, Int32 rights, Boolean useRights, FileShare share, Int32 bufferSize, FileOptions options, SECURITY_ATTRIBUTES secAttrs, String msgPath, Boolean bFromProxy, Boolean useLongPath)
   at System.IO.FileStream..ctor(String path, FileMode mode, FileAccess access, FileShare share, Int32 bufferSize, FileOptions options, String msgPath, Boolean bFromProxy)
   at System.IO.FileStream..ctor(String path, FileMode mode)
   at ePortal.Web.Controllers.AttendanceController.ToExcel(HtmlGenericControl divControl, String filename) in E:\hilton\ePortal\ePortal.Web\Controllers\AttendanceController.cs:line 837
   at ePortal.Web.Controllers.AttendanceController.attendancexls(String anomalous) in E:\hilton\ePortal\ePortal.Web\Controllers\AttendanceController.cs:line 827
   at lambda_method(Closure , ControllerBase , Object[] )
   at System.Web.Mvc.ReflectedActionDescriptor.Execute(ControllerContext controllerContext, IDictionary`2 parameters)
   at System.Web.Mvc.ControllerActionInvoker.InvokeActionMethod(ControllerContext controllerContext, ActionDescriptor actionDescriptor, IDictionary`2 parameters)
   at System.Web.Mvc.Async.AsyncControllerActionInvoker.<>c__DisplayClass42.<BeginInvokeSynchronousActionMethod>b__41()
   at System.Web.Mvc.Async.AsyncControllerActionInvoker.<>c__DisplayClass37.<>c__DisplayClass39.<BeginInvokeActionMethodWithFilters>b__33()
   at System.Web.Mvc.Async.AsyncControllerActionInvoker.<>c__DisplayClass4f.<InvokeActionMethodFilterAsynchronously>b__49()
   at System.Web.Mvc.Async.AsyncControllerActionInvoker.<>c__DisplayClass4f.<InvokeActionMethodFilterAsynchronously>b__49()
   at System.Web.Mvc.Async.AsyncControllerActionInvoker.<>c__DisplayClass4f.<InvokeActionMethodFilterAsynchronously>b__49()
   at System.Web.Mvc.Async.AsyncControllerActionInvoker.<>c__DisplayClass37.<BeginInvokeActionMethodWithFilters>b__36(IAsyncResult asyncResult)
   at System.Web.Mvc.Async.AsyncControllerActionInvoker.<>c__DisplayClass25.<>c__DisplayClass2a.<BeginInvokeAction>b__20()
   at System.Web.Mvc.Async.AsyncControllerActionInvoker.<>c__DisplayClass25.<BeginInvokeAction>b__22(IAsyncResult asyncResult)

2012/12/19 下午 08:17:43==> Operate Description:根據用戶名刪除之前生成的異常分析記錄, Operate Model:考勤稽核, Operate creater:Angela.Xiao Operate Type:刪除

2012/12/19 下午 08:19:02==> Operate Description:根據用戶名刪除之前生成的異常分析記錄, Operate Model:考勤稽核, Operate creater:Angela.Xiao Operate Type:刪除

2012/12/19 下午 08:19:44==> Operate Description:根據用戶名刪除之前生成的異常分析記錄, Operate Model:考勤稽核, Operate creater:Angela.Xiao Operate Type:刪除

2012/12/19 下午 08:20:41==> Operate Description:根據用戶名刪除之前生成的異常分析記錄, Operate Model:考勤稽核, Operate creater:Angela.Xiao Operate Type:刪除

