2013/3/22 14:33:10==> Operate Description:用戶登錄, Operate Model:用戶管理, Operate creater:hilton Operate Type:登錄

2013/3/22 14:34:15==> Operate Description:根據用戶名刪除之前生成的異常分析記錄, Operate Model:考勤稽核, Operate creater:AuitMail Operate Type:刪除

2013/3/22 14:46:03==> Operate Description:根據用戶名刪除之前生成的異常分析記錄, Operate Model:考勤稽核, Operate creater:AuitMail Operate Type:刪除

2013/3/22 14:58:49==> Operate Description:根據用戶名刪除之前生成的異常分析記錄, Operate Model:考勤稽核, Operate creater:AuitMail Operate Type:刪除

2013/3/22 15:01:08==> Operate Description:定時發送異常郵件, Operate Model:考勤稽核, Operate creater:AuitJobMail Operate Type:AuitJobMail

2013/3/22 15:01:27==> Operate Description:根據用戶名刪除之前生成的異常分析記錄, Operate Model:考勤稽核, Operate creater:AuitMail Operate Type:刪除

2013/3/22 15:33:36==> Operate Description:根據用戶名刪除之前生成的異常分析記錄, Operate Model:考勤稽核, Operate creater:AuitMail Operate Type:刪除

2013/3/22 15:34:03==> Operate Description:定時發送異常郵件, Operate Model:考勤稽核, Operate creater:AuitJobMail Operate Type:AuitJobMail

2013/3/22 15:34:03==> Operate Description:根據用戶名刪除之前生成的異常分析記錄, Operate Model:考勤稽核, Operate creater:AuitMail Operate Type:刪除

2013/3/22 15:38:31==> Errors Description:Timeout expired.  The timeout period elapsed prior to completion of the operation or the server is not responding.Errors Location:   at System.Data.SqlClient.SqlConnection.OnError(SqlException exception, Boolean breakConnection)
   at System.Data.SqlClient.SqlInternalConnection.OnError(SqlException exception, Boolean breakConnection)
   at System.Data.SqlClient.TdsParser.ThrowExceptionAndWarning()
   at System.Data.SqlClient.TdsParser.Run(RunBehavior runBehavior, SqlCommand cmdHandler, SqlDataReader dataStream, BulkCopySimpleResultSet bulkCopyHandler, TdsParserStateObject stateObj)
   at System.Data.SqlClient.SqlDataReader.ConsumeMetaData()
   at System.Data.SqlClient.SqlDataReader.get_MetaData()
   at System.Data.SqlClient.SqlCommand.FinishExecuteReader(SqlDataReader ds, RunBehavior runBehavior, String resetOptionsString)
   at System.Data.SqlClient.SqlCommand.RunExecuteReaderTds(CommandBehavior cmdBehavior, RunBehavior runBehavior, Boolean returnStream, Boolean async)
   at System.Data.SqlClient.SqlCommand.RunExecuteReader(CommandBehavior cmdBehavior, RunBehavior runBehavior, Boolean returnStream, String method, DbAsyncResult result)
   at System.Data.SqlClient.SqlCommand.RunExecuteReader(CommandBehavior cmdBehavior, RunBehavior runBehavior, Boolean returnStream, String method)
   at System.Data.SqlClient.SqlCommand.ExecuteReader(CommandBehavior behavior, String method)
   at System.Data.SqlClient.SqlCommand.ExecuteDbDataReader(CommandBehavior behavior)
   at System.Data.Common.DbCommand.ExecuteReader()
   at System.Data.Objects.ObjectContext.ExecuteStoreQueryInternal[TElement](String commandText, String entitySetName, MergeOption mergeOption, Object[] parameters)
   at System.Data.Objects.ObjectContext.ExecuteStoreQuery[TElement](String commandText, Object[] parameters)
   at System.Data.Entity.Internal.InternalContext.ExecuteSqlQuery[TElement](String sql, Object[] parameters)
   at System.Data.Entity.Internal.InternalContext.ExecuteSqlQueryAsIEnumerable[TElement](String sql, Object[] parameters)
   at System.Data.Entity.Internal.InternalContext.ExecuteSqlQuery(Type elementType, String sql, Object[] parameters)
   at System.Data.Entity.Internal.InternalSqlNonSetQuery.GetEnumerator()
   at System.Data.Entity.Internal.InternalSqlQuery`1.GetEnumerator()
   at System.Collections.Generic.List`1..ctor(IEnumerable`1 collection)
   at System.Linq.Enumerable.ToList[TSource](IEnumerable`1 source)
   at ePortal.Web.Controllers.AttendanceController.SendAllAnalyse() in D:\Hilton Ni\ePortal2013-01-07\ePortal\ePortal.Web\Controllers\AttendanceController.cs:line 371

2013/3/22 15:38:38==> Operate Description:根據用戶名刪除之前生成的異常分析記錄, Operate Model:考勤稽核, Operate creater:AuitMail Operate Type:刪除

2013/3/22 15:40:33==> Errors Description:Keyword not supported: 'data source'.Errors Location:   at System.Data.Common.DbConnectionOptions.ParseInternal(Hashtable parsetable, String connectionString, Boolean buildChain, Hashtable synonyms, Boolean firstKey)
   at System.Data.Common.DbConnectionOptions..ctor(String connectionString, Hashtable synonyms, Boolean useOdbcRules)
   at System.Data.EntityClient.EntityConnection.ChangeConnectionString(String newConnectionString)
   at System.Data.EntityClient.EntityConnection..ctor(String connectionString)
   at System.Data.Entity.Internal.LazyInternalConnection.InitializeFromConnectionStringSetting(ConnectionStringSettings appConfigConnection)
   at System.Data.Entity.Internal.LazyInternalConnection.TryInitializeFromAppConfig(String name, AppConfig config)
   at System.Data.Entity.Internal.LazyInternalConnection.Initialize()
   at System.Data.Entity.Internal.LazyInternalConnection.get_ProviderName()
   at System.Data.Entity.Internal.LazyInternalContext.InitializeContext()
   at System.Data.Entity.Internal.InternalContext.Initialize()
   at System.Data.Entity.Internal.InternalContext.GetEntitySetAndBaseTypeForType(Type entityType)
   at System.Data.Entity.Internal.Linq.InternalSet`1.Initialize()
   at System.Data.Entity.Internal.Linq.InternalSet`1.GetEnumerator()
   at System.Data.Entity.Infrastructure.DbQuery`1.System.Collections.Generic.IEnumerable<TResult>.GetEnumerator()
   at System.Linq.Enumerable.WhereSelectEnumerableIterator`2.MoveNext()
   at System.Linq.Enumerable.<DistinctIterator>d__81`1.MoveNext()
   at System.Collections.Generic.List`1..ctor(IEnumerable`1 collection)
   at System.Linq.Enumerable.ToList[TSource](IEnumerable`1 source)
   at ePortal.Web.Controllers.AttendanceController.SendAllAnalyse() in D:\Hilton Ni\ePortal2013-01-07\ePortal\ePortal.Web\Controllers\AttendanceController.cs:line 351
   at lambda_method(Closure , ControllerBase , Object[] )
   at System.Web.Mvc.ActionMethodDispatcher.Execute(ControllerBase controller, Object[] parameters)
   at System.Web.Mvc.ReflectedActionDescriptor.Execute(ControllerContext controllerContext, IDictionary`2 parameters)
   at System.Web.Mvc.ControllerActionInvoker.InvokeActionMethod(ControllerContext controllerContext, ActionDescriptor actionDescriptor, IDictionary`2 parameters)
   at System.Web.Mvc.Async.AsyncControllerActionInvoker.<>c__DisplayClass42.<BeginInvokeSynchronousActionMethod>b__41()
   at System.Web.Mvc.Async.AsyncResultWrapper.<>c__DisplayClass8`1.<BeginSynchronous>b__7(IAsyncResult _)
   at System.Web.Mvc.Async.AsyncResultWrapper.WrappedAsyncResult`1.End()
   at System.Web.Mvc.Async.AsyncControllerActionInvoker.EndInvokeActionMethod(IAsyncResult asyncResult)
   at System.Web.Mvc.Async.AsyncControllerActionInvoker.<>c__DisplayClass37.<>c__DisplayClass39.<BeginInvokeActionMethodWithFilters>b__33()
   at System.Web.Mvc.Async.AsyncControllerActionInvoker.<>c__DisplayClass4f.<InvokeActionMethodFilterAsynchronously>b__49()
   at System.Web.Mvc.Async.AsyncControllerActionInvoker.<>c__DisplayClass4f.<InvokeActionMethodFilterAsynchronously>b__49()
   at System.Web.Mvc.Async.AsyncControllerActionInvoker.<>c__DisplayClass4f.<InvokeActionMethodFilterAsynchronously>b__49()
   at System.Web.Mvc.Async.AsyncControllerActionInvoker.<>c__DisplayClass37.<BeginInvokeActionMethodWithFilters>b__36(IAsyncResult asyncResult)
   at System.Web.Mvc.Async.AsyncResultWrapper.WrappedAsyncResult`1.End()
   at System.Web.Mvc.Async.AsyncControllerActionInvoker.EndInvokeActionMethodWithFilters(IAsyncResult asyncResult)
   at System.Web.Mvc.Async.AsyncControllerActionInvoker.<>c__DisplayClass25.<>c__DisplayClass2a.<BeginInvokeAction>b__20()
   at System.Web.Mvc.Async.AsyncControllerActionInvoker.<>c__DisplayClass25.<BeginInvokeAction>b__22(IAsyncResult asyncResult)

2013/3/22 15:51:16==> Operate Description:根據用戶名刪除之前生成的異常分析記錄, Operate Model:考勤稽核, Operate creater:AuitMail Operate Type:刪除

2013/3/22 15:51:45==> Operate Description:定時發送異常郵件, Operate Model:考勤稽核, Operate creater:AuitJobMail Operate Type:AuitJobMail

2013/3/22 15:51:45==> Operate Description:根據用戶名刪除之前生成的異常分析記錄, Operate Model:考勤稽核, Operate creater:AuitMail Operate Type:刪除

