2014/12/17 上午 12:39:53::2014-12-17 00:39:53:Application End!

2014/12/17 上午 12:41:24::2014-12-17 00:41:24:Application Start!

2014/12/17 上午 02:41:24::2014-12-17 02:41:24:Application End!

2014/12/17 上午 02:42:55::2014-12-17 02:42:55:Application Start!

2014/12/17 上午 04:50:56::2014-12-17 04:50:56:Application End!

2014/12/17 上午 04:52:26::2014-12-17 04:52:26:Application Start!

2014/12/17 上午 06:52:26::2014-12-17 06:52:26:Application End!

2014/12/17 上午 09:50:04::2014-12-17 09:50:04:Application Start!

2014/12/17 上午 10:20:00::2014-12-17 10:20:00:AutoTask is Working!

2014/12/17 上午 10:49:56::自動執行計算門禁考勤異常報表:true

2014/12/17 下午 12:49:02::2014-12-17 12:49:02:Application End!

2014/12/17 下午 12:50:33::2014-12-17 12:50:33:Application Start!

2014/12/17 下午 03:22:34::2014-12-17 15:22:34:Application End!

2014/12/17 下午 03:24:04::2014-12-17 15:24:04:Application Start!

2014/12/17 下午 05:24:05::2014-12-17 17:24:05:Application End!

2014/12/17 下午 05:25:38::2014-12-17 17:25:38:Application Start!

2014/12/17 下午 07:25:35::2014-12-17 19:25:35:Application End!

2014/12/17 下午 07:27:06::2014-12-17 19:27:06:Application Start!

2014/12/17 下午 09:42:07::2014-12-17 21:42:06:Application End!

2014/12/17 下午 09:43:37::2014-12-17 21:43:37:Application Start!

2014/12/17 下午 11:43:37::2014-12-17 23:43:37:Application End!

2014/12/17 下午 11:45:08::2014-12-17 23:45:08:Application Start!

