2014/12/29 上午 12:28:56::2014-12-29 00:28:56:Application End!

2014/12/29 上午 12:30:26::2014-12-29 00:30:26:Application Start!

2014/12/29 上午 02:30:26::2014-12-29 02:30:26:Application End!

2014/12/29 上午 02:31:57::2014-12-29 02:31:57:Application Start!

2014/12/29 上午 04:31:57::2014-12-29 04:31:57:Application End!

2014/12/29 上午 04:33:28::2014-12-29 04:33:28:Application Start!

2014/12/29 上午 06:33:28::2014-12-29 06:33:28:Application End!

2014/12/29 上午 07:19:56::2014-12-29 07:19:56:Application Start!

2014/12/29 上午 09:21:01::2014-12-29 09:21:01:Application End!

2014/12/29 上午 09:22:33::2014-12-29 09:22:33:Application Start!

2014/12/29 上午 10:20:00::2014-12-29 10:20:00:AutoTask is Working!

2014/12/29 上午 10:50:13::自動執行計算門禁考勤異常報表:true

2014/12/29 下午 12:49:30::2014-12-29 12:49:30:Application End!

2014/12/29 下午 12:51:01::2014-12-29 12:51:01:Application Start!

2014/12/29 下午 03:27:02::2014-12-29 15:27:02:Application End!

2014/12/29 下午 03:28:33::2014-12-29 15:28:33:Application Start!

2014/12/29 下午 07:13:33::2014-12-29 19:13:33:Application End!

2014/12/29 下午 07:15:04::2014-12-29 19:15:04:Application Start!

2014/12/29 下午 09:15:04::2014-12-29 21:15:04:Application End!

2014/12/29 下午 09:16:37::2014-12-29 21:16:37:Application Start!

2014/12/29 下午 11:16:35::2014-12-29 23:16:35:Application End!

2014/12/29 下午 11:18:06::2014-12-29 23:18:06:Application Start!

