2014/9/16 上午 01:34:07::2014-09-16 01:34:07:Application End!

2014/9/16 上午 01:35:38::2014-09-16 01:35:38:Application Start!

2014/9/16 上午 03:35:38::2014-09-16 03:35:38:Application End!

2014/9/16 上午 03:37:08::2014-09-16 03:37:08:Application Start!

2014/9/16 上午 05:37:10::2014-09-16 05:37:10:Application End!

2014/9/16 上午 05:38:39::2014-09-16 05:38:39:Application Start!

2014/9/16 上午 07:38:39::2014-09-16 07:38:39:Application End!

2014/9/16 上午 07:40:10::2014-09-16 07:40:10:Application Start!

2014/9/16 上午 08:11:56==> Operate Description:用戶登錄, Operate Model:用戶管理, Operate creater:test Operate Type:登錄

2014/9/16 上午 10:18:11::2014-09-16 10:18:11:Application End!

2014/9/16 上午 10:19:42::2014-09-16 10:19:42:Application Start!

2014/9/16 下午 12:19:42::2014-09-16 12:19:42:Application End!

2014/9/16 下午 12:21:13::2014-09-16 12:21:13:Application Start!

2014/9/16 下午 02:20:00::2014-09-16 14:20:00:AutoTask is Working!

2014/9/16 下午 03:32:25::自動執行計算門禁考勤異常報表:true

2014/9/16 下午 05:32:15::2014-09-16 17:32:15:Application End!

2014/9/16 下午 05:33:46::2014-09-16 17:33:46:Application Start!

2014/9/16 下午 07:33:46::2014-09-16 19:33:46:Application End!

2014/9/16 下午 07:35:17::2014-09-16 19:35:17:Application Start!

2014/9/16 下午 09:35:17::2014-09-16 21:35:17:Application End!

