2014/10/11 上午 01:57:47::2014-10-11 01:57:47:Application End!

2014/10/11 上午 01:59:18::2014-10-11 01:59:18:Application Start!

2014/10/11 上午 03:59:19::2014-10-11 03:59:18:Application End!

2014/10/11 上午 04:00:49::2014-10-11 04:00:49:Application Start!

2014/10/11 上午 06:00:50::2014-10-11 06:00:50:Application End!

2014/10/11 上午 06:02:20::2014-10-11 06:02:20:Application Start!

2014/10/11 上午 08:02:20::2014-10-11 08:02:20:Application End!

2014/10/11 上午 08:03:51::2014-10-11 08:03:51:Application Start!

2014/10/11 上午 10:20:00::2014-10-11 10:20:00:AutoTask is Working!

2014/10/11 上午 11:35:40::自動執行計算門禁考勤異常報表:true

2014/10/11 下午 01:34:55::2014-10-11 13:34:55:Application End!

2014/10/11 下午 01:36:25::2014-10-11 13:36:25:Application Start!

2014/10/11 下午 03:36:25::2014-10-11 15:36:25:Application End!

2014/10/11 下午 03:37:56::2014-10-11 15:37:56:Application Start!

2014/10/11 下午 05:37:56::2014-10-11 17:37:56:Application End!

2014/10/11 下午 05:39:27::2014-10-11 17:39:27:Application Start!

2014/10/11 下午 07:39:27::2014-10-11 19:39:27:Application End!

2014/10/11 下午 07:40:58::2014-10-11 19:40:58:Application Start!

2014/10/11 下午 09:40:58::2014-10-11 21:40:58:Application End!

2014/10/11 下午 09:42:29::2014-10-11 21:42:29:Application Start!

2014/10/11 下午 11:42:29::2014-10-11 23:42:29:Application End!

2014/10/11 下午 11:43:59::2014-10-11 23:43:59:Application Start!

