2014/12/25 上午 12:50:37::2014-12-25 00:50:36:Application End!

2014/12/25 上午 12:52:06::2014-12-25 00:52:06:Application Start!

2014/12/25 上午 02:52:06::2014-12-25 02:52:06:Application End!

2014/12/25 上午 02:53:37::2014-12-25 02:53:37:Application Start!

2014/12/25 上午 04:53:37::2014-12-25 04:53:37:Application End!

2014/12/25 上午 04:55:08::2014-12-25 04:55:08:Application Start!

2014/12/25 上午 08:15:09::2014-12-25 08:15:09:Application End!

2014/12/25 上午 08:16:43::2014-12-25 08:16:43:Application Start!

2014/12/25 上午 10:20:00::2014-12-25 10:20:00:AutoTask is Working!

2014/12/25 上午 10:50:07::自動執行計算門禁考勤異常報表:true

2014/12/25 下午 12:49:41::2014-12-25 12:49:41:Application End!

2014/12/25 下午 12:51:11::2014-12-25 12:51:11:Application Start!

2014/12/25 下午 03:08:13::2014-12-25 15:08:13:Application End!

2014/12/25 下午 03:09:43::2014-12-25 15:09:43:Application Start!

2014/12/25 下午 05:09:43::2014-12-25 17:09:43:Application End!

2014/12/25 下午 06:54:53::2014-12-25 18:54:53:Application Start!

2014/12/25 下午 08:55:16::2014-12-25 20:55:16:Application End!

2014/12/25 下午 08:56:48::2014-12-25 20:56:48:Application Start!

2014/12/25 下午 10:56:45::2014-12-25 22:56:45:Application End!

2014/12/25 下午 10:58:16::2014-12-25 22:58:16:Application Start!

