2014/12/12 上午 12:35:31::2014-12-12 00:35:31:Application End!

2014/12/12 上午 12:37:02::2014-12-12 00:37:02:Application Start!

2014/12/12 上午 02:37:02::2014-12-12 02:37:02:Application End!

2014/12/12 上午 02:38:33::2014-12-12 02:38:33:Application Start!

2014/12/12 上午 04:38:33::2014-12-12 04:38:33:Application End!

2014/12/12 上午 04:40:06::2014-12-12 04:40:06:Application Start!

2014/12/12 上午 06:40:05::2014-12-12 06:40:05:Application End!

2014/12/12 上午 07:04:43::2014-12-12 07:04:43:Application Start!

2014/12/12 上午 10:20:01::2014-12-12 10:20:01:AutoTask is Working!

2014/12/12 上午 10:49:42::自動執行計算門禁考勤異常報表:true

2014/12/12 下午 12:49:38::2014-12-12 12:49:38:Application End!

2014/12/12 下午 12:51:08::2014-12-12 12:51:08:Application Start!

2014/12/12 下午 03:49:09::2014-12-12 15:49:09:Application End!

2014/12/12 下午 03:50:39::2014-12-12 15:50:39:Application Start!

2014/12/12 下午 05:50:39::2014-12-12 17:50:39:Application End!

2014/12/12 下午 05:52:11::2014-12-12 17:52:11:Application Start!

2014/12/12 下午 09:13:11::2014-12-12 21:13:11:Application End!

2014/12/12 下午 09:14:41::2014-12-12 21:14:41:Application Start!

2014/12/12 下午 11:14:41::2014-12-12 23:14:41:Application End!

2014/12/12 下午 11:16:12::2014-12-12 23:16:12:Application Start!

