2014/10/24 上午 01:57:36::2014-10-24 01:57:36:Application End!

2014/10/24 上午 01:59:07::2014-10-24 01:59:07:Application Start!

2014/10/24 上午 03:59:07::2014-10-24 03:59:07:Application End!

2014/10/24 上午 04:00:38::2014-10-24 04:00:38:Application Start!

2014/10/24 上午 06:00:38::2014-10-24 06:00:38:Application End!

2014/10/24 上午 07:57:57::2014-10-24 07:57:57:Application Start!

2014/10/24 上午 10:03:12::2014-10-24 10:03:12:Application End!

2014/10/24 上午 10:04:42::2014-10-24 10:04:42:Application Start!

2014/10/24 上午 10:20:00::2014-10-24 10:20:00:AutoTask is Working!

2014/10/24 上午 10:55:03==> Operate Description:用戶登錄, Operate Model:用戶管理, Operate creater:test Operate Type:登錄

2014/10/24 上午 10:55:03==> Operate Description:用戶登錄, Operate Model:用戶管理, Operate creater:test Operate Type:登錄

2014/10/24 上午 10:55:10==> Operate Description:用戶登錄, Operate Model:用戶管理, Operate creater:test Operate Type:登錄

2014/10/24 上午 11:46:53::自動執行計算門禁考勤異常報表:true

2014/10/24 下午 01:46:45::2014-10-24 13:46:45:Application End!

2014/10/24 下午 01:48:15::2014-10-24 13:48:15:Application Start!

2014/10/24 下午 03:50:15::2014-10-24 15:50:15:Application End!

2014/10/24 下午 03:51:46::2014-10-24 15:51:46:Application Start!

2014/10/24 下午 05:51:46::2014-10-24 17:51:46:Application End!

2014/10/24 下午 05:53:17::2014-10-24 17:53:17:Application Start!

2014/10/24 下午 07:53:18::2014-10-24 19:53:17:Application End!

2014/10/24 下午 07:54:49::2014-10-24 19:54:49:Application Start!

2014/10/24 下午 09:54:48::2014-10-24 21:54:48:Application End!

2014/10/24 下午 09:56:19::2014-10-24 21:56:19:Application Start!

2014/10/24 下午 11:56:20::2014-10-24 23:56:20:Application End!

