2014/7/22 上午 10:38:19==> Operate Description:用戶登錄, Operate Model:用戶管理, Operate creater:test Operate Type:登錄

2014/7/22 上午 11:12:14::2014-07-22 11:12:14:Application Start!

2014/7/22 上午 11:19:31::2014-07-22 11:19:31:Application Start!

2014/7/22 上午 11:19:34::2014-07-22 11:19:34:Application End!

2014/7/22 上午 11:20:03::2014-07-22 11:20:03:Application Start!

2014/7/22 上午 11:22:17::2014-07-22 11:22:17:Application Start!

2014/7/22 上午 11:22:19::2014-07-22 11:22:19:Application End!

2014/7/22 上午 11:44:46::2014-07-22 11:44:46:Application Start!

2014/7/22 下午 12:06:16::2014-07-22 12:06:16:Application Start!

2014/7/22 下午 12:27:46::2014-07-22 12:27:46:Application Start!

2014/7/22 下午 12:49:17::2014-07-22 12:49:17:Application Start!

2014/7/22 下午 01:10:47::2014-07-22 13:10:47:Application Start!

2014/7/22 下午 01:32:17::2014-07-22 13:32:17:Application Start!

2014/7/22 下午 01:42:56::2014-07-22 13:42:56:Application Start!

2014/7/22 下午 01:42:58::2014-07-22 13:42:58:Application End!

2014/7/22 下午 01:43:03::2014-07-22 13:43:03:Application Start!

2014/7/22 下午 01:43:04::2014-07-22 13:43:04:Application End!

2014/7/22 下午 01:43:56::2014-07-22 13:43:56:Application Start!

2014/7/22 下午 01:43:57::2014-07-22 13:43:57:Application End!

2014/7/22 下午 01:50:03::2014-07-22 13:50:03:AutoTask is Working!

2014/7/22 下午 02:04:08::自動執行計算門禁考勤異常報表:true

2014/7/22 下午 02:16:42::2014-07-22 14:16:42:Application Start!

2014/7/22 下午 02:16:57==> Operate Description:用戶登錄, Operate Model:用戶管理, Operate creater:test Operate Type:登錄

2014/7/22 下午 02:16:57==> Operate Description:用戶登錄, Operate Model:用戶管理, Operate creater:test Operate Type:登錄

2014/7/22 下午 02:20:00::2014-07-22 14:20:00:AutoTask is Working!

2014/7/22 下午 03:13:41::自動執行計算門禁考勤異常報表:true

2014/7/22 下午 03:33:04::2014-07-22 15:33:04:Application Start!

2014/7/22 下午 03:53:17::2014-07-22 15:53:17:Application End!

2014/7/22 下午 03:54:49::2014-07-22 15:54:49:Application Start!

2014/7/22 下午 04:14:48::2014-07-22 16:14:48:Application End!

2014/7/22 下午 04:16:19::2014-07-22 16:16:19:Application Start!

2014/7/22 下午 04:36:18::2014-07-22 16:36:18:Application End!

2014/7/22 下午 04:37:49::2014-07-22 16:37:49:Application Start!

2014/7/22 下午 04:57:50::2014-07-22 16:57:50:Application End!

