2014/9/12 上午 01:51:08::2014-09-12 01:51:08:Application End!

2014/9/12 上午 01:52:39::2014-09-12 01:52:39:Application Start!

2014/9/12 上午 03:52:39::2014-09-12 03:52:39:Application End!

2014/9/12 上午 03:54:10::2014-09-12 03:54:10:Application Start!

2014/9/12 上午 05:54:10::2014-09-12 05:54:10:Application End!

2014/9/12 上午 05:55:41::2014-09-12 05:55:41:Application Start!

2014/9/12 上午 07:55:41::2014-09-12 07:55:41:Application End!

2014/9/12 上午 07:57:12::2014-09-12 07:57:12:Application Start!

2014/9/12 上午 09:57:12::2014-09-12 09:57:12:Application End!

2014/9/12 上午 09:58:43::2014-09-12 09:58:43:Application Start!

2014/9/12 上午 11:58:43::2014-09-12 11:58:43:Application End!

2014/9/12 下午 01:50:01::2014-09-12 13:50:01:Application Start!

2014/9/12 下午 02:20:00::2014-09-12 14:20:00:AutoTask is Working!

2014/9/12 下午 03:26:51::自動執行計算門禁考勤異常報表:true

2014/9/12 下午 05:26:19::2014-09-12 17:26:19:Application End!

2014/9/12 下午 05:27:50::2014-09-12 17:27:50:Application Start!

2014/9/12 下午 07:27:50::2014-09-12 19:27:50:Application End!

2014/9/12 下午 07:29:21::2014-09-12 19:29:21:Application Start!

2014/9/12 下午 09:29:21::2014-09-12 21:29:21:Application End!

2014/9/12 下午 09:30:52::2014-09-12 21:30:52:Application Start!

2014/9/12 下午 11:30:52::2014-09-12 23:30:52:Application End!

