2014/12/6 上午 12:07:10::2014-12-06 00:07:10:Application End!

2014/12/6 上午 12:08:40::2014-12-06 00:08:40:Application Start!

2014/12/6 上午 02:08:40::2014-12-06 02:08:40:Application End!

2014/12/6 上午 02:10:11::2014-12-06 02:10:11:Application Start!

2014/12/6 上午 04:10:11::2014-12-06 04:10:11:Application End!

2014/12/6 上午 04:11:42::2014-12-06 04:11:42:Application Start!

2014/12/6 上午 06:11:42::2014-12-06 06:11:42:Application End!

2014/12/6 上午 06:13:13::2014-12-06 06:13:13:Application Start!

2014/12/6 上午 08:13:13::2014-12-06 08:13:13:Application End!

2014/12/6 上午 08:14:44::2014-12-06 08:14:44:Application Start!

2014/12/6 上午 10:20:00::2014-12-06 10:20:00:AutoTask is Working!

2014/12/6 下午 12:01:51::自動執行計算門禁考勤異常報表:true

2014/12/6 下午 02:00:58::2014-12-06 14:00:58:Application End!

2014/12/6 下午 02:02:29::2014-12-06 14:02:29:Application Start!

2014/12/6 下午 05:42:31::2014-12-06 17:42:31:Application End!

2014/12/6 下午 05:44:03::2014-12-06 17:44:03:Application Start!

2014/12/6 下午 08:14:01::2014-12-06 20:14:01:Application End!

2014/12/6 下午 08:15:31::2014-12-06 20:15:31:Application Start!

2014/12/6 下午 10:15:31::2014-12-06 22:15:31:Application End!

2014/12/6 下午 10:17:02::2014-12-06 22:17:02:Application Start!

