2014/12/23 上午 01:59:38::2014-12-23 01:59:38:Application End!

2014/12/23 上午 02:01:09::2014-12-23 02:01:09:Application Start!

2014/12/23 上午 05:06:09::2014-12-23 05:06:09:Application End!

2014/12/23 上午 05:07:40::2014-12-23 05:07:40:Application Start!

2014/12/23 上午 07:07:41::2014-12-23 07:07:41:Application End!

2014/12/23 上午 07:09:14::2014-12-23 07:09:14:Application Start!

2014/12/23 上午 09:09:11::2014-12-23 09:09:11:Application End!

2014/12/23 上午 09:10:42::2014-12-23 09:10:42:Application Start!

2014/12/23 上午 10:20:00::2014-12-23 10:20:00:AutoTask is Working!

2014/12/23 上午 10:50:01::自動執行計算門禁考勤異常報表:true

2014/12/23 下午 12:49:43::2014-12-23 12:49:43:Application End!

2014/12/23 下午 12:51:14::2014-12-23 12:51:14:Application Start!

2014/12/23 下午 02:51:14::2014-12-23 14:51:14:Application End!

2014/12/23 下午 02:52:45::2014-12-23 14:52:45:Application Start!

2014/12/23 下午 06:48:45::2014-12-23 18:48:45:Application End!

2014/12/23 下午 06:50:16::2014-12-23 18:50:16:Application Start!

2014/12/23 下午 08:50:16::2014-12-23 20:50:16:Application End!

2014/12/23 下午 08:51:47::2014-12-23 20:51:47:Application Start!

2014/12/23 下午 10:51:47::2014-12-23 22:51:47:Application End!

2014/12/23 下午 10:53:18::2014-12-23 22:53:18:Application Start!

