2014/12/10 上午 12:10:49::2014-12-10 00:10:49:Application End!

2014/12/10 上午 12:12:20::2014-12-10 00:12:20:Application Start!

2014/12/10 上午 02:12:20::2014-12-10 02:12:20:Application End!

2014/12/10 上午 02:13:51::2014-12-10 02:13:51:Application Start!

2014/12/10 上午 04:13:51::2014-12-10 04:13:51:Application End!

2014/12/10 上午 04:15:22::2014-12-10 04:15:22:Application Start!

2014/12/10 上午 06:15:23::2014-12-10 06:15:23:Application End!

2014/12/10 上午 09:08:17::2014-12-10 09:08:17:Application Start!

2014/12/10 上午 10:20:00::2014-12-10 10:20:00:AutoTask is Working!

2014/12/10 上午 10:49:35::自動執行計算門禁考勤異常報表:true

2014/12/10 下午 12:49:14::2014-12-10 12:49:14:Application End!

2014/12/10 下午 12:50:45::2014-12-10 12:50:45:Application Start!

2014/12/10 下午 02:50:45::2014-12-10 14:50:45:Application End!

2014/12/10 下午 02:52:16::2014-12-10 14:52:16:Application Start!

2014/12/10 下午 04:53:17::2014-12-10 16:53:17:Application End!

2014/12/10 下午 04:54:47::2014-12-10 16:54:47:Application Start!

2014/12/10 下午 06:54:47::2014-12-10 18:54:47:Application End!

2014/12/10 下午 06:56:18::2014-12-10 18:56:18:Application Start!

2014/12/10 下午 09:48:19::2014-12-10 21:48:19:Application End!

2014/12/10 下午 09:49:52::2014-12-10 21:49:52:Application Start!

2014/12/10 下午 11:49:50::2014-12-10 23:49:50:Application End!

2014/12/10 下午 11:51:20::2014-12-10 23:51:20:Application Start!

