2014/6/23 上午 08:55:58==> Errors Description:已超過連接 Timeout 的設定。在作業完成之前超過逾時等待的時間，或者是伺服器未回應。Errors Location:   於 System.Data.SqlClient.SqlConnection.OnError(SqlException exception, Boolean breakConnection)
   於 System.Data.SqlClient.SqlInternalConnection.OnError(SqlException exception, Boolean breakConnection)
   於 System.Data.SqlClient.TdsParser.ThrowExceptionAndWarning()
   於 System.Data.SqlClient.TdsParser.Run(RunBehavior runBehavior, SqlCommand cmdHandler, SqlDataReader dataStream, BulkCopySimpleResultSet bulkCopyHandler, TdsParserStateObject stateObj)
   於 System.Data.SqlClient.SqlDataReader.ConsumeMetaData()
   於 System.Data.SqlClient.SqlDataReader.get_MetaData()
   於 System.Data.SqlClient.SqlCommand.FinishExecuteReader(SqlDataReader ds, RunBehavior runBehavior, String resetOptionsString)
   於 System.Data.SqlClient.SqlCommand.RunExecuteReaderTds(CommandBehavior cmdBehavior, RunBehavior runBehavior, Boolean returnStream, Boolean async)
   於 System.Data.SqlClient.SqlCommand.RunExecuteReader(CommandBehavior cmdBehavior, RunBehavior runBehavior, Boolean returnStream, String method, DbAsyncResult result)
   於 System.Data.SqlClient.SqlCommand.RunExecuteReader(CommandBehavior cmdBehavior, RunBehavior runBehavior, Boolean returnStream, String method)
   於 System.Data.SqlClient.SqlCommand.ExecuteReader(CommandBehavior behavior, String method)
   於 System.Data.SqlClient.SqlCommand.ExecuteDbDataReader(CommandBehavior behavior)
   於 System.Data.Common.DbCommand.ExecuteReader(CommandBehavior behavior)
   於 System.Data.Entity.Infrastructure.Interception.DbCommandDispatcher.<Reader>b__c(DbCommand t, DbCommandInterceptionContext`1 c)
   於 System.Data.Entity.Infrastructure.Interception.InternalDispatcher`1.Dispatch[TTarget,TInterceptionContext,TResult](TTarget target, Func`3 operation, TInterceptionContext interceptionContext, Action`3 executing, Action`3 executed)
   於 System.Data.Entity.Infrastructure.Interception.DbCommandDispatcher.Reader(DbCommand command, DbCommandInterceptionContext interceptionContext)
   於 System.Data.Entity.Internal.InterceptableDbCommand.ExecuteDbDataReader(CommandBehavior behavior)
   於 System.Data.Common.DbCommand.ExecuteReader(CommandBehavior behavior)
   於 System.Data.Entity.Core.Objects.ObjectContext.ExecuteStoreQueryInternal[TElement](String commandText, String entitySetName, ExecutionOptions executionOptions, Object[] parameters)
   於 System.Data.Entity.Core.Objects.ObjectContext.<>c__DisplayClass26`1.<ExecuteStoreQueryReliably>b__25()
   於 System.Data.Entity.Core.Objects.ObjectContext.ExecuteInTransaction[T](Func`1 func, IDbExecutionStrategy executionStrategy, Boolean startLocalTransaction, Boolean releaseConnectionOnSuccess)
   於 System.Data.Entity.Core.Objects.ObjectContext.<>c__DisplayClass26`1.<ExecuteStoreQueryReliably>b__24()
   於 System.Data.Entity.SqlServer.DefaultSqlExecutionStrategy.Execute[TResult](Func`1 operation)
   於 System.Data.Entity.Core.Objects.ObjectContext.ExecuteStoreQueryReliably[TElement](String commandText, String entitySetName, ExecutionOptions executionOptions, Object[] parameters)
   於 System.Data.Entity.Core.Objects.ObjectContext.ExecuteStoreQuery[TElement](String commandText, ExecutionOptions executionOptions, Object[] parameters)
   於 System.Data.Entity.Internal.InternalContext.<>c__DisplayClassf`1.<ExecuteSqlQuery>b__e()
   於 System.Data.Entity.Internal.LazyEnumerator`1.MoveNext()
   於 System.Collections.Generic.List`1..ctor(IEnumerable`1 collection)
   於 System.Linq.Enumerable.ToList[TSource](IEnumerable`1 source)
   於 ePortal.Web.Controllers.AttendanceController.Analyse(String StartDate, String endDate, String empno, String anomalous) 於 E:\attrec\Test-ePortal\ePortal\ePortal.Web\Controllers\AttendanceController.cs: 行 623
   於 lambda_method(Closure , ControllerBase , Object[] )
   於 System.Web.Mvc.ActionMethodDispatcher.Execute(ControllerBase controller, Object[] parameters)
   於 System.Web.Mvc.ReflectedActionDescriptor.Execute(ControllerContext controllerContext, IDictionary`2 parameters)
   於 System.Web.Mvc.ControllerActionInvoker.InvokeActionMethod(ControllerContext controllerContext, ActionDescriptor actionDescriptor, IDictionary`2 parameters)
   於 System.Web.Mvc.Async.AsyncControllerActionInvoker.<>c__DisplayClass42.<BeginInvokeSynchronousActionMethod>b__41()
   於 System.Web.Mvc.Async.AsyncResultWrapper.<>c__DisplayClass8`1.<BeginSynchronous>b__7(IAsyncResult _)
   於 System.Web.Mvc.Async.AsyncResultWrapper.WrappedAsyncResult`1.End()
   於 System.Web.Mvc.Async.AsyncControllerActionInvoker.EndInvokeActionMethod(IAsyncResult asyncResult)
   於 System.Web.Mvc.Async.AsyncControllerActionInvoker.<>c__DisplayClass37.<>c__DisplayClass39.<BeginInvokeActionMethodWithFilters>b__33()
   於 System.Web.Mvc.Async.AsyncControllerActionInvoker.<>c__DisplayClass4f.<InvokeActionMethodFilterAsynchronously>b__49()
   於 System.Web.Mvc.Async.AsyncControllerActionInvoker.<>c__DisplayClass4f.<InvokeActionMethodFilterAsynchronously>b__49()
   於 System.Web.Mvc.Async.AsyncControllerActionInvoker.<>c__DisplayClass4f.<InvokeActionMethodFilterAsynchronously>b__49()
   於 System.Web.Mvc.Async.AsyncControllerActionInvoker.<>c__DisplayClass37.<BeginInvokeActionMethodWithFilters>b__36(IAsyncResult asyncResult)
   於 System.Web.Mvc.Async.AsyncResultWrapper.WrappedAsyncResult`1.End()
   於 System.Web.Mvc.Async.AsyncControllerActionInvoker.EndInvokeActionMethodWithFilters(IAsyncResult asyncResult)
   於 System.Web.Mvc.Async.AsyncControllerActionInvoker.<>c__DisplayClass25.<>c__DisplayClass2a.<BeginInvokeAction>b__20()
   於 System.Web.Mvc.Async.AsyncControllerActionInvoker.<>c__DisplayClass25.<BeginInvokeAction>b__22(IAsyncResult asyncResult)

2014/6/23 上午 08:56:08==> Errors Description:已超過連接 Timeout 的設定。在作業完成之前超過逾時等待的時間，或者是伺服器未回應。Errors Location:   於 System.Data.SqlClient.SqlConnection.OnError(SqlException exception, Boolean breakConnection)
   於 System.Data.SqlClient.SqlInternalConnection.OnError(SqlException exception, Boolean breakConnection)
   於 System.Data.SqlClient.TdsParser.ThrowExceptionAndWarning()
   於 System.Data.SqlClient.TdsParser.Run(RunBehavior runBehavior, SqlCommand cmdHandler, SqlDataReader dataStream, BulkCopySimpleResultSet bulkCopyHandler, TdsParserStateObject stateObj)
   於 System.Data.SqlClient.SqlDataReader.ConsumeMetaData()
   於 System.Data.SqlClient.SqlDataReader.get_MetaData()
   於 System.Data.SqlClient.SqlCommand.FinishExecuteReader(SqlDataReader ds, RunBehavior runBehavior, String resetOptionsString)
   於 System.Data.SqlClient.SqlCommand.RunExecuteReaderTds(CommandBehavior cmdBehavior, RunBehavior runBehavior, Boolean returnStream, Boolean async)
   於 System.Data.SqlClient.SqlCommand.RunExecuteReader(CommandBehavior cmdBehavior, RunBehavior runBehavior, Boolean returnStream, String method, DbAsyncResult result)
   於 System.Data.SqlClient.SqlCommand.RunExecuteReader(CommandBehavior cmdBehavior, RunBehavior runBehavior, Boolean returnStream, String method)
   於 System.Data.SqlClient.SqlCommand.ExecuteReader(CommandBehavior behavior, String method)
   於 System.Data.SqlClient.SqlCommand.ExecuteDbDataReader(CommandBehavior behavior)
   於 System.Data.Common.DbCommand.ExecuteReader(CommandBehavior behavior)
   於 System.Data.Entity.Infrastructure.Interception.DbCommandDispatcher.<Reader>b__c(DbCommand t, DbCommandInterceptionContext`1 c)
   於 System.Data.Entity.Infrastructure.Interception.InternalDispatcher`1.Dispatch[TTarget,TInterceptionContext,TResult](TTarget target, Func`3 operation, TInterceptionContext interceptionContext, Action`3 executing, Action`3 executed)
   於 System.Data.Entity.Infrastructure.Interception.DbCommandDispatcher.Reader(DbCommand command, DbCommandInterceptionContext interceptionContext)
   於 System.Data.Entity.Internal.InterceptableDbCommand.ExecuteDbDataReader(CommandBehavior behavior)
   於 System.Data.Common.DbCommand.ExecuteReader(CommandBehavior behavior)
   於 System.Data.Entity.Core.Objects.ObjectContext.ExecuteStoreQueryInternal[TElement](String commandText, String entitySetName, ExecutionOptions executionOptions, Object[] parameters)
   於 System.Data.Entity.Core.Objects.ObjectContext.<>c__DisplayClass26`1.<ExecuteStoreQueryReliably>b__25()
   於 System.Data.Entity.Core.Objects.ObjectContext.ExecuteInTransaction[T](Func`1 func, IDbExecutionStrategy executionStrategy, Boolean startLocalTransaction, Boolean releaseConnectionOnSuccess)
   於 System.Data.Entity.Core.Objects.ObjectContext.<>c__DisplayClass26`1.<ExecuteStoreQueryReliably>b__24()
   於 System.Data.Entity.SqlServer.DefaultSqlExecutionStrategy.Execute[TResult](Func`1 operation)
   於 System.Data.Entity.Core.Objects.ObjectContext.ExecuteStoreQueryReliably[TElement](String commandText, String entitySetName, ExecutionOptions executionOptions, Object[] parameters)
   於 System.Data.Entity.Core.Objects.ObjectContext.ExecuteStoreQuery[TElement](String commandText, ExecutionOptions executionOptions, Object[] parameters)
   於 System.Data.Entity.Internal.InternalContext.<>c__DisplayClassf`1.<ExecuteSqlQuery>b__e()
   於 System.Data.Entity.Internal.LazyEnumerator`1.MoveNext()
   於 System.Collections.Generic.List`1..ctor(IEnumerable`1 collection)
   於 System.Linq.Enumerable.ToList[TSource](IEnumerable`1 source)
   於 ePortal.Web.Controllers.AttendanceController.Analyse(String StartDate, String endDate, String empno, String anomalous) 於 E:\attrec\Test-ePortal\ePortal\ePortal.Web\Controllers\AttendanceController.cs: 行 623
   於 lambda_method(Closure , ControllerBase , Object[] )
   於 System.Web.Mvc.ActionMethodDispatcher.Execute(ControllerBase controller, Object[] parameters)
   於 System.Web.Mvc.ReflectedActionDescriptor.Execute(ControllerContext controllerContext, IDictionary`2 parameters)
   於 System.Web.Mvc.ControllerActionInvoker.InvokeActionMethod(ControllerContext controllerContext, ActionDescriptor actionDescriptor, IDictionary`2 parameters)
   於 System.Web.Mvc.Async.AsyncControllerActionInvoker.<>c__DisplayClass42.<BeginInvokeSynchronousActionMethod>b__41()
   於 System.Web.Mvc.Async.AsyncResultWrapper.<>c__DisplayClass8`1.<BeginSynchronous>b__7(IAsyncResult _)
   於 System.Web.Mvc.Async.AsyncResultWrapper.WrappedAsyncResult`1.End()
   於 System.Web.Mvc.Async.AsyncControllerActionInvoker.EndInvokeActionMethod(IAsyncResult asyncResult)
   於 System.Web.Mvc.Async.AsyncControllerActionInvoker.<>c__DisplayClass37.<>c__DisplayClass39.<BeginInvokeActionMethodWithFilters>b__33()
   於 System.Web.Mvc.Async.AsyncControllerActionInvoker.<>c__DisplayClass4f.<InvokeActionMethodFilterAsynchronously>b__49()
   於 System.Web.Mvc.Async.AsyncControllerActionInvoker.<>c__DisplayClass4f.<InvokeActionMethodFilterAsynchronously>b__49()
   於 System.Web.Mvc.Async.AsyncControllerActionInvoker.<>c__DisplayClass4f.<InvokeActionMethodFilterAsynchronously>b__49()
   於 System.Web.Mvc.Async.AsyncControllerActionInvoker.<>c__DisplayClass37.<BeginInvokeActionMethodWithFilters>b__36(IAsyncResult asyncResult)
   於 System.Web.Mvc.Async.AsyncResultWrapper.WrappedAsyncResult`1.End()
   於 System.Web.Mvc.Async.AsyncControllerActionInvoker.EndInvokeActionMethodWithFilters(IAsyncResult asyncResult)
   於 System.Web.Mvc.Async.AsyncControllerActionInvoker.<>c__DisplayClass25.<>c__DisplayClass2a.<BeginInvokeAction>b__20()
   於 System.Web.Mvc.Async.AsyncControllerActionInvoker.<>c__DisplayClass25.<BeginInvokeAction>b__22(IAsyncResult asyncResult)

2014/6/23 上午 08:56:49==> Errors Description:已超過連接 Timeout 的設定。在作業完成之前超過逾時等待的時間，或者是伺服器未回應。Errors Location:   於 System.Data.SqlClient.SqlConnection.OnError(SqlException exception, Boolean breakConnection)
   於 System.Data.SqlClient.SqlInternalConnection.OnError(SqlException exception, Boolean breakConnection)
   於 System.Data.SqlClient.TdsParser.ThrowExceptionAndWarning()
   於 System.Data.SqlClient.TdsParser.Run(RunBehavior runBehavior, SqlCommand cmdHandler, SqlDataReader dataStream, BulkCopySimpleResultSet bulkCopyHandler, TdsParserStateObject stateObj)
   於 System.Data.SqlClient.SqlDataReader.ConsumeMetaData()
   於 System.Data.SqlClient.SqlDataReader.get_MetaData()
   於 System.Data.SqlClient.SqlCommand.FinishExecuteReader(SqlDataReader ds, RunBehavior runBehavior, String resetOptionsString)
   於 System.Data.SqlClient.SqlCommand.RunExecuteReaderTds(CommandBehavior cmdBehavior, RunBehavior runBehavior, Boolean returnStream, Boolean async)
   於 System.Data.SqlClient.SqlCommand.RunExecuteReader(CommandBehavior cmdBehavior, RunBehavior runBehavior, Boolean returnStream, String method, DbAsyncResult result)
   於 System.Data.SqlClient.SqlCommand.RunExecuteReader(CommandBehavior cmdBehavior, RunBehavior runBehavior, Boolean returnStream, String method)
   於 System.Data.SqlClient.SqlCommand.ExecuteReader(CommandBehavior behavior, String method)
   於 System.Data.SqlClient.SqlCommand.ExecuteDbDataReader(CommandBehavior behavior)
   於 System.Data.Common.DbCommand.ExecuteReader(CommandBehavior behavior)
   於 System.Data.Entity.Infrastructure.Interception.DbCommandDispatcher.<Reader>b__c(DbCommand t, DbCommandInterceptionContext`1 c)
   於 System.Data.Entity.Infrastructure.Interception.InternalDispatcher`1.Dispatch[TTarget,TInterceptionContext,TResult](TTarget target, Func`3 operation, TInterceptionContext interceptionContext, Action`3 executing, Action`3 executed)
   於 System.Data.Entity.Infrastructure.Interception.DbCommandDispatcher.Reader(DbCommand command, DbCommandInterceptionContext interceptionContext)
   於 System.Data.Entity.Internal.InterceptableDbCommand.ExecuteDbDataReader(CommandBehavior behavior)
   於 System.Data.Common.DbCommand.ExecuteReader(CommandBehavior behavior)
   於 System.Data.Entity.Core.Objects.ObjectContext.ExecuteStoreQueryInternal[TElement](String commandText, String entitySetName, ExecutionOptions executionOptions, Object[] parameters)
   於 System.Data.Entity.Core.Objects.ObjectContext.<>c__DisplayClass26`1.<ExecuteStoreQueryReliably>b__25()
   於 System.Data.Entity.Core.Objects.ObjectContext.ExecuteInTransaction[T](Func`1 func, IDbExecutionStrategy executionStrategy, Boolean startLocalTransaction, Boolean releaseConnectionOnSuccess)
   於 System.Data.Entity.Core.Objects.ObjectContext.<>c__DisplayClass26`1.<ExecuteStoreQueryReliably>b__24()
   於 System.Data.Entity.SqlServer.DefaultSqlExecutionStrategy.Execute[TResult](Func`1 operation)
   於 System.Data.Entity.Core.Objects.ObjectContext.ExecuteStoreQueryReliably[TElement](String commandText, String entitySetName, ExecutionOptions executionOptions, Object[] parameters)
   於 System.Data.Entity.Core.Objects.ObjectContext.ExecuteStoreQuery[TElement](String commandText, ExecutionOptions executionOptions, Object[] parameters)
   於 System.Data.Entity.Internal.InternalContext.<>c__DisplayClassf`1.<ExecuteSqlQuery>b__e()
   於 System.Data.Entity.Internal.LazyEnumerator`1.MoveNext()
   於 System.Collections.Generic.List`1..ctor(IEnumerable`1 collection)
   於 System.Linq.Enumerable.ToList[TSource](IEnumerable`1 source)
   於 ePortal.Web.Controllers.AttendanceController.Analyse(String StartDate, String endDate, String empno, String anomalous) 於 E:\attrec\Test-ePortal\ePortal\ePortal.Web\Controllers\AttendanceController.cs: 行 623
   於 lambda_method(Closure , ControllerBase , Object[] )
   於 System.Web.Mvc.ActionMethodDispatcher.Execute(ControllerBase controller, Object[] parameters)
   於 System.Web.Mvc.ReflectedActionDescriptor.Execute(ControllerContext controllerContext, IDictionary`2 parameters)
   於 System.Web.Mvc.ControllerActionInvoker.InvokeActionMethod(ControllerContext controllerContext, ActionDescriptor actionDescriptor, IDictionary`2 parameters)
   於 System.Web.Mvc.Async.AsyncControllerActionInvoker.<>c__DisplayClass42.<BeginInvokeSynchronousActionMethod>b__41()
   於 System.Web.Mvc.Async.AsyncResultWrapper.<>c__DisplayClass8`1.<BeginSynchronous>b__7(IAsyncResult _)
   於 System.Web.Mvc.Async.AsyncResultWrapper.WrappedAsyncResult`1.End()
   於 System.Web.Mvc.Async.AsyncControllerActionInvoker.EndInvokeActionMethod(IAsyncResult asyncResult)
   於 System.Web.Mvc.Async.AsyncControllerActionInvoker.<>c__DisplayClass37.<>c__DisplayClass39.<BeginInvokeActionMethodWithFilters>b__33()
   於 System.Web.Mvc.Async.AsyncControllerActionInvoker.<>c__DisplayClass4f.<InvokeActionMethodFilterAsynchronously>b__49()
   於 System.Web.Mvc.Async.AsyncControllerActionInvoker.<>c__DisplayClass4f.<InvokeActionMethodFilterAsynchronously>b__49()
   於 System.Web.Mvc.Async.AsyncControllerActionInvoker.<>c__DisplayClass4f.<InvokeActionMethodFilterAsynchronously>b__49()
   於 System.Web.Mvc.Async.AsyncControllerActionInvoker.<>c__DisplayClass37.<BeginInvokeActionMethodWithFilters>b__36(IAsyncResult asyncResult)
   於 System.Web.Mvc.Async.AsyncResultWrapper.WrappedAsyncResult`1.End()
   於 System.Web.Mvc.Async.AsyncControllerActionInvoker.EndInvokeActionMethodWithFilters(IAsyncResult asyncResult)
   於 System.Web.Mvc.Async.AsyncControllerActionInvoker.<>c__DisplayClass25.<>c__DisplayClass2a.<BeginInvokeAction>b__20()
   於 System.Web.Mvc.Async.AsyncControllerActionInvoker.<>c__DisplayClass25.<BeginInvokeAction>b__22(IAsyncResult asyncResult)

2014/6/23 上午 08:57:55==> Errors Description:已超過連接 Timeout 的設定。在作業完成之前超過逾時等待的時間，或者是伺服器未回應。Errors Location:   於 System.Data.SqlClient.SqlConnection.OnError(SqlException exception, Boolean breakConnection)
   於 System.Data.SqlClient.SqlInternalConnection.OnError(SqlException exception, Boolean breakConnection)
   於 System.Data.SqlClient.TdsParser.ThrowExceptionAndWarning()
   於 System.Data.SqlClient.TdsParser.Run(RunBehavior runBehavior, SqlCommand cmdHandler, SqlDataReader dataStream, BulkCopySimpleResultSet bulkCopyHandler, TdsParserStateObject stateObj)
   於 System.Data.SqlClient.SqlDataReader.ConsumeMetaData()
   於 System.Data.SqlClient.SqlDataReader.get_MetaData()
   於 System.Data.SqlClient.SqlCommand.FinishExecuteReader(SqlDataReader ds, RunBehavior runBehavior, String resetOptionsString)
   於 System.Data.SqlClient.SqlCommand.RunExecuteReaderTds(CommandBehavior cmdBehavior, RunBehavior runBehavior, Boolean returnStream, Boolean async)
   於 System.Data.SqlClient.SqlCommand.RunExecuteReader(CommandBehavior cmdBehavior, RunBehavior runBehavior, Boolean returnStream, String method, DbAsyncResult result)
   於 System.Data.SqlClient.SqlCommand.RunExecuteReader(CommandBehavior cmdBehavior, RunBehavior runBehavior, Boolean returnStream, String method)
   於 System.Data.SqlClient.SqlCommand.ExecuteReader(CommandBehavior behavior, String method)
   於 System.Data.SqlClient.SqlCommand.ExecuteDbDataReader(CommandBehavior behavior)
   於 System.Data.Common.DbCommand.ExecuteReader(CommandBehavior behavior)
   於 System.Data.Entity.Infrastructure.Interception.DbCommandDispatcher.<Reader>b__c(DbCommand t, DbCommandInterceptionContext`1 c)
   於 System.Data.Entity.Infrastructure.Interception.InternalDispatcher`1.Dispatch[TTarget,TInterceptionContext,TResult](TTarget target, Func`3 operation, TInterceptionContext interceptionContext, Action`3 executing, Action`3 executed)
   於 System.Data.Entity.Infrastructure.Interception.DbCommandDispatcher.Reader(DbCommand command, DbCommandInterceptionContext interceptionContext)
   於 System.Data.Entity.Internal.InterceptableDbCommand.ExecuteDbDataReader(CommandBehavior behavior)
   於 System.Data.Common.DbCommand.ExecuteReader(CommandBehavior behavior)
   於 System.Data.Entity.Core.Objects.ObjectContext.ExecuteStoreQueryInternal[TElement](String commandText, String entitySetName, ExecutionOptions executionOptions, Object[] parameters)
   於 System.Data.Entity.Core.Objects.ObjectContext.<>c__DisplayClass26`1.<ExecuteStoreQueryReliably>b__25()
   於 System.Data.Entity.Core.Objects.ObjectContext.ExecuteInTransaction[T](Func`1 func, IDbExecutionStrategy executionStrategy, Boolean startLocalTransaction, Boolean releaseConnectionOnSuccess)
   於 System.Data.Entity.Core.Objects.ObjectContext.<>c__DisplayClass26`1.<ExecuteStoreQueryReliably>b__24()
   於 System.Data.Entity.SqlServer.DefaultSqlExecutionStrategy.Execute[TResult](Func`1 operation)
   於 System.Data.Entity.Core.Objects.ObjectContext.ExecuteStoreQueryReliably[TElement](String commandText, String entitySetName, ExecutionOptions executionOptions, Object[] parameters)
   於 System.Data.Entity.Core.Objects.ObjectContext.ExecuteStoreQuery[TElement](String commandText, ExecutionOptions executionOptions, Object[] parameters)
   於 System.Data.Entity.Internal.InternalContext.<>c__DisplayClassf`1.<ExecuteSqlQuery>b__e()
   於 System.Data.Entity.Internal.LazyEnumerator`1.MoveNext()
   於 System.Collections.Generic.List`1..ctor(IEnumerable`1 collection)
   於 System.Linq.Enumerable.ToList[TSource](IEnumerable`1 source)
   於 ePortal.Web.Controllers.AttendanceController.Analyse(String StartDate, String endDate, String empno, String anomalous) 於 E:\attrec\Test-ePortal\ePortal\ePortal.Web\Controllers\AttendanceController.cs: 行 623
   於 lambda_method(Closure , ControllerBase , Object[] )
   於 System.Web.Mvc.ActionMethodDispatcher.Execute(ControllerBase controller, Object[] parameters)
   於 System.Web.Mvc.ReflectedActionDescriptor.Execute(ControllerContext controllerContext, IDictionary`2 parameters)
   於 System.Web.Mvc.ControllerActionInvoker.InvokeActionMethod(ControllerContext controllerContext, ActionDescriptor actionDescriptor, IDictionary`2 parameters)
   於 System.Web.Mvc.Async.AsyncControllerActionInvoker.<>c__DisplayClass42.<BeginInvokeSynchronousActionMethod>b__41()
   於 System.Web.Mvc.Async.AsyncResultWrapper.<>c__DisplayClass8`1.<BeginSynchronous>b__7(IAsyncResult _)
   於 System.Web.Mvc.Async.AsyncResultWrapper.WrappedAsyncResult`1.End()
   於 System.Web.Mvc.Async.AsyncControllerActionInvoker.EndInvokeActionMethod(IAsyncResult asyncResult)
   於 System.Web.Mvc.Async.AsyncControllerActionInvoker.<>c__DisplayClass37.<>c__DisplayClass39.<BeginInvokeActionMethodWithFilters>b__33()
   於 System.Web.Mvc.Async.AsyncControllerActionInvoker.<>c__DisplayClass4f.<InvokeActionMethodFilterAsynchronously>b__49()
   於 System.Web.Mvc.Async.AsyncControllerActionInvoker.<>c__DisplayClass4f.<InvokeActionMethodFilterAsynchronously>b__49()
   於 System.Web.Mvc.Async.AsyncControllerActionInvoker.<>c__DisplayClass4f.<InvokeActionMethodFilterAsynchronously>b__49()
   於 System.Web.Mvc.Async.AsyncControllerActionInvoker.<>c__DisplayClass37.<BeginInvokeActionMethodWithFilters>b__36(IAsyncResult asyncResult)
   於 System.Web.Mvc.Async.AsyncResultWrapper.WrappedAsyncResult`1.End()
   於 System.Web.Mvc.Async.AsyncControllerActionInvoker.EndInvokeActionMethodWithFilters(IAsyncResult asyncResult)
   於 System.Web.Mvc.Async.AsyncControllerActionInvoker.<>c__DisplayClass25.<>c__DisplayClass2a.<BeginInvokeAction>b__20()
   於 System.Web.Mvc.Async.AsyncControllerActionInvoker.<>c__DisplayClass25.<BeginInvokeAction>b__22(IAsyncResult asyncResult)

2014/6/23 上午 09:28:17==> Errors Description:已超過連接 Timeout 的設定。在作業完成之前超過逾時等待的時間，或者是伺服器未回應。Errors Location:   於 System.Data.SqlClient.SqlConnection.OnError(SqlException exception, Boolean breakConnection)
   於 System.Data.SqlClient.SqlInternalConnection.OnError(SqlException exception, Boolean breakConnection)
   於 System.Data.SqlClient.TdsParser.ThrowExceptionAndWarning()
   於 System.Data.SqlClient.TdsParser.Run(RunBehavior runBehavior, SqlCommand cmdHandler, SqlDataReader dataStream, BulkCopySimpleResultSet bulkCopyHandler, TdsParserStateObject stateObj)
   於 System.Data.SqlClient.SqlDataReader.ConsumeMetaData()
   於 System.Data.SqlClient.SqlDataReader.get_MetaData()
   於 System.Data.SqlClient.SqlCommand.FinishExecuteReader(SqlDataReader ds, RunBehavior runBehavior, String resetOptionsString)
   於 System.Data.SqlClient.SqlCommand.RunExecuteReaderTds(CommandBehavior cmdBehavior, RunBehavior runBehavior, Boolean returnStream, Boolean async)
   於 System.Data.SqlClient.SqlCommand.RunExecuteReader(CommandBehavior cmdBehavior, RunBehavior runBehavior, Boolean returnStream, String method, DbAsyncResult result)
   於 System.Data.SqlClient.SqlCommand.RunExecuteReader(CommandBehavior cmdBehavior, RunBehavior runBehavior, Boolean returnStream, String method)
   於 System.Data.SqlClient.SqlCommand.ExecuteReader(CommandBehavior behavior, String method)
   於 System.Data.SqlClient.SqlCommand.ExecuteDbDataReader(CommandBehavior behavior)
   於 System.Data.Common.DbCommand.ExecuteReader(CommandBehavior behavior)
   於 System.Data.Entity.Infrastructure.Interception.DbCommandDispatcher.<Reader>b__c(DbCommand t, DbCommandInterceptionContext`1 c)
   於 System.Data.Entity.Infrastructure.Interception.InternalDispatcher`1.Dispatch[TTarget,TInterceptionContext,TResult](TTarget target, Func`3 operation, TInterceptionContext interceptionContext, Action`3 executing, Action`3 executed)
   於 System.Data.Entity.Infrastructure.Interception.DbCommandDispatcher.Reader(DbCommand command, DbCommandInterceptionContext interceptionContext)
   於 System.Data.Entity.Internal.InterceptableDbCommand.ExecuteDbDataReader(CommandBehavior behavior)
   於 System.Data.Common.DbCommand.ExecuteReader(CommandBehavior behavior)
   於 System.Data.Entity.Core.Objects.ObjectContext.ExecuteStoreQueryInternal[TElement](String commandText, String entitySetName, ExecutionOptions executionOptions, Object[] parameters)
   於 System.Data.Entity.Core.Objects.ObjectContext.<>c__DisplayClass26`1.<ExecuteStoreQueryReliably>b__25()
   於 System.Data.Entity.Core.Objects.ObjectContext.ExecuteInTransaction[T](Func`1 func, IDbExecutionStrategy executionStrategy, Boolean startLocalTransaction, Boolean releaseConnectionOnSuccess)
   於 System.Data.Entity.Core.Objects.ObjectContext.<>c__DisplayClass26`1.<ExecuteStoreQueryReliably>b__24()
   於 System.Data.Entity.SqlServer.DefaultSqlExecutionStrategy.Execute[TResult](Func`1 operation)
   於 System.Data.Entity.Core.Objects.ObjectContext.ExecuteStoreQueryReliably[TElement](String commandText, String entitySetName, ExecutionOptions executionOptions, Object[] parameters)
   於 System.Data.Entity.Core.Objects.ObjectContext.ExecuteStoreQuery[TElement](String commandText, ExecutionOptions executionOptions, Object[] parameters)
   於 System.Data.Entity.Internal.InternalContext.<>c__DisplayClassf`1.<ExecuteSqlQuery>b__e()
   於 System.Data.Entity.Internal.LazyEnumerator`1.MoveNext()
   於 System.Collections.Generic.List`1..ctor(IEnumerable`1 collection)
   於 System.Linq.Enumerable.ToList[TSource](IEnumerable`1 source)
   於 ePortal.Web.Controllers.AttendanceController.Analyse(String StartDate, String endDate, String empno, String anomalous) 於 E:\attrec\Test-ePortal\ePortal\ePortal.Web\Controllers\AttendanceController.cs: 行 623
   於 lambda_method(Closure , ControllerBase , Object[] )
   於 System.Web.Mvc.ActionMethodDispatcher.Execute(ControllerBase controller, Object[] parameters)
   於 System.Web.Mvc.ReflectedActionDescriptor.Execute(ControllerContext controllerContext, IDictionary`2 parameters)
   於 System.Web.Mvc.ControllerActionInvoker.InvokeActionMethod(ControllerContext controllerContext, ActionDescriptor actionDescriptor, IDictionary`2 parameters)
   於 System.Web.Mvc.Async.AsyncControllerActionInvoker.<>c__DisplayClass42.<BeginInvokeSynchronousActionMethod>b__41()
   於 System.Web.Mvc.Async.AsyncResultWrapper.<>c__DisplayClass8`1.<BeginSynchronous>b__7(IAsyncResult _)
   於 System.Web.Mvc.Async.AsyncResultWrapper.WrappedAsyncResult`1.End()
   於 System.Web.Mvc.Async.AsyncControllerActionInvoker.EndInvokeActionMethod(IAsyncResult asyncResult)
   於 System.Web.Mvc.Async.AsyncControllerActionInvoker.<>c__DisplayClass37.<>c__DisplayClass39.<BeginInvokeActionMethodWithFilters>b__33()
   於 System.Web.Mvc.Async.AsyncControllerActionInvoker.<>c__DisplayClass4f.<InvokeActionMethodFilterAsynchronously>b__49()
   於 System.Web.Mvc.Async.AsyncControllerActionInvoker.<>c__DisplayClass4f.<InvokeActionMethodFilterAsynchronously>b__49()
   於 System.Web.Mvc.Async.AsyncControllerActionInvoker.<>c__DisplayClass4f.<InvokeActionMethodFilterAsynchronously>b__49()
   於 System.Web.Mvc.Async.AsyncControllerActionInvoker.<>c__DisplayClass37.<BeginInvokeActionMethodWithFilters>b__36(IAsyncResult asyncResult)
   於 System.Web.Mvc.Async.AsyncResultWrapper.WrappedAsyncResult`1.End()
   於 System.Web.Mvc.Async.AsyncControllerActionInvoker.EndInvokeActionMethodWithFilters(IAsyncResult asyncResult)
   於 System.Web.Mvc.Async.AsyncControllerActionInvoker.<>c__DisplayClass25.<>c__DisplayClass2a.<BeginInvokeAction>b__20()
   於 System.Web.Mvc.Async.AsyncControllerActionInvoker.<>c__DisplayClass25.<BeginInvokeAction>b__22(IAsyncResult asyncResult)

2014/6/23 上午 09:28:17==> Errors Description:已超過連接 Timeout 的設定。在作業完成之前超過逾時等待的時間，或者是伺服器未回應。Errors Location:   於 System.Data.SqlClient.SqlConnection.OnError(SqlException exception, Boolean breakConnection)
   於 System.Data.SqlClient.SqlInternalConnection.OnError(SqlException exception, Boolean breakConnection)
   於 System.Data.SqlClient.TdsParser.ThrowExceptionAndWarning()
   於 System.Data.SqlClient.TdsParser.Run(RunBehavior runBehavior, SqlCommand cmdHandler, SqlDataReader dataStream, BulkCopySimpleResultSet bulkCopyHandler, TdsParserStateObject stateObj)
   於 System.Data.SqlClient.SqlDataReader.ConsumeMetaData()
   於 System.Data.SqlClient.SqlDataReader.get_MetaData()
   於 System.Data.SqlClient.SqlCommand.FinishExecuteReader(SqlDataReader ds, RunBehavior runBehavior, String resetOptionsString)
   於 System.Data.SqlClient.SqlCommand.RunExecuteReaderTds(CommandBehavior cmdBehavior, RunBehavior runBehavior, Boolean returnStream, Boolean async)
   於 System.Data.SqlClient.SqlCommand.RunExecuteReader(CommandBehavior cmdBehavior, RunBehavior runBehavior, Boolean returnStream, String method, DbAsyncResult result)
   於 System.Data.SqlClient.SqlCommand.RunExecuteReader(CommandBehavior cmdBehavior, RunBehavior runBehavior, Boolean returnStream, String method)
   於 System.Data.SqlClient.SqlCommand.ExecuteReader(CommandBehavior behavior, String method)
   於 System.Data.SqlClient.SqlCommand.ExecuteDbDataReader(CommandBehavior behavior)
   於 System.Data.Common.DbCommand.ExecuteReader(CommandBehavior behavior)
   於 System.Data.Entity.Infrastructure.Interception.DbCommandDispatcher.<Reader>b__c(DbCommand t, DbCommandInterceptionContext`1 c)
   於 System.Data.Entity.Infrastructure.Interception.InternalDispatcher`1.Dispatch[TTarget,TInterceptionContext,TResult](TTarget target, Func`3 operation, TInterceptionContext interceptionContext, Action`3 executing, Action`3 executed)
   於 System.Data.Entity.Infrastructure.Interception.DbCommandDispatcher.Reader(DbCommand command, DbCommandInterceptionContext interceptionContext)
   於 System.Data.Entity.Internal.InterceptableDbCommand.ExecuteDbDataReader(CommandBehavior behavior)
   於 System.Data.Common.DbCommand.ExecuteReader(CommandBehavior behavior)
   於 System.Data.Entity.Core.Objects.ObjectContext.ExecuteStoreQueryInternal[TElement](String commandText, String entitySetName, ExecutionOptions executionOptions, Object[] parameters)
   於 System.Data.Entity.Core.Objects.ObjectContext.<>c__DisplayClass26`1.<ExecuteStoreQueryReliably>b__25()
   於 System.Data.Entity.Core.Objects.ObjectContext.ExecuteInTransaction[T](Func`1 func, IDbExecutionStrategy executionStrategy, Boolean startLocalTransaction, Boolean releaseConnectionOnSuccess)
   於 System.Data.Entity.Core.Objects.ObjectContext.<>c__DisplayClass26`1.<ExecuteStoreQueryReliably>b__24()
   於 System.Data.Entity.SqlServer.DefaultSqlExecutionStrategy.Execute[TResult](Func`1 operation)
   於 System.Data.Entity.Core.Objects.ObjectContext.ExecuteStoreQueryReliably[TElement](String commandText, String entitySetName, ExecutionOptions executionOptions, Object[] parameters)
   於 System.Data.Entity.Core.Objects.ObjectContext.ExecuteStoreQuery[TElement](String commandText, ExecutionOptions executionOptions, Object[] parameters)
   於 System.Data.Entity.Internal.InternalContext.<>c__DisplayClassf`1.<ExecuteSqlQuery>b__e()
   於 System.Data.Entity.Internal.LazyEnumerator`1.MoveNext()
   於 System.Collections.Generic.List`1..ctor(IEnumerable`1 collection)
   於 System.Linq.Enumerable.ToList[TSource](IEnumerable`1 source)
   於 ePortal.Web.Controllers.AttendanceController.Analyse(String StartDate, String endDate, String empno, String anomalous) 於 E:\attrec\Test-ePortal\ePortal\ePortal.Web\Controllers\AttendanceController.cs: 行 623
   於 lambda_method(Closure , ControllerBase , Object[] )
   於 System.Web.Mvc.ActionMethodDispatcher.Execute(ControllerBase controller, Object[] parameters)
   於 System.Web.Mvc.ReflectedActionDescriptor.Execute(ControllerContext controllerContext, IDictionary`2 parameters)
   於 System.Web.Mvc.ControllerActionInvoker.InvokeActionMethod(ControllerContext controllerContext, ActionDescriptor actionDescriptor, IDictionary`2 parameters)
   於 System.Web.Mvc.Async.AsyncControllerActionInvoker.<>c__DisplayClass42.<BeginInvokeSynchronousActionMethod>b__41()
   於 System.Web.Mvc.Async.AsyncResultWrapper.<>c__DisplayClass8`1.<BeginSynchronous>b__7(IAsyncResult _)
   於 System.Web.Mvc.Async.AsyncResultWrapper.WrappedAsyncResult`1.End()
   於 System.Web.Mvc.Async.AsyncControllerActionInvoker.EndInvokeActionMethod(IAsyncResult asyncResult)
   於 System.Web.Mvc.Async.AsyncControllerActionInvoker.<>c__DisplayClass37.<>c__DisplayClass39.<BeginInvokeActionMethodWithFilters>b__33()
   於 System.Web.Mvc.Async.AsyncControllerActionInvoker.<>c__DisplayClass4f.<InvokeActionMethodFilterAsynchronously>b__49()
   於 System.Web.Mvc.Async.AsyncControllerActionInvoker.<>c__DisplayClass4f.<InvokeActionMethodFilterAsynchronously>b__49()
   於 System.Web.Mvc.Async.AsyncControllerActionInvoker.<>c__DisplayClass4f.<InvokeActionMethodFilterAsynchronously>b__49()
   於 System.Web.Mvc.Async.AsyncControllerActionInvoker.<>c__DisplayClass37.<BeginInvokeActionMethodWithFilters>b__36(IAsyncResult asyncResult)
   於 System.Web.Mvc.Async.AsyncResultWrapper.WrappedAsyncResult`1.End()
   於 System.Web.Mvc.Async.AsyncControllerActionInvoker.EndInvokeActionMethodWithFilters(IAsyncResult asyncResult)
   於 System.Web.Mvc.Async.AsyncControllerActionInvoker.<>c__DisplayClass25.<>c__DisplayClass2a.<BeginInvokeAction>b__20()
   於 System.Web.Mvc.Async.AsyncControllerActionInvoker.<>c__DisplayClass25.<BeginInvokeAction>b__22(IAsyncResult asyncResult)

2014/6/23 上午 09:37:14==> Errors Description:已超過連接 Timeout 的設定。在作業完成之前超過逾時等待的時間，或者是伺服器未回應。Errors Location:   於 System.Data.SqlClient.SqlConnection.OnError(SqlException exception, Boolean breakConnection)
   於 System.Data.SqlClient.SqlInternalConnection.OnError(SqlException exception, Boolean breakConnection)
   於 System.Data.SqlClient.TdsParser.ThrowExceptionAndWarning()
   於 System.Data.SqlClient.TdsParser.Run(RunBehavior runBehavior, SqlCommand cmdHandler, SqlDataReader dataStream, BulkCopySimpleResultSet bulkCopyHandler, TdsParserStateObject stateObj)
   於 System.Data.SqlClient.SqlDataReader.ConsumeMetaData()
   於 System.Data.SqlClient.SqlDataReader.get_MetaData()
   於 System.Data.SqlClient.SqlCommand.FinishExecuteReader(SqlDataReader ds, RunBehavior runBehavior, String resetOptionsString)
   於 System.Data.SqlClient.SqlCommand.RunExecuteReaderTds(CommandBehavior cmdBehavior, RunBehavior runBehavior, Boolean returnStream, Boolean async)
   於 System.Data.SqlClient.SqlCommand.RunExecuteReader(CommandBehavior cmdBehavior, RunBehavior runBehavior, Boolean returnStream, String method, DbAsyncResult result)
   於 System.Data.SqlClient.SqlCommand.RunExecuteReader(CommandBehavior cmdBehavior, RunBehavior runBehavior, Boolean returnStream, String method)
   於 System.Data.SqlClient.SqlCommand.ExecuteReader(CommandBehavior behavior, String method)
   於 System.Data.SqlClient.SqlCommand.ExecuteDbDataReader(CommandBehavior behavior)
   於 System.Data.Common.DbCommand.ExecuteReader(CommandBehavior behavior)
   於 System.Data.Entity.Infrastructure.Interception.DbCommandDispatcher.<Reader>b__c(DbCommand t, DbCommandInterceptionContext`1 c)
   於 System.Data.Entity.Infrastructure.Interception.InternalDispatcher`1.Dispatch[TTarget,TInterceptionContext,TResult](TTarget target, Func`3 operation, TInterceptionContext interceptionContext, Action`3 executing, Action`3 executed)
   於 System.Data.Entity.Infrastructure.Interception.DbCommandDispatcher.Reader(DbCommand command, DbCommandInterceptionContext interceptionContext)
   於 System.Data.Entity.Internal.InterceptableDbCommand.ExecuteDbDataReader(CommandBehavior behavior)
   於 System.Data.Common.DbCommand.ExecuteReader(CommandBehavior behavior)
   於 System.Data.Entity.Core.Objects.ObjectContext.ExecuteStoreQueryInternal[TElement](String commandText, String entitySetName, ExecutionOptions executionOptions, Object[] parameters)
   於 System.Data.Entity.Core.Objects.ObjectContext.<>c__DisplayClass26`1.<ExecuteStoreQueryReliably>b__25()
   於 System.Data.Entity.Core.Objects.ObjectContext.ExecuteInTransaction[T](Func`1 func, IDbExecutionStrategy executionStrategy, Boolean startLocalTransaction, Boolean releaseConnectionOnSuccess)
   於 System.Data.Entity.Core.Objects.ObjectContext.<>c__DisplayClass26`1.<ExecuteStoreQueryReliably>b__24()
   於 System.Data.Entity.SqlServer.DefaultSqlExecutionStrategy.Execute[TResult](Func`1 operation)
   於 System.Data.Entity.Core.Objects.ObjectContext.ExecuteStoreQueryReliably[TElement](String commandText, String entitySetName, ExecutionOptions executionOptions, Object[] parameters)
   於 System.Data.Entity.Core.Objects.ObjectContext.ExecuteStoreQuery[TElement](String commandText, ExecutionOptions executionOptions, Object[] parameters)
   於 System.Data.Entity.Internal.InternalContext.<>c__DisplayClassf`1.<ExecuteSqlQuery>b__e()
   於 System.Data.Entity.Internal.LazyEnumerator`1.MoveNext()
   於 System.Collections.Generic.List`1..ctor(IEnumerable`1 collection)
   於 System.Linq.Enumerable.ToList[TSource](IEnumerable`1 source)
   於 ePortal.Web.Controllers.AttendanceController.Analyse(String StartDate, String endDate, String empno, String anomalous) 於 E:\attrec\Test-ePortal\ePortal\ePortal.Web\Controllers\AttendanceController.cs: 行 623
   於 lambda_method(Closure , ControllerBase , Object[] )
   於 System.Web.Mvc.ActionMethodDispatcher.Execute(ControllerBase controller, Object[] parameters)
   於 System.Web.Mvc.ReflectedActionDescriptor.Execute(ControllerContext controllerContext, IDictionary`2 parameters)
   於 System.Web.Mvc.ControllerActionInvoker.InvokeActionMethod(ControllerContext controllerContext, ActionDescriptor actionDescriptor, IDictionary`2 parameters)
   於 System.Web.Mvc.Async.AsyncControllerActionInvoker.<>c__DisplayClass42.<BeginInvokeSynchronousActionMethod>b__41()
   於 System.Web.Mvc.Async.AsyncResultWrapper.<>c__DisplayClass8`1.<BeginSynchronous>b__7(IAsyncResult _)
   於 System.Web.Mvc.Async.AsyncResultWrapper.WrappedAsyncResult`1.End()
   於 System.Web.Mvc.Async.AsyncControllerActionInvoker.EndInvokeActionMethod(IAsyncResult asyncResult)
   於 System.Web.Mvc.Async.AsyncControllerActionInvoker.<>c__DisplayClass37.<>c__DisplayClass39.<BeginInvokeActionMethodWithFilters>b__33()
   於 System.Web.Mvc.Async.AsyncControllerActionInvoker.<>c__DisplayClass4f.<InvokeActionMethodFilterAsynchronously>b__49()
   於 System.Web.Mvc.Async.AsyncControllerActionInvoker.<>c__DisplayClass4f.<InvokeActionMethodFilterAsynchronously>b__49()
   於 System.Web.Mvc.Async.AsyncControllerActionInvoker.<>c__DisplayClass4f.<InvokeActionMethodFilterAsynchronously>b__49()
   於 System.Web.Mvc.Async.AsyncControllerActionInvoker.<>c__DisplayClass37.<BeginInvokeActionMethodWithFilters>b__36(IAsyncResult asyncResult)
   於 System.Web.Mvc.Async.AsyncResultWrapper.WrappedAsyncResult`1.End()
   於 System.Web.Mvc.Async.AsyncControllerActionInvoker.EndInvokeActionMethodWithFilters(IAsyncResult asyncResult)
   於 System.Web.Mvc.Async.AsyncControllerActionInvoker.<>c__DisplayClass25.<>c__DisplayClass2a.<BeginInvokeAction>b__20()
   於 System.Web.Mvc.Async.AsyncControllerActionInvoker.<>c__DisplayClass25.<BeginInvokeAction>b__22(IAsyncResult asyncResult)

2014/6/23 上午 09:55:14==> Errors Description:已超過連接 Timeout 的設定。在作業完成之前超過逾時等待的時間，或者是伺服器未回應。Errors Location:   於 System.Data.SqlClient.SqlConnection.OnError(SqlException exception, Boolean breakConnection)
   於 System.Data.SqlClient.SqlInternalConnection.OnError(SqlException exception, Boolean breakConnection)
   於 System.Data.SqlClient.TdsParser.ThrowExceptionAndWarning()
   於 System.Data.SqlClient.TdsParser.Run(RunBehavior runBehavior, SqlCommand cmdHandler, SqlDataReader dataStream, BulkCopySimpleResultSet bulkCopyHandler, TdsParserStateObject stateObj)
   於 System.Data.SqlClient.SqlDataReader.ConsumeMetaData()
   於 System.Data.SqlClient.SqlDataReader.get_MetaData()
   於 System.Data.SqlClient.SqlCommand.FinishExecuteReader(SqlDataReader ds, RunBehavior runBehavior, String resetOptionsString)
   於 System.Data.SqlClient.SqlCommand.RunExecuteReaderTds(CommandBehavior cmdBehavior, RunBehavior runBehavior, Boolean returnStream, Boolean async)
   於 System.Data.SqlClient.SqlCommand.RunExecuteReader(CommandBehavior cmdBehavior, RunBehavior runBehavior, Boolean returnStream, String method, DbAsyncResult result)
   於 System.Data.SqlClient.SqlCommand.RunExecuteReader(CommandBehavior cmdBehavior, RunBehavior runBehavior, Boolean returnStream, String method)
   於 System.Data.SqlClient.SqlCommand.ExecuteReader(CommandBehavior behavior, String method)
   於 System.Data.SqlClient.SqlCommand.ExecuteDbDataReader(CommandBehavior behavior)
   於 System.Data.Common.DbCommand.ExecuteReader(CommandBehavior behavior)
   於 System.Data.Entity.Infrastructure.Interception.DbCommandDispatcher.<Reader>b__c(DbCommand t, DbCommandInterceptionContext`1 c)
   於 System.Data.Entity.Infrastructure.Interception.InternalDispatcher`1.Dispatch[TTarget,TInterceptionContext,TResult](TTarget target, Func`3 operation, TInterceptionContext interceptionContext, Action`3 executing, Action`3 executed)
   於 System.Data.Entity.Infrastructure.Interception.DbCommandDispatcher.Reader(DbCommand command, DbCommandInterceptionContext interceptionContext)
   於 System.Data.Entity.Internal.InterceptableDbCommand.ExecuteDbDataReader(CommandBehavior behavior)
   於 System.Data.Common.DbCommand.ExecuteReader(CommandBehavior behavior)
   於 System.Data.Entity.Core.Objects.ObjectContext.ExecuteStoreQueryInternal[TElement](String commandText, String entitySetName, ExecutionOptions executionOptions, Object[] parameters)
   於 System.Data.Entity.Core.Objects.ObjectContext.<>c__DisplayClass26`1.<ExecuteStoreQueryReliably>b__25()
   於 System.Data.Entity.Core.Objects.ObjectContext.ExecuteInTransaction[T](Func`1 func, IDbExecutionStrategy executionStrategy, Boolean startLocalTransaction, Boolean releaseConnectionOnSuccess)
   於 System.Data.Entity.Core.Objects.ObjectContext.<>c__DisplayClass26`1.<ExecuteStoreQueryReliably>b__24()
   於 System.Data.Entity.SqlServer.DefaultSqlExecutionStrategy.Execute[TResult](Func`1 operation)
   於 System.Data.Entity.Core.Objects.ObjectContext.ExecuteStoreQueryReliably[TElement](String commandText, String entitySetName, ExecutionOptions executionOptions, Object[] parameters)
   於 System.Data.Entity.Core.Objects.ObjectContext.ExecuteStoreQuery[TElement](String commandText, ExecutionOptions executionOptions, Object[] parameters)
   於 System.Data.Entity.Internal.InternalContext.<>c__DisplayClassf`1.<ExecuteSqlQuery>b__e()
   於 System.Data.Entity.Internal.LazyEnumerator`1.MoveNext()
   於 System.Collections.Generic.List`1..ctor(IEnumerable`1 collection)
   於 System.Linq.Enumerable.ToList[TSource](IEnumerable`1 source)
   於 ePortal.Web.Controllers.AttendanceController.Analyse(String StartDate, String endDate, String empno, String anomalous) 於 E:\attrec\Test-ePortal\ePortal\ePortal.Web\Controllers\AttendanceController.cs: 行 623
   於 lambda_method(Closure , ControllerBase , Object[] )
   於 System.Web.Mvc.ActionMethodDispatcher.Execute(ControllerBase controller, Object[] parameters)
   於 System.Web.Mvc.ReflectedActionDescriptor.Execute(ControllerContext controllerContext, IDictionary`2 parameters)
   於 System.Web.Mvc.ControllerActionInvoker.InvokeActionMethod(ControllerContext controllerContext, ActionDescriptor actionDescriptor, IDictionary`2 parameters)
   於 System.Web.Mvc.Async.AsyncControllerActionInvoker.<>c__DisplayClass42.<BeginInvokeSynchronousActionMethod>b__41()
   於 System.Web.Mvc.Async.AsyncResultWrapper.<>c__DisplayClass8`1.<BeginSynchronous>b__7(IAsyncResult _)
   於 System.Web.Mvc.Async.AsyncResultWrapper.WrappedAsyncResult`1.End()
   於 System.Web.Mvc.Async.AsyncControllerActionInvoker.EndInvokeActionMethod(IAsyncResult asyncResult)
   於 System.Web.Mvc.Async.AsyncControllerActionInvoker.<>c__DisplayClass37.<>c__DisplayClass39.<BeginInvokeActionMethodWithFilters>b__33()
   於 System.Web.Mvc.Async.AsyncControllerActionInvoker.<>c__DisplayClass4f.<InvokeActionMethodFilterAsynchronously>b__49()
   於 System.Web.Mvc.Async.AsyncControllerActionInvoker.<>c__DisplayClass4f.<InvokeActionMethodFilterAsynchronously>b__49()
   於 System.Web.Mvc.Async.AsyncControllerActionInvoker.<>c__DisplayClass4f.<InvokeActionMethodFilterAsynchronously>b__49()
   於 System.Web.Mvc.Async.AsyncControllerActionInvoker.<>c__DisplayClass37.<BeginInvokeActionMethodWithFilters>b__36(IAsyncResult asyncResult)
   於 System.Web.Mvc.Async.AsyncResultWrapper.WrappedAsyncResult`1.End()
   於 System.Web.Mvc.Async.AsyncControllerActionInvoker.EndInvokeActionMethodWithFilters(IAsyncResult asyncResult)
   於 System.Web.Mvc.Async.AsyncControllerActionInvoker.<>c__DisplayClass25.<>c__DisplayClass2a.<BeginInvokeAction>b__20()
   於 System.Web.Mvc.Async.AsyncControllerActionInvoker.<>c__DisplayClass25.<BeginInvokeAction>b__22(IAsyncResult asyncResult)

2014/6/23 上午 09:55:14==> Errors Description:已超過連接 Timeout 的設定。在作業完成之前超過逾時等待的時間，或者是伺服器未回應。Errors Location:   於 System.Data.SqlClient.SqlConnection.OnError(SqlException exception, Boolean breakConnection)
   於 System.Data.SqlClient.SqlInternalConnection.OnError(SqlException exception, Boolean breakConnection)
   於 System.Data.SqlClient.TdsParser.ThrowExceptionAndWarning()
   於 System.Data.SqlClient.TdsParser.Run(RunBehavior runBehavior, SqlCommand cmdHandler, SqlDataReader dataStream, BulkCopySimpleResultSet bulkCopyHandler, TdsParserStateObject stateObj)
   於 System.Data.SqlClient.SqlDataReader.ConsumeMetaData()
   於 System.Data.SqlClient.SqlDataReader.get_MetaData()
   於 System.Data.SqlClient.SqlCommand.FinishExecuteReader(SqlDataReader ds, RunBehavior runBehavior, String resetOptionsString)
   於 System.Data.SqlClient.SqlCommand.RunExecuteReaderTds(CommandBehavior cmdBehavior, RunBehavior runBehavior, Boolean returnStream, Boolean async)
   於 System.Data.SqlClient.SqlCommand.RunExecuteReader(CommandBehavior cmdBehavior, RunBehavior runBehavior, Boolean returnStream, String method, DbAsyncResult result)
   於 System.Data.SqlClient.SqlCommand.RunExecuteReader(CommandBehavior cmdBehavior, RunBehavior runBehavior, Boolean returnStream, String method)
   於 System.Data.SqlClient.SqlCommand.ExecuteReader(CommandBehavior behavior, String method)
   於 System.Data.SqlClient.SqlCommand.ExecuteDbDataReader(CommandBehavior behavior)
   於 System.Data.Common.DbCommand.ExecuteReader(CommandBehavior behavior)
   於 System.Data.Entity.Infrastructure.Interception.DbCommandDispatcher.<Reader>b__c(DbCommand t, DbCommandInterceptionContext`1 c)
   於 System.Data.Entity.Infrastructure.Interception.InternalDispatcher`1.Dispatch[TTarget,TInterceptionContext,TResult](TTarget target, Func`3 operation, TInterceptionContext interceptionContext, Action`3 executing, Action`3 executed)
   於 System.Data.Entity.Infrastructure.Interception.DbCommandDispatcher.Reader(DbCommand command, DbCommandInterceptionContext interceptionContext)
   於 System.Data.Entity.Internal.InterceptableDbCommand.ExecuteDbDataReader(CommandBehavior behavior)
   於 System.Data.Common.DbCommand.ExecuteReader(CommandBehavior behavior)
   於 System.Data.Entity.Core.Objects.ObjectContext.ExecuteStoreQueryInternal[TElement](String commandText, String entitySetName, ExecutionOptions executionOptions, Object[] parameters)
   於 System.Data.Entity.Core.Objects.ObjectContext.<>c__DisplayClass26`1.<ExecuteStoreQueryReliably>b__25()
   於 System.Data.Entity.Core.Objects.ObjectContext.ExecuteInTransaction[T](Func`1 func, IDbExecutionStrategy executionStrategy, Boolean startLocalTransaction, Boolean releaseConnectionOnSuccess)
   於 System.Data.Entity.Core.Objects.ObjectContext.<>c__DisplayClass26`1.<ExecuteStoreQueryReliably>b__24()
   於 System.Data.Entity.SqlServer.DefaultSqlExecutionStrategy.Execute[TResult](Func`1 operation)
   於 System.Data.Entity.Core.Objects.ObjectContext.ExecuteStoreQueryReliably[TElement](String commandText, String entitySetName, ExecutionOptions executionOptions, Object[] parameters)
   於 System.Data.Entity.Core.Objects.ObjectContext.ExecuteStoreQuery[TElement](String commandText, ExecutionOptions executionOptions, Object[] parameters)
   於 System.Data.Entity.Internal.InternalContext.<>c__DisplayClassf`1.<ExecuteSqlQuery>b__e()
   於 System.Data.Entity.Internal.LazyEnumerator`1.MoveNext()
   於 System.Collections.Generic.List`1..ctor(IEnumerable`1 collection)
   於 System.Linq.Enumerable.ToList[TSource](IEnumerable`1 source)
   於 ePortal.Web.Controllers.AttendanceController.Analyse(String StartDate, String endDate, String empno, String anomalous) 於 E:\attrec\Test-ePortal\ePortal\ePortal.Web\Controllers\AttendanceController.cs: 行 623
   於 lambda_method(Closure , ControllerBase , Object[] )
   於 System.Web.Mvc.ActionMethodDispatcher.Execute(ControllerBase controller, Object[] parameters)
   於 System.Web.Mvc.ReflectedActionDescriptor.Execute(ControllerContext controllerContext, IDictionary`2 parameters)
   於 System.Web.Mvc.ControllerActionInvoker.InvokeActionMethod(ControllerContext controllerContext, ActionDescriptor actionDescriptor, IDictionary`2 parameters)
   於 System.Web.Mvc.Async.AsyncControllerActionInvoker.<>c__DisplayClass42.<BeginInvokeSynchronousActionMethod>b__41()
   於 System.Web.Mvc.Async.AsyncResultWrapper.<>c__DisplayClass8`1.<BeginSynchronous>b__7(IAsyncResult _)
   於 System.Web.Mvc.Async.AsyncResultWrapper.WrappedAsyncResult`1.End()
   於 System.Web.Mvc.Async.AsyncControllerActionInvoker.EndInvokeActionMethod(IAsyncResult asyncResult)
   於 System.Web.Mvc.Async.AsyncControllerActionInvoker.<>c__DisplayClass37.<>c__DisplayClass39.<BeginInvokeActionMethodWithFilters>b__33()
   於 System.Web.Mvc.Async.AsyncControllerActionInvoker.<>c__DisplayClass4f.<InvokeActionMethodFilterAsynchronously>b__49()
   於 System.Web.Mvc.Async.AsyncControllerActionInvoker.<>c__DisplayClass4f.<InvokeActionMethodFilterAsynchronously>b__49()
   於 System.Web.Mvc.Async.AsyncControllerActionInvoker.<>c__DisplayClass4f.<InvokeActionMethodFilterAsynchronously>b__49()
   於 System.Web.Mvc.Async.AsyncControllerActionInvoker.<>c__DisplayClass37.<BeginInvokeActionMethodWithFilters>b__36(IAsyncResult asyncResult)
   於 System.Web.Mvc.Async.AsyncResultWrapper.WrappedAsyncResult`1.End()
   於 System.Web.Mvc.Async.AsyncControllerActionInvoker.EndInvokeActionMethodWithFilters(IAsyncResult asyncResult)
   於 System.Web.Mvc.Async.AsyncControllerActionInvoker.<>c__DisplayClass25.<>c__DisplayClass2a.<BeginInvokeAction>b__20()
   於 System.Web.Mvc.Async.AsyncControllerActionInvoker.<>c__DisplayClass25.<BeginInvokeAction>b__22(IAsyncResult asyncResult)

2014/6/23 上午 10:21:47==> Errors Description:已超過連接 Timeout 的設定。在作業完成之前超過逾時等待的時間，或者是伺服器未回應。Errors Location:   於 System.Data.SqlClient.SqlConnection.OnError(SqlException exception, Boolean breakConnection)
   於 System.Data.SqlClient.SqlInternalConnection.OnError(SqlException exception, Boolean breakConnection)
   於 System.Data.SqlClient.TdsParser.ThrowExceptionAndWarning()
   於 System.Data.SqlClient.TdsParser.Run(RunBehavior runBehavior, SqlCommand cmdHandler, SqlDataReader dataStream, BulkCopySimpleResultSet bulkCopyHandler, TdsParserStateObject stateObj)
   於 System.Data.SqlClient.SqlDataReader.ConsumeMetaData()
   於 System.Data.SqlClient.SqlDataReader.get_MetaData()
   於 System.Data.SqlClient.SqlCommand.FinishExecuteReader(SqlDataReader ds, RunBehavior runBehavior, String resetOptionsString)
   於 System.Data.SqlClient.SqlCommand.RunExecuteReaderTds(CommandBehavior cmdBehavior, RunBehavior runBehavior, Boolean returnStream, Boolean async)
   於 System.Data.SqlClient.SqlCommand.RunExecuteReader(CommandBehavior cmdBehavior, RunBehavior runBehavior, Boolean returnStream, String method, DbAsyncResult result)
   於 System.Data.SqlClient.SqlCommand.RunExecuteReader(CommandBehavior cmdBehavior, RunBehavior runBehavior, Boolean returnStream, String method)
   於 System.Data.SqlClient.SqlCommand.ExecuteReader(CommandBehavior behavior, String method)
   於 System.Data.SqlClient.SqlCommand.ExecuteDbDataReader(CommandBehavior behavior)
   於 System.Data.Common.DbCommand.ExecuteReader(CommandBehavior behavior)
   於 System.Data.Entity.Infrastructure.Interception.DbCommandDispatcher.<Reader>b__c(DbCommand t, DbCommandInterceptionContext`1 c)
   於 System.Data.Entity.Infrastructure.Interception.InternalDispatcher`1.Dispatch[TTarget,TInterceptionContext,TResult](TTarget target, Func`3 operation, TInterceptionContext interceptionContext, Action`3 executing, Action`3 executed)
   於 System.Data.Entity.Infrastructure.Interception.DbCommandDispatcher.Reader(DbCommand command, DbCommandInterceptionContext interceptionContext)
   於 System.Data.Entity.Internal.InterceptableDbCommand.ExecuteDbDataReader(CommandBehavior behavior)
   於 System.Data.Common.DbCommand.ExecuteReader(CommandBehavior behavior)
   於 System.Data.Entity.Core.Objects.ObjectContext.ExecuteStoreQueryInternal[TElement](String commandText, String entitySetName, ExecutionOptions executionOptions, Object[] parameters)
   於 System.Data.Entity.Core.Objects.ObjectContext.<>c__DisplayClass26`1.<ExecuteStoreQueryReliably>b__25()
   於 System.Data.Entity.Core.Objects.ObjectContext.ExecuteInTransaction[T](Func`1 func, IDbExecutionStrategy executionStrategy, Boolean startLocalTransaction, Boolean releaseConnectionOnSuccess)
   於 System.Data.Entity.Core.Objects.ObjectContext.<>c__DisplayClass26`1.<ExecuteStoreQueryReliably>b__24()
   於 System.Data.Entity.SqlServer.DefaultSqlExecutionStrategy.Execute[TResult](Func`1 operation)
   於 System.Data.Entity.Core.Objects.ObjectContext.ExecuteStoreQueryReliably[TElement](String commandText, String entitySetName, ExecutionOptions executionOptions, Object[] parameters)
   於 System.Data.Entity.Core.Objects.ObjectContext.ExecuteStoreQuery[TElement](String commandText, ExecutionOptions executionOptions, Object[] parameters)
   於 System.Data.Entity.Internal.InternalContext.<>c__DisplayClassf`1.<ExecuteSqlQuery>b__e()
   於 System.Data.Entity.Internal.LazyEnumerator`1.MoveNext()
   於 System.Collections.Generic.List`1..ctor(IEnumerable`1 collection)
   於 System.Linq.Enumerable.ToList[TSource](IEnumerable`1 source)
   於 ePortal.Web.Controllers.AttendanceController.Analyse(String StartDate, String endDate, String empno, String anomalous) 於 E:\attrec\Test-ePortal\ePortal\ePortal.Web\Controllers\AttendanceController.cs: 行 623
   於 lambda_method(Closure , ControllerBase , Object[] )
   於 System.Web.Mvc.ActionMethodDispatcher.Execute(ControllerBase controller, Object[] parameters)
   於 System.Web.Mvc.ReflectedActionDescriptor.Execute(ControllerContext controllerContext, IDictionary`2 parameters)
   於 System.Web.Mvc.ControllerActionInvoker.InvokeActionMethod(ControllerContext controllerContext, ActionDescriptor actionDescriptor, IDictionary`2 parameters)
   於 System.Web.Mvc.Async.AsyncControllerActionInvoker.<>c__DisplayClass42.<BeginInvokeSynchronousActionMethod>b__41()
   於 System.Web.Mvc.Async.AsyncResultWrapper.<>c__DisplayClass8`1.<BeginSynchronous>b__7(IAsyncResult _)
   於 System.Web.Mvc.Async.AsyncResultWrapper.WrappedAsyncResult`1.End()
   於 System.Web.Mvc.Async.AsyncControllerActionInvoker.EndInvokeActionMethod(IAsyncResult asyncResult)
   於 System.Web.Mvc.Async.AsyncControllerActionInvoker.<>c__DisplayClass37.<>c__DisplayClass39.<BeginInvokeActionMethodWithFilters>b__33()
   於 System.Web.Mvc.Async.AsyncControllerActionInvoker.<>c__DisplayClass4f.<InvokeActionMethodFilterAsynchronously>b__49()
   於 System.Web.Mvc.Async.AsyncControllerActionInvoker.<>c__DisplayClass4f.<InvokeActionMethodFilterAsynchronously>b__49()
   於 System.Web.Mvc.Async.AsyncControllerActionInvoker.<>c__DisplayClass4f.<InvokeActionMethodFilterAsynchronously>b__49()
   於 System.Web.Mvc.Async.AsyncControllerActionInvoker.<>c__DisplayClass37.<BeginInvokeActionMethodWithFilters>b__36(IAsyncResult asyncResult)
   於 System.Web.Mvc.Async.AsyncResultWrapper.WrappedAsyncResult`1.End()
   於 System.Web.Mvc.Async.AsyncControllerActionInvoker.EndInvokeActionMethodWithFilters(IAsyncResult asyncResult)
   於 System.Web.Mvc.Async.AsyncControllerActionInvoker.<>c__DisplayClass25.<>c__DisplayClass2a.<BeginInvokeAction>b__20()
   於 System.Web.Mvc.Async.AsyncControllerActionInvoker.<>c__DisplayClass25.<BeginInvokeAction>b__22(IAsyncResult asyncResult)

2014/6/23 上午 10:21:47==> Errors Description:已超過連接 Timeout 的設定。在作業完成之前超過逾時等待的時間，或者是伺服器未回應。Errors Location:   於 System.Data.SqlClient.SqlConnection.OnError(SqlException exception, Boolean breakConnection)
   於 System.Data.SqlClient.SqlInternalConnection.OnError(SqlException exception, Boolean breakConnection)
   於 System.Data.SqlClient.TdsParser.ThrowExceptionAndWarning()
   於 System.Data.SqlClient.TdsParser.Run(RunBehavior runBehavior, SqlCommand cmdHandler, SqlDataReader dataStream, BulkCopySimpleResultSet bulkCopyHandler, TdsParserStateObject stateObj)
   於 System.Data.SqlClient.SqlDataReader.ConsumeMetaData()
   於 System.Data.SqlClient.SqlDataReader.get_MetaData()
   於 System.Data.SqlClient.SqlCommand.FinishExecuteReader(SqlDataReader ds, RunBehavior runBehavior, String resetOptionsString)
   於 System.Data.SqlClient.SqlCommand.RunExecuteReaderTds(CommandBehavior cmdBehavior, RunBehavior runBehavior, Boolean returnStream, Boolean async)
   於 System.Data.SqlClient.SqlCommand.RunExecuteReader(CommandBehavior cmdBehavior, RunBehavior runBehavior, Boolean returnStream, String method, DbAsyncResult result)
   於 System.Data.SqlClient.SqlCommand.RunExecuteReader(CommandBehavior cmdBehavior, RunBehavior runBehavior, Boolean returnStream, String method)
   於 System.Data.SqlClient.SqlCommand.ExecuteReader(CommandBehavior behavior, String method)
   於 System.Data.SqlClient.SqlCommand.ExecuteDbDataReader(CommandBehavior behavior)
   於 System.Data.Common.DbCommand.ExecuteReader(CommandBehavior behavior)
   於 System.Data.Entity.Infrastructure.Interception.DbCommandDispatcher.<Reader>b__c(DbCommand t, DbCommandInterceptionContext`1 c)
   於 System.Data.Entity.Infrastructure.Interception.InternalDispatcher`1.Dispatch[TTarget,TInterceptionContext,TResult](TTarget target, Func`3 operation, TInterceptionContext interceptionContext, Action`3 executing, Action`3 executed)
   於 System.Data.Entity.Infrastructure.Interception.DbCommandDispatcher.Reader(DbCommand command, DbCommandInterceptionContext interceptionContext)
   於 System.Data.Entity.Internal.InterceptableDbCommand.ExecuteDbDataReader(CommandBehavior behavior)
   於 System.Data.Common.DbCommand.ExecuteReader(CommandBehavior behavior)
   於 System.Data.Entity.Core.Objects.ObjectContext.ExecuteStoreQueryInternal[TElement](String commandText, String entitySetName, ExecutionOptions executionOptions, Object[] parameters)
   於 System.Data.Entity.Core.Objects.ObjectContext.<>c__DisplayClass26`1.<ExecuteStoreQueryReliably>b__25()
   於 System.Data.Entity.Core.Objects.ObjectContext.ExecuteInTransaction[T](Func`1 func, IDbExecutionStrategy executionStrategy, Boolean startLocalTransaction, Boolean releaseConnectionOnSuccess)
   於 System.Data.Entity.Core.Objects.ObjectContext.<>c__DisplayClass26`1.<ExecuteStoreQueryReliably>b__24()
   於 System.Data.Entity.SqlServer.DefaultSqlExecutionStrategy.Execute[TResult](Func`1 operation)
   於 System.Data.Entity.Core.Objects.ObjectContext.ExecuteStoreQueryReliably[TElement](String commandText, String entitySetName, ExecutionOptions executionOptions, Object[] parameters)
   於 System.Data.Entity.Core.Objects.ObjectContext.ExecuteStoreQuery[TElement](String commandText, ExecutionOptions executionOptions, Object[] parameters)
   於 System.Data.Entity.Internal.InternalContext.<>c__DisplayClassf`1.<ExecuteSqlQuery>b__e()
   於 System.Data.Entity.Internal.LazyEnumerator`1.MoveNext()
   於 System.Collections.Generic.List`1..ctor(IEnumerable`1 collection)
   於 System.Linq.Enumerable.ToList[TSource](IEnumerable`1 source)
   於 ePortal.Web.Controllers.AttendanceController.Analyse(String StartDate, String endDate, String empno, String anomalous) 於 E:\attrec\Test-ePortal\ePortal\ePortal.Web\Controllers\AttendanceController.cs: 行 623
   於 lambda_method(Closure , ControllerBase , Object[] )
   於 System.Web.Mvc.ActionMethodDispatcher.Execute(ControllerBase controller, Object[] parameters)
   於 System.Web.Mvc.ReflectedActionDescriptor.Execute(ControllerContext controllerContext, IDictionary`2 parameters)
   於 System.Web.Mvc.ControllerActionInvoker.InvokeActionMethod(ControllerContext controllerContext, ActionDescriptor actionDescriptor, IDictionary`2 parameters)
   於 System.Web.Mvc.Async.AsyncControllerActionInvoker.<>c__DisplayClass42.<BeginInvokeSynchronousActionMethod>b__41()
   於 System.Web.Mvc.Async.AsyncResultWrapper.<>c__DisplayClass8`1.<BeginSynchronous>b__7(IAsyncResult _)
   於 System.Web.Mvc.Async.AsyncResultWrapper.WrappedAsyncResult`1.End()
   於 System.Web.Mvc.Async.AsyncControllerActionInvoker.EndInvokeActionMethod(IAsyncResult asyncResult)
   於 System.Web.Mvc.Async.AsyncControllerActionInvoker.<>c__DisplayClass37.<>c__DisplayClass39.<BeginInvokeActionMethodWithFilters>b__33()
   於 System.Web.Mvc.Async.AsyncControllerActionInvoker.<>c__DisplayClass4f.<InvokeActionMethodFilterAsynchronously>b__49()
   於 System.Web.Mvc.Async.AsyncControllerActionInvoker.<>c__DisplayClass4f.<InvokeActionMethodFilterAsynchronously>b__49()
   於 System.Web.Mvc.Async.AsyncControllerActionInvoker.<>c__DisplayClass4f.<InvokeActionMethodFilterAsynchronously>b__49()
   於 System.Web.Mvc.Async.AsyncControllerActionInvoker.<>c__DisplayClass37.<BeginInvokeActionMethodWithFilters>b__36(IAsyncResult asyncResult)
   於 System.Web.Mvc.Async.AsyncResultWrapper.WrappedAsyncResult`1.End()
   於 System.Web.Mvc.Async.AsyncControllerActionInvoker.EndInvokeActionMethodWithFilters(IAsyncResult asyncResult)
   於 System.Web.Mvc.Async.AsyncControllerActionInvoker.<>c__DisplayClass25.<>c__DisplayClass2a.<BeginInvokeAction>b__20()
   於 System.Web.Mvc.Async.AsyncControllerActionInvoker.<>c__DisplayClass25.<BeginInvokeAction>b__22(IAsyncResult asyncResult)

2014/6/23 下午 03:28:38==> Errors Description:The specified cast from a materialized 'System.String' type to a nullable 'System.DateTime' type is not valid.Errors Location:   於 System.Data.Entity.Core.Common.Internal.Materialization.Shaper.ErrorHandlingValueReader`1.GetValue(DbDataReader reader, Int32 ordinal)
   於 System.Data.Entity.Core.Common.Internal.Materialization.Shaper.GetColumnValueWithErrorHandling[TColumn](Int32 ordinal)
   於 lambda_method(Closure , Shaper )
   於 System.Data.Entity.Core.Common.Internal.Materialization.Coordinator`1.ReadNextElement(Shaper shaper)
   於 System.Data.Entity.Core.Common.Internal.Materialization.Shaper`1.SimpleEnumerator.MoveNext()
   於 System.Data.Entity.Internal.LazyEnumerator`1.MoveNext()
   於 System.Collections.Generic.List`1..ctor(IEnumerable`1 collection)
   於 System.Linq.Enumerable.ToList[TSource](IEnumerable`1 source)
   於 ePortal.Web.Controllers.AttendanceController.Analyse(String StartDate, String endDate, String empno, String anomalous) 於 E:\attrec\Test-ePortal\ePortal\ePortal.Web\Controllers\AttendanceController.cs: 行 623
   於 lambda_method(Closure , ControllerBase , Object[] )
   於 System.Web.Mvc.ActionMethodDispatcher.Execute(ControllerBase controller, Object[] parameters)
   於 System.Web.Mvc.ReflectedActionDescriptor.Execute(ControllerContext controllerContext, IDictionary`2 parameters)
   於 System.Web.Mvc.ControllerActionInvoker.InvokeActionMethod(ControllerContext controllerContext, ActionDescriptor actionDescriptor, IDictionary`2 parameters)
   於 System.Web.Mvc.Async.AsyncControllerActionInvoker.<>c__DisplayClass42.<BeginInvokeSynchronousActionMethod>b__41()
   於 System.Web.Mvc.Async.AsyncResultWrapper.<>c__DisplayClass8`1.<BeginSynchronous>b__7(IAsyncResult _)
   於 System.Web.Mvc.Async.AsyncResultWrapper.WrappedAsyncResult`1.End()
   於 System.Web.Mvc.Async.AsyncControllerActionInvoker.EndInvokeActionMethod(IAsyncResult asyncResult)
   於 System.Web.Mvc.Async.AsyncControllerActionInvoker.<>c__DisplayClass37.<>c__DisplayClass39.<BeginInvokeActionMethodWithFilters>b__33()
   於 System.Web.Mvc.Async.AsyncControllerActionInvoker.<>c__DisplayClass4f.<InvokeActionMethodFilterAsynchronously>b__49()
   於 System.Web.Mvc.Async.AsyncControllerActionInvoker.<>c__DisplayClass4f.<InvokeActionMethodFilterAsynchronously>b__49()
   於 System.Web.Mvc.Async.AsyncControllerActionInvoker.<>c__DisplayClass4f.<InvokeActionMethodFilterAsynchronously>b__49()
   於 System.Web.Mvc.Async.AsyncControllerActionInvoker.<>c__DisplayClass37.<BeginInvokeActionMethodWithFilters>b__36(IAsyncResult asyncResult)
   於 System.Web.Mvc.Async.AsyncResultWrapper.WrappedAsyncResult`1.End()
   於 System.Web.Mvc.Async.AsyncControllerActionInvoker.EndInvokeActionMethodWithFilters(IAsyncResult asyncResult)
   於 System.Web.Mvc.Async.AsyncControllerActionInvoker.<>c__DisplayClass25.<>c__DisplayClass2a.<BeginInvokeAction>b__20()
   於 System.Web.Mvc.Async.AsyncControllerActionInvoker.<>c__DisplayClass25.<BeginInvokeAction>b__22(IAsyncResult asyncResult)

2014/6/23 下午 03:35:58==> Errors Description:The specified cast from a materialized 'System.String' type to a nullable 'System.DateTime' type is not valid.Errors Location:   於 System.Data.Entity.Core.Common.Internal.Materialization.Shaper.ErrorHandlingValueReader`1.GetValue(DbDataReader reader, Int32 ordinal)
   於 System.Data.Entity.Core.Common.Internal.Materialization.Shaper.GetColumnValueWithErrorHandling[TColumn](Int32 ordinal)
   於 lambda_method(Closure , Shaper )
   於 System.Data.Entity.Core.Common.Internal.Materialization.Coordinator`1.ReadNextElement(Shaper shaper)
   於 System.Data.Entity.Core.Common.Internal.Materialization.Shaper`1.SimpleEnumerator.MoveNext()
   於 System.Data.Entity.Internal.LazyEnumerator`1.MoveNext()
   於 System.Collections.Generic.List`1..ctor(IEnumerable`1 collection)
   於 System.Linq.Enumerable.ToList[TSource](IEnumerable`1 source)
   於 ePortal.Web.Controllers.AttendanceController.Analyse(String StartDate, String endDate, String empno, String anomalous) 於 E:\attrec\Test-ePortal\ePortal\ePortal.Web\Controllers\AttendanceController.cs: 行 623
   於 lambda_method(Closure , ControllerBase , Object[] )
   於 System.Web.Mvc.ActionMethodDispatcher.Execute(ControllerBase controller, Object[] parameters)
   於 System.Web.Mvc.ReflectedActionDescriptor.Execute(ControllerContext controllerContext, IDictionary`2 parameters)
   於 System.Web.Mvc.ControllerActionInvoker.InvokeActionMethod(ControllerContext controllerContext, ActionDescriptor actionDescriptor, IDictionary`2 parameters)
   於 System.Web.Mvc.Async.AsyncControllerActionInvoker.<>c__DisplayClass42.<BeginInvokeSynchronousActionMethod>b__41()
   於 System.Web.Mvc.Async.AsyncResultWrapper.<>c__DisplayClass8`1.<BeginSynchronous>b__7(IAsyncResult _)
   於 System.Web.Mvc.Async.AsyncResultWrapper.WrappedAsyncResult`1.End()
   於 System.Web.Mvc.Async.AsyncControllerActionInvoker.EndInvokeActionMethod(IAsyncResult asyncResult)
   於 System.Web.Mvc.Async.AsyncControllerActionInvoker.<>c__DisplayClass37.<>c__DisplayClass39.<BeginInvokeActionMethodWithFilters>b__33()
   於 System.Web.Mvc.Async.AsyncControllerActionInvoker.<>c__DisplayClass4f.<InvokeActionMethodFilterAsynchronously>b__49()
   於 System.Web.Mvc.Async.AsyncControllerActionInvoker.<>c__DisplayClass4f.<InvokeActionMethodFilterAsynchronously>b__49()
   於 System.Web.Mvc.Async.AsyncControllerActionInvoker.<>c__DisplayClass4f.<InvokeActionMethodFilterAsynchronously>b__49()
   於 System.Web.Mvc.Async.AsyncControllerActionInvoker.<>c__DisplayClass37.<BeginInvokeActionMethodWithFilters>b__36(IAsyncResult asyncResult)
   於 System.Web.Mvc.Async.AsyncResultWrapper.WrappedAsyncResult`1.End()
   於 System.Web.Mvc.Async.AsyncControllerActionInvoker.EndInvokeActionMethodWithFilters(IAsyncResult asyncResult)
   於 System.Web.Mvc.Async.AsyncControllerActionInvoker.<>c__DisplayClass25.<>c__DisplayClass2a.<BeginInvokeAction>b__20()
   於 System.Web.Mvc.Async.AsyncControllerActionInvoker.<>c__DisplayClass25.<BeginInvokeAction>b__22(IAsyncResult asyncResult)

