2015/2/14 上午 12:16:59::2015-02-14 00:16:59:Application End!

2015/2/14 上午 12:17:01::2015-02-14 00:17:01:Application Start!

2015/2/14 上午 12:38:01::2015-02-14 00:38:01:Application End!

2015/2/14 上午 12:38:03::2015-02-14 00:38:03:Application Start!

2015/2/14 上午 12:59:04::2015-02-14 00:59:04:Application End!

2015/2/14 上午 12:59:05::2015-02-14 00:59:05:Application Start!

2015/2/14 上午 01:20:06::2015-02-14 01:20:06:Application End!

2015/2/14 上午 01:20:07::2015-02-14 01:20:07:Application Start!

2015/2/14 上午 01:41:08::2015-02-14 01:41:08:Application End!

2015/2/14 上午 01:41:10::2015-02-14 01:41:10:Application Start!

2015/2/14 上午 02:02:10::2015-02-14 02:02:10:Application End!

2015/2/14 上午 02:02:12::2015-02-14 02:02:12:Application Start!

2015/2/14 上午 02:23:12::2015-02-14 02:23:12:Application End!

2015/2/14 上午 02:23:13::2015-02-14 02:23:13:Application Start!

2015/2/14 上午 02:44:13::2015-02-14 02:44:13:Application End!

2015/2/14 上午 02:44:14::2015-02-14 02:44:14:Application Start!

2015/2/14 上午 03:05:15::2015-02-14 03:05:15:Application End!

2015/2/14 上午 03:05:16::2015-02-14 03:05:16:Application Start!

2015/2/14 上午 03:26:17::2015-02-14 03:26:17:Application End!

2015/2/14 上午 03:26:18::2015-02-14 03:26:18:Application Start!

2015/2/14 上午 03:47:19::2015-02-14 03:47:19:Application End!

2015/2/14 上午 03:47:21::2015-02-14 03:47:20:Application Start!

2015/2/14 上午 04:08:21::2015-02-14 04:08:21:Application End!

2015/2/14 上午 04:08:23::2015-02-14 04:08:23:Application Start!

2015/2/14 上午 04:29:23::2015-02-14 04:29:23:Application End!

2015/2/14 上午 04:29:25::2015-02-14 04:29:24:Application Start!

2015/2/14 上午 04:50:25::2015-02-14 04:50:25:Application End!

2015/2/14 上午 04:50:27::2015-02-14 04:50:27:Application Start!

2015/2/14 上午 05:11:27::2015-02-14 05:11:27:Application End!

2015/2/14 上午 05:11:29::2015-02-14 05:11:29:Application Start!

2015/2/14 上午 05:32:29::2015-02-14 05:32:29:Application End!

2015/2/14 上午 05:32:31::2015-02-14 05:32:31:Application Start!

2015/2/14 上午 05:53:31::2015-02-14 05:53:31:Application End!

2015/2/14 上午 05:53:33::2015-02-14 05:53:33:Application Start!

2015/2/14 上午 06:14:33::2015-02-14 06:14:33:Application End!

2015/2/14 上午 06:14:35::2015-02-14 06:14:35:Application Start!

2015/2/14 上午 06:35:35::2015-02-14 06:35:35:Application End!

2015/2/14 上午 06:35:37::2015-02-14 06:35:37:Application Start!

2015/2/14 上午 06:56:37::2015-02-14 06:56:37:Application End!

2015/2/14 上午 06:56:39::2015-02-14 06:56:39:Application Start!

2015/2/14 上午 07:17:39::2015-02-14 07:17:39:Application End!

2015/2/14 上午 07:17:41::2015-02-14 07:17:41:Application Start!

2015/2/14 上午 07:38:41::2015-02-14 07:38:41:Application End!

2015/2/14 上午 07:38:44::2015-02-14 07:38:44:Application Start!

2015/2/14 上午 07:59:43::2015-02-14 07:59:43:Application End!

2015/2/14 上午 07:59:45::2015-02-14 07:59:45:Application Start!

2015/2/14 上午 08:20:45::2015-02-14 08:20:45:Application End!

2015/2/14 上午 08:20:47::2015-02-14 08:20:47:Application Start!

2015/2/14 上午 08:45:47::2015-02-14 08:45:47:Application End!

2015/2/14 上午 08:45:49::2015-02-14 08:45:49:Application Start!

2015/2/14 上午 09:06:50::2015-02-14 09:06:50:Application End!

2015/2/14 上午 09:06:51::2015-02-14 09:06:51:Application Start!

2015/2/14 上午 09:27:52::2015-02-14 09:27:52:Application End!

2015/2/14 上午 09:27:53::2015-02-14 09:27:53:Application Start!

2015/2/14 上午 09:48:54::2015-02-14 09:48:54:Application End!

2015/2/14 上午 09:48:55::2015-02-14 09:48:55:Application Start!

2015/2/14 上午 10:09:56::2015-02-14 10:09:56:Application End!

2015/2/14 上午 10:09:57::2015-02-14 10:09:57:Application Start!

2015/2/14 上午 10:20:05::2015-02-14 10:20:05:AutoTask is Working!

2015/2/14 上午 11:52:16::自動執行計算門禁考勤異常報表:true

2015/2/14 下午 12:12:59::2015-02-14 12:12:59:Application End!

2015/2/14 下午 12:13:01::2015-02-14 12:13:01:Application Start!

2015/2/14 下午 12:34:01::2015-02-14 12:34:01:Application End!

2015/2/14 下午 12:34:03::2015-02-14 12:34:03:Application Start!

2015/2/14 下午 12:55:03::2015-02-14 12:55:03:Application End!

2015/2/14 下午 12:55:05::2015-02-14 12:55:05:Application Start!

2015/2/14 下午 01:16:05::2015-02-14 13:16:05:Application End!

2015/2/14 下午 01:16:07::2015-02-14 13:16:07:Application Start!

2015/2/14 下午 01:37:08::2015-02-14 13:37:08:Application End!

2015/2/14 下午 01:37:09::2015-02-14 13:37:09:Application Start!

2015/2/14 下午 01:58:10::2015-02-14 13:58:10:Application End!

2015/2/14 下午 01:58:12::2015-02-14 13:58:11:Application Start!

2015/2/14 下午 02:19:12::2015-02-14 14:19:12:Application End!

2015/2/14 下午 02:19:19::2015-02-14 14:19:19:Application Start!

2015/2/14 下午 03:00:15::2015-02-14 15:00:15:Application End!

2015/2/14 下午 03:00:17::2015-02-14 15:00:17:Application Start!

2015/2/14 下午 03:21:18::2015-02-14 15:21:18:Application End!

2015/2/14 下午 03:21:19::2015-02-14 15:21:19:Application Start!

2015/2/14 下午 03:42:20::2015-02-14 15:42:20:Application End!

2015/2/14 下午 03:42:22::2015-02-14 15:42:22:Application Start!

2015/2/14 下午 04:03:22::2015-02-14 16:03:22:Application End!

2015/2/14 下午 04:03:24::2015-02-14 16:03:24:Application Start!

2015/2/14 下午 04:24:24::2015-02-14 16:24:24:Application End!

2015/2/14 下午 04:24:26::2015-02-14 16:24:26:Application Start!

2015/2/14 下午 04:45:26::2015-02-14 16:45:26:Application End!

2015/2/14 下午 04:45:28::2015-02-14 16:45:28:Application Start!

2015/2/14 下午 05:06:29::2015-02-14 17:06:29:Application End!

2015/2/14 下午 05:06:30::2015-02-14 17:06:30:Application Start!

2015/2/14 下午 05:27:31::2015-02-14 17:27:31:Application End!

2015/2/14 下午 05:27:32::2015-02-14 17:27:32:Application Start!

2015/2/14 下午 05:31:57==> Operate Description:用戶登錄, Operate Model:用戶管理, Operate creater:test Operate Type:登錄

2015/2/14 下午 05:54:33::2015-02-14 17:54:33:Application End!

2015/2/14 下午 05:54:35::2015-02-14 17:54:35:Application Start!

2015/2/14 下午 06:15:35::2015-02-14 18:15:35:Application End!

2015/2/14 下午 06:15:37::2015-02-14 18:15:37:Application Start!

2015/2/14 下午 06:36:37::2015-02-14 18:36:37:Application End!

2015/2/14 下午 06:36:39::2015-02-14 18:36:39:Application Start!

2015/2/14 下午 06:57:39::2015-02-14 18:57:39:Application End!

2015/2/14 下午 06:57:41::2015-02-14 18:57:41:Application Start!

2015/2/14 下午 07:18:42::2015-02-14 19:18:42:Application End!

2015/2/14 下午 07:18:43::2015-02-14 19:18:43:Application Start!

2015/2/14 下午 07:39:44::2015-02-14 19:39:44:Application End!

2015/2/14 下午 07:39:45::2015-02-14 19:39:45:Application Start!

2015/2/14 下午 08:00:46::2015-02-14 20:00:46:Application End!

2015/2/14 下午 08:00:48::2015-02-14 20:00:48:Application Start!

2015/2/14 下午 08:21:48::2015-02-14 20:21:48:Application End!

2015/2/14 下午 08:21:50::2015-02-14 20:21:50:Application Start!

2015/2/14 下午 09:09:49::2015-02-14 21:09:49:Application End!

2015/2/14 下午 09:09:50::2015-02-14 21:09:50:Application Start!

2015/2/14 下午 09:30:51::2015-02-14 21:30:51:Application End!

2015/2/14 下午 09:30:52::2015-02-14 21:30:52:Application Start!

2015/2/14 下午 09:51:53::2015-02-14 21:51:53:Application End!

2015/2/14 下午 09:51:54::2015-02-14 21:51:54:Application Start!

2015/2/14 下午 10:12:55::2015-02-14 22:12:55:Application End!

2015/2/14 下午 10:12:56::2015-02-14 22:12:56:Application Start!

2015/2/14 下午 10:33:57::2015-02-14 22:33:57:Application End!

2015/2/14 下午 10:33:58::2015-02-14 22:33:58:Application Start!

2015/2/14 下午 10:54:59::2015-02-14 22:54:59:Application End!

2015/2/14 下午 10:55:00::2015-02-14 22:55:00:Application Start!

2015/2/14 下午 11:16:01::2015-02-14 23:16:01:Application End!

2015/2/14 下午 11:16:02::2015-02-14 23:16:02:Application Start!

2015/2/14 下午 11:37:03::2015-02-14 23:37:03:Application End!

2015/2/14 下午 11:37:05::2015-02-14 23:37:05:Application Start!

2015/2/14 下午 11:58:05::2015-02-14 23:58:05:Application End!

2015/2/14 下午 11:58:07::2015-02-14 23:58:07:Application Start!

