2015/3/19 上午 12:08:59::2015-03-19 00:08:59:Application End!

2015/3/19 上午 12:09:00::2015-03-19 00:09:00:Application Start!

2015/3/19 上午 12:30:01::2015-03-19 00:30:01:Application End!

2015/3/19 上午 12:30:03::2015-03-19 00:30:03:Application Start!

2015/3/19 上午 12:51:03::2015-03-19 00:51:03:Application End!

2015/3/19 上午 12:51:11::2015-03-19 00:51:11:Application Start!

2015/3/19 上午 01:12:06::2015-03-19 01:12:06:Application End!

2015/3/19 上午 01:12:08::2015-03-19 01:12:08:Application Start!

2015/3/19 上午 01:33:08::2015-03-19 01:33:08:Application End!

2015/3/19 上午 01:33:10::2015-03-19 01:33:10:Application Start!

2015/3/19 上午 01:54:11::2015-03-19 01:54:11:Application End!

2015/3/19 上午 01:54:12::2015-03-19 01:54:12:Application Start!

2015/3/19 上午 02:15:13::2015-03-19 02:15:13:Application End!

2015/3/19 上午 02:15:14::2015-03-19 02:15:14:Application Start!

2015/3/19 上午 02:36:16::2015-03-19 02:36:16:Application End!

2015/3/19 上午 02:36:18::2015-03-19 02:36:18:Application Start!

2015/3/19 上午 02:57:18::2015-03-19 02:57:18:Application End!

2015/3/19 上午 02:57:20::2015-03-19 02:57:20:Application Start!

2015/3/19 上午 03:18:21::2015-03-19 03:18:21:Application End!

2015/3/19 上午 03:18:22::2015-03-19 03:18:22:Application Start!

2015/3/19 上午 03:39:23::2015-03-19 03:39:23:Application End!

2015/3/19 上午 03:39:24::2015-03-19 03:39:24:Application Start!

2015/3/19 上午 04:00:25::2015-03-19 04:00:25:Application End!

2015/3/19 上午 04:00:27::2015-03-19 04:00:27:Application Start!

2015/3/19 上午 04:21:27::2015-03-19 04:21:27:Application End!

2015/3/19 上午 04:21:29::2015-03-19 04:21:29:Application Start!

2015/3/19 上午 04:42:29::2015-03-19 04:42:29:Application End!

2015/3/19 上午 04:42:34::2015-03-19 04:42:33:Application Start!

2015/3/19 上午 05:03:33::2015-03-19 05:03:33:Application End!

2015/3/19 上午 05:03:40::2015-03-19 05:03:40:Application Start!

2015/3/19 上午 05:24:36::2015-03-19 05:24:36:Application End!

2015/3/19 上午 05:24:38::2015-03-19 05:24:38:Application Start!

2015/3/19 上午 05:45:38::2015-03-19 05:45:38:Application End!

2015/3/19 上午 05:45:40::2015-03-19 05:45:40:Application Start!

2015/3/19 上午 06:06:40::2015-03-19 06:06:40:Application End!

2015/3/19 上午 06:06:42::2015-03-19 06:06:42:Application Start!

2015/3/19 上午 06:27:43::2015-03-19 06:27:43:Application End!

2015/3/19 上午 06:27:44::2015-03-19 06:27:44:Application Start!

2015/3/19 上午 06:48:45::2015-03-19 06:48:45:Application End!

2015/3/19 上午 06:48:47::2015-03-19 06:48:46:Application Start!

2015/3/19 上午 07:09:47::2015-03-19 07:09:47:Application End!

2015/3/19 上午 07:09:49::2015-03-19 07:09:49:Application Start!

2015/3/19 上午 07:30:49::2015-03-19 07:30:49:Application End!

2015/3/19 上午 07:30:51::2015-03-19 07:30:51:Application Start!

2015/3/19 上午 07:51:51::2015-03-19 07:51:51:Application End!

2015/3/19 上午 07:51:56::2015-03-19 07:51:56:Application Start!

2015/3/19 上午 08:12:54::2015-03-19 08:12:54:Application End!

2015/3/19 上午 08:12:56::2015-03-19 08:12:56:Application Start!

2015/3/19 上午 08:33:57::2015-03-19 08:33:57:Application End!

2015/3/19 上午 08:33:58::2015-03-19 08:33:58:Application Start!

2015/3/19 上午 08:54:59::2015-03-19 08:54:59:Application End!

2015/3/19 上午 08:55:01::2015-03-19 08:55:01:Application Start!

2015/3/19 上午 09:16:01::2015-03-19 09:16:01:Application End!

2015/3/19 上午 09:16:03::2015-03-19 09:16:03:Application Start!

2015/3/19 上午 09:37:03::2015-03-19 09:37:03:Application End!

2015/3/19 上午 09:37:05::2015-03-19 09:37:05:Application Start!

2015/3/19 上午 09:58:05::2015-03-19 09:58:05:Application End!

2015/3/19 上午 09:58:07::2015-03-19 09:58:07:Application Start!

2015/3/19 上午 10:19:07::2015-03-19 10:19:07:Application End!

2015/3/19 上午 10:19:09::2015-03-19 10:19:09:Application Start!

2015/3/19 上午 10:20:00::2015-03-19 10:20:00:AutoTask is Working!

2015/3/19 下午 01:32:04::自動執行計算門禁考勤異常報表:true

2015/3/19 下午 01:52:08::2015-03-19 13:52:08:Application End!

2015/3/19 下午 01:52:10::2015-03-19 13:52:09:Application Start!

2015/3/19 下午 02:13:10::2015-03-19 14:13:10:Application End!

2015/3/19 下午 02:13:11::2015-03-19 14:13:11:Application Start!

2015/3/19 下午 02:34:12::2015-03-19 14:34:12:Application End!

2015/3/19 下午 02:34:13::2015-03-19 14:34:13:Application Start!

2015/3/19 下午 02:55:14::2015-03-19 14:55:14:Application End!

2015/3/19 下午 02:55:16::2015-03-19 14:55:15:Application Start!

2015/3/19 下午 03:16:16::2015-03-19 15:16:16:Application End!

2015/3/19 下午 03:16:18::2015-03-19 15:16:18:Application Start!

2015/3/19 下午 03:37:18::2015-03-19 15:37:18:Application End!

2015/3/19 下午 03:37:20::2015-03-19 15:37:20:Application Start!

2015/3/19 下午 03:58:20::2015-03-19 15:58:20:Application End!

2015/3/19 下午 03:58:22::2015-03-19 15:58:22:Application Start!

2015/3/19 下午 04:19:22::2015-03-19 16:19:22:Application End!

2015/3/19 下午 04:19:24::2015-03-19 16:19:24:Application Start!

2015/3/19 下午 04:40:24::2015-03-19 16:40:24:Application End!

2015/3/19 下午 04:40:26::2015-03-19 16:40:26:Application Start!

2015/3/19 下午 05:01:26::2015-03-19 17:01:26:Application End!

2015/3/19 下午 05:01:28::2015-03-19 17:01:28:Application Start!

2015/3/19 下午 05:22:28::2015-03-19 17:22:28:Application End!

2015/3/19 下午 05:22:30::2015-03-19 17:22:30:Application Start!

2015/3/19 下午 05:45:30::2015-03-19 17:45:30:Application End!

2015/3/19 下午 05:45:38::2015-03-19 17:45:38:Application Start!

2015/3/19 下午 06:06:34::2015-03-19 18:06:34:Application End!

2015/3/19 下午 06:06:36::2015-03-19 18:06:36:Application Start!

2015/3/19 下午 06:27:36::2015-03-19 18:27:36:Application End!

2015/3/19 下午 06:27:38::2015-03-19 18:27:38:Application Start!

2015/3/19 下午 06:48:38::2015-03-19 18:48:38:Application End!

2015/3/19 下午 06:48:40::2015-03-19 18:48:40:Application Start!

2015/3/19 下午 07:09:40::2015-03-19 19:09:40:Application End!

2015/3/19 下午 07:09:42::2015-03-19 19:09:42:Application Start!

2015/3/19 下午 07:30:42::2015-03-19 19:30:42:Application End!

2015/3/19 下午 07:30:44::2015-03-19 19:30:44:Application Start!

2015/3/19 下午 07:51:44::2015-03-19 19:51:44:Application End!

2015/3/19 下午 07:51:46::2015-03-19 19:51:46:Application Start!

2015/3/19 下午 08:12:46::2015-03-19 20:12:46:Application End!

2015/3/19 下午 08:12:48::2015-03-19 20:12:48:Application Start!

2015/3/19 下午 08:33:49::2015-03-19 20:33:49:Application End!

2015/3/19 下午 08:33:51::2015-03-19 20:33:51:Application Start!

2015/3/19 下午 08:54:52::2015-03-19 20:54:52:Application End!

2015/3/19 下午 08:54:53::2015-03-19 20:54:53:Application Start!

2015/3/19 下午 09:15:54::2015-03-19 21:15:54:Application End!

2015/3/19 下午 09:15:56::2015-03-19 21:15:56:Application Start!

2015/3/19 下午 09:36:56::2015-03-19 21:36:56:Application End!

2015/3/19 下午 09:36:58::2015-03-19 21:36:58:Application Start!

2015/3/19 下午 09:57:58::2015-03-19 21:57:58:Application End!

2015/3/19 下午 09:58:00::2015-03-19 21:58:00:Application Start!

2015/3/19 下午 10:19:00::2015-03-19 22:19:00:Application End!

2015/3/19 下午 10:19:02::2015-03-19 22:19:02:Application Start!

2015/3/19 下午 10:40:03::2015-03-19 22:40:03:Application End!

2015/3/19 下午 10:40:04::2015-03-19 22:40:04:Application Start!

2015/3/19 下午 11:01:05::2015-03-19 23:01:05:Application End!

2015/3/19 下午 11:01:07::2015-03-19 23:01:06:Application Start!

2015/3/19 下午 11:22:07::2015-03-19 23:22:07:Application End!

2015/3/19 下午 11:22:09::2015-03-19 23:22:09:Application Start!

2015/3/19 下午 11:43:09::2015-03-19 23:43:09:Application End!

2015/3/19 下午 11:43:11::2015-03-19 23:43:11:Application Start!

