2015/4/15 上午 12:12:54::2015-04-15 00:12:54:Application End!

2015/4/15 上午 12:12:56::2015-04-15 00:12:56:Application Start!

2015/4/15 上午 12:33:56::2015-04-15 00:33:56:Application End!

2015/4/15 上午 12:33:58::2015-04-15 00:33:58:Application Start!

2015/4/15 上午 12:54:57::2015-04-15 00:54:57:Application End!

2015/4/15 上午 12:54:58::2015-04-15 00:54:58:Application Start!

2015/4/15 上午 01:15:59::2015-04-15 01:15:59:Application End!

2015/4/15 上午 01:16:00::2015-04-15 01:16:00:Application Start!

2015/4/15 上午 01:37:01::2015-04-15 01:37:01:Application End!

2015/4/15 上午 01:37:03::2015-04-15 01:37:03:Application Start!

2015/4/15 上午 01:58:03::2015-04-15 01:58:03:Application End!

2015/4/15 上午 01:58:05::2015-04-15 01:58:05:Application Start!

2015/4/15 上午 02:19:05::2015-04-15 02:19:05:Application End!

2015/4/15 上午 02:19:07::2015-04-15 02:19:07:Application Start!

2015/4/15 上午 02:40:07::2015-04-15 02:40:07:Application End!

2015/4/15 上午 02:40:09::2015-04-15 02:40:09:Application Start!

2015/4/15 上午 03:01:09::2015-04-15 03:01:09:Application End!

2015/4/15 上午 03:01:11::2015-04-15 03:01:11:Application Start!

2015/4/15 上午 03:22:11::2015-04-15 03:22:11:Application End!

2015/4/15 上午 03:22:13::2015-04-15 03:22:13:Application Start!

2015/4/15 上午 03:43:13::2015-04-15 03:43:13:Application End!

2015/4/15 上午 03:43:15::2015-04-15 03:43:15:Application Start!

2015/4/15 上午 04:04:15::2015-04-15 04:04:15:Application End!

2015/4/15 上午 04:04:17::2015-04-15 04:04:17:Application Start!

2015/4/15 上午 04:25:17::2015-04-15 04:25:17:Application End!

2015/4/15 上午 04:25:19::2015-04-15 04:25:19:Application Start!

2015/4/15 上午 04:46:19::2015-04-15 04:46:19:Application End!

2015/4/15 上午 04:46:21::2015-04-15 04:46:21:Application Start!

2015/4/15 上午 05:07:21::2015-04-15 05:07:21:Application End!

2015/4/15 上午 05:07:23::2015-04-15 05:07:23:Application Start!

2015/4/15 上午 05:28:23::2015-04-15 05:28:23:Application End!

2015/4/15 上午 05:28:25::2015-04-15 05:28:25:Application Start!

2015/4/15 上午 05:49:25::2015-04-15 05:49:25:Application End!

2015/4/15 上午 05:49:27::2015-04-15 05:49:27:Application Start!

2015/4/15 上午 06:10:27::2015-04-15 06:10:27:Application End!

2015/4/15 上午 06:10:29::2015-04-15 06:10:29:Application Start!

2015/4/15 上午 06:44:29::2015-04-15 06:44:28:Application End!

2015/4/15 上午 06:44:31::2015-04-15 06:44:31:Application Start!

2015/4/15 上午 07:05:31::2015-04-15 07:05:31:Application End!

2015/4/15 上午 07:05:33::2015-04-15 07:05:33:Application Start!

2015/4/15 上午 07:26:33::2015-04-15 07:26:33:Application End!

2015/4/15 上午 07:26:35::2015-04-15 07:26:35:Application Start!

2015/4/15 上午 07:47:35::2015-04-15 07:47:35:Application End!

2015/4/15 上午 07:47:40::2015-04-15 07:47:40:Application Start!

2015/4/15 上午 08:08:38::2015-04-15 08:08:38:Application End!

2015/4/15 上午 08:08:40::2015-04-15 08:08:40:Application Start!

2015/4/15 上午 08:29:41::2015-04-15 08:29:41:Application End!

2015/4/15 上午 08:29:42::2015-04-15 08:29:42:Application Start!

2015/4/15 上午 08:50:43::2015-04-15 08:50:43:Application End!

2015/4/15 上午 08:50:44::2015-04-15 08:50:44:Application Start!

2015/4/15 上午 09:11:45::2015-04-15 09:11:45:Application End!

2015/4/15 上午 09:11:46::2015-04-15 09:11:46:Application Start!

2015/4/15 上午 09:32:47::2015-04-15 09:32:47:Application End!

2015/4/15 上午 09:32:48::2015-04-15 09:32:48:Application Start!

2015/4/15 上午 09:53:50::2015-04-15 09:53:50:Application End!

2015/4/15 上午 09:53:52::2015-04-15 09:53:52:Application Start!

2015/4/15 上午 10:14:52::2015-04-15 10:14:52:Application End!

2015/4/15 上午 10:14:54::2015-04-15 10:14:54:Application Start!

2015/4/15 上午 10:20:00::2015-04-15 10:20:00:AutoTask is Working!

2015/4/15 下午 12:58:05::自動執行計算門禁考勤異常報表:true

2015/4/15 下午 01:18:55::2015-04-15 13:18:55:Application End!

2015/4/15 下午 01:18:57::2015-04-15 13:18:57:Application Start!

2015/4/15 下午 01:39:57::2015-04-15 13:39:57:Application End!

2015/4/15 下午 01:39:59::2015-04-15 13:39:59:Application Start!

2015/4/15 下午 02:00:58::2015-04-15 14:00:58:Application End!

2015/4/15 下午 02:01:00::2015-04-15 14:01:00:Application Start!

2015/4/15 下午 02:22:00::2015-04-15 14:22:00:Application End!

2015/4/15 下午 02:22:02::2015-04-15 14:22:02:Application Start!

2015/4/15 下午 02:43:03::2015-04-15 14:43:03:Application End!

2015/4/15 下午 02:43:04::2015-04-15 14:43:04:Application Start!

2015/4/15 下午 03:04:05::2015-04-15 15:04:05:Application End!

2015/4/15 下午 03:04:07::2015-04-15 15:04:07:Application Start!

2015/4/15 下午 03:25:07::2015-04-15 15:25:07:Application End!

2015/4/15 下午 03:25:09::2015-04-15 15:25:09:Application Start!

2015/4/15 下午 03:46:09::2015-04-15 15:46:09:Application End!

2015/4/15 下午 03:46:11::2015-04-15 15:46:11:Application Start!

2015/4/15 下午 04:07:11::2015-04-15 16:07:11:Application End!

2015/4/15 下午 04:07:13::2015-04-15 16:07:13:Application Start!

2015/4/15 下午 04:28:13::2015-04-15 16:28:13:Application End!

2015/4/15 下午 04:28:15::2015-04-15 16:28:15:Application Start!

2015/4/15 下午 04:49:16::2015-04-15 16:49:16:Application End!

2015/4/15 下午 04:49:17::2015-04-15 16:49:17:Application Start!

2015/4/15 下午 05:11:18::2015-04-15 17:11:18:Application End!

2015/4/15 下午 05:11:20::2015-04-15 17:11:20:Application Start!

2015/4/15 下午 05:32:20::2015-04-15 17:32:20:Application End!

2015/4/15 下午 05:32:22::2015-04-15 17:32:22:Application Start!

2015/4/15 下午 05:53:22::2015-04-15 17:53:22:Application End!

2015/4/15 下午 05:53:24::2015-04-15 17:53:24:Application Start!

2015/4/15 下午 06:14:24::2015-04-15 18:14:24:Application End!

2015/4/15 下午 06:14:26::2015-04-15 18:14:26:Application Start!

2015/4/15 下午 06:35:27::2015-04-15 18:35:27:Application End!

2015/4/15 下午 06:35:28::2015-04-15 18:35:28:Application Start!

2015/4/15 下午 06:56:27::2015-04-15 18:56:27:Application End!

2015/4/15 下午 06:56:29::2015-04-15 18:56:29:Application Start!

2015/4/15 下午 07:17:29::2015-04-15 19:17:29:Application End!

2015/4/15 下午 07:17:31::2015-04-15 19:17:31:Application Start!

2015/4/15 下午 07:38:31::2015-04-15 19:38:31:Application End!

2015/4/15 下午 07:38:33::2015-04-15 19:38:33:Application Start!

2015/4/15 下午 07:59:33::2015-04-15 19:59:33:Application End!

2015/4/15 下午 07:59:35::2015-04-15 19:59:35:Application Start!

2015/4/15 下午 08:20:35::2015-04-15 20:20:35:Application End!

2015/4/15 下午 08:20:37::2015-04-15 20:20:37:Application Start!

2015/4/15 下午 08:41:38::2015-04-15 20:41:38:Application End!

2015/4/15 下午 08:41:47::2015-04-15 20:41:47:Application Start!

2015/4/15 下午 09:02:42::2015-04-15 21:02:42:Application End!

2015/4/15 下午 09:02:43::2015-04-15 21:02:43:Application Start!

2015/4/15 下午 09:23:44::2015-04-15 21:23:44:Application End!

2015/4/15 下午 09:23:45::2015-04-15 21:23:45:Application Start!

2015/4/15 下午 09:44:46::2015-04-15 21:44:46:Application End!

2015/4/15 下午 09:44:47::2015-04-15 21:44:47:Application Start!

2015/4/15 下午 10:05:48::2015-04-15 22:05:48:Application End!

2015/4/15 下午 10:05:49::2015-04-15 22:05:49:Application Start!

2015/4/15 下午 10:26:50::2015-04-15 22:26:50:Application End!

2015/4/15 下午 10:26:51::2015-04-15 22:26:51:Application Start!

2015/4/15 下午 10:47:52::2015-04-15 22:47:52:Application End!

2015/4/15 下午 10:47:54::2015-04-15 22:47:54:Application Start!

2015/4/15 下午 11:08:54::2015-04-15 23:08:54:Application End!

2015/4/15 下午 11:08:56::2015-04-15 23:08:56:Application Start!

2015/4/15 下午 11:29:56::2015-04-15 23:29:56:Application End!

2015/4/15 下午 11:29:58::2015-04-15 23:29:58:Application Start!

2015/4/15 下午 11:50:58::2015-04-15 23:50:58:Application End!

2015/4/15 下午 11:51:00::2015-04-15 23:51:00:Application Start!

