2015/5/8 上午 09:46:05::2015-05-08 09:46:05:Application Start!

2015/5/8 上午 10:08:41::2015-05-08 10:08:41:Application End!

2015/5/8 上午 10:14:12::2015-05-08 10:14:12:Application Start!

2015/5/8 上午 10:19:15::2015-05-08 10:19:15:Application End!

2015/5/8 上午 10:19:24::2015-05-08 10:19:24:Application Start!

2015/5/8 上午 10:25:58::2015-05-08 10:25:58:Application End!

2015/5/8 上午 10:27:54::2015-05-08 10:27:54:Application Start!

2015/5/8 上午 10:41:25::2015-05-08 10:41:25:Application End!

2015/5/8 上午 10:42:33::2015-05-08 10:42:33:Application Start!

2015/5/8 上午 11:19:33::2015-05-08 11:19:33:Application End!

2015/5/8 上午 11:22:41::2015-05-08 11:22:41:Application Start!

2015/5/8 下午 02:23:41::2015-05-08 14:23:41:Application Start!

2015/5/8 下午 02:26:43::2015-05-08 14:26:43:Application End!

2015/5/8 下午 02:26:56::2015-05-08 14:26:56:Application Start!

2015/5/8 下午 02:29:34::2015-05-08 14:29:34:Application End!

2015/5/8 下午 02:29:43::2015-05-08 14:29:43:Application Start!

2015/5/8 下午 05:17:18::2015-05-08 17:17:18:Application End!

2015/5/8 下午 05:17:34::2015-05-08 17:17:34:Application Start!

2015/5/8 下午 05:20:00::2015-05-08 17:20:00:AutoTask is Working!

2015/5/8 下午 05:20:00::2015-05-08 17:20:00:Application End!

2015/5/8 下午 05:23:22::2015-05-08 17:23:22:Application Start!

2015/5/8 下午 07:42:24::2015-05-08 19:42:24:Application Start!

2015/5/8 下午 07:50:59::2015-05-08 19:50:59:Application Start!

2015/5/8 下午 08:13:58::2015-05-08 20:13:58:Application End!

2015/5/8 下午 08:15:36::2015-05-08 20:15:36:Application Start!

2015/5/8 下午 09:01:28::2015-05-08 21:01:28:Application Start!

2015/5/8 下午 09:07:56::2015-05-08 21:07:56:Application End!

2015/5/8 下午 09:12:37::2015-05-08 21:12:37:Application Start!

2015/5/8 下午 09:32:44::2015-05-08 21:32:44:Application End!

2015/5/8 下午 09:32:58::2015-05-08 21:32:58:Application Start!

2015/5/8 下午 09:55:09::2015-05-08 21:55:09:Application End!

