2015/4/17 上午 12:02:04::2015-04-17 00:02:04:Application End!

2015/4/17 上午 12:02:06::2015-04-17 00:02:06:Application Start!

2015/4/17 上午 12:23:06::2015-04-17 00:23:06:Application End!

2015/4/17 上午 12:23:08::2015-04-17 00:23:08:Application Start!

2015/4/17 上午 12:44:08::2015-04-17 00:44:08:Application End!

2015/4/17 上午 12:44:10::2015-04-17 00:44:10:Application Start!

2015/4/17 上午 01:05:10::2015-04-17 01:05:10:Application End!

2015/4/17 上午 01:05:12::2015-04-17 01:05:12:Application Start!

2015/4/17 上午 01:26:13::2015-04-17 01:26:13:Application End!

2015/4/17 上午 01:26:14::2015-04-17 01:26:14:Application Start!

2015/4/17 上午 01:47:15::2015-04-17 01:47:15:Application End!

2015/4/17 上午 01:47:17::2015-04-17 01:47:16:Application Start!

2015/4/17 上午 02:08:17::2015-04-17 02:08:17:Application End!

2015/4/17 上午 02:08:19::2015-04-17 02:08:19:Application Start!

2015/4/17 上午 02:29:19::2015-04-17 02:29:19:Application End!

2015/4/17 上午 02:29:21::2015-04-17 02:29:21:Application Start!

2015/4/17 上午 02:50:21::2015-04-17 02:50:21:Application End!

2015/4/17 上午 02:50:23::2015-04-17 02:50:23:Application Start!

2015/4/17 上午 03:11:23::2015-04-17 03:11:23:Application End!

2015/4/17 上午 03:11:25::2015-04-17 03:11:25:Application Start!

2015/4/17 上午 03:32:26::2015-04-17 03:32:26:Application End!

2015/4/17 上午 03:32:27::2015-04-17 03:32:27:Application Start!

2015/4/17 上午 03:53:28::2015-04-17 03:53:28:Application End!

2015/4/17 上午 03:53:30::2015-04-17 03:53:29:Application Start!

2015/4/17 上午 04:14:30::2015-04-17 04:14:30:Application End!

2015/4/17 上午 04:14:32::2015-04-17 04:14:32:Application Start!

2015/4/17 上午 04:35:32::2015-04-17 04:35:32:Application End!

2015/4/17 上午 04:35:34::2015-04-17 04:35:34:Application Start!

2015/4/17 上午 04:56:34::2015-04-17 04:56:34:Application End!

2015/4/17 上午 04:56:36::2015-04-17 04:56:36:Application Start!

2015/4/17 上午 05:17:36::2015-04-17 05:17:36:Application End!

2015/4/17 上午 05:17:38::2015-04-17 05:17:38:Application Start!

2015/4/17 上午 05:38:38::2015-04-17 05:38:38:Application End!

2015/4/17 上午 05:38:40::2015-04-17 05:38:40:Application Start!

2015/4/17 上午 05:59:41::2015-04-17 05:59:41:Application End!

2015/4/17 上午 05:59:42::2015-04-17 05:59:42:Application Start!

2015/4/17 上午 06:20:43::2015-04-17 06:20:43:Application End!

2015/4/17 上午 06:20:45::2015-04-17 06:20:45:Application Start!

2015/4/17 上午 06:41:45::2015-04-17 06:41:45:Application End!

2015/4/17 上午 06:41:47::2015-04-17 06:41:47:Application Start!

2015/4/17 上午 07:02:47::2015-04-17 07:02:47:Application End!

2015/4/17 上午 07:02:50::2015-04-17 07:02:50:Application Start!

2015/4/17 上午 07:23:48::2015-04-17 07:23:48:Application End!

2015/4/17 上午 07:23:50::2015-04-17 07:23:50:Application Start!

2015/4/17 上午 07:44:50::2015-04-17 07:44:50:Application End!

2015/4/17 上午 07:44:52::2015-04-17 07:44:52:Application Start!

2015/4/17 上午 08:06:52::2015-04-17 08:06:52:Application End!

2015/4/17 上午 08:06:54::2015-04-17 08:06:54:Application Start!

2015/4/17 上午 08:27:54::2015-04-17 08:27:54:Application End!

2015/4/17 上午 08:27:56::2015-04-17 08:27:56:Application Start!

2015/4/17 上午 08:48:56::2015-04-17 08:48:56:Application End!

2015/4/17 上午 08:48:58::2015-04-17 08:48:58:Application Start!

2015/4/17 上午 09:09:58::2015-04-17 09:09:58:Application End!

2015/4/17 上午 09:10:00::2015-04-17 09:10:00:Application Start!

2015/4/17 上午 09:31:00::2015-04-17 09:31:00:Application End!

2015/4/17 上午 09:31:02::2015-04-17 09:31:02:Application Start!

2015/4/17 上午 09:52:02::2015-04-17 09:52:02:Application End!

2015/4/17 上午 09:52:04::2015-04-17 09:52:04:Application Start!

2015/4/17 上午 10:13:04::2015-04-17 10:13:04:Application End!

2015/4/17 上午 10:13:06::2015-04-17 10:13:06:Application Start!

2015/4/17 上午 10:20:00::2015-04-17 10:20:00:AutoTask is Working!

2015/4/17 下午 01:39:59==> Errors Description:作業逾時Errors Location:   於 System.Net.HttpWebRequest.GetResponse()
   於 ePortal.Web.Core.Job.AttendanceAnomalyJob.ExecuteJob() 於 e:\ePortal\ePortal.Web.Core\Job\AttendanceAnomalyJob.cs: 行 26

2015/4/17 下午 02:04:05::2015-04-17 14:04:05:Application End!

2015/4/17 下午 02:04:07::2015-04-17 14:04:07:Application Start!

2015/4/17 下午 02:25:07::2015-04-17 14:25:07:Application End!

2015/4/17 下午 02:25:09::2015-04-17 14:25:09:Application Start!

2015/4/17 下午 02:50:10::2015-04-17 14:50:10:Application End!

2015/4/17 下午 02:50:11::2015-04-17 14:50:11:Application Start!

2015/4/17 下午 03:11:12::2015-04-17 15:11:12:Application End!

2015/4/17 下午 03:11:13::2015-04-17 15:11:13:Application Start!

2015/4/17 下午 03:32:14::2015-04-17 15:32:14:Application End!

2015/4/17 下午 03:32:15::2015-04-17 15:32:15:Application Start!

2015/4/17 下午 03:53:16::2015-04-17 15:53:16:Application End!

2015/4/17 下午 03:53:24::2015-04-17 15:53:24:Application Start!

2015/4/17 下午 04:14:20::2015-04-17 16:14:20:Application End!

2015/4/17 下午 04:14:22::2015-04-17 16:14:22:Application Start!

2015/4/17 下午 04:35:23::2015-04-17 16:35:23:Application End!

2015/4/17 下午 04:35:25::2015-04-17 16:35:25:Application Start!

2015/4/17 下午 04:56:26::2015-04-17 16:56:26:Application End!

2015/4/17 下午 04:56:27::2015-04-17 16:56:27:Application Start!

2015/4/17 下午 05:17:28::2015-04-17 17:17:28:Application End!

2015/4/17 下午 05:17:30::2015-04-17 17:17:29:Application Start!

2015/4/17 下午 05:38:30::2015-04-17 17:38:30:Application End!

2015/4/17 下午 05:38:32::2015-04-17 17:38:32:Application Start!

2015/4/17 下午 05:59:32::2015-04-17 17:59:32:Application End!

2015/4/17 下午 05:59:34::2015-04-17 17:59:34:Application Start!

2015/4/17 下午 06:20:34::2015-04-17 18:20:34:Application End!

2015/4/17 下午 06:20:36::2015-04-17 18:20:36:Application Start!

2015/4/17 下午 06:41:36::2015-04-17 18:41:36:Application End!

2015/4/17 下午 06:41:38::2015-04-17 18:41:38:Application Start!

2015/4/17 下午 07:02:39::2015-04-17 19:02:39:Application End!

2015/4/17 下午 07:02:40::2015-04-17 19:02:40:Application Start!

2015/4/17 下午 07:23:41::2015-04-17 19:23:41:Application End!

2015/4/17 下午 07:23:43::2015-04-17 19:23:43:Application Start!

2015/4/17 下午 07:44:43::2015-04-17 19:44:43:Application End!

2015/4/17 下午 07:44:45::2015-04-17 19:44:45:Application Start!

2015/4/17 下午 08:05:45::2015-04-17 20:05:45:Application End!

2015/4/17 下午 08:05:47::2015-04-17 20:05:47:Application Start!

2015/4/17 下午 08:26:47::2015-04-17 20:26:47:Application End!

2015/4/17 下午 08:26:49::2015-04-17 20:26:49:Application Start!

2015/4/17 下午 08:47:50::2015-04-17 20:47:50:Application End!

2015/4/17 下午 08:47:51::2015-04-17 20:47:51:Application Start!

2015/4/17 下午 09:08:52::2015-04-17 21:08:52:Application End!

2015/4/17 下午 09:08:53::2015-04-17 21:08:53:Application Start!

2015/4/17 下午 09:29:54::2015-04-17 21:29:54:Application End!

2015/4/17 下午 09:29:56::2015-04-17 21:29:56:Application Start!

2015/4/17 下午 09:50:56::2015-04-17 21:50:56:Application End!

2015/4/17 下午 09:50:58::2015-04-17 21:50:58:Application Start!

2015/4/17 下午 10:11:58::2015-04-17 22:11:58:Application End!

2015/4/17 下午 10:12:00::2015-04-17 22:12:00:Application Start!

2015/4/17 下午 10:33:00::2015-04-17 22:33:00:Application End!

2015/4/17 下午 10:33:02::2015-04-17 22:33:02:Application Start!

2015/4/17 下午 10:54:03::2015-04-17 22:54:03:Application End!

2015/4/17 下午 10:54:04::2015-04-17 22:54:04:Application Start!

2015/4/17 下午 11:15:05::2015-04-17 23:15:05:Application End!

2015/4/17 下午 11:15:06::2015-04-17 23:15:06:Application Start!

2015/4/17 下午 11:36:07::2015-04-17 23:36:07:Application End!

2015/4/17 下午 11:36:09::2015-04-17 23:36:09:Application Start!

2015/4/17 下午 11:57:09::2015-04-17 23:57:09:Application End!

2015/4/17 下午 11:57:11::2015-04-17 23:57:11:Application Start!

