2015/4/21 上午 12:13:12::2015-04-21 00:13:12:Application End!

2015/4/21 上午 12:13:14::2015-04-21 00:13:14:Application Start!

2015/4/21 上午 12:34:15::2015-04-21 00:34:14:Application End!

2015/4/21 上午 12:34:16::2015-04-21 00:34:16:Application Start!

2015/4/21 上午 12:55:17::2015-04-21 00:55:17:Application End!

2015/4/21 上午 12:55:18::2015-04-21 00:55:18:Application Start!

2015/4/21 上午 01:16:19::2015-04-21 01:16:19:Application End!

2015/4/21 上午 01:16:21::2015-04-21 01:16:21:Application Start!

2015/4/21 上午 01:37:21::2015-04-21 01:37:21:Application End!

2015/4/21 上午 01:37:23::2015-04-21 01:37:23:Application Start!

2015/4/21 上午 01:58:23::2015-04-21 01:58:23:Application End!

2015/4/21 上午 01:58:25::2015-04-21 01:58:25:Application Start!

2015/4/21 上午 02:19:24::2015-04-21 02:19:24:Application End!

2015/4/21 上午 02:19:26::2015-04-21 02:19:26:Application Start!

2015/4/21 上午 02:40:26::2015-04-21 02:40:26:Application End!

2015/4/21 上午 02:40:28::2015-04-21 02:40:28:Application Start!

2015/4/21 上午 03:01:28::2015-04-21 03:01:28:Application End!

2015/4/21 上午 03:01:30::2015-04-21 03:01:30:Application Start!

2015/4/21 上午 03:57:30::2015-04-21 03:57:30:Application End!

2015/4/21 上午 03:57:32::2015-04-21 03:57:32:Application Start!

2015/4/21 上午 04:18:32::2015-04-21 04:18:32:Application End!

2015/4/21 上午 04:18:36::2015-04-21 04:18:36:Application Start!

2015/4/21 上午 04:39:34::2015-04-21 04:39:34:Application End!

2015/4/21 上午 04:39:36::2015-04-21 04:39:36:Application Start!

2015/4/21 上午 05:00:36::2015-04-21 05:00:36:Application End!

2015/4/21 上午 05:00:38::2015-04-21 05:00:38:Application Start!

2015/4/21 上午 05:21:38::2015-04-21 05:21:38:Application End!

2015/4/21 上午 05:21:40::2015-04-21 05:21:40:Application Start!

2015/4/21 上午 05:42:40::2015-04-21 05:42:40:Application End!

2015/4/21 上午 05:42:42::2015-04-21 05:42:42:Application Start!

2015/4/21 上午 06:03:42::2015-04-21 06:03:42:Application End!

2015/4/21 上午 06:03:44::2015-04-21 06:03:44:Application Start!

2015/4/21 上午 06:24:44::2015-04-21 06:24:44:Application End!

2015/4/21 上午 06:24:46::2015-04-21 06:24:46:Application Start!

2015/4/21 上午 06:45:47::2015-04-21 06:45:46:Application End!

2015/4/21 上午 06:45:49::2015-04-21 06:45:49:Application Start!

2015/4/21 上午 07:06:49::2015-04-21 07:06:49:Application End!

2015/4/21 上午 07:06:51::2015-04-21 07:06:51:Application Start!

2015/4/21 上午 07:27:51::2015-04-21 07:27:51:Application End!

2015/4/21 上午 07:27:53::2015-04-21 07:27:53:Application Start!

2015/4/21 上午 07:48:53::2015-04-21 07:48:53:Application End!

2015/4/21 上午 07:48:58::2015-04-21 07:48:58:Application Start!

2015/4/21 上午 08:09:56::2015-04-21 08:09:56:Application End!

2015/4/21 上午 08:09:58::2015-04-21 08:09:58:Application Start!

2015/4/21 上午 08:39:58::2015-04-21 08:39:58:Application End!

2015/4/21 上午 08:40:00::2015-04-21 08:40:00:Application Start!

2015/4/21 上午 09:01:00::2015-04-21 09:01:00:Application End!

2015/4/21 上午 09:01:02::2015-04-21 09:01:02:Application Start!

2015/4/21 上午 09:22:02::2015-04-21 09:22:02:Application End!

2015/4/21 上午 09:22:05::2015-04-21 09:22:05:Application Start!

2015/4/21 上午 09:43:05::2015-04-21 09:43:05:Application End!

2015/4/21 上午 09:43:08::2015-04-21 09:43:08:Application Start!

2015/4/21 上午 10:04:07::2015-04-21 10:04:07:Application End!

2015/4/21 上午 10:04:09::2015-04-21 10:04:09:Application Start!

2015/4/21 上午 10:20:00::2015-04-21 10:20:00:AutoTask is Working!

2015/4/21 下午 01:40:01==> Errors Description:作業逾時Errors Location:   於 System.Net.HttpWebRequest.GetResponse()
   於 ePortal.Web.Core.Job.AttendanceAnomalyJob.ExecuteJob() 於 e:\ePortal\ePortal.Web.Core\Job\AttendanceAnomalyJob.cs: 行 26

2015/4/21 下午 02:09:11::2015-04-21 14:09:11:Application End!

2015/4/21 下午 02:09:13::2015-04-21 14:09:13:Application Start!

2015/4/21 下午 02:30:13::2015-04-21 14:30:13:Application End!

2015/4/21 下午 02:30:15::2015-04-21 14:30:15:Application Start!

2015/4/21 下午 02:51:15::2015-04-21 14:51:15:Application End!

2015/4/21 下午 02:51:17::2015-04-21 14:51:17:Application Start!

2015/4/21 下午 03:12:17::2015-04-21 15:12:17:Application End!

2015/4/21 下午 03:12:19::2015-04-21 15:12:19:Application Start!

2015/4/21 下午 03:35:20::2015-04-21 15:35:19:Application End!

2015/4/21 下午 03:35:21::2015-04-21 15:35:21:Application Start!

2015/4/21 下午 03:56:22::2015-04-21 15:56:22:Application End!

2015/4/21 下午 03:56:23::2015-04-21 15:56:23:Application Start!

2015/4/21 下午 04:20:24::2015-04-21 16:20:24:Application End!

2015/4/21 下午 04:20:26::2015-04-21 16:20:26:Application Start!

2015/4/21 下午 04:49:26::2015-04-21 16:49:26:Application End!

2015/4/21 下午 04:49:28::2015-04-21 16:49:28:Application Start!

2015/4/21 下午 05:26:28::2015-04-21 17:26:28:Application End!

2015/4/21 下午 05:26:30::2015-04-21 17:26:30:Application Start!

2015/4/21 下午 05:47:31::2015-04-21 17:47:31:Application End!

2015/4/21 下午 05:47:32::2015-04-21 17:47:32:Application Start!

2015/4/21 下午 06:08:33::2015-04-21 18:08:33:Application End!

2015/4/21 下午 06:08:35::2015-04-21 18:08:35:Application Start!

2015/4/21 下午 06:32:35::2015-04-21 18:32:35:Application End!

2015/4/21 下午 06:32:37::2015-04-21 18:32:37:Application Start!

2015/4/21 下午 06:53:37::2015-04-21 18:53:37:Application End!

2015/4/21 下午 06:53:39::2015-04-21 18:53:39:Application Start!

2015/4/21 下午 07:23:39::2015-04-21 19:23:39:Application End!

2015/4/21 下午 07:23:41::2015-04-21 19:23:41:Application Start!

2015/4/21 下午 07:44:41::2015-04-21 19:44:41:Application End!

2015/4/21 下午 07:44:43::2015-04-21 19:44:43:Application Start!

2015/4/21 下午 08:05:44::2015-04-21 20:05:44:Application End!

2015/4/21 下午 08:05:45::2015-04-21 20:05:45:Application Start!

2015/4/21 下午 08:26:45::2015-04-21 20:26:45:Application End!

2015/4/21 下午 08:26:47::2015-04-21 20:26:47:Application Start!

2015/4/21 下午 08:47:46::2015-04-21 20:47:46:Application End!

2015/4/21 下午 08:47:48::2015-04-21 20:47:48:Application Start!

2015/4/21 下午 09:22:48::2015-04-21 21:22:48:Application End!

2015/4/21 下午 09:22:50::2015-04-21 21:22:50:Application Start!

2015/4/21 下午 09:43:50::2015-04-21 21:43:50:Application End!

2015/4/21 下午 09:43:52::2015-04-21 21:43:52:Application Start!

2015/4/21 下午 10:04:52::2015-04-21 22:04:52:Application End!

2015/4/21 下午 10:04:54::2015-04-21 22:04:54:Application Start!

2015/4/21 下午 10:25:55::2015-04-21 22:25:55:Application End!

2015/4/21 下午 10:25:57::2015-04-21 22:25:57:Application Start!

2015/4/21 下午 10:46:57::2015-04-21 22:46:57:Application End!

2015/4/21 下午 10:46:58::2015-04-21 22:46:58:Application Start!

2015/4/21 下午 11:07:59::2015-04-21 23:07:59:Application End!

2015/4/21 下午 11:08:01::2015-04-21 23:08:01:Application Start!

2015/4/21 下午 11:29:01::2015-04-21 23:29:01:Application End!

2015/4/21 下午 11:29:03::2015-04-21 23:29:03:Application Start!

2015/4/21 下午 11:50:03::2015-04-21 23:50:03:Application End!

2015/4/21 下午 11:50:05::2015-04-21 23:50:05:Application Start!

