2015/3/31 上午 12:13:31::2015-03-31 00:13:31:Application End!

2015/3/31 上午 12:13:33::2015-03-31 00:13:33:Application Start!

2015/3/31 上午 12:34:33::2015-03-31 00:34:33:Application End!

2015/3/31 上午 12:34:35::2015-03-31 00:34:35:Application Start!

2015/3/31 上午 12:55:35::2015-03-31 00:55:35:Application End!

2015/3/31 上午 12:55:37::2015-03-31 00:55:37:Application Start!

2015/3/31 上午 01:16:38::2015-03-31 01:16:38:Application End!

2015/3/31 上午 01:16:39::2015-03-31 01:16:39:Application Start!

2015/3/31 上午 01:37:40::2015-03-31 01:37:40:Application End!

2015/3/31 上午 01:37:41::2015-03-31 01:37:41:Application Start!

2015/3/31 上午 01:58:42::2015-03-31 01:58:42:Application End!

2015/3/31 上午 01:58:43::2015-03-31 01:58:43:Application Start!

2015/3/31 上午 02:19:44::2015-03-31 02:19:44:Application End!

2015/3/31 上午 02:19:45::2015-03-31 02:19:45:Application Start!

2015/3/31 上午 02:40:46::2015-03-31 02:40:46:Application End!

2015/3/31 上午 02:40:47::2015-03-31 02:40:47:Application Start!

2015/3/31 上午 03:01:48::2015-03-31 03:01:48:Application End!

2015/3/31 上午 03:01:49::2015-03-31 03:01:49:Application Start!

2015/3/31 上午 03:22:50::2015-03-31 03:22:50:Application End!

2015/3/31 上午 03:22:51::2015-03-31 03:22:51:Application Start!

2015/3/31 上午 03:43:52::2015-03-31 03:43:52:Application End!

2015/3/31 上午 03:43:54::2015-03-31 03:43:54:Application Start!

2015/3/31 上午 04:04:54::2015-03-31 04:04:54:Application End!

2015/3/31 上午 04:04:56::2015-03-31 04:04:56:Application Start!

2015/3/31 上午 04:25:56::2015-03-31 04:25:56:Application End!

2015/3/31 上午 04:25:58::2015-03-31 04:25:58:Application Start!

2015/3/31 上午 04:46:58::2015-03-31 04:46:58:Application End!

2015/3/31 上午 04:47:00::2015-03-31 04:47:00:Application Start!

2015/3/31 上午 05:08:00::2015-03-31 05:08:00:Application End!

2015/3/31 上午 05:08:02::2015-03-31 05:08:02:Application Start!

2015/3/31 上午 05:29:02::2015-03-31 05:29:02:Application End!

2015/3/31 上午 05:29:04::2015-03-31 05:29:04:Application Start!

2015/3/31 上午 05:50:06::2015-03-31 05:50:06:Application End!

2015/3/31 上午 05:50:07::2015-03-31 05:50:07:Application Start!

2015/3/31 上午 06:27:08::2015-03-31 06:27:08:Application End!

2015/3/31 上午 06:27:10::2015-03-31 06:27:09:Application Start!

2015/3/31 上午 06:48:10::2015-03-31 06:48:10:Application End!

2015/3/31 上午 06:48:12::2015-03-31 06:48:12:Application Start!

2015/3/31 上午 07:21:12::2015-03-31 07:21:12:Application End!

2015/3/31 上午 07:21:14::2015-03-31 07:21:14:Application Start!

2015/3/31 上午 07:42:14::2015-03-31 07:42:14:Application End!

2015/3/31 上午 07:42:16::2015-03-31 07:42:16:Application Start!

2015/3/31 上午 08:03:16::2015-03-31 08:03:16:Application End!

2015/3/31 上午 08:03:18::2015-03-31 08:03:18:Application Start!

2015/3/31 上午 08:24:19::2015-03-31 08:24:19:Application End!

2015/3/31 上午 08:24:20::2015-03-31 08:24:20:Application Start!

2015/3/31 上午 08:54:21::2015-03-31 08:54:21:Application End!

2015/3/31 上午 08:54:23::2015-03-31 08:54:22:Application Start!

2015/3/31 上午 09:15:23::2015-03-31 09:15:23:Application End!

2015/3/31 上午 09:15:25::2015-03-31 09:15:25:Application Start!

2015/3/31 上午 09:36:25::2015-03-31 09:36:25:Application End!

2015/3/31 上午 09:36:27::2015-03-31 09:36:27:Application Start!

2015/3/31 上午 09:57:27::2015-03-31 09:57:27:Application End!

2015/3/31 上午 09:57:29::2015-03-31 09:57:29:Application Start!

2015/3/31 上午 10:18:29::2015-03-31 10:18:29:Application End!

2015/3/31 上午 10:18:31::2015-03-31 10:18:31:Application Start!

2015/3/31 上午 10:20:00::2015-03-31 10:20:00:AutoTask is Working!

2015/3/31 下午 01:36:08::自動執行計算門禁考勤異常報表:true

2015/3/31 下午 01:56:32::2015-03-31 13:56:32:Application End!

2015/3/31 下午 01:56:35::2015-03-31 13:56:35:Application Start!

2015/3/31 下午 02:17:34::2015-03-31 14:17:34:Application End!

2015/3/31 下午 02:17:36::2015-03-31 14:17:36:Application Start!

2015/3/31 下午 02:38:36::2015-03-31 14:38:36:Application End!

2015/3/31 下午 02:38:38::2015-03-31 14:38:38:Application Start!

2015/3/31 下午 02:59:37::2015-03-31 14:59:37:Application End!

2015/3/31 下午 02:59:39::2015-03-31 14:59:39:Application Start!

2015/3/31 下午 03:37:39::2015-03-31 15:37:39:Application End!

2015/3/31 下午 03:37:41::2015-03-31 15:37:41:Application Start!

2015/3/31 下午 03:58:41::2015-03-31 15:58:41:Application End!

2015/3/31 下午 03:58:43::2015-03-31 15:58:43:Application Start!

2015/3/31 下午 04:19:43::2015-03-31 16:19:43:Application End!

2015/3/31 下午 04:19:45::2015-03-31 16:19:45:Application Start!

2015/3/31 下午 04:40:45::2015-03-31 16:40:45:Application End!

2015/3/31 下午 04:40:47::2015-03-31 16:40:47:Application Start!

2015/3/31 下午 05:07:47::2015-03-31 17:07:47:Application End!

2015/3/31 下午 05:07:49::2015-03-31 17:07:49:Application Start!

2015/3/31 下午 05:28:49::2015-03-31 17:28:49:Application End!

2015/3/31 下午 05:28:51::2015-03-31 17:28:51:Application Start!

2015/3/31 下午 06:15:51::2015-03-31 18:15:51:Application End!

2015/3/31 下午 06:15:53::2015-03-31 18:15:53:Application Start!

2015/3/31 下午 06:47:53::2015-03-31 18:47:53:Application End!

2015/3/31 下午 06:47:55::2015-03-31 18:47:55:Application Start!

2015/3/31 下午 07:08:55::2015-03-31 19:08:55:Application End!

2015/3/31 下午 07:08:57::2015-03-31 19:08:57:Application Start!

2015/3/31 下午 07:29:57::2015-03-31 19:29:57:Application End!

2015/3/31 下午 07:29:59::2015-03-31 19:29:59:Application Start!

2015/3/31 下午 07:50:59::2015-03-31 19:50:59:Application End!

2015/3/31 下午 07:51:01::2015-03-31 19:51:01:Application Start!

2015/3/31 下午 08:12:01::2015-03-31 20:12:01:Application End!

2015/3/31 下午 08:12:03::2015-03-31 20:12:03:Application Start!

2015/3/31 下午 08:33:03::2015-03-31 20:33:03:Application End!

2015/3/31 下午 08:33:05::2015-03-31 20:33:05:Application Start!

2015/3/31 下午 08:54:05::2015-03-31 20:54:05:Application End!

2015/3/31 下午 08:54:07::2015-03-31 20:54:07:Application Start!

2015/3/31 下午 09:15:07::2015-03-31 21:15:07:Application End!

2015/3/31 下午 09:15:09::2015-03-31 21:15:09:Application Start!

2015/3/31 下午 09:36:10::2015-03-31 21:36:10:Application End!

2015/3/31 下午 09:36:14::2015-03-31 21:36:14:Application Start!

2015/3/31 下午 09:57:12::2015-03-31 21:57:12:Application End!

2015/3/31 下午 09:57:15::2015-03-31 21:57:15:Application Start!

2015/3/31 下午 10:18:15::2015-03-31 22:18:15:Application End!

2015/3/31 下午 10:18:16::2015-03-31 22:18:16:Application Start!

2015/3/31 下午 10:39:17::2015-03-31 22:39:17:Application End!

2015/3/31 下午 10:39:18::2015-03-31 22:39:18:Application Start!

2015/3/31 下午 11:00:19::2015-03-31 23:00:19:Application End!

2015/3/31 下午 11:00:20::2015-03-31 23:00:20:Application Start!

2015/3/31 下午 11:21:21::2015-03-31 23:21:21:Application End!

2015/3/31 下午 11:21:22::2015-03-31 23:21:22:Application Start!

2015/3/31 下午 11:42:23::2015-03-31 23:42:23:Application End!

2015/3/31 下午 11:42:24::2015-03-31 23:42:24:Application Start!

