2015/3/9 上午 12:03:44::2015-03-09 00:03:44:Application End!

2015/3/9 上午 12:03:46::2015-03-09 00:03:46:Application Start!

2015/3/9 上午 12:24:46::2015-03-09 00:24:46:Application End!

2015/3/9 上午 12:24:48::2015-03-09 00:24:48:Application Start!

2015/3/9 上午 12:45:48::2015-03-09 00:45:48:Application End!

2015/3/9 上午 12:45:50::2015-03-09 00:45:50:Application Start!

2015/3/9 上午 01:06:50::2015-03-09 01:06:50:Application End!

2015/3/9 上午 01:06:52::2015-03-09 01:06:52:Application Start!

2015/3/9 上午 01:27:52::2015-03-09 01:27:52:Application End!

2015/3/9 上午 01:27:54::2015-03-09 01:27:54:Application Start!

2015/3/9 上午 01:48:54::2015-03-09 01:48:54:Application End!

2015/3/9 上午 01:48:56::2015-03-09 01:48:56:Application Start!

2015/3/9 上午 02:09:57::2015-03-09 02:09:56:Application End!

2015/3/9 上午 02:09:58::2015-03-09 02:09:58:Application Start!

2015/3/9 上午 02:30:59::2015-03-09 02:30:59:Application End!

2015/3/9 上午 02:31:00::2015-03-09 02:31:00:Application Start!

2015/3/9 上午 02:52:01::2015-03-09 02:52:01:Application End!

2015/3/9 上午 02:52:02::2015-03-09 02:52:02:Application Start!

2015/3/9 上午 03:13:03::2015-03-09 03:13:03:Application End!

2015/3/9 上午 03:13:04::2015-03-09 03:13:04:Application Start!

2015/3/9 上午 03:34:05::2015-03-09 03:34:05:Application End!

2015/3/9 上午 03:34:06::2015-03-09 03:34:06:Application Start!

2015/3/9 上午 03:55:07::2015-03-09 03:55:07:Application End!

2015/3/9 上午 03:55:08::2015-03-09 03:55:08:Application Start!

2015/3/9 上午 04:16:09::2015-03-09 04:16:09:Application End!

2015/3/9 上午 04:16:10::2015-03-09 04:16:10:Application Start!

2015/3/9 上午 04:37:11::2015-03-09 04:37:11:Application End!

2015/3/9 上午 04:37:12::2015-03-09 04:37:12:Application Start!

2015/3/9 上午 04:58:13::2015-03-09 04:58:13:Application End!

2015/3/9 上午 04:58:21::2015-03-09 04:58:21:Application Start!

2015/3/9 上午 05:19:16::2015-03-09 05:19:16:Application End!

2015/3/9 上午 05:19:18::2015-03-09 05:19:18:Application Start!

2015/3/9 上午 05:40:19::2015-03-09 05:40:19:Application End!

2015/3/9 上午 05:40:21::2015-03-09 05:40:21:Application Start!

2015/3/9 上午 06:01:22::2015-03-09 06:01:22:Application End!

2015/3/9 上午 06:01:24::2015-03-09 06:01:24:Application Start!

2015/3/9 上午 06:22:24::2015-03-09 06:22:24:Application End!

2015/3/9 上午 06:22:26::2015-03-09 06:22:26:Application Start!

2015/3/9 上午 06:43:26::2015-03-09 06:43:26:Application End!

2015/3/9 上午 06:43:28::2015-03-09 06:43:28:Application Start!

2015/3/9 上午 07:04:29::2015-03-09 07:04:29:Application End!

2015/3/9 上午 07:04:30::2015-03-09 07:04:30:Application Start!

2015/3/9 上午 10:20:00::2015-03-09 10:20:00:AutoTask is Working!

2015/3/9 上午 11:54:21::自動執行計算門禁考勤異常報表:true

2015/3/9 下午 12:14:31::2015-03-09 12:14:31:Application End!

2015/3/9 下午 12:14:33::2015-03-09 12:14:33:Application Start!

2015/3/9 下午 12:35:34::2015-03-09 12:35:34:Application End!

2015/3/9 下午 12:35:35::2015-03-09 12:35:35:Application Start!

2015/3/9 下午 12:56:36::2015-03-09 12:56:36:Application End!

2015/3/9 下午 12:56:37::2015-03-09 12:56:37:Application Start!

2015/3/9 下午 01:17:38::2015-03-09 13:17:38:Application End!

2015/3/9 下午 01:17:40::2015-03-09 13:17:40:Application Start!

2015/3/9 下午 01:38:40::2015-03-09 13:38:40:Application End!

2015/3/9 下午 01:38:42::2015-03-09 13:38:42:Application Start!

2015/3/9 下午 01:59:42::2015-03-09 13:59:42:Application End!

2015/3/9 下午 01:59:46::2015-03-09 13:59:46:Application Start!

2015/3/9 下午 02:20:45::2015-03-09 14:20:45:Application End!

2015/3/9 下午 02:20:47::2015-03-09 14:20:47:Application Start!

2015/3/9 下午 02:41:47::2015-03-09 14:41:47:Application End!

2015/3/9 下午 02:41:49::2015-03-09 14:41:49:Application Start!

2015/3/9 下午 03:02:48::2015-03-09 15:02:48:Application End!

2015/3/9 下午 03:02:50::2015-03-09 15:02:50:Application Start!

2015/3/9 下午 03:23:50::2015-03-09 15:23:50:Application End!

2015/3/9 下午 03:23:52::2015-03-09 15:23:52:Application Start!

2015/3/9 下午 03:44:52::2015-03-09 15:44:52:Application End!

2015/3/9 下午 03:44:54::2015-03-09 15:44:54:Application Start!

2015/3/9 下午 04:05:54::2015-03-09 16:05:54:Application End!

2015/3/9 下午 04:05:56::2015-03-09 16:05:56:Application Start!

2015/3/9 下午 04:26:56::2015-03-09 16:26:56:Application End!

2015/3/9 下午 04:26:58::2015-03-09 16:26:58:Application Start!

2015/3/9 下午 04:47:58::2015-03-09 16:47:58:Application End!

2015/3/9 下午 04:48:00::2015-03-09 16:48:00:Application Start!

2015/3/9 下午 05:09:00::2015-03-09 17:09:00:Application End!

2015/3/9 下午 05:09:02::2015-03-09 17:09:02:Application Start!

2015/3/9 下午 05:30:02::2015-03-09 17:30:02:Application End!

2015/3/9 下午 05:30:04::2015-03-09 17:30:04:Application Start!

2015/3/9 下午 05:51:05::2015-03-09 17:51:05:Application End!

2015/3/9 下午 05:51:09::2015-03-09 17:51:09:Application Start!

2015/3/9 下午 06:28:07::2015-03-09 18:28:07:Application End!

2015/3/9 下午 06:28:10::2015-03-09 18:28:09:Application Start!

2015/3/9 下午 06:49:09::2015-03-09 18:49:09:Application End!

2015/3/9 下午 06:49:11::2015-03-09 18:49:11:Application Start!

2015/3/9 下午 07:10:13::2015-03-09 19:10:12:Application End!

2015/3/9 下午 07:10:16::2015-03-09 19:10:16:Application Start!

2015/3/9 下午 07:31:15::2015-03-09 19:31:15:Application End!

2015/3/9 下午 07:31:17::2015-03-09 19:31:17:Application Start!

2015/3/9 下午 07:52:17::2015-03-09 19:52:17:Application End!

2015/3/9 下午 07:52:19::2015-03-09 19:52:19:Application Start!

2015/3/9 下午 08:13:19::2015-03-09 20:13:19:Application End!

2015/3/9 下午 08:13:21::2015-03-09 20:13:21:Application Start!

2015/3/9 下午 08:34:21::2015-03-09 20:34:21:Application End!

2015/3/9 下午 08:34:23::2015-03-09 20:34:23:Application Start!

2015/3/9 下午 08:55:23::2015-03-09 20:55:23:Application End!

2015/3/9 下午 08:55:25::2015-03-09 20:55:25:Application Start!

2015/3/9 下午 09:16:25::2015-03-09 21:16:25:Application End!

2015/3/9 下午 09:16:27::2015-03-09 21:16:27:Application Start!

2015/3/9 下午 09:37:27::2015-03-09 21:37:27:Application End!

2015/3/9 下午 09:37:29::2015-03-09 21:37:29:Application Start!

2015/3/9 下午 09:58:29::2015-03-09 21:58:29:Application End!

2015/3/9 下午 09:58:31::2015-03-09 21:58:31:Application Start!

2015/3/9 下午 10:19:32::2015-03-09 22:19:31:Application End!

2015/3/9 下午 10:19:33::2015-03-09 22:19:33:Application Start!

2015/3/9 下午 10:40:34::2015-03-09 22:40:34:Application End!

2015/3/9 下午 10:40:35::2015-03-09 22:40:35:Application Start!

2015/3/9 下午 11:01:36::2015-03-09 23:01:36:Application End!

2015/3/9 下午 11:01:37::2015-03-09 23:01:37:Application Start!

2015/3/9 下午 11:22:38::2015-03-09 23:22:38:Application End!

2015/3/9 下午 11:22:39::2015-03-09 23:22:39:Application Start!

2015/3/9 下午 11:43:40::2015-03-09 23:43:40:Application End!

2015/3/9 下午 11:43:41::2015-03-09 23:43:41:Application Start!

