2015/4/25 上午 12:08:05::2015-04-25 00:08:05:Application End!

2015/4/25 上午 12:08:07::2015-04-25 00:08:07:Application Start!

2015/4/25 上午 12:29:07::2015-04-25 00:29:07:Application End!

2015/4/25 上午 12:29:09::2015-04-25 00:29:09:Application Start!

2015/4/25 上午 12:50:09::2015-04-25 00:50:09:Application End!

2015/4/25 上午 12:50:11::2015-04-25 00:50:11:Application Start!

2015/4/25 上午 01:11:11::2015-04-25 01:11:11:Application End!

2015/4/25 上午 01:11:13::2015-04-25 01:11:13:Application Start!

2015/4/25 上午 01:32:13::2015-04-25 01:32:13:Application End!

2015/4/25 上午 01:32:15::2015-04-25 01:32:15:Application Start!

2015/4/25 上午 01:53:15::2015-04-25 01:53:15:Application End!

2015/4/25 上午 01:53:17::2015-04-25 01:53:17:Application Start!

2015/4/25 上午 02:14:17::2015-04-25 02:14:17:Application End!

2015/4/25 上午 02:14:19::2015-04-25 02:14:19:Application Start!

2015/4/25 上午 02:35:19::2015-04-25 02:35:19:Application End!

2015/4/25 上午 02:35:21::2015-04-25 02:35:21:Application Start!

2015/4/25 上午 02:56:21::2015-04-25 02:56:21:Application End!

2015/4/25 上午 02:56:23::2015-04-25 02:56:23:Application Start!

2015/4/25 上午 03:17:23::2015-04-25 03:17:23:Application End!

2015/4/25 上午 03:17:25::2015-04-25 03:17:25:Application Start!

2015/4/25 上午 03:38:25::2015-04-25 03:38:25:Application End!

2015/4/25 上午 03:38:27::2015-04-25 03:38:27:Application Start!

2015/4/25 上午 03:59:27::2015-04-25 03:59:27:Application End!

2015/4/25 上午 03:59:29::2015-04-25 03:59:29:Application Start!

2015/4/25 上午 04:20:30::2015-04-25 04:20:30:Application End!

2015/4/25 上午 04:20:31::2015-04-25 04:20:31:Application Start!

2015/4/25 上午 04:41:32::2015-04-25 04:41:32:Application End!

2015/4/25 上午 04:41:33::2015-04-25 04:41:33:Application Start!

2015/4/25 上午 05:02:34::2015-04-25 05:02:34:Application End!

2015/4/25 上午 05:02:35::2015-04-25 05:02:35:Application Start!

2015/4/25 上午 05:23:36::2015-04-25 05:23:36:Application End!

2015/4/25 上午 05:23:37::2015-04-25 05:23:37:Application Start!

2015/4/25 上午 05:44:38::2015-04-25 05:44:38:Application End!

2015/4/25 上午 05:44:39::2015-04-25 05:44:39:Application Start!

2015/4/25 上午 06:05:40::2015-04-25 06:05:40:Application End!

2015/4/25 上午 06:05:41::2015-04-25 06:05:41:Application Start!

2015/4/25 上午 06:32:43::2015-04-25 06:32:43:Application End!

2015/4/25 上午 06:32:46::2015-04-25 06:32:46:Application Start!

2015/4/25 上午 06:53:45::2015-04-25 06:53:45:Application End!

2015/4/25 上午 06:53:47::2015-04-25 06:53:47:Application Start!

2015/4/25 上午 07:14:48::2015-04-25 07:14:48:Application End!

2015/4/25 上午 07:14:50::2015-04-25 07:14:50:Application Start!

2015/4/25 上午 07:35:50::2015-04-25 07:35:50:Application End!

2015/4/25 上午 07:35:52::2015-04-25 07:35:52:Application Start!

2015/4/25 上午 07:56:52::2015-04-25 07:56:52:Application End!

2015/4/25 上午 07:56:54::2015-04-25 07:56:54:Application Start!

2015/4/25 上午 08:17:54::2015-04-25 08:17:54:Application End!

2015/4/25 上午 08:17:56::2015-04-25 08:17:56:Application Start!

2015/4/25 上午 08:38:56::2015-04-25 08:38:56:Application End!

2015/4/25 上午 08:38:58::2015-04-25 08:38:58:Application Start!

2015/4/25 上午 08:59:58::2015-04-25 08:59:58:Application End!

2015/4/25 上午 09:00:00::2015-04-25 09:00:00:Application Start!

2015/4/25 上午 09:21:01::2015-04-25 09:21:01:Application End!

2015/4/25 上午 09:21:02::2015-04-25 09:21:02:Application Start!

2015/4/25 上午 09:42:03::2015-04-25 09:42:03:Application End!

2015/4/25 上午 09:42:05::2015-04-25 09:42:05:Application Start!

2015/4/25 上午 10:03:05::2015-04-25 10:03:05:Application End!

2015/4/25 上午 10:03:07::2015-04-25 10:03:07:Application Start!

2015/4/25 上午 10:20:00::2015-04-25 10:20:00:AutoTask is Working!

2015/4/25 下午 01:40:00==> Errors Description:作業逾時Errors Location:   於 System.Net.HttpWebRequest.GetResponse()
   於 ePortal.Web.Core.Job.AttendanceAnomalyJob.ExecuteJob() 於 e:\ePortal\ePortal.Web.Core\Job\AttendanceAnomalyJob.cs: 行 26

2015/4/25 下午 02:13:08::2015-04-25 14:13:08:Application End!

2015/4/25 下午 02:13:10::2015-04-25 14:13:10:Application Start!

2015/4/25 下午 02:40:10::2015-04-25 14:40:10:Application End!

2015/4/25 下午 02:40:12::2015-04-25 14:40:12:Application Start!

2015/4/25 下午 03:01:12::2015-04-25 15:01:12:Application End!

2015/4/25 下午 03:01:14::2015-04-25 15:01:14:Application Start!

2015/4/25 下午 03:22:14::2015-04-25 15:22:14:Application End!

2015/4/25 下午 03:22:16::2015-04-25 15:22:16:Application Start!

2015/4/25 下午 03:43:15::2015-04-25 15:43:15:Application End!

2015/4/25 下午 03:43:17::2015-04-25 15:43:17:Application Start!

2015/4/25 下午 04:04:17::2015-04-25 16:04:17:Application End!

2015/4/25 下午 04:04:19::2015-04-25 16:04:19:Application Start!

2015/4/25 下午 04:25:19::2015-04-25 16:25:19:Application End!

2015/4/25 下午 04:25:27::2015-04-25 16:25:27:Application Start!

2015/4/25 下午 04:46:23::2015-04-25 16:46:23:Application End!

2015/4/25 下午 04:46:25::2015-04-25 16:46:25:Application Start!

2015/4/25 下午 05:07:25::2015-04-25 17:07:25:Application End!

2015/4/25 下午 05:07:27::2015-04-25 17:07:27:Application Start!

2015/4/25 下午 05:28:27::2015-04-25 17:28:27:Application End!

2015/4/25 下午 05:28:29::2015-04-25 17:28:29:Application Start!

2015/4/25 下午 05:49:29::2015-04-25 17:49:29:Application End!

2015/4/25 下午 05:49:31::2015-04-25 17:49:31:Application Start!

2015/4/25 下午 06:10:31::2015-04-25 18:10:31:Application End!

2015/4/25 下午 06:10:33::2015-04-25 18:10:33:Application Start!

2015/4/25 下午 06:31:33::2015-04-25 18:31:33:Application End!

2015/4/25 下午 06:31:35::2015-04-25 18:31:35:Application Start!

2015/4/25 下午 06:52:35::2015-04-25 18:52:35:Application End!

2015/4/25 下午 06:52:37::2015-04-25 18:52:37:Application Start!

2015/4/25 下午 07:13:37::2015-04-25 19:13:37:Application End!

2015/4/25 下午 07:13:39::2015-04-25 19:13:39:Application Start!

2015/4/25 下午 07:34:39::2015-04-25 19:34:39:Application End!

2015/4/25 下午 07:34:41::2015-04-25 19:34:41:Application Start!

2015/4/25 下午 07:55:41::2015-04-25 19:55:41:Application End!

2015/4/25 下午 07:55:43::2015-04-25 19:55:43:Application Start!

2015/4/25 下午 08:16:43::2015-04-25 20:16:43:Application End!

2015/4/25 下午 08:16:45::2015-04-25 20:16:45:Application Start!

2015/4/25 下午 08:37:45::2015-04-25 20:37:45:Application End!

2015/4/25 下午 08:37:47::2015-04-25 20:37:47:Application Start!

2015/4/25 下午 08:58:47::2015-04-25 20:58:47:Application End!

2015/4/25 下午 08:58:49::2015-04-25 20:58:49:Application Start!

2015/4/25 下午 09:19:49::2015-04-25 21:19:49:Application End!

2015/4/25 下午 09:19:51::2015-04-25 21:19:51:Application Start!

2015/4/25 下午 09:40:51::2015-04-25 21:40:51:Application End!

2015/4/25 下午 09:40:53::2015-04-25 21:40:53:Application Start!

2015/4/25 下午 10:01:54::2015-04-25 22:01:53:Application End!

2015/4/25 下午 10:01:55::2015-04-25 22:01:55:Application Start!

2015/4/25 下午 10:22:56::2015-04-25 22:22:56:Application End!

2015/4/25 下午 10:22:57::2015-04-25 22:22:57:Application Start!

2015/4/25 下午 10:43:58::2015-04-25 22:43:58:Application End!

2015/4/25 下午 10:43:59::2015-04-25 22:43:59:Application Start!

2015/4/25 下午 11:05:00::2015-04-25 23:05:00:Application End!

2015/4/25 下午 11:05:01::2015-04-25 23:05:01:Application Start!

2015/4/25 下午 11:26:02::2015-04-25 23:26:02:Application End!

2015/4/25 下午 11:26:03::2015-04-25 23:26:03:Application Start!

2015/4/25 下午 11:47:04::2015-04-25 23:47:04:Application End!

2015/4/25 下午 11:47:05::2015-04-25 23:47:05:Application Start!

