2015/3/16 上午 12:00:42::2015-03-16 00:00:42:Application End!

2015/3/16 上午 12:00:44::2015-03-16 00:00:44:Application Start!

2015/3/16 上午 12:21:44::2015-03-16 00:21:44:Application End!

2015/3/16 上午 12:21:46::2015-03-16 00:21:46:Application Start!

2015/3/16 上午 12:42:46::2015-03-16 00:42:46:Application End!

2015/3/16 上午 12:42:48::2015-03-16 00:42:48:Application Start!

2015/3/16 上午 01:03:48::2015-03-16 01:03:48:Application End!

2015/3/16 上午 01:03:50::2015-03-16 01:03:50:Application Start!

2015/3/16 上午 01:24:50::2015-03-16 01:24:50:Application End!

2015/3/16 上午 01:24:52::2015-03-16 01:24:52:Application Start!

2015/3/16 上午 01:45:54::2015-03-16 01:45:54:Application End!

2015/3/16 上午 01:45:56::2015-03-16 01:45:56:Application Start!

2015/3/16 上午 02:17:56::2015-03-16 02:17:56:Application End!

2015/3/16 上午 02:17:58::2015-03-16 02:17:58:Application Start!

2015/3/16 上午 02:38:58::2015-03-16 02:38:58:Application End!

2015/3/16 上午 02:39:00::2015-03-16 02:39:00:Application Start!

2015/3/16 上午 03:00:01::2015-03-16 03:00:01:Application End!

2015/3/16 上午 03:00:02::2015-03-16 03:00:02:Application Start!

2015/3/16 上午 03:21:03::2015-03-16 03:21:03:Application End!

2015/3/16 上午 03:21:04::2015-03-16 03:21:04:Application Start!

2015/3/16 上午 03:42:05::2015-03-16 03:42:05:Application End!

2015/3/16 上午 03:42:07::2015-03-16 03:42:07:Application Start!

2015/3/16 上午 04:03:07::2015-03-16 04:03:07:Application End!

2015/3/16 上午 04:03:09::2015-03-16 04:03:09:Application Start!

2015/3/16 上午 04:24:09::2015-03-16 04:24:09:Application End!

2015/3/16 上午 04:24:11::2015-03-16 04:24:11:Application Start!

2015/3/16 上午 04:45:11::2015-03-16 04:45:11:Application End!

2015/3/16 上午 04:45:13::2015-03-16 04:45:13:Application Start!

2015/3/16 上午 05:06:14::2015-03-16 05:06:14:Application End!

2015/3/16 上午 05:06:15::2015-03-16 05:06:15:Application Start!

2015/3/16 上午 05:27:16::2015-03-16 05:27:16:Application End!

2015/3/16 上午 05:27:17::2015-03-16 05:27:17:Application Start!

2015/3/16 上午 05:48:18::2015-03-16 05:48:18:Application End!

2015/3/16 上午 05:48:20::2015-03-16 05:48:20:Application Start!

2015/3/16 上午 06:09:20::2015-03-16 06:09:20:Application End!

2015/3/16 上午 06:09:22::2015-03-16 06:09:22:Application Start!

2015/3/16 上午 06:30:22::2015-03-16 06:30:22:Application End!

2015/3/16 上午 06:30:24::2015-03-16 06:30:24:Application Start!

2015/3/16 上午 06:51:24::2015-03-16 06:51:24:Application End!

2015/3/16 上午 06:51:26::2015-03-16 06:51:26:Application Start!

2015/3/16 上午 07:12:27::2015-03-16 07:12:26:Application End!

2015/3/16 上午 07:12:28::2015-03-16 07:12:28:Application Start!

2015/3/16 上午 07:33:29::2015-03-16 07:33:29:Application End!

2015/3/16 上午 07:33:30::2015-03-16 07:33:30:Application Start!

2015/3/16 上午 08:02:31::2015-03-16 08:02:31:Application End!

2015/3/16 上午 08:02:35::2015-03-16 08:02:35:Application Start!

2015/3/16 上午 08:23:34::2015-03-16 08:23:34:Application End!

2015/3/16 上午 08:23:36::2015-03-16 08:23:36:Application Start!

2015/3/16 上午 08:44:36::2015-03-16 08:44:36:Application End!

2015/3/16 上午 08:44:38::2015-03-16 08:44:38:Application Start!

2015/3/16 上午 09:05:39::2015-03-16 09:05:38:Application End!

2015/3/16 上午 09:05:40::2015-03-16 09:05:40:Application Start!

2015/3/16 上午 09:26:41::2015-03-16 09:26:41:Application End!

2015/3/16 上午 09:26:45::2015-03-16 09:26:45:Application Start!

2015/3/16 上午 09:47:44::2015-03-16 09:47:44:Application End!

2015/3/16 上午 09:47:46::2015-03-16 09:47:46:Application Start!

2015/3/16 上午 10:08:46::2015-03-16 10:08:46:Application End!

2015/3/16 上午 10:08:48::2015-03-16 10:08:48:Application Start!

2015/3/16 上午 10:20:00::2015-03-16 10:20:00:AutoTask is Working!

2015/3/16 下午 12:35:43::自動執行計算門禁考勤異常報表:true

2015/3/16 下午 12:55:46::2015-03-16 12:55:46:Application End!

2015/3/16 下午 12:55:48::2015-03-16 12:55:48:Application Start!

2015/3/16 下午 01:16:48::2015-03-16 13:16:48:Application End!

2015/3/16 下午 01:16:50::2015-03-16 13:16:50:Application Start!

2015/3/16 下午 01:37:50::2015-03-16 13:37:50:Application End!

2015/3/16 下午 01:37:52::2015-03-16 13:37:52:Application Start!

2015/3/16 下午 01:58:52::2015-03-16 13:58:52:Application End!

2015/3/16 下午 01:58:54::2015-03-16 13:58:54:Application Start!

2015/3/16 下午 02:19:54::2015-03-16 14:19:54:Application End!

2015/3/16 下午 02:19:56::2015-03-16 14:19:56:Application Start!

2015/3/16 下午 02:40:56::2015-03-16 14:40:56:Application End!

2015/3/16 下午 02:40:58::2015-03-16 14:40:58:Application Start!

2015/3/16 下午 03:01:58::2015-03-16 15:01:58:Application End!

2015/3/16 下午 03:02:00::2015-03-16 15:02:00:Application Start!

2015/3/16 下午 03:23:01::2015-03-16 15:23:01:Application End!

2015/3/16 下午 03:23:02::2015-03-16 15:23:02:Application Start!

2015/3/16 下午 03:44:03::2015-03-16 15:44:03:Application End!

2015/3/16 下午 03:44:04::2015-03-16 15:44:04:Application Start!

2015/3/16 下午 04:05:05::2015-03-16 16:05:05:Application End!

2015/3/16 下午 04:05:06::2015-03-16 16:05:06:Application Start!

2015/3/16 下午 04:42:07::2015-03-16 16:42:07:Application End!

2015/3/16 下午 04:42:14::2015-03-16 16:42:14:Application Start!

2015/3/16 下午 05:03:10::2015-03-16 17:03:10:Application End!

2015/3/16 下午 05:03:12::2015-03-16 17:03:12:Application Start!

2015/3/16 下午 05:28:12::2015-03-16 17:28:12:Application End!

2015/3/16 下午 05:28:14::2015-03-16 17:28:14:Application Start!

2015/3/16 下午 05:49:14::2015-03-16 17:49:14:Application End!

2015/3/16 下午 05:49:16::2015-03-16 17:49:16:Application Start!

2015/3/16 下午 06:10:16::2015-03-16 18:10:16:Application End!

2015/3/16 下午 06:10:18::2015-03-16 18:10:18:Application Start!

2015/3/16 下午 06:31:18::2015-03-16 18:31:18:Application End!

2015/3/16 下午 06:31:20::2015-03-16 18:31:20:Application Start!

2015/3/16 下午 07:09:20::2015-03-16 19:09:20:Application End!

2015/3/16 下午 07:09:22::2015-03-16 19:09:22:Application Start!

2015/3/16 下午 07:30:22::2015-03-16 19:30:22:Application End!

2015/3/16 下午 07:30:24::2015-03-16 19:30:24:Application Start!

2015/3/16 下午 07:51:26::2015-03-16 19:51:26:Application End!

2015/3/16 下午 07:51:28::2015-03-16 19:51:28:Application Start!

2015/3/16 下午 08:12:28::2015-03-16 20:12:28:Application End!

2015/3/16 下午 08:12:30::2015-03-16 20:12:30:Application Start!

2015/3/16 下午 08:33:30::2015-03-16 20:33:30:Application End!

2015/3/16 下午 08:33:32::2015-03-16 20:33:32:Application Start!

2015/3/16 下午 08:54:32::2015-03-16 20:54:32:Application End!

2015/3/16 下午 08:54:34::2015-03-16 20:54:34:Application Start!

2015/3/16 下午 09:15:35::2015-03-16 21:15:35:Application End!

2015/3/16 下午 09:15:36::2015-03-16 21:15:36:Application Start!

2015/3/16 下午 09:36:37::2015-03-16 21:36:37:Application End!

2015/3/16 下午 09:36:39::2015-03-16 21:36:39:Application Start!

2015/3/16 下午 10:19:39::2015-03-16 22:19:39:Application End!

2015/3/16 下午 10:19:41::2015-03-16 22:19:41:Application Start!

2015/3/16 下午 10:40:41::2015-03-16 22:40:41:Application End!

2015/3/16 下午 10:40:43::2015-03-16 22:40:43:Application Start!

2015/3/16 下午 11:01:43::2015-03-16 23:01:43:Application End!

2015/3/16 下午 11:01:45::2015-03-16 23:01:45:Application Start!

2015/3/16 下午 11:22:46::2015-03-16 23:22:45:Application End!

2015/3/16 下午 11:22:47::2015-03-16 23:22:47:Application Start!

2015/3/16 下午 11:43:48::2015-03-16 23:43:48:Application End!

2015/3/16 下午 11:43:49::2015-03-16 23:43:49:Application Start!

