2015/3/1 上午 12:20:00::2015-03-01 00:20:00:Application End!

2015/3/1 上午 12:20:02::2015-03-01 00:20:02:Application Start!

2015/3/1 上午 12:41:02::2015-03-01 00:41:02:Application End!

2015/3/1 上午 12:41:04::2015-03-01 00:41:04:Application Start!

2015/3/1 上午 01:02:04::2015-03-01 01:02:04:Application End!

2015/3/1 上午 01:02:06::2015-03-01 01:02:06:Application Start!

2015/3/1 上午 01:23:07::2015-03-01 01:23:07:Application End!

2015/3/1 上午 01:23:08::2015-03-01 01:23:08:Application Start!

2015/3/1 上午 01:44:09::2015-03-01 01:44:09:Application End!

2015/3/1 上午 01:44:10::2015-03-01 01:44:10:Application Start!

2015/3/1 上午 02:05:11::2015-03-01 02:05:11:Application End!

2015/3/1 上午 02:05:13::2015-03-01 02:05:13:Application Start!

2015/3/1 上午 02:26:13::2015-03-01 02:26:13:Application End!

2015/3/1 上午 02:26:15::2015-03-01 02:26:15:Application Start!

2015/3/1 上午 02:47:15::2015-03-01 02:47:15:Application End!

2015/3/1 上午 02:47:17::2015-03-01 02:47:17:Application Start!

2015/3/1 上午 03:08:17::2015-03-01 03:08:17:Application End!

2015/3/1 上午 03:08:19::2015-03-01 03:08:19:Application Start!

2015/3/1 上午 03:29:19::2015-03-01 03:29:19:Application End!

2015/3/1 上午 03:29:21::2015-03-01 03:29:21:Application Start!

2015/3/1 上午 03:50:22::2015-03-01 03:50:22:Application End!

2015/3/1 上午 03:50:23::2015-03-01 03:50:23:Application Start!

2015/3/1 上午 04:11:24::2015-03-01 04:11:24:Application End!

2015/3/1 上午 04:11:25::2015-03-01 04:11:25:Application Start!

2015/3/1 上午 04:32:26::2015-03-01 04:32:26:Application End!

2015/3/1 上午 04:32:28::2015-03-01 04:32:28:Application Start!

2015/3/1 上午 04:53:28::2015-03-01 04:53:28:Application End!

2015/3/1 上午 04:53:30::2015-03-01 04:53:30:Application Start!

2015/3/1 上午 05:14:30::2015-03-01 05:14:30:Application End!

2015/3/1 上午 05:14:32::2015-03-01 05:14:32:Application Start!

2015/3/1 上午 05:35:32::2015-03-01 05:35:32:Application End!

2015/3/1 上午 05:35:34::2015-03-01 05:35:34:Application Start!

2015/3/1 上午 05:56:34::2015-03-01 05:56:34:Application End!

2015/3/1 上午 05:56:36::2015-03-01 05:56:36:Application Start!

2015/3/1 上午 06:17:37::2015-03-01 06:17:37:Application End!

2015/3/1 上午 06:17:44::2015-03-01 06:17:44:Application Start!

2015/3/1 上午 06:38:38::2015-03-01 06:38:38:Application End!

2015/3/1 上午 06:38:40::2015-03-01 06:38:40:Application Start!

2015/3/1 上午 06:59:40::2015-03-01 06:59:40:Application End!

2015/3/1 上午 06:59:42::2015-03-01 06:59:42:Application Start!

2015/3/1 上午 07:20:42::2015-03-01 07:20:42:Application End!

2015/3/1 上午 07:20:44::2015-03-01 07:20:44:Application Start!

2015/3/1 上午 07:41:44::2015-03-01 07:41:44:Application End!

2015/3/1 上午 07:41:46::2015-03-01 07:41:46:Application Start!

2015/3/1 上午 08:02:46::2015-03-01 08:02:46:Application End!

2015/3/1 上午 08:02:48::2015-03-01 08:02:48:Application Start!

2015/3/1 上午 08:41:49::2015-03-01 08:41:49:Application End!

2015/3/1 上午 08:41:53::2015-03-01 08:41:53:Application Start!

2015/3/1 上午 09:02:51::2015-03-01 09:02:51:Application End!

2015/3/1 上午 09:02:53::2015-03-01 09:02:53:Application Start!

2015/3/1 上午 09:23:53::2015-03-01 09:23:53:Application End!

2015/3/1 上午 09:23:55::2015-03-01 09:23:55:Application Start!

2015/3/1 上午 09:44:56::2015-03-01 09:44:56:Application End!

2015/3/1 上午 09:44:57::2015-03-01 09:44:57:Application Start!

2015/3/1 上午 10:05:58::2015-03-01 10:05:58:Application End!

2015/3/1 上午 10:05:59::2015-03-01 10:05:59:Application Start!

2015/3/1 上午 10:20:00::2015-03-01 10:20:00:AutoTask is Working!

2015/3/1 上午 11:57:04::自動執行計算門禁考勤異常報表:true

2015/3/1 下午 12:17:59::2015-03-01 12:17:59:Application End!

2015/3/1 下午 12:18:01::2015-03-01 12:18:01:Application Start!

2015/3/1 下午 12:39:01::2015-03-01 12:39:01:Application End!

2015/3/1 下午 12:39:04::2015-03-01 12:39:04:Application Start!

2015/3/1 下午 01:00:04::2015-03-01 13:00:04:Application End!

2015/3/1 下午 01:00:06::2015-03-01 13:00:06:Application Start!

2015/3/1 下午 01:21:06::2015-03-01 13:21:06:Application End!

2015/3/1 下午 01:21:08::2015-03-01 13:21:08:Application Start!

2015/3/1 下午 01:42:08::2015-03-01 13:42:08:Application End!

2015/3/1 下午 01:42:10::2015-03-01 13:42:10:Application Start!

2015/3/1 下午 02:03:10::2015-03-01 14:03:10:Application End!

2015/3/1 下午 02:03:12::2015-03-01 14:03:12:Application Start!

2015/3/1 下午 02:40:13::2015-03-01 14:40:12:Application End!

2015/3/1 下午 02:40:17::2015-03-01 14:40:17:Application Start!

2015/3/1 下午 03:01:15::2015-03-01 15:01:15:Application End!

2015/3/1 下午 03:01:20::2015-03-01 15:01:19:Application Start!

2015/3/1 下午 03:22:18::2015-03-01 15:22:18:Application End!

2015/3/1 下午 03:22:20::2015-03-01 15:22:20:Application Start!

2015/3/1 下午 03:43:22::2015-03-01 15:43:22:Application End!

2015/3/1 下午 03:43:23::2015-03-01 15:43:23:Application Start!

2015/3/1 下午 04:04:24::2015-03-01 16:04:24:Application End!

2015/3/1 下午 04:04:26::2015-03-01 16:04:26:Application Start!

2015/3/1 下午 04:25:26::2015-03-01 16:25:26:Application End!

2015/3/1 下午 04:25:28::2015-03-01 16:25:28:Application Start!

2015/3/1 下午 04:46:28::2015-03-01 16:46:28:Application End!

2015/3/1 下午 04:46:30::2015-03-01 16:46:30:Application Start!

2015/3/1 下午 05:07:31::2015-03-01 17:07:31:Application End!

2015/3/1 下午 05:07:32::2015-03-01 17:07:32:Application Start!

2015/3/1 下午 05:28:33::2015-03-01 17:28:33:Application End!

2015/3/1 下午 05:28:34::2015-03-01 17:28:34:Application Start!

2015/3/1 下午 05:49:35::2015-03-01 17:49:35:Application End!

2015/3/1 下午 05:49:39::2015-03-01 17:49:39:Application Start!

2015/3/1 下午 06:10:38::2015-03-01 18:10:38:Application End!

2015/3/1 下午 06:10:40::2015-03-01 18:10:40:Application Start!

2015/3/1 下午 06:31:40::2015-03-01 18:31:40:Application End!

2015/3/1 下午 06:31:42::2015-03-01 18:31:42:Application Start!

2015/3/1 下午 06:52:42::2015-03-01 18:52:42:Application End!

2015/3/1 下午 06:52:44::2015-03-01 18:52:44:Application Start!

2015/3/1 下午 07:13:45::2015-03-01 19:13:45:Application End!

2015/3/1 下午 07:13:46::2015-03-01 19:13:46:Application Start!

2015/3/1 下午 07:34:47::2015-03-01 19:34:47:Application End!

2015/3/1 下午 07:34:50::2015-03-01 19:34:50:Application Start!

2015/3/1 下午 07:55:50::2015-03-01 19:55:50:Application End!

2015/3/1 下午 07:55:51::2015-03-01 19:55:51:Application Start!

2015/3/1 下午 08:16:52::2015-03-01 20:16:52:Application End!

2015/3/1 下午 08:16:54::2015-03-01 20:16:54:Application Start!

2015/3/1 下午 08:37:54::2015-03-01 20:37:54:Application End!

2015/3/1 下午 08:37:56::2015-03-01 20:37:56:Application Start!

2015/3/1 下午 08:58:56::2015-03-01 20:58:56:Application End!

2015/3/1 下午 08:58:58::2015-03-01 20:58:58:Application Start!

2015/3/1 下午 09:19:58::2015-03-01 21:19:58:Application End!

2015/3/1 下午 09:20:00::2015-03-01 21:20:00:Application Start!

2015/3/1 下午 09:41:00::2015-03-01 21:41:00:Application End!

2015/3/1 下午 09:41:02::2015-03-01 21:41:02:Application Start!

2015/3/1 下午 10:02:03::2015-03-01 22:02:03:Application End!

2015/3/1 下午 10:02:04::2015-03-01 22:02:04:Application Start!

2015/3/1 下午 10:23:05::2015-03-01 22:23:05:Application End!

2015/3/1 下午 10:23:07::2015-03-01 22:23:07:Application Start!

2015/3/1 下午 10:44:07::2015-03-01 22:44:07:Application End!

2015/3/1 下午 10:44:09::2015-03-01 22:44:09:Application Start!

2015/3/1 下午 11:05:09::2015-03-01 23:05:09:Application End!

2015/3/1 下午 11:05:11::2015-03-01 23:05:11:Application Start!

2015/3/1 下午 11:26:11::2015-03-01 23:26:11:Application End!

2015/3/1 下午 11:26:13::2015-03-01 23:26:13:Application Start!

2015/3/1 下午 11:47:14::2015-03-01 23:47:13:Application End!

2015/3/1 下午 11:47:15::2015-03-01 23:47:15:Application Start!

