2015/3/14 上午 12:20:22::2015-03-14 00:20:22:Application End!

2015/3/14 上午 12:20:24::2015-03-14 00:20:24:Application Start!

2015/3/14 上午 12:55:24::2015-03-14 00:55:24:Application End!

2015/3/14 上午 12:55:26::2015-03-14 00:55:26:Application Start!

2015/3/14 上午 01:16:27::2015-03-14 01:16:27:Application End!

2015/3/14 上午 01:16:28::2015-03-14 01:16:28:Application Start!

2015/3/14 上午 01:37:29::2015-03-14 01:37:29:Application End!

2015/3/14 上午 01:37:30::2015-03-14 01:37:30:Application Start!

2015/3/14 上午 01:58:31::2015-03-14 01:58:31:Application End!

2015/3/14 上午 01:58:33::2015-03-14 01:58:33:Application Start!

2015/3/14 上午 02:19:33::2015-03-14 02:19:33:Application End!

2015/3/14 上午 02:19:35::2015-03-14 02:19:35:Application Start!

2015/3/14 上午 02:40:35::2015-03-14 02:40:35:Application End!

2015/3/14 上午 02:40:37::2015-03-14 02:40:37:Application Start!

2015/3/14 上午 03:01:37::2015-03-14 03:01:37:Application End!

2015/3/14 上午 03:01:39::2015-03-14 03:01:39:Application Start!

2015/3/14 上午 03:22:39::2015-03-14 03:22:39:Application End!

2015/3/14 上午 03:22:41::2015-03-14 03:22:41:Application Start!

2015/3/14 上午 03:43:42::2015-03-14 03:43:42:Application End!

2015/3/14 上午 03:43:43::2015-03-14 03:43:43:Application Start!

2015/3/14 上午 04:04:43::2015-03-14 04:04:42:Application End!

2015/3/14 上午 04:04:44::2015-03-14 04:04:44:Application Start!

2015/3/14 上午 04:25:44::2015-03-14 04:25:44:Application End!

2015/3/14 上午 04:25:46::2015-03-14 04:25:46:Application Start!

2015/3/14 上午 04:46:46::2015-03-14 04:46:46:Application End!

2015/3/14 上午 04:46:48::2015-03-14 04:46:48:Application Start!

2015/3/14 上午 05:07:48::2015-03-14 05:07:48:Application End!

2015/3/14 上午 05:07:50::2015-03-14 05:07:50:Application Start!

2015/3/14 上午 05:28:50::2015-03-14 05:28:50:Application End!

2015/3/14 上午 05:28:52::2015-03-14 05:28:52:Application Start!

2015/3/14 上午 05:49:52::2015-03-14 05:49:52:Application End!

2015/3/14 上午 05:49:54::2015-03-14 05:49:54:Application Start!

2015/3/14 上午 06:10:54::2015-03-14 06:10:54:Application End!

2015/3/14 上午 06:10:56::2015-03-14 06:10:56:Application Start!

2015/3/14 上午 06:31:56::2015-03-14 06:31:56:Application End!

2015/3/14 上午 06:31:58::2015-03-14 06:31:58:Application Start!

2015/3/14 上午 06:52:58::2015-03-14 06:52:58:Application End!

2015/3/14 上午 06:53:00::2015-03-14 06:53:00:Application Start!

2015/3/14 上午 07:14:01::2015-03-14 07:14:01:Application End!

2015/3/14 上午 07:14:02::2015-03-14 07:14:02:Application Start!

2015/3/14 上午 07:35:03::2015-03-14 07:35:03:Application End!

2015/3/14 上午 07:35:04::2015-03-14 07:35:04:Application Start!

2015/3/14 上午 07:56:05::2015-03-14 07:56:05:Application End!

2015/3/14 上午 07:56:06::2015-03-14 07:56:06:Application Start!

2015/3/14 上午 08:17:07::2015-03-14 08:17:07:Application End!

2015/3/14 上午 08:17:08::2015-03-14 08:17:08:Application Start!

2015/3/14 上午 08:38:09::2015-03-14 08:38:09:Application End!

2015/3/14 上午 08:38:10::2015-03-14 08:38:10:Application Start!

2015/3/14 上午 08:59:11::2015-03-14 08:59:11:Application End!

2015/3/14 上午 08:59:12::2015-03-14 08:59:12:Application Start!

2015/3/14 上午 09:20:13::2015-03-14 09:20:13:Application End!

2015/3/14 上午 09:20:17::2015-03-14 09:20:17:Application Start!

2015/3/14 上午 09:41:15::2015-03-14 09:41:15:Application End!

2015/3/14 上午 09:41:17::2015-03-14 09:41:17:Application Start!

2015/3/14 上午 10:02:17::2015-03-14 10:02:17:Application End!

2015/3/14 上午 10:02:19::2015-03-14 10:02:19:Application Start!

2015/3/14 上午 10:20:00::2015-03-14 10:20:00:AutoTask is Working!

2015/3/14 下午 12:53:30::自動執行計算門禁考勤異常報表:true

2015/3/14 下午 01:14:20::2015-03-14 13:14:20:Application End!

2015/3/14 下午 01:14:25::2015-03-14 13:14:25:Application Start!

2015/3/14 下午 01:35:23::2015-03-14 13:35:23:Application End!

2015/3/14 下午 01:35:25::2015-03-14 13:35:25:Application Start!

2015/3/14 下午 01:56:25::2015-03-14 13:56:25:Application End!

2015/3/14 下午 01:56:27::2015-03-14 13:56:27:Application Start!

2015/3/14 下午 02:17:27::2015-03-14 14:17:27:Application End!

2015/3/14 下午 02:17:29::2015-03-14 14:17:29:Application Start!

2015/3/14 下午 02:38:30::2015-03-14 14:38:30:Application End!

2015/3/14 下午 02:38:31::2015-03-14 14:38:31:Application Start!

2015/3/14 下午 02:59:32::2015-03-14 14:59:32:Application End!

2015/3/14 下午 02:59:34::2015-03-14 14:59:33:Application Start!

2015/3/14 下午 03:20:34::2015-03-14 15:20:34:Application End!

2015/3/14 下午 03:20:43::2015-03-14 15:20:43:Application Start!

2015/3/14 下午 03:41:38::2015-03-14 15:41:38:Application End!

2015/3/14 下午 03:41:40::2015-03-14 15:41:40:Application Start!

2015/3/14 下午 04:02:40::2015-03-14 16:02:40:Application End!

2015/3/14 下午 04:02:42::2015-03-14 16:02:42:Application Start!

2015/3/14 下午 04:23:42::2015-03-14 16:23:42:Application End!

2015/3/14 下午 04:23:44::2015-03-14 16:23:44:Application Start!

2015/3/14 下午 04:44:44::2015-03-14 16:44:44:Application End!

2015/3/14 下午 04:44:46::2015-03-14 16:44:46:Application Start!

2015/3/14 下午 05:05:47::2015-03-14 17:05:46:Application End!

2015/3/14 下午 05:05:48::2015-03-14 17:05:48:Application Start!

2015/3/14 下午 05:26:49::2015-03-14 17:26:49:Application End!

2015/3/14 下午 05:26:50::2015-03-14 17:26:50:Application Start!

2015/3/14 下午 05:47:51::2015-03-14 17:47:51:Application End!

2015/3/14 下午 05:47:53::2015-03-14 17:47:53:Application Start!

2015/3/14 下午 06:08:53::2015-03-14 18:08:53:Application End!

2015/3/14 下午 06:08:55::2015-03-14 18:08:55:Application Start!

2015/3/14 下午 06:29:55::2015-03-14 18:29:55:Application End!

2015/3/14 下午 06:29:57::2015-03-14 18:29:57:Application Start!

2015/3/14 下午 06:50:57::2015-03-14 18:50:57:Application End!

2015/3/14 下午 06:50:59::2015-03-14 18:50:59:Application Start!

2015/3/14 下午 07:11:59::2015-03-14 19:11:59:Application End!

2015/3/14 下午 07:12:01::2015-03-14 19:12:01:Application Start!

2015/3/14 下午 07:33:02::2015-03-14 19:33:02:Application End!

2015/3/14 下午 07:33:03::2015-03-14 19:33:03:Application Start!

2015/3/14 下午 07:54:04::2015-03-14 19:54:04:Application End!

2015/3/14 下午 07:54:06::2015-03-14 19:54:06:Application Start!

2015/3/14 下午 08:15:06::2015-03-14 20:15:06:Application End!

2015/3/14 下午 08:15:08::2015-03-14 20:15:08:Application Start!

2015/3/14 下午 08:36:08::2015-03-14 20:36:08:Application End!

2015/3/14 下午 08:36:10::2015-03-14 20:36:10:Application Start!

2015/3/14 下午 08:57:10::2015-03-14 20:57:10:Application End!

2015/3/14 下午 08:57:12::2015-03-14 20:57:12:Application Start!

2015/3/14 下午 09:18:12::2015-03-14 21:18:12:Application End!

2015/3/14 下午 09:18:14::2015-03-14 21:18:14:Application Start!

2015/3/14 下午 09:39:15::2015-03-14 21:39:15:Application End!

2015/3/14 下午 09:39:16::2015-03-14 21:39:16:Application Start!

2015/3/14 下午 10:00:17::2015-03-14 22:00:17:Application End!

2015/3/14 下午 10:00:19::2015-03-14 22:00:19:Application Start!

2015/3/14 下午 10:21:18::2015-03-14 22:21:18:Application End!

2015/3/14 下午 10:21:19::2015-03-14 22:21:19:Application Start!

2015/3/14 下午 10:42:19::2015-03-14 22:42:19:Application End!

2015/3/14 下午 10:42:21::2015-03-14 22:42:21:Application Start!

2015/3/14 下午 11:03:22::2015-03-14 23:03:22:Application End!

2015/3/14 下午 11:03:23::2015-03-14 23:03:23:Application Start!

2015/3/14 下午 11:24:24::2015-03-14 23:24:24:Application End!

2015/3/14 下午 11:24:25::2015-03-14 23:24:25:Application Start!

2015/3/14 下午 11:45:26::2015-03-14 23:45:26:Application End!

2015/3/14 下午 11:45:27::2015-03-14 23:45:27:Application Start!

