2015/4/6 上午 12:06:33::2015-04-06 00:06:33:Application End!

2015/4/6 上午 12:06:35::2015-04-06 00:06:35:Application Start!

2015/4/6 上午 12:27:35::2015-04-06 00:27:35:Application End!

2015/4/6 上午 12:27:37::2015-04-06 00:27:37:Application Start!

2015/4/6 上午 12:48:37::2015-04-06 00:48:37:Application End!

2015/4/6 上午 12:48:39::2015-04-06 00:48:39:Application Start!

2015/4/6 上午 01:09:39::2015-04-06 01:09:39:Application End!

2015/4/6 上午 01:09:41::2015-04-06 01:09:41:Application Start!

2015/4/6 上午 01:30:41::2015-04-06 01:30:41:Application End!

2015/4/6 上午 01:30:43::2015-04-06 01:30:43:Application Start!

2015/4/6 上午 01:51:43::2015-04-06 01:51:43:Application End!

2015/4/6 上午 01:51:45::2015-04-06 01:51:45:Application Start!

2015/4/6 上午 02:12:45::2015-04-06 02:12:45:Application End!

2015/4/6 上午 02:12:47::2015-04-06 02:12:47:Application Start!

2015/4/6 上午 02:33:47::2015-04-06 02:33:47:Application End!

2015/4/6 上午 02:33:49::2015-04-06 02:33:49:Application Start!

2015/4/6 上午 03:04:49::2015-04-06 03:04:49:Application End!

2015/4/6 上午 03:04:51::2015-04-06 03:04:51:Application Start!

2015/4/6 上午 03:25:51::2015-04-06 03:25:51:Application End!

2015/4/6 上午 03:25:53::2015-04-06 03:25:53:Application Start!

2015/4/6 上午 03:46:53::2015-04-06 03:46:53:Application End!

2015/4/6 上午 03:46:55::2015-04-06 03:46:55:Application Start!

2015/4/6 上午 04:07:55::2015-04-06 04:07:55:Application End!

2015/4/6 上午 04:07:57::2015-04-06 04:07:57:Application Start!

2015/4/6 上午 04:28:57::2015-04-06 04:28:57:Application End!

2015/4/6 上午 04:28:59::2015-04-06 04:28:59:Application Start!

2015/4/6 上午 04:49:59::2015-04-06 04:49:59:Application End!

2015/4/6 上午 04:50:01::2015-04-06 04:50:01:Application Start!

2015/4/6 上午 05:11:01::2015-04-06 05:11:01:Application End!

2015/4/6 上午 05:11:04::2015-04-06 05:11:04:Application Start!

2015/4/6 上午 05:32:04::2015-04-06 05:32:04:Application End!

2015/4/6 上午 05:32:05::2015-04-06 05:32:05:Application Start!

2015/4/6 上午 05:53:06::2015-04-06 05:53:06:Application End!

2015/4/6 上午 05:53:07::2015-04-06 05:53:07:Application Start!

2015/4/6 上午 06:14:08::2015-04-06 06:14:08:Application End!

2015/4/6 上午 06:14:09::2015-04-06 06:14:09:Application Start!

2015/4/6 上午 06:35:10::2015-04-06 06:35:10:Application End!

2015/4/6 上午 06:35:11::2015-04-06 06:35:11:Application Start!

2015/4/6 上午 06:56:12::2015-04-06 06:56:12:Application End!

2015/4/6 上午 06:56:13::2015-04-06 06:56:13:Application Start!

2015/4/6 上午 07:17:15::2015-04-06 07:17:15:Application End!

2015/4/6 上午 07:17:17::2015-04-06 07:17:17:Application Start!

2015/4/6 上午 07:38:17::2015-04-06 07:38:17:Application End!

2015/4/6 上午 07:38:19::2015-04-06 07:38:19:Application Start!

2015/4/6 上午 07:59:20::2015-04-06 07:59:20:Application End!

2015/4/6 上午 07:59:21::2015-04-06 07:59:21:Application Start!

2015/4/6 上午 08:20:22::2015-04-06 08:20:22:Application End!

2015/4/6 上午 08:20:24::2015-04-06 08:20:23:Application Start!

2015/4/6 上午 08:41:24::2015-04-06 08:41:24:Application End!

2015/4/6 上午 08:41:26::2015-04-06 08:41:26:Application Start!

2015/4/6 上午 09:02:26::2015-04-06 09:02:26:Application End!

2015/4/6 上午 09:02:31::2015-04-06 09:02:31:Application Start!

2015/4/6 上午 09:23:29::2015-04-06 09:23:29:Application End!

2015/4/6 上午 09:23:31::2015-04-06 09:23:31:Application Start!

2015/4/6 上午 10:00:32::2015-04-06 10:00:32:Application End!

2015/4/6 上午 10:00:33::2015-04-06 10:00:33:Application Start!

2015/4/6 上午 10:20:00::2015-04-06 10:20:00:AutoTask is Working!

2015/4/6 下午 01:08:52::自動執行計算門禁考勤異常報表:true

2015/4/6 下午 01:29:34::2015-04-06 13:29:34:Application End!

2015/4/6 下午 01:29:36::2015-04-06 13:29:36:Application Start!

2015/4/6 下午 01:50:36::2015-04-06 13:50:36:Application End!

2015/4/6 下午 01:50:38::2015-04-06 13:50:38:Application Start!

2015/4/6 下午 02:11:39::2015-04-06 14:11:39:Application End!

2015/4/6 下午 02:11:40::2015-04-06 14:11:40:Application Start!

2015/4/6 下午 02:32:41::2015-04-06 14:32:41:Application End!

2015/4/6 下午 02:32:45::2015-04-06 14:32:45:Application Start!

2015/4/6 下午 02:53:44::2015-04-06 14:53:44:Application End!

2015/4/6 下午 02:53:46::2015-04-06 14:53:46:Application Start!

2015/4/6 下午 03:14:46::2015-04-06 15:14:46:Application End!

2015/4/6 下午 03:14:48::2015-04-06 15:14:48:Application Start!

2015/4/6 下午 03:35:48::2015-04-06 15:35:48:Application End!

2015/4/6 下午 03:35:50::2015-04-06 15:35:50:Application Start!

2015/4/6 下午 03:56:50::2015-04-06 15:56:50:Application End!

2015/4/6 下午 03:56:52::2015-04-06 15:56:52:Application Start!

2015/4/6 下午 04:17:52::2015-04-06 16:17:52:Application End!

2015/4/6 下午 04:17:54::2015-04-06 16:17:54:Application Start!

2015/4/6 下午 04:38:53::2015-04-06 16:38:53:Application End!

2015/4/6 下午 04:38:55::2015-04-06 16:38:55:Application Start!

2015/4/6 下午 05:19:55::2015-04-06 17:19:55:Application End!

2015/4/6 下午 05:19:57::2015-04-06 17:19:57:Application Start!

2015/4/6 下午 05:40:57::2015-04-06 17:40:57:Application End!

2015/4/6 下午 05:40:59::2015-04-06 17:40:59:Application Start!

2015/4/6 下午 06:01:59::2015-04-06 18:01:59:Application End!

2015/4/6 下午 06:02:04::2015-04-06 18:02:03:Application Start!

2015/4/6 下午 06:23:02::2015-04-06 18:23:02:Application End!

2015/4/6 下午 06:23:05::2015-04-06 18:23:05:Application Start!

2015/4/6 下午 06:44:04::2015-04-06 18:44:04:Application End!

2015/4/6 下午 06:44:06::2015-04-06 18:44:06:Application Start!

2015/4/6 下午 07:05:06::2015-04-06 19:05:06:Application End!

2015/4/6 下午 07:05:08::2015-04-06 19:05:08:Application Start!

2015/4/6 下午 07:26:08::2015-04-06 19:26:08:Application End!

2015/4/6 下午 07:26:10::2015-04-06 19:26:10:Application Start!

2015/4/6 下午 07:47:10::2015-04-06 19:47:10:Application End!

2015/4/6 下午 07:47:12::2015-04-06 19:47:12:Application Start!

2015/4/6 下午 08:08:12::2015-04-06 20:08:12:Application End!

2015/4/6 下午 08:08:14::2015-04-06 20:08:14:Application Start!

2015/4/6 下午 08:29:15::2015-04-06 20:29:15:Application End!

2015/4/6 下午 08:29:16::2015-04-06 20:29:16:Application Start!

2015/4/6 下午 08:50:17::2015-04-06 20:50:17:Application End!

2015/4/6 下午 08:50:18::2015-04-06 20:50:18:Application Start!

2015/4/6 下午 09:11:19::2015-04-06 21:11:19:Application End!

2015/4/6 下午 09:11:20::2015-04-06 21:11:20:Application Start!

2015/4/6 下午 09:32:21::2015-04-06 21:32:21:Application End!

2015/4/6 下午 09:32:22::2015-04-06 21:32:22:Application Start!

2015/4/6 下午 09:53:23::2015-04-06 21:53:23:Application End!

2015/4/6 下午 09:53:24::2015-04-06 21:53:24:Application Start!

2015/4/6 下午 10:14:25::2015-04-06 22:14:25:Application End!

2015/4/6 下午 10:14:26::2015-04-06 22:14:26:Application Start!

2015/4/6 下午 10:35:27::2015-04-06 22:35:27:Application End!

2015/4/6 下午 10:35:28::2015-04-06 22:35:28:Application Start!

2015/4/6 下午 10:56:29::2015-04-06 22:56:29:Application End!

2015/4/6 下午 10:56:31::2015-04-06 22:56:31:Application Start!

2015/4/6 下午 11:17:31::2015-04-06 23:17:31:Application End!

2015/4/6 下午 11:17:33::2015-04-06 23:17:33:Application Start!

2015/4/6 下午 11:38:33::2015-04-06 23:38:33:Application End!

2015/4/6 下午 11:38:35::2015-04-06 23:38:35:Application Start!

2015/4/6 下午 11:59:35::2015-04-06 23:59:35:Application End!

2015/4/6 下午 11:59:37::2015-04-06 23:59:37:Application Start!

