2015/2/11 上午 12:03:22::2015-02-11 00:03:22:Application End!

2015/2/11 上午 12:03:23::2015-02-11 00:03:23:Application Start!

2015/2/11 上午 12:24:24::2015-02-11 00:24:24:Application End!

2015/2/11 上午 12:24:25::2015-02-11 00:24:25:Application Start!

2015/2/11 上午 12:45:26::2015-02-11 00:45:26:Application End!

2015/2/11 上午 12:45:28::2015-02-11 00:45:28:Application Start!

2015/2/11 上午 01:06:28::2015-02-11 01:06:28:Application End!

2015/2/11 上午 01:06:30::2015-02-11 01:06:30:Application Start!

2015/2/11 上午 01:27:30::2015-02-11 01:27:30:Application End!

2015/2/11 上午 01:27:32::2015-02-11 01:27:32:Application Start!

2015/2/11 上午 01:48:31::2015-02-11 01:48:31:Application End!

2015/2/11 上午 01:48:32::2015-02-11 01:48:32:Application Start!

2015/2/11 上午 02:09:33::2015-02-11 02:09:33:Application End!

2015/2/11 上午 02:09:34::2015-02-11 02:09:34:Application Start!

2015/2/11 上午 02:30:35::2015-02-11 02:30:35:Application End!

2015/2/11 上午 02:30:37::2015-02-11 02:30:37:Application Start!

2015/2/11 上午 02:51:37::2015-02-11 02:51:37:Application End!

2015/2/11 上午 02:51:39::2015-02-11 02:51:39:Application Start!

2015/2/11 上午 03:12:39::2015-02-11 03:12:39:Application End!

2015/2/11 上午 03:12:41::2015-02-11 03:12:41:Application Start!

2015/2/11 上午 03:33:41::2015-02-11 03:33:41:Application End!

2015/2/11 上午 03:33:43::2015-02-11 03:33:43:Application Start!

2015/2/11 上午 03:54:43::2015-02-11 03:54:43:Application End!

2015/2/11 上午 03:54:45::2015-02-11 03:54:45:Application Start!

2015/2/11 上午 04:15:45::2015-02-11 04:15:45:Application End!

2015/2/11 上午 04:15:47::2015-02-11 04:15:47:Application Start!

2015/2/11 上午 04:36:47::2015-02-11 04:36:47:Application End!

2015/2/11 上午 04:36:49::2015-02-11 04:36:49:Application Start!

2015/2/11 上午 04:57:48::2015-02-11 04:57:48:Application End!

2015/2/11 上午 04:57:50::2015-02-11 04:57:50:Application Start!

2015/2/11 上午 05:18:50::2015-02-11 05:18:50:Application End!

2015/2/11 上午 05:18:52::2015-02-11 05:18:52:Application Start!

2015/2/11 上午 05:39:52::2015-02-11 05:39:52:Application End!

2015/2/11 上午 05:39:54::2015-02-11 05:39:54:Application Start!

2015/2/11 上午 06:00:54::2015-02-11 06:00:54:Application End!

2015/2/11 上午 06:00:56::2015-02-11 06:00:56:Application Start!

2015/2/11 上午 06:21:56::2015-02-11 06:21:56:Application End!

2015/2/11 上午 06:21:58::2015-02-11 06:21:58:Application Start!

2015/2/11 上午 06:42:58::2015-02-11 06:42:58:Application End!

2015/2/11 上午 06:43:00::2015-02-11 06:43:00:Application Start!

2015/2/11 上午 07:04:00::2015-02-11 07:04:00:Application End!

2015/2/11 上午 07:04:02::2015-02-11 07:04:02:Application Start!

2015/2/11 上午 07:25:02::2015-02-11 07:25:02:Application End!

2015/2/11 上午 07:25:04::2015-02-11 07:25:04:Application Start!

2015/2/11 上午 07:46:04::2015-02-11 07:46:04:Application End!

2015/2/11 上午 07:46:08::2015-02-11 07:46:08:Application Start!

2015/2/11 上午 08:07:07::2015-02-11 08:07:07:Application End!

2015/2/11 上午 08:07:09::2015-02-11 08:07:09:Application Start!

2015/2/11 上午 08:28:09::2015-02-11 08:28:09:Application End!

2015/2/11 上午 08:28:11::2015-02-11 08:28:11:Application Start!

2015/2/11 上午 08:49:11::2015-02-11 08:49:11:Application End!

2015/2/11 上午 08:49:13::2015-02-11 08:49:13:Application Start!

2015/2/11 上午 09:10:13::2015-02-11 09:10:13:Application End!

2015/2/11 上午 09:10:15::2015-02-11 09:10:15:Application Start!

2015/2/11 上午 09:51:15::2015-02-11 09:51:15:Application End!

2015/2/11 上午 09:51:17::2015-02-11 09:51:17:Application Start!

2015/2/11 上午 10:12:17::2015-02-11 10:12:17:Application End!

2015/2/11 上午 10:12:19::2015-02-11 10:12:19:Application Start!

2015/2/11 上午 10:20:00::2015-02-11 10:20:00:AutoTask is Working!

2015/2/11 上午 11:58:30::自動執行計算門禁考勤異常報表:true

2015/2/11 下午 12:19:21::2015-02-11 12:19:21:Application End!

2015/2/11 下午 12:19:23::2015-02-11 12:19:23:Application Start!

2015/2/11 下午 12:40:23::2015-02-11 12:40:23:Application End!

2015/2/11 下午 12:40:25::2015-02-11 12:40:25:Application Start!

2015/2/11 下午 01:01:25::2015-02-11 13:01:25:Application End!

2015/2/11 下午 01:01:27::2015-02-11 13:01:27:Application Start!

2015/2/11 下午 01:22:27::2015-02-11 13:22:27:Application End!

2015/2/11 下午 01:22:29::2015-02-11 13:22:29:Application Start!

2015/2/11 下午 01:43:29::2015-02-11 13:43:29:Application End!

2015/2/11 下午 01:43:31::2015-02-11 13:43:31:Application Start!

2015/2/11 下午 02:04:32::2015-02-11 14:04:32:Application End!

2015/2/11 下午 02:04:33::2015-02-11 14:04:33:Application Start!

2015/2/11 下午 02:32:34::2015-02-11 14:32:34:Application End!

2015/2/11 下午 02:32:38::2015-02-11 14:32:38:Application Start!

2015/2/11 下午 02:53:37::2015-02-11 14:53:37:Application End!

2015/2/11 下午 02:53:39::2015-02-11 14:53:39:Application Start!

2015/2/11 下午 03:14:39::2015-02-11 15:14:39:Application End!

2015/2/11 下午 03:14:41::2015-02-11 15:14:41:Application Start!

2015/2/11 下午 03:35:42::2015-02-11 15:35:42:Application End!

2015/2/11 下午 03:35:43::2015-02-11 15:35:43:Application Start!

2015/2/11 下午 03:56:44::2015-02-11 15:56:44:Application End!

2015/2/11 下午 03:56:46::2015-02-11 15:56:46:Application Start!

2015/2/11 下午 04:17:46::2015-02-11 16:17:46:Application End!

2015/2/11 下午 04:17:50::2015-02-11 16:17:50:Application Start!

2015/2/11 下午 04:38:49::2015-02-11 16:38:49:Application End!

2015/2/11 下午 04:38:51::2015-02-11 16:38:51:Application Start!

2015/2/11 下午 05:06:51::2015-02-11 17:06:51:Application End!

2015/2/11 下午 05:06:53::2015-02-11 17:06:53:Application Start!

2015/2/11 下午 05:39:54::2015-02-11 17:39:54:Application End!

2015/2/11 下午 05:39:55::2015-02-11 17:39:55:Application Start!

2015/2/11 下午 06:00:56::2015-02-11 18:00:56:Application End!

2015/2/11 下午 06:00:58::2015-02-11 18:00:58:Application Start!

2015/2/11 下午 06:21:58::2015-02-11 18:21:58:Application End!

2015/2/11 下午 06:22:00::2015-02-11 18:22:00:Application Start!

2015/2/11 下午 06:43:00::2015-02-11 18:43:00:Application End!

2015/2/11 下午 06:43:02::2015-02-11 18:43:02:Application Start!

2015/2/11 下午 07:04:02::2015-02-11 19:04:02:Application End!

2015/2/11 下午 07:04:04::2015-02-11 19:04:04:Application Start!

2015/2/11 下午 07:25:05::2015-02-11 19:25:05:Application End!

2015/2/11 下午 07:25:06::2015-02-11 19:25:06:Application Start!

2015/2/11 下午 07:46:06::2015-02-11 19:46:06:Application End!

2015/2/11 下午 07:46:08::2015-02-11 19:46:08:Application Start!

2015/2/11 下午 08:07:07::2015-02-11 20:07:07:Application End!

2015/2/11 下午 08:07:09::2015-02-11 20:07:09:Application Start!

2015/2/11 下午 08:28:09::2015-02-11 20:28:09:Application End!

2015/2/11 下午 08:28:11::2015-02-11 20:28:11:Application Start!

2015/2/11 下午 08:49:11::2015-02-11 20:49:11:Application End!

2015/2/11 下午 08:49:13::2015-02-11 20:49:13:Application Start!

2015/2/11 下午 09:10:14::2015-02-11 21:10:14:Application End!

2015/2/11 下午 09:10:15::2015-02-11 21:10:15:Application Start!

2015/2/11 下午 09:46:16::2015-02-11 21:46:16:Application End!

2015/2/11 下午 09:46:17::2015-02-11 21:46:17:Application Start!

2015/2/11 下午 10:07:18::2015-02-11 22:07:18:Application End!

2015/2/11 下午 10:07:19::2015-02-11 22:07:19:Application Start!

2015/2/11 下午 10:28:20::2015-02-11 22:28:20:Application End!

2015/2/11 下午 10:28:21::2015-02-11 22:28:21:Application Start!

2015/2/11 下午 10:49:22::2015-02-11 22:49:22:Application End!

2015/2/11 下午 10:49:23::2015-02-11 22:49:23:Application Start!

2015/2/11 下午 11:10:24::2015-02-11 23:10:24:Application End!

2015/2/11 下午 11:10:25::2015-02-11 23:10:25:Application Start!

2015/2/11 下午 11:31:26::2015-02-11 23:31:26:Application End!

2015/2/11 下午 11:31:27::2015-02-11 23:31:27:Application Start!

2015/2/11 下午 11:52:28::2015-02-11 23:52:28:Application End!

2015/2/11 下午 11:52:30::2015-02-11 23:52:30:Application Start!

