2015/3/20 上午 12:04:11::2015-03-20 00:04:11:Application End!

2015/3/20 上午 12:04:13::2015-03-20 00:04:13:Application Start!

2015/3/20 上午 12:25:13::2015-03-20 00:25:13:Application End!

2015/3/20 上午 12:25:15::2015-03-20 00:25:15:Application Start!

2015/3/20 上午 12:46:16::2015-03-20 00:46:16:Application End!

2015/3/20 上午 12:46:17::2015-03-20 00:46:17:Application Start!

2015/3/20 上午 01:07:18::2015-03-20 01:07:18:Application End!

2015/3/20 上午 01:07:19::2015-03-20 01:07:19:Application Start!

2015/3/20 上午 01:28:20::2015-03-20 01:28:20:Application End!

2015/3/20 上午 01:28:22::2015-03-20 01:28:22:Application Start!

2015/3/20 上午 01:49:22::2015-03-20 01:49:22:Application End!

2015/3/20 上午 01:49:24::2015-03-20 01:49:24:Application Start!

2015/3/20 上午 02:10:24::2015-03-20 02:10:24:Application End!

2015/3/20 上午 02:10:26::2015-03-20 02:10:26:Application Start!

2015/3/20 上午 02:51:26::2015-03-20 02:51:26:Application End!

2015/3/20 上午 02:51:28::2015-03-20 02:51:28:Application Start!

2015/3/20 上午 03:12:29::2015-03-20 03:12:29:Application End!

2015/3/20 上午 03:12:30::2015-03-20 03:12:30:Application Start!

2015/3/20 上午 03:33:31::2015-03-20 03:33:31:Application End!

2015/3/20 上午 03:33:32::2015-03-20 03:33:32:Application Start!

2015/3/20 上午 03:54:33::2015-03-20 03:54:33:Application End!

2015/3/20 上午 03:54:35::2015-03-20 03:54:35:Application Start!

2015/3/20 上午 04:15:35::2015-03-20 04:15:35:Application End!

2015/3/20 上午 04:15:37::2015-03-20 04:15:37:Application Start!

2015/3/20 上午 04:37:37::2015-03-20 04:37:37:Application End!

2015/3/20 上午 04:37:39::2015-03-20 04:37:39:Application Start!

2015/3/20 上午 04:58:40::2015-03-20 04:58:40:Application End!

2015/3/20 上午 04:58:41::2015-03-20 04:58:41:Application Start!

2015/3/20 上午 05:19:42::2015-03-20 05:19:42:Application End!

2015/3/20 上午 05:19:43::2015-03-20 05:19:43:Application Start!

2015/3/20 上午 05:40:43::2015-03-20 05:40:43:Application End!

2015/3/20 上午 05:40:44::2015-03-20 05:40:44:Application Start!

2015/3/20 上午 06:01:45::2015-03-20 06:01:45:Application End!

2015/3/20 上午 06:01:52::2015-03-20 06:01:52:Application Start!

2015/3/20 上午 06:22:48::2015-03-20 06:22:48:Application End!

2015/3/20 上午 06:22:50::2015-03-20 06:22:50:Application Start!

2015/3/20 上午 06:43:50::2015-03-20 06:43:50:Application End!

2015/3/20 上午 06:43:52::2015-03-20 06:43:52:Application Start!

2015/3/20 上午 07:04:52::2015-03-20 07:04:52:Application End!

2015/3/20 上午 07:04:54::2015-03-20 07:04:54:Application Start!

2015/3/20 上午 07:25:54::2015-03-20 07:25:54:Application End!

2015/3/20 上午 07:25:56::2015-03-20 07:25:56:Application Start!

2015/3/20 上午 07:46:56::2015-03-20 07:46:56:Application End!

2015/3/20 上午 07:46:58::2015-03-20 07:46:58:Application Start!

2015/3/20 上午 08:07:58::2015-03-20 08:07:58:Application End!

2015/3/20 上午 08:08:00::2015-03-20 08:08:00:Application Start!

2015/3/20 上午 08:29:00::2015-03-20 08:29:00:Application End!

2015/3/20 上午 08:29:02::2015-03-20 08:29:02:Application Start!

2015/3/20 上午 08:50:02::2015-03-20 08:50:02:Application End!

2015/3/20 上午 08:50:04::2015-03-20 08:50:04:Application Start!

2015/3/20 上午 09:11:04::2015-03-20 09:11:04:Application End!

2015/3/20 上午 09:11:06::2015-03-20 09:11:06:Application Start!

2015/3/20 上午 09:32:06::2015-03-20 09:32:06:Application End!

2015/3/20 上午 09:32:08::2015-03-20 09:32:08:Application Start!

2015/3/20 上午 09:53:08::2015-03-20 09:53:08:Application End!

2015/3/20 上午 09:53:10::2015-03-20 09:53:10:Application Start!

2015/3/20 上午 10:17:10::2015-03-20 10:17:10:Application End!

2015/3/20 上午 10:17:12::2015-03-20 10:17:12:Application Start!

2015/3/20 上午 10:20:02::2015-03-20 10:20:02:AutoTask is Working!

2015/3/20 下午 01:13:33::自動執行計算門禁考勤異常報表:true

2015/3/20 下午 01:34:12::2015-03-20 13:34:12:Application End!

2015/3/20 下午 01:34:14::2015-03-20 13:34:14:Application Start!

2015/3/20 下午 01:59:14::2015-03-20 13:59:14:Application End!

2015/3/20 下午 01:59:16::2015-03-20 13:59:16:Application Start!

2015/3/20 下午 02:20:16::2015-03-20 14:20:16:Application End!

2015/3/20 下午 02:20:18::2015-03-20 14:20:18:Application Start!

2015/3/20 下午 02:41:18::2015-03-20 14:41:18:Application End!

2015/3/20 下午 02:41:20::2015-03-20 14:41:20:Application Start!

2015/3/20 下午 03:02:22::2015-03-20 15:02:22:Application End!

2015/3/20 下午 03:02:23::2015-03-20 15:02:23:Application Start!

2015/3/20 下午 03:23:24::2015-03-20 15:23:24:Application End!

2015/3/20 下午 03:23:26::2015-03-20 15:23:26:Application Start!

2015/3/20 下午 03:44:26::2015-03-20 15:44:26:Application End!

2015/3/20 下午 03:44:28::2015-03-20 15:44:28:Application Start!

2015/3/20 下午 04:05:28::2015-03-20 16:05:28:Application End!

2015/3/20 下午 04:05:30::2015-03-20 16:05:30:Application Start!

2015/3/20 下午 04:26:30::2015-03-20 16:26:30:Application End!

2015/3/20 下午 04:26:32::2015-03-20 16:26:32:Application Start!

2015/3/20 下午 05:03:32::2015-03-20 17:03:32:Application End!

2015/3/20 下午 05:03:34::2015-03-20 17:03:34:Application Start!

2015/3/20 下午 05:24:35::2015-03-20 17:24:35:Application End!

2015/3/20 下午 05:24:37::2015-03-20 17:24:37:Application Start!

2015/3/20 下午 06:05:37::2015-03-20 18:05:37:Application End!

2015/3/20 下午 06:05:39::2015-03-20 18:05:39:Application Start!

2015/3/20 下午 06:43:39::2015-03-20 18:43:39:Application End!

2015/3/20 下午 06:43:41::2015-03-20 18:43:41:Application Start!

2015/3/20 下午 07:04:41::2015-03-20 19:04:41:Application End!

2015/3/20 下午 07:04:44::2015-03-20 19:04:44:Application Start!

2015/3/20 下午 07:25:44::2015-03-20 19:25:44:Application End!

2015/3/20 下午 07:25:45::2015-03-20 19:25:45:Application Start!

2015/3/20 下午 07:48:46::2015-03-20 19:48:46:Application End!

2015/3/20 下午 07:48:48::2015-03-20 19:48:48:Application Start!

2015/3/20 下午 08:09:48::2015-03-20 20:09:48:Application End!

2015/3/20 下午 08:09:50::2015-03-20 20:09:50:Application Start!

2015/3/20 下午 08:30:50::2015-03-20 20:30:50:Application End!

2015/3/20 下午 08:30:52::2015-03-20 20:30:52:Application Start!

2015/3/20 下午 08:51:53::2015-03-20 20:51:52:Application End!

2015/3/20 下午 08:51:54::2015-03-20 20:51:54:Application Start!

2015/3/20 下午 09:12:55::2015-03-20 21:12:55:Application End!

2015/3/20 下午 09:12:56::2015-03-20 21:12:56:Application Start!

2015/3/20 下午 09:33:57::2015-03-20 21:33:57:Application End!

2015/3/20 下午 09:33:59::2015-03-20 21:33:59:Application Start!

2015/3/20 下午 09:54:59::2015-03-20 21:54:59:Application End!

2015/3/20 下午 09:55:01::2015-03-20 21:55:01:Application Start!

2015/3/20 下午 10:16:01::2015-03-20 22:16:01:Application End!

2015/3/20 下午 10:16:03::2015-03-20 22:16:03:Application Start!

2015/3/20 下午 10:37:03::2015-03-20 22:37:03:Application End!

2015/3/20 下午 10:37:05::2015-03-20 22:37:05:Application Start!

2015/3/20 下午 10:58:06::2015-03-20 22:58:06:Application End!

2015/3/20 下午 10:58:07::2015-03-20 22:58:07:Application Start!

2015/3/20 下午 11:19:08::2015-03-20 23:19:08:Application End!

2015/3/20 下午 11:19:09::2015-03-20 23:19:09:Application Start!

2015/3/20 下午 11:40:10::2015-03-20 23:40:10:Application End!

2015/3/20 下午 11:40:12::2015-03-20 23:40:12:Application Start!

