2015/4/10 上午 12:02:33::2015-04-10 00:02:33:Application End!

2015/4/10 上午 12:02:34::2015-04-10 00:02:34:Application Start!

2015/4/10 上午 12:23:35::2015-04-10 00:23:35:Application End!

2015/4/10 上午 12:23:43::2015-04-10 00:23:43:Application Start!

2015/4/10 上午 12:44:38::2015-04-10 00:44:38:Application End!

2015/4/10 上午 12:44:40::2015-04-10 00:44:40:Application Start!

2015/4/10 上午 01:05:40::2015-04-10 01:05:40:Application End!

2015/4/10 上午 01:05:42::2015-04-10 01:05:42:Application Start!

2015/4/10 上午 01:26:42::2015-04-10 01:26:42:Application End!

2015/4/10 上午 01:26:44::2015-04-10 01:26:44:Application Start!

2015/4/10 上午 01:47:44::2015-04-10 01:47:44:Application End!

2015/4/10 上午 01:47:46::2015-04-10 01:47:46:Application Start!

2015/4/10 上午 02:08:46::2015-04-10 02:08:46:Application End!

2015/4/10 上午 02:08:48::2015-04-10 02:08:48:Application Start!

2015/4/10 上午 02:29:50::2015-04-10 02:29:50:Application End!

2015/4/10 上午 02:29:52::2015-04-10 02:29:52:Application Start!

2015/4/10 上午 02:50:52::2015-04-10 02:50:52:Application End!

2015/4/10 上午 02:50:54::2015-04-10 02:50:54:Application Start!

2015/4/10 上午 03:11:54::2015-04-10 03:11:54:Application End!

2015/4/10 上午 03:11:56::2015-04-10 03:11:56:Application Start!

2015/4/10 上午 03:32:57::2015-04-10 03:32:57:Application End!

2015/4/10 上午 03:32:58::2015-04-10 03:32:58:Application Start!

2015/4/10 上午 03:53:59::2015-04-10 03:53:59:Application End!

2015/4/10 上午 03:54:00::2015-04-10 03:54:00:Application Start!

2015/4/10 上午 04:15:01::2015-04-10 04:15:01:Application End!

2015/4/10 上午 04:15:03::2015-04-10 04:15:03:Application Start!

2015/4/10 上午 04:36:03::2015-04-10 04:36:03:Application End!

2015/4/10 上午 04:36:05::2015-04-10 04:36:05:Application Start!

2015/4/10 上午 04:57:05::2015-04-10 04:57:05:Application End!

2015/4/10 上午 04:57:07::2015-04-10 04:57:07:Application Start!

2015/4/10 上午 05:18:07::2015-04-10 05:18:07:Application End!

2015/4/10 上午 05:18:09::2015-04-10 05:18:09:Application Start!

2015/4/10 上午 05:39:09::2015-04-10 05:39:09:Application End!

2015/4/10 上午 05:39:11::2015-04-10 05:39:11:Application Start!

2015/4/10 上午 06:00:12::2015-04-10 06:00:12:Application End!

2015/4/10 上午 06:00:13::2015-04-10 06:00:13:Application Start!

2015/4/10 上午 06:21:14::2015-04-10 06:21:14:Application End!

2015/4/10 上午 06:21:15::2015-04-10 06:21:15:Application Start!

2015/4/10 上午 06:42:16::2015-04-10 06:42:16:Application End!

2015/4/10 上午 06:42:18::2015-04-10 06:42:18:Application Start!

2015/4/10 上午 07:03:18::2015-04-10 07:03:18:Application End!

2015/4/10 上午 07:03:22::2015-04-10 07:03:22:Application Start!

2015/4/10 上午 07:24:21::2015-04-10 07:24:21:Application End!

2015/4/10 上午 07:24:23::2015-04-10 07:24:23:Application Start!

2015/4/10 上午 07:45:23::2015-04-10 07:45:23:Application End!

2015/4/10 上午 07:45:25::2015-04-10 07:45:25:Application Start!

2015/4/10 上午 08:06:26::2015-04-10 08:06:26:Application End!

2015/4/10 上午 08:06:27::2015-04-10 08:06:27:Application Start!

2015/4/10 上午 08:27:28::2015-04-10 08:27:28:Application End!

2015/4/10 上午 08:27:30::2015-04-10 08:27:30:Application Start!

2015/4/10 上午 09:06:30::2015-04-10 09:06:30:Application End!

2015/4/10 上午 09:06:32::2015-04-10 09:06:32:Application Start!

2015/4/10 上午 09:27:32::2015-04-10 09:27:32:Application End!

2015/4/10 上午 09:27:35::2015-04-10 09:27:35:Application Start!

2015/4/10 上午 09:48:34::2015-04-10 09:48:34:Application End!

2015/4/10 上午 09:48:36::2015-04-10 09:48:36:Application Start!

2015/4/10 上午 10:09:37::2015-04-10 10:09:37:Application End!

2015/4/10 上午 10:09:38::2015-04-10 10:09:38:Application Start!

2015/4/10 上午 10:20:00::2015-04-10 10:20:00:AutoTask is Working!

2015/4/10 下午 01:39:58==> Errors Description:作業逾時Errors Location:   於 System.Net.HttpWebRequest.GetResponse()
   於 ePortal.Web.Core.Job.AttendanceAnomalyJob.ExecuteJob() 於 e:\ePortal\ePortal.Web.Core\Job\AttendanceAnomalyJob.cs: 行 26

2015/4/10 下午 02:07:37::2015-04-10 14:07:37:Application End!

2015/4/10 下午 02:07:39::2015-04-10 14:07:39:Application Start!

2015/4/10 下午 02:28:39::2015-04-10 14:28:39:Application End!

2015/4/10 下午 02:28:41::2015-04-10 14:28:41:Application Start!

2015/4/10 下午 02:49:41::2015-04-10 14:49:41:Application End!

2015/4/10 下午 02:49:43::2015-04-10 14:49:43:Application Start!

2015/4/10 下午 03:10:43::2015-04-10 15:10:43:Application End!

2015/4/10 下午 03:10:45::2015-04-10 15:10:45:Application Start!

2015/4/10 下午 03:31:45::2015-04-10 15:31:45:Application End!

2015/4/10 下午 03:31:47::2015-04-10 15:31:47:Application Start!

2015/4/10 下午 03:52:47::2015-04-10 15:52:47:Application End!

2015/4/10 下午 03:52:49::2015-04-10 15:52:49:Application Start!

2015/4/10 下午 04:13:49::2015-04-10 16:13:49:Application End!

2015/4/10 下午 04:13:51::2015-04-10 16:13:51:Application Start!

2015/4/10 下午 04:34:51::2015-04-10 16:34:51:Application End!

2015/4/10 下午 04:34:53::2015-04-10 16:34:53:Application Start!

2015/4/10 下午 04:55:53::2015-04-10 16:55:53:Application End!

2015/4/10 下午 04:55:55::2015-04-10 16:55:55:Application Start!

2015/4/10 下午 05:16:55::2015-04-10 17:16:55:Application End!

2015/4/10 下午 05:16:57::2015-04-10 17:16:57:Application Start!

2015/4/10 下午 05:37:57::2015-04-10 17:37:57:Application End!

2015/4/10 下午 05:37:59::2015-04-10 17:37:59:Application Start!

2015/4/10 下午 05:58:59::2015-04-10 17:58:59:Application End!

2015/4/10 下午 05:59:01::2015-04-10 17:59:01:Application Start!

2015/4/10 下午 06:20:01::2015-04-10 18:20:01:Application End!

2015/4/10 下午 06:20:03::2015-04-10 18:20:03:Application Start!

2015/4/10 下午 06:41:03::2015-04-10 18:41:03:Application End!

2015/4/10 下午 06:41:05::2015-04-10 18:41:05:Application Start!

2015/4/10 下午 07:02:05::2015-04-10 19:02:05:Application End!

2015/4/10 下午 07:02:07::2015-04-10 19:02:07:Application Start!

2015/4/10 下午 07:23:08::2015-04-10 19:23:08:Application End!

2015/4/10 下午 07:23:16::2015-04-10 19:23:16:Application Start!

2015/4/10 下午 07:44:11::2015-04-10 19:44:11:Application End!

2015/4/10 下午 07:44:13::2015-04-10 19:44:13:Application Start!

2015/4/10 下午 08:05:13::2015-04-10 20:05:13:Application End!

2015/4/10 下午 08:05:15::2015-04-10 20:05:15:Application Start!

2015/4/10 下午 08:26:16::2015-04-10 20:26:16:Application End!

2015/4/10 下午 08:26:17::2015-04-10 20:26:17:Application Start!

2015/4/10 下午 08:47:19::2015-04-10 20:47:19:Application End!

2015/4/10 下午 08:47:21::2015-04-10 20:47:21:Application Start!

2015/4/10 下午 09:08:21::2015-04-10 21:08:21:Application End!

2015/4/10 下午 09:08:23::2015-04-10 21:08:23:Application Start!

2015/4/10 下午 09:49:24::2015-04-10 21:49:24:Application End!

2015/4/10 下午 09:49:25::2015-04-10 21:49:25:Application Start!

2015/4/10 下午 10:10:26::2015-04-10 22:10:26:Application End!

2015/4/10 下午 10:10:27::2015-04-10 22:10:27:Application Start!

2015/4/10 下午 10:31:28::2015-04-10 22:31:28:Application End!

2015/4/10 下午 10:31:30::2015-04-10 22:31:30:Application Start!

2015/4/10 下午 10:52:30::2015-04-10 22:52:30:Application End!

2015/4/10 下午 10:52:32::2015-04-10 22:52:32:Application Start!

2015/4/10 下午 11:13:32::2015-04-10 23:13:32:Application End!

2015/4/10 下午 11:13:34::2015-04-10 23:13:34:Application Start!

2015/4/10 下午 11:34:34::2015-04-10 23:34:34:Application End!

2015/4/10 下午 11:34:37::2015-04-10 23:34:37:Application Start!

2015/4/10 下午 11:55:37::2015-04-10 23:55:37:Application End!

2015/4/10 下午 11:55:38::2015-04-10 23:55:38:Application Start!

