2015/4/2 上午 12:06:29::2015-04-02 00:06:29:Application End!

2015/4/2 上午 12:06:31::2015-04-02 00:06:31:Application Start!

2015/4/2 上午 12:27:31::2015-04-02 00:27:31:Application End!

2015/4/2 上午 12:27:33::2015-04-02 00:27:33:Application Start!

2015/4/2 上午 12:48:33::2015-04-02 00:48:33:Application End!

2015/4/2 上午 12:48:35::2015-04-02 00:48:35:Application Start!

2015/4/2 上午 01:09:35::2015-04-02 01:09:35:Application End!

2015/4/2 上午 01:09:37::2015-04-02 01:09:37:Application Start!

2015/4/2 上午 01:30:38::2015-04-02 01:30:38:Application End!

2015/4/2 上午 01:30:39::2015-04-02 01:30:39:Application Start!

2015/4/2 上午 01:51:40::2015-04-02 01:51:40:Application End!

2015/4/2 上午 01:51:41::2015-04-02 01:51:41:Application Start!

2015/4/2 上午 02:12:42::2015-04-02 02:12:42:Application End!

2015/4/2 上午 02:12:44::2015-04-02 02:12:44:Application Start!

2015/4/2 上午 02:33:44::2015-04-02 02:33:44:Application End!

2015/4/2 上午 02:33:46::2015-04-02 02:33:46:Application Start!

2015/4/2 上午 02:57:46::2015-04-02 02:57:46:Application End!

2015/4/2 上午 02:57:48::2015-04-02 02:57:48:Application Start!

2015/4/2 上午 03:18:47::2015-04-02 03:18:47:Application End!

2015/4/2 上午 03:18:48::2015-04-02 03:18:48:Application Start!

2015/4/2 上午 03:39:49::2015-04-02 03:39:49:Application End!

2015/4/2 上午 03:39:50::2015-04-02 03:39:50:Application Start!

2015/4/2 上午 04:00:51::2015-04-02 04:00:51:Application End!

2015/4/2 上午 04:00:53::2015-04-02 04:00:52:Application Start!

2015/4/2 上午 04:21:53::2015-04-02 04:21:53:Application End!

2015/4/2 上午 04:21:55::2015-04-02 04:21:54:Application Start!

2015/4/2 上午 04:42:55::2015-04-02 04:42:55:Application End!

2015/4/2 上午 04:42:57::2015-04-02 04:42:56:Application Start!

2015/4/2 上午 05:03:57::2015-04-02 05:03:57:Application End!

2015/4/2 上午 05:03:59::2015-04-02 05:03:59:Application Start!

2015/4/2 上午 05:24:59::2015-04-02 05:24:59:Application End!

2015/4/2 上午 05:25:01::2015-04-02 05:25:01:Application Start!

2015/4/2 上午 05:46:01::2015-04-02 05:46:01:Application End!

2015/4/2 上午 05:46:09::2015-04-02 05:46:09:Application Start!

2015/4/2 上午 06:07:04::2015-04-02 06:07:04:Application End!

2015/4/2 上午 06:07:06::2015-04-02 06:07:06:Application Start!

2015/4/2 上午 06:28:07::2015-04-02 06:28:07:Application End!

2015/4/2 上午 06:28:08::2015-04-02 06:28:08:Application Start!

2015/4/2 上午 06:49:09::2015-04-02 06:49:09:Application End!

2015/4/2 上午 06:49:10::2015-04-02 06:49:10:Application Start!

2015/4/2 上午 07:10:11::2015-04-02 07:10:11:Application End!

2015/4/2 上午 07:10:12::2015-04-02 07:10:12:Application Start!

2015/4/2 上午 07:31:13::2015-04-02 07:31:13:Application End!

2015/4/2 上午 07:31:14::2015-04-02 07:31:14:Application Start!

2015/4/2 上午 07:52:15::2015-04-02 07:52:15:Application End!

2015/4/2 上午 07:52:16::2015-04-02 07:52:16:Application Start!

2015/4/2 上午 08:13:17::2015-04-02 08:13:17:Application End!

2015/4/2 上午 08:13:18::2015-04-02 08:13:18:Application Start!

2015/4/2 上午 08:34:19::2015-04-02 08:34:19:Application End!

2015/4/2 上午 08:34:20::2015-04-02 08:34:20:Application Start!

2015/4/2 上午 08:55:21::2015-04-02 08:55:21:Application End!

2015/4/2 上午 08:55:22::2015-04-02 08:55:22:Application Start!

2015/4/2 上午 09:16:23::2015-04-02 09:16:23:Application End!

2015/4/2 上午 09:16:24::2015-04-02 09:16:24:Application Start!

2015/4/2 上午 09:37:25::2015-04-02 09:37:25:Application End!

2015/4/2 上午 09:37:26::2015-04-02 09:37:26:Application Start!

2015/4/2 上午 09:58:27::2015-04-02 09:58:27:Application End!

2015/4/2 上午 09:58:29::2015-04-02 09:58:28:Application Start!

2015/4/2 上午 10:19:29::2015-04-02 10:19:29:Application End!

2015/4/2 上午 10:19:31::2015-04-02 10:19:31:Application Start!

2015/4/2 上午 10:20:00::2015-04-02 10:20:00:AutoTask is Working!

2015/4/2 下午 01:37:27::自動執行計算門禁考勤異常報表:true

2015/4/2 下午 01:57:32::2015-04-02 13:57:32:Application End!

2015/4/2 下午 01:57:34::2015-04-02 13:57:34:Application Start!

2015/4/2 下午 02:18:34::2015-04-02 14:18:34:Application End!

2015/4/2 下午 02:18:36::2015-04-02 14:18:36:Application Start!

2015/4/2 下午 02:39:37::2015-04-02 14:39:37:Application End!

2015/4/2 下午 02:39:38::2015-04-02 14:39:38:Application Start!

2015/4/2 下午 03:22:39::2015-04-02 15:22:39:Application End!

2015/4/2 下午 03:22:40::2015-04-02 15:22:40:Application Start!

2015/4/2 下午 03:43:41::2015-04-02 15:43:41:Application End!

2015/4/2 下午 03:43:43::2015-04-02 15:43:43:Application Start!

2015/4/2 下午 04:04:43::2015-04-02 16:04:43:Application End!

2015/4/2 下午 04:04:45::2015-04-02 16:04:45:Application Start!

2015/4/2 下午 04:25:45::2015-04-02 16:25:45:Application End!

2015/4/2 下午 04:25:47::2015-04-02 16:25:47:Application Start!

2015/4/2 下午 04:46:48::2015-04-02 16:46:48:Application End!

2015/4/2 下午 04:46:49::2015-04-02 16:46:49:Application Start!

2015/4/2 下午 05:07:50::2015-04-02 17:07:50:Application End!

2015/4/2 下午 05:07:51::2015-04-02 17:07:51:Application Start!

2015/4/2 下午 05:28:52::2015-04-02 17:28:52:Application End!

2015/4/2 下午 05:28:54::2015-04-02 17:28:54:Application Start!

2015/4/2 下午 05:49:54::2015-04-02 17:49:54:Application End!

2015/4/2 下午 05:49:56::2015-04-02 17:49:56:Application Start!

2015/4/2 下午 06:10:56::2015-04-02 18:10:56:Application End!

2015/4/2 下午 06:10:58::2015-04-02 18:10:58:Application Start!

2015/4/2 下午 06:31:58::2015-04-02 18:31:58:Application End!

2015/4/2 下午 06:32:00::2015-04-02 18:32:00:Application Start!

2015/4/2 下午 06:53:01::2015-04-02 18:53:01:Application End!

2015/4/2 下午 06:53:09::2015-04-02 18:53:09:Application Start!

2015/4/2 下午 07:18:05::2015-04-02 19:18:05:Application End!

2015/4/2 下午 07:18:06::2015-04-02 19:18:06:Application Start!

2015/4/2 下午 07:56:07::2015-04-02 19:56:07:Application End!

2015/4/2 下午 07:56:09::2015-04-02 19:56:09:Application Start!

2015/4/2 下午 08:17:09::2015-04-02 20:17:09:Application End!

2015/4/2 下午 08:17:11::2015-04-02 20:17:11:Application Start!

2015/4/2 下午 08:38:11::2015-04-02 20:38:11:Application End!

2015/4/2 下午 08:38:13::2015-04-02 20:38:13:Application Start!

2015/4/2 下午 08:59:13::2015-04-02 20:59:13:Application End!

2015/4/2 下午 08:59:15::2015-04-02 20:59:15:Application Start!

2015/4/2 下午 09:20:15::2015-04-02 21:20:15:Application End!

2015/4/2 下午 09:20:16::2015-04-02 21:20:16:Application Start!

2015/4/2 下午 09:41:16::2015-04-02 21:41:16:Application End!

2015/4/2 下午 09:41:18::2015-04-02 21:41:18:Application Start!

2015/4/2 下午 10:02:18::2015-04-02 22:02:18:Application End!

2015/4/2 下午 10:02:20::2015-04-02 22:02:20:Application Start!

2015/4/2 下午 10:23:20::2015-04-02 22:23:20:Application End!

2015/4/2 下午 10:23:22::2015-04-02 22:23:22:Application Start!

2015/4/2 下午 10:44:22::2015-04-02 22:44:22:Application End!

2015/4/2 下午 10:44:24::2015-04-02 22:44:24:Application Start!

2015/4/2 下午 11:05:24::2015-04-02 23:05:24:Application End!

2015/4/2 下午 11:05:26::2015-04-02 23:05:26:Application Start!

2015/4/2 下午 11:42:26::2015-04-02 23:42:26:Application End!

2015/4/2 下午 11:42:28::2015-04-02 23:42:28:Application Start!

