2015/2/3 上午 01:31:03::2015-02-03 01:31:03:Application End!

2015/2/3 上午 01:32:33::2015-02-03 01:32:33:Application Start!

2015/2/3 上午 03:32:35::2015-02-03 03:32:35:Application End!

2015/2/3 上午 03:34:05::2015-02-03 03:34:05:Application Start!

2015/2/3 上午 05:34:04::2015-02-03 05:34:04:Application End!

2015/2/3 上午 05:35:35::2015-02-03 05:35:35:Application Start!

2015/2/3 上午 07:35:35::2015-02-03 07:35:35:Application End!

2015/2/3 上午 07:37:06::2015-02-03 07:37:06:Application Start!

2015/2/3 上午 09:37:07::2015-02-03 09:37:07:Application End!

2015/2/3 上午 09:38:39::2015-02-03 09:38:39:Application Start!

2015/2/3 上午 10:20:00::2015-02-03 10:20:00:AutoTask is Working!

2015/2/3 上午 10:37:45==> Operate Description:用戶登錄, Operate Model:用戶管理, Operate creater:test Operate Type:登錄

2015/2/3 下午 01:26:40::自動執行計算門禁考勤異常報表:true

2015/2/3 下午 02:07:20::2015-02-03 14:07:20:Application End!

2015/2/3 下午 02:13:14::2015-02-03 14:13:14:Application Start!

2015/2/3 下午 02:21:37::2015-02-03 14:21:37:Application End!

2015/2/3 下午 02:22:09::2015-02-03 14:22:09:Application Start!

2015/2/3 下午 02:37:09::2015-02-03 14:37:09:Application Start!

2015/2/3 下午 02:37:33==> Operate Description:用戶登錄, Operate Model:用戶管理, Operate creater:test Operate Type:登錄

2015/2/3 下午 02:50:29::2015-02-03 14:50:29:Application End!

2015/2/3 下午 02:51:00::2015-02-03 14:51:00:Application Start!

2015/2/3 下午 02:58:57::2015-02-03 14:58:57:Application End!

2015/2/3 下午 03:09:47::2015-02-03 15:09:47:Application Start!

2015/2/3 下午 03:21:45::2015-02-03 15:21:45:Application Start!

2015/2/3 下午 06:50:27::2015-02-03 18:50:27:Application End!

2015/2/3 下午 09:24:18::2015-02-03 21:24:18:Application End!

