2015/2/21 上午 12:15:21::2015-02-21 00:15:21:Application End!

2015/2/21 上午 12:15:22::2015-02-21 00:15:22:Application Start!

2015/2/21 上午 12:36:23::2015-02-21 00:36:23:Application End!

2015/2/21 上午 12:36:24::2015-02-21 00:36:24:Application Start!

2015/2/21 上午 12:57:25::2015-02-21 00:57:25:Application End!

2015/2/21 上午 12:57:26::2015-02-21 00:57:26:Application Start!

2015/2/21 上午 01:18:27::2015-02-21 01:18:27:Application End!

2015/2/21 上午 01:18:28::2015-02-21 01:18:28:Application Start!

2015/2/21 上午 01:39:29::2015-02-21 01:39:29:Application End!

2015/2/21 上午 01:39:30::2015-02-21 01:39:30:Application Start!

2015/2/21 上午 02:17:31::2015-02-21 02:17:31:Application End!

2015/2/21 上午 02:17:33::2015-02-21 02:17:33:Application Start!

2015/2/21 上午 02:38:33::2015-02-21 02:38:33:Application End!

2015/2/21 上午 02:38:35::2015-02-21 02:38:35:Application Start!

2015/2/21 上午 02:59:35::2015-02-21 02:59:35:Application End!

2015/2/21 上午 02:59:37::2015-02-21 02:59:37:Application Start!

2015/2/21 上午 03:20:37::2015-02-21 03:20:37:Application End!

2015/2/21 上午 03:20:39::2015-02-21 03:20:39:Application Start!

2015/2/21 上午 03:41:39::2015-02-21 03:41:39:Application End!

2015/2/21 上午 03:41:41::2015-02-21 03:41:41:Application Start!

2015/2/21 上午 04:02:41::2015-02-21 04:02:41:Application End!

2015/2/21 上午 04:02:43::2015-02-21 04:02:43:Application Start!

2015/2/21 上午 04:23:43::2015-02-21 04:23:43:Application End!

2015/2/21 上午 04:23:45::2015-02-21 04:23:45:Application Start!

2015/2/21 上午 04:44:45::2015-02-21 04:44:45:Application End!

2015/2/21 上午 04:44:47::2015-02-21 04:44:47:Application Start!

2015/2/21 上午 05:05:47::2015-02-21 05:05:47:Application End!

2015/2/21 上午 05:05:49::2015-02-21 05:05:49:Application Start!

2015/2/21 上午 05:26:49::2015-02-21 05:26:49:Application End!

2015/2/21 上午 05:26:51::2015-02-21 05:26:51:Application Start!

2015/2/21 上午 05:47:51::2015-02-21 05:47:51:Application End!

2015/2/21 上午 05:47:53::2015-02-21 05:47:53:Application Start!

2015/2/21 上午 06:08:53::2015-02-21 06:08:53:Application End!

2015/2/21 上午 06:08:55::2015-02-21 06:08:55:Application Start!

2015/2/21 上午 06:29:55::2015-02-21 06:29:55:Application End!

2015/2/21 上午 06:29:57::2015-02-21 06:29:57:Application Start!

2015/2/21 上午 07:51:59::2015-02-21 07:51:59:Application End!

2015/2/21 上午 07:52:03::2015-02-21 07:52:03:Application Start!

2015/2/21 上午 08:27:02::2015-02-21 08:27:02:Application End!

2015/2/21 上午 08:27:04::2015-02-21 08:27:04:Application Start!

2015/2/21 上午 08:48:04::2015-02-21 08:48:04:Application End!

2015/2/21 上午 08:48:06::2015-02-21 08:48:06:Application Start!

2015/2/21 上午 09:09:06::2015-02-21 09:09:06:Application End!

2015/2/21 上午 09:09:08::2015-02-21 09:09:08:Application Start!

2015/2/21 上午 09:30:08::2015-02-21 09:30:08:Application End!

2015/2/21 上午 09:30:10::2015-02-21 09:30:10:Application Start!

2015/2/21 上午 09:51:11::2015-02-21 09:51:11:Application End!

2015/2/21 上午 09:51:12::2015-02-21 09:51:12:Application Start!

2015/2/21 上午 10:12:13::2015-02-21 10:12:13:Application End!

2015/2/21 上午 10:12:14::2015-02-21 10:12:14:Application Start!

2015/2/21 上午 10:20:00::2015-02-21 10:20:00:AutoTask is Working!

2015/2/21 下午 12:34:54::自動執行計算門禁考勤異常報表:true

2015/2/21 下午 12:55:15::2015-02-21 12:55:15:Application End!

2015/2/21 下午 12:55:17::2015-02-21 12:55:17:Application Start!

2015/2/21 下午 01:16:17::2015-02-21 13:16:17:Application End!

2015/2/21 下午 01:16:19::2015-02-21 13:16:19:Application Start!

2015/2/21 下午 01:37:19::2015-02-21 13:37:19:Application End!

2015/2/21 下午 01:37:21::2015-02-21 13:37:21:Application Start!

2015/2/21 下午 01:58:22::2015-02-21 13:58:22:Application End!

2015/2/21 下午 01:58:23::2015-02-21 13:58:23:Application Start!

2015/2/21 下午 02:19:24::2015-02-21 14:19:24:Application End!

2015/2/21 下午 02:19:26::2015-02-21 14:19:25:Application Start!

2015/2/21 下午 02:40:26::2015-02-21 14:40:26:Application End!

2015/2/21 下午 02:40:28::2015-02-21 14:40:28:Application Start!

2015/2/21 下午 03:01:28::2015-02-21 15:01:28:Application End!

2015/2/21 下午 03:01:30::2015-02-21 15:01:30:Application Start!

2015/2/21 下午 03:22:30::2015-02-21 15:22:30:Application End!

2015/2/21 下午 03:22:32::2015-02-21 15:22:32:Application Start!

2015/2/21 下午 03:43:32::2015-02-21 15:43:32:Application End!

2015/2/21 下午 03:43:34::2015-02-21 15:43:34:Application Start!

2015/2/21 下午 04:04:35::2015-02-21 16:04:35:Application End!

2015/2/21 下午 04:04:36::2015-02-21 16:04:36:Application Start!

2015/2/21 下午 04:25:36::2015-02-21 16:25:36:Application End!

2015/2/21 下午 04:25:38::2015-02-21 16:25:38:Application Start!

2015/2/21 下午 04:46:37::2015-02-21 16:46:37:Application End!

2015/2/21 下午 04:46:39::2015-02-21 16:46:39:Application Start!

2015/2/21 下午 05:07:39::2015-02-21 17:07:39:Application End!

2015/2/21 下午 05:07:41::2015-02-21 17:07:41:Application Start!

2015/2/21 下午 05:28:41::2015-02-21 17:28:41:Application End!

2015/2/21 下午 05:28:43::2015-02-21 17:28:43:Application Start!

2015/2/21 下午 05:49:43::2015-02-21 17:49:43:Application End!

2015/2/21 下午 05:49:45::2015-02-21 17:49:45:Application Start!

2015/2/21 下午 06:10:45::2015-02-21 18:10:45:Application End!

2015/2/21 下午 06:10:47::2015-02-21 18:10:47:Application Start!

2015/2/21 下午 06:31:47::2015-02-21 18:31:47:Application End!

2015/2/21 下午 06:31:49::2015-02-21 18:31:49:Application Start!

2015/2/21 下午 06:52:50::2015-02-21 18:52:49:Application End!

2015/2/21 下午 06:52:51::2015-02-21 18:52:51:Application Start!

2015/2/21 下午 07:13:52::2015-02-21 19:13:52:Application End!

2015/2/21 下午 07:13:53::2015-02-21 19:13:53:Application Start!

2015/2/21 下午 07:34:54::2015-02-21 19:34:54:Application End!

2015/2/21 下午 07:34:55::2015-02-21 19:34:55:Application Start!

2015/2/21 下午 07:55:56::2015-02-21 19:55:56:Application End!

2015/2/21 下午 07:55:57::2015-02-21 19:55:57:Application Start!

2015/2/21 下午 08:16:58::2015-02-21 20:16:58:Application End!

2015/2/21 下午 08:16:59::2015-02-21 20:16:59:Application Start!

2015/2/21 下午 08:38:00::2015-02-21 20:38:00:Application End!

2015/2/21 下午 08:38:01::2015-02-21 20:38:01:Application Start!

2015/2/21 下午 08:59:02::2015-02-21 20:59:02:Application End!

2015/2/21 下午 08:59:04::2015-02-21 20:59:03:Application Start!

2015/2/21 下午 09:20:04::2015-02-21 21:20:04:Application End!

2015/2/21 下午 09:20:06::2015-02-21 21:20:06:Application Start!

2015/2/21 下午 09:41:06::2015-02-21 21:41:06:Application End!

2015/2/21 下午 09:41:08::2015-02-21 21:41:08:Application Start!

2015/2/21 下午 10:02:08::2015-02-21 22:02:08:Application End!

2015/2/21 下午 10:02:10::2015-02-21 22:02:10:Application Start!

2015/2/21 下午 10:23:10::2015-02-21 22:23:10:Application End!

2015/2/21 下午 10:23:12::2015-02-21 22:23:12:Application Start!

2015/2/21 下午 10:44:12::2015-02-21 22:44:12:Application End!

2015/2/21 下午 10:44:14::2015-02-21 22:44:14:Application Start!

2015/2/21 下午 11:05:14::2015-02-21 23:05:14:Application End!

2015/2/21 下午 11:05:16::2015-02-21 23:05:16:Application Start!

2015/2/21 下午 11:26:16::2015-02-21 23:26:16:Application End!

2015/2/21 下午 11:26:18::2015-02-21 23:26:18:Application Start!

2015/2/21 下午 11:47:18::2015-02-21 23:47:18:Application End!

2015/2/21 下午 11:47:20::2015-02-21 23:47:20:Application Start!

