2015/4/19 上午 12:15:07::2015-04-19 00:15:07:Application End!

2015/4/19 上午 12:15:08::2015-04-19 00:15:08:Application Start!

2015/4/19 上午 12:36:09::2015-04-19 00:36:09:Application End!

2015/4/19 上午 12:36:10::2015-04-19 00:36:10:Application Start!

2015/4/19 上午 12:57:11::2015-04-19 00:57:11:Application End!

2015/4/19 上午 12:57:12::2015-04-19 00:57:12:Application Start!

2015/4/19 上午 01:18:13::2015-04-19 01:18:13:Application End!

2015/4/19 上午 01:18:14::2015-04-19 01:18:14:Application Start!

2015/4/19 上午 01:39:15::2015-04-19 01:39:15:Application End!

2015/4/19 上午 01:39:16::2015-04-19 01:39:16:Application Start!

2015/4/19 上午 02:00:17::2015-04-19 02:00:17:Application End!

2015/4/19 上午 02:00:19::2015-04-19 02:00:19:Application Start!

2015/4/19 上午 02:21:19::2015-04-19 02:21:19:Application End!

2015/4/19 上午 02:21:21::2015-04-19 02:21:21:Application Start!

2015/4/19 上午 02:42:21::2015-04-19 02:42:21:Application End!

2015/4/19 上午 02:42:23::2015-04-19 02:42:23:Application Start!

2015/4/19 上午 03:03:23::2015-04-19 03:03:23:Application End!

2015/4/19 上午 03:03:25::2015-04-19 03:03:25:Application Start!

2015/4/19 上午 03:24:25::2015-04-19 03:24:25:Application End!

2015/4/19 上午 03:24:27::2015-04-19 03:24:27:Application Start!

2015/4/19 上午 03:45:27::2015-04-19 03:45:27:Application End!

2015/4/19 上午 03:45:29::2015-04-19 03:45:29:Application Start!

2015/4/19 上午 04:06:29::2015-04-19 04:06:29:Application End!

2015/4/19 上午 04:06:31::2015-04-19 04:06:31:Application Start!

2015/4/19 上午 04:27:31::2015-04-19 04:27:31:Application End!

2015/4/19 上午 04:27:33::2015-04-19 04:27:33:Application Start!

2015/4/19 上午 04:48:34::2015-04-19 04:48:34:Application End!

2015/4/19 上午 04:48:36::2015-04-19 04:48:36:Application Start!

2015/4/19 上午 05:09:37::2015-04-19 05:09:37:Application End!

2015/4/19 上午 05:09:39::2015-04-19 05:09:39:Application Start!

2015/4/19 上午 05:30:39::2015-04-19 05:30:39:Application End!

2015/4/19 上午 05:30:41::2015-04-19 05:30:41:Application Start!

2015/4/19 上午 05:51:41::2015-04-19 05:51:41:Application End!

2015/4/19 上午 05:51:43::2015-04-19 05:51:43:Application Start!

2015/4/19 上午 06:12:43::2015-04-19 06:12:43:Application End!

2015/4/19 上午 06:12:45::2015-04-19 06:12:45:Application Start!

2015/4/19 上午 06:33:45::2015-04-19 06:33:45:Application End!

2015/4/19 上午 06:33:47::2015-04-19 06:33:47:Application Start!

2015/4/19 上午 06:54:47::2015-04-19 06:54:47:Application End!

2015/4/19 上午 06:54:49::2015-04-19 06:54:49:Application Start!

2015/4/19 上午 07:15:50::2015-04-19 07:15:50:Application End!

2015/4/19 上午 07:15:51::2015-04-19 07:15:51:Application Start!

2015/4/19 上午 07:36:52::2015-04-19 07:36:52:Application End!

2015/4/19 上午 07:36:53::2015-04-19 07:36:53:Application Start!

2015/4/19 上午 07:57:54::2015-04-19 07:57:54:Application End!

2015/4/19 上午 07:57:56::2015-04-19 07:57:56:Application Start!

2015/4/19 上午 08:18:56::2015-04-19 08:18:56:Application End!

2015/4/19 上午 08:19:00::2015-04-19 08:19:00:Application Start!

2015/4/19 上午 08:39:59::2015-04-19 08:39:59:Application End!

2015/4/19 上午 08:40:01::2015-04-19 08:40:01:Application Start!

2015/4/19 上午 09:01:01::2015-04-19 09:01:01:Application End!

2015/4/19 上午 09:01:03::2015-04-19 09:01:03:Application Start!

2015/4/19 上午 09:22:04::2015-04-19 09:22:04:Application End!

2015/4/19 上午 09:22:05::2015-04-19 09:22:05:Application Start!

2015/4/19 上午 09:43:06::2015-04-19 09:43:06:Application End!

2015/4/19 上午 09:43:07::2015-04-19 09:43:07:Application Start!

2015/4/19 上午 10:04:08::2015-04-19 10:04:08:Application End!

2015/4/19 上午 10:04:10::2015-04-19 10:04:10:Application Start!

2015/4/19 上午 10:20:00::2015-04-19 10:20:00:AutoTask is Working!

2015/4/19 下午 01:38:14::自動執行計算門禁考勤異常報表:true

2015/4/19 下午 01:59:09::2015-04-19 13:59:09:Application End!

2015/4/19 下午 01:59:11::2015-04-19 13:59:11:Application Start!

2015/4/19 下午 02:20:11::2015-04-19 14:20:11:Application End!

2015/4/19 下午 02:20:13::2015-04-19 14:20:13:Application Start!

2015/4/19 下午 02:41:13::2015-04-19 14:41:13:Application End!

2015/4/19 下午 02:41:15::2015-04-19 14:41:15:Application Start!

2015/4/19 下午 03:14:15::2015-04-19 15:14:15:Application End!

2015/4/19 下午 03:14:18::2015-04-19 15:14:18:Application Start!

2015/4/19 下午 03:35:17::2015-04-19 15:35:17:Application End!

2015/4/19 下午 03:35:19::2015-04-19 15:35:19:Application Start!

2015/4/19 下午 03:56:20::2015-04-19 15:56:20:Application End!

2015/4/19 下午 03:56:23::2015-04-19 15:56:23:Application Start!

2015/4/19 下午 04:17:22::2015-04-19 16:17:22:Application End!

2015/4/19 下午 04:17:24::2015-04-19 16:17:24:Application Start!

2015/4/19 下午 04:38:24::2015-04-19 16:38:24:Application End!

2015/4/19 下午 04:38:26::2015-04-19 16:38:26:Application Start!

2015/4/19 下午 04:59:26::2015-04-19 16:59:26:Application End!

2015/4/19 下午 04:59:28::2015-04-19 16:59:28:Application Start!

2015/4/19 下午 05:20:28::2015-04-19 17:20:28:Application End!

2015/4/19 下午 05:20:30::2015-04-19 17:20:30:Application Start!

2015/4/19 下午 05:41:30::2015-04-19 17:41:30:Application End!

2015/4/19 下午 05:41:32::2015-04-19 17:41:32:Application Start!

2015/4/19 下午 06:02:32::2015-04-19 18:02:32:Application End!

2015/4/19 下午 06:02:34::2015-04-19 18:02:34:Application Start!

2015/4/19 下午 06:23:34::2015-04-19 18:23:34:Application End!

2015/4/19 下午 06:23:36::2015-04-19 18:23:36:Application Start!

2015/4/19 下午 06:44:36::2015-04-19 18:44:36:Application End!

2015/4/19 下午 06:44:38::2015-04-19 18:44:38:Application Start!

2015/4/19 下午 07:05:38::2015-04-19 19:05:38:Application End!

2015/4/19 下午 07:05:40::2015-04-19 19:05:40:Application Start!

2015/4/19 下午 07:26:41::2015-04-19 19:26:41:Application End!

2015/4/19 下午 07:26:42::2015-04-19 19:26:42:Application Start!

2015/4/19 下午 07:47:43::2015-04-19 19:47:43:Application End!

2015/4/19 下午 07:47:49::2015-04-19 19:47:49:Application Start!

2015/4/19 下午 08:08:46::2015-04-19 20:08:46:Application End!

2015/4/19 下午 08:08:48::2015-04-19 20:08:48:Application Start!

2015/4/19 下午 08:29:48::2015-04-19 20:29:48:Application End!

2015/4/19 下午 08:29:50::2015-04-19 20:29:50:Application Start!

2015/4/19 下午 08:50:50::2015-04-19 20:50:50:Application End!

2015/4/19 下午 08:50:52::2015-04-19 20:50:52:Application Start!

2015/4/19 下午 09:11:52::2015-04-19 21:11:52:Application End!

2015/4/19 下午 09:11:54::2015-04-19 21:11:54:Application Start!

2015/4/19 下午 09:32:54::2015-04-19 21:32:54:Application End!

2015/4/19 下午 09:32:56::2015-04-19 21:32:56:Application Start!

2015/4/19 下午 09:53:56::2015-04-19 21:53:56:Application End!

2015/4/19 下午 09:53:58::2015-04-19 21:53:58:Application Start!

2015/4/19 下午 10:14:58::2015-04-19 22:14:58:Application End!

2015/4/19 下午 10:15:00::2015-04-19 22:15:00:Application Start!

2015/4/19 下午 10:36:01::2015-04-19 22:36:01:Application End!

2015/4/19 下午 10:36:02::2015-04-19 22:36:02:Application Start!

2015/4/19 下午 11:10:04::2015-04-19 23:10:04:Application End!

2015/4/19 下午 11:10:06::2015-04-19 23:10:06:Application Start!

2015/4/19 下午 11:31:05::2015-04-19 23:31:05:Application End!

2015/4/19 下午 11:31:07::2015-04-19 23:31:07:Application Start!

2015/4/19 下午 11:52:07::2015-04-19 23:52:07:Application End!

2015/4/19 下午 11:52:09::2015-04-19 23:52:09:Application Start!

