2015/2/16 上午 12:12:35::2015-02-16 00:12:35:Application End!

2015/2/16 上午 12:12:36::2015-02-16 00:12:36:Application Start!

2015/2/16 上午 12:33:37::2015-02-16 00:33:37:Application End!

2015/2/16 上午 12:33:39::2015-02-16 00:33:39:Application Start!

2015/2/16 上午 12:54:39::2015-02-16 00:54:39:Application End!

2015/2/16 上午 12:54:41::2015-02-16 00:54:41:Application Start!

2015/2/16 上午 01:15:41::2015-02-16 01:15:41:Application End!

2015/2/16 上午 01:15:43::2015-02-16 01:15:43:Application Start!

2015/2/16 上午 01:36:43::2015-02-16 01:36:43:Application End!

2015/2/16 上午 01:36:45::2015-02-16 01:36:45:Application Start!

2015/2/16 上午 01:57:45::2015-02-16 01:57:45:Application End!

2015/2/16 上午 01:57:47::2015-02-16 01:57:47:Application Start!

2015/2/16 上午 02:18:48::2015-02-16 02:18:48:Application End!

2015/2/16 上午 02:18:49::2015-02-16 02:18:49:Application Start!

2015/2/16 上午 02:39:50::2015-02-16 02:39:50:Application End!

2015/2/16 上午 02:39:51::2015-02-16 02:39:51:Application Start!

2015/2/16 上午 03:00:52::2015-02-16 03:00:52:Application End!

2015/2/16 上午 03:00:54::2015-02-16 03:00:54:Application Start!

2015/2/16 上午 03:21:54::2015-02-16 03:21:54:Application End!

2015/2/16 上午 03:21:56::2015-02-16 03:21:56:Application Start!

2015/2/16 上午 03:42:56::2015-02-16 03:42:56:Application End!

2015/2/16 上午 03:42:58::2015-02-16 03:42:58:Application Start!

2015/2/16 上午 04:03:58::2015-02-16 04:03:58:Application End!

2015/2/16 上午 04:04:00::2015-02-16 04:04:00:Application Start!

2015/2/16 上午 04:25:01::2015-02-16 04:25:01:Application End!

2015/2/16 上午 04:25:02::2015-02-16 04:25:02:Application Start!

2015/2/16 上午 04:46:03::2015-02-16 04:46:03:Application End!

2015/2/16 上午 04:46:04::2015-02-16 04:46:04:Application Start!

2015/2/16 上午 05:07:05::2015-02-16 05:07:05:Application End!

2015/2/16 上午 05:07:07::2015-02-16 05:07:07:Application Start!

2015/2/16 上午 05:28:07::2015-02-16 05:28:07:Application End!

2015/2/16 上午 05:28:09::2015-02-16 05:28:09:Application Start!

2015/2/16 上午 05:49:09::2015-02-16 05:49:09:Application End!

2015/2/16 上午 05:49:11::2015-02-16 05:49:11:Application Start!

2015/2/16 上午 06:10:11::2015-02-16 06:10:11:Application End!

2015/2/16 上午 06:10:13::2015-02-16 06:10:13:Application Start!

2015/2/16 上午 06:31:13::2015-02-16 06:31:13:Application End!

2015/2/16 上午 06:31:15::2015-02-16 06:31:15:Application Start!

2015/2/16 上午 06:52:16::2015-02-16 06:52:16:Application End!

2015/2/16 上午 06:52:17::2015-02-16 06:52:17:Application Start!

2015/2/16 上午 07:13:18::2015-02-16 07:13:18:Application End!

2015/2/16 上午 07:13:20::2015-02-16 07:13:20:Application Start!

2015/2/16 上午 07:34:20::2015-02-16 07:34:20:Application End!

2015/2/16 上午 07:34:22::2015-02-16 07:34:22:Application Start!

2015/2/16 上午 07:55:22::2015-02-16 07:55:22:Application End!

2015/2/16 上午 07:55:24::2015-02-16 07:55:24:Application Start!

2015/2/16 上午 08:16:24::2015-02-16 08:16:24:Application End!

2015/2/16 上午 08:16:26::2015-02-16 08:16:26:Application Start!

2015/2/16 上午 08:37:27::2015-02-16 08:37:27:Application End!

2015/2/16 上午 08:37:28::2015-02-16 08:37:28:Application Start!

2015/2/16 上午 08:58:29::2015-02-16 08:58:29:Application End!

2015/2/16 上午 08:58:33::2015-02-16 08:58:33:Application Start!

2015/2/16 上午 09:25:30::2015-02-16 09:25:30:Application End!

2015/2/16 上午 09:25:32::2015-02-16 09:25:32:Application Start!

2015/2/16 上午 09:46:32::2015-02-16 09:46:32:Application End!

2015/2/16 上午 09:46:34::2015-02-16 09:46:34:Application Start!

2015/2/16 上午 10:07:34::2015-02-16 10:07:34:Application End!

2015/2/16 上午 10:07:36::2015-02-16 10:07:36:Application Start!

2015/2/16 上午 10:20:00::2015-02-16 10:20:00:AutoTask is Working!

2015/2/16 上午 11:54:10::自動執行計算門禁考勤異常報表:true

2015/2/16 下午 12:14:36::2015-02-16 12:14:36:Application End!

2015/2/16 下午 12:14:38::2015-02-16 12:14:38:Application Start!

2015/2/16 下午 12:35:38::2015-02-16 12:35:38:Application End!

2015/2/16 下午 12:35:40::2015-02-16 12:35:40:Application Start!

2015/2/16 下午 12:56:40::2015-02-16 12:56:40:Application End!

2015/2/16 下午 12:56:42::2015-02-16 12:56:42:Application Start!

2015/2/16 下午 01:17:42::2015-02-16 13:17:42:Application End!

2015/2/16 下午 01:17:44::2015-02-16 13:17:44:Application Start!

2015/2/16 下午 01:38:44::2015-02-16 13:38:44:Application End!

2015/2/16 下午 01:38:46::2015-02-16 13:38:46:Application Start!

2015/2/16 下午 01:59:46::2015-02-16 13:59:46:Application End!

2015/2/16 下午 01:59:48::2015-02-16 13:59:48:Application Start!

2015/2/16 下午 02:20:48::2015-02-16 14:20:48:Application End!

2015/2/16 下午 02:20:50::2015-02-16 14:20:50:Application Start!

2015/2/16 下午 02:41:50::2015-02-16 14:41:50:Application End!

2015/2/16 下午 02:41:52::2015-02-16 14:41:52:Application Start!

2015/2/16 下午 03:02:53::2015-02-16 15:02:52:Application End!

2015/2/16 下午 03:02:54::2015-02-16 15:02:54:Application Start!

2015/2/16 下午 03:23:55::2015-02-16 15:23:55:Application End!

2015/2/16 下午 03:23:56::2015-02-16 15:23:56:Application Start!

2015/2/16 下午 03:44:57::2015-02-16 15:44:57:Application End!

2015/2/16 下午 03:44:58::2015-02-16 15:44:58:Application Start!

2015/2/16 下午 04:05:59::2015-02-16 16:05:59:Application End!

2015/2/16 下午 04:06:00::2015-02-16 16:06:00:Application Start!

2015/2/16 下午 04:27:01::2015-02-16 16:27:01:Application End!

2015/2/16 下午 04:27:09::2015-02-16 16:27:09:Application Start!

2015/2/16 下午 04:48:05::2015-02-16 16:48:05:Application End!

2015/2/16 下午 04:48:06::2015-02-16 16:48:06:Application Start!

2015/2/16 下午 05:09:07::2015-02-16 17:09:07:Application End!

2015/2/16 下午 05:09:08::2015-02-16 17:09:08:Application Start!

2015/2/16 下午 05:30:09::2015-02-16 17:30:09:Application End!

2015/2/16 下午 05:30:11::2015-02-16 17:30:10:Application Start!

2015/2/16 下午 05:51:11::2015-02-16 17:51:11:Application End!

2015/2/16 下午 05:51:13::2015-02-16 17:51:13:Application Start!

2015/2/16 下午 06:12:14::2015-02-16 18:12:14:Application End!

2015/2/16 下午 06:12:16::2015-02-16 18:12:16:Application Start!

2015/2/16 下午 06:33:17::2015-02-16 18:33:17:Application End!

2015/2/16 下午 06:33:18::2015-02-16 18:33:18:Application Start!

2015/2/16 下午 06:54:19::2015-02-16 18:54:19:Application End!

2015/2/16 下午 06:54:20::2015-02-16 18:54:20:Application Start!

2015/2/16 下午 07:29:21::2015-02-16 19:29:21:Application End!

2015/2/16 下午 07:29:23::2015-02-16 19:29:23:Application Start!

2015/2/16 下午 07:50:23::2015-02-16 19:50:23:Application End!

2015/2/16 下午 07:50:25::2015-02-16 19:50:25:Application Start!

2015/2/16 下午 08:11:25::2015-02-16 20:11:25:Application End!

2015/2/16 下午 08:11:27::2015-02-16 20:11:27:Application Start!

2015/2/16 下午 08:32:27::2015-02-16 20:32:27:Application End!

2015/2/16 下午 08:32:29::2015-02-16 20:32:29:Application Start!

2015/2/16 下午 08:53:30::2015-02-16 20:53:30:Application End!

2015/2/16 下午 08:53:31::2015-02-16 20:53:31:Application Start!

2015/2/16 下午 09:14:32::2015-02-16 21:14:32:Application End!

2015/2/16 下午 09:14:33::2015-02-16 21:14:33:Application Start!

2015/2/16 下午 09:35:34::2015-02-16 21:35:34:Application End!

2015/2/16 下午 09:35:36::2015-02-16 21:35:36:Application Start!

2015/2/16 下午 09:56:36::2015-02-16 21:56:36:Application End!

2015/2/16 下午 09:56:38::2015-02-16 21:56:38:Application Start!

2015/2/16 下午 10:17:38::2015-02-16 22:17:38:Application End!

2015/2/16 下午 10:17:40::2015-02-16 22:17:40:Application Start!

2015/2/16 下午 10:38:40::2015-02-16 22:38:40:Application End!

2015/2/16 下午 10:38:42::2015-02-16 22:38:42:Application Start!

2015/2/16 下午 10:59:43::2015-02-16 22:59:43:Application End!

2015/2/16 下午 10:59:44::2015-02-16 22:59:44:Application Start!

2015/2/16 下午 11:20:45::2015-02-16 23:20:45:Application End!

2015/2/16 下午 11:20:46::2015-02-16 23:20:46:Application Start!

2015/2/16 下午 11:41:47::2015-02-16 23:41:47:Application End!

2015/2/16 下午 11:41:49::2015-02-16 23:41:49:Application Start!

