2015/4/26 上午 12:08:06::2015-04-26 00:08:06:Application End!

2015/4/26 上午 12:08:07::2015-04-26 00:08:07:Application Start!

2015/4/26 上午 12:29:08::2015-04-26 00:29:08:Application End!

2015/4/26 上午 12:29:10::2015-04-26 00:29:10:Application Start!

2015/4/26 上午 12:50:11::2015-04-26 00:50:11:Application End!

2015/4/26 上午 12:50:13::2015-04-26 00:50:13:Application Start!

2015/4/26 上午 01:11:14::2015-04-26 01:11:14:Application End!

2015/4/26 上午 01:11:15::2015-04-26 01:11:15:Application Start!

2015/4/26 上午 01:32:16::2015-04-26 01:32:16:Application End!

2015/4/26 上午 01:32:17::2015-04-26 01:32:17:Application Start!

2015/4/26 上午 01:53:18::2015-04-26 01:53:18:Application End!

2015/4/26 上午 01:53:20::2015-04-26 01:53:20:Application Start!

2015/4/26 上午 02:14:20::2015-04-26 02:14:20:Application End!

2015/4/26 上午 02:14:22::2015-04-26 02:14:22:Application Start!

2015/4/26 上午 02:35:22::2015-04-26 02:35:22:Application End!

2015/4/26 上午 02:35:24::2015-04-26 02:35:24:Application Start!

2015/4/26 上午 02:56:24::2015-04-26 02:56:24:Application End!

2015/4/26 上午 02:56:26::2015-04-26 02:56:26:Application Start!

2015/4/26 上午 03:17:27::2015-04-26 03:17:27:Application End!

2015/4/26 上午 03:17:28::2015-04-26 03:17:28:Application Start!

2015/4/26 上午 03:38:29::2015-04-26 03:38:29:Application End!

2015/4/26 上午 03:38:37::2015-04-26 03:38:37:Application Start!

2015/4/26 上午 03:59:32::2015-04-26 03:59:32:Application End!

2015/4/26 上午 03:59:34::2015-04-26 03:59:34:Application Start!

2015/4/26 上午 04:20:35::2015-04-26 04:20:35:Application End!

2015/4/26 上午 04:20:36::2015-04-26 04:20:36:Application Start!

2015/4/26 上午 04:53:37::2015-04-26 04:53:37:Application End!

2015/4/26 上午 04:53:39::2015-04-26 04:53:39:Application Start!

2015/4/26 上午 05:14:39::2015-04-26 05:14:39:Application End!

2015/4/26 上午 05:14:41::2015-04-26 05:14:41:Application Start!

2015/4/26 上午 05:35:41::2015-04-26 05:35:41:Application End!

2015/4/26 上午 05:35:43::2015-04-26 05:35:43:Application Start!

2015/4/26 上午 06:13:43::2015-04-26 06:13:43:Application End!

2015/4/26 上午 06:13:45::2015-04-26 06:13:45:Application Start!

2015/4/26 上午 06:34:46::2015-04-26 06:34:46:Application End!

2015/4/26 上午 06:34:47::2015-04-26 06:34:47:Application Start!

2015/4/26 上午 06:55:48::2015-04-26 06:55:48:Application End!

2015/4/26 上午 06:55:50::2015-04-26 06:55:50:Application Start!

2015/4/26 上午 07:16:50::2015-04-26 07:16:50:Application End!

2015/4/26 上午 07:16:52::2015-04-26 07:16:52:Application Start!

2015/4/26 上午 07:37:52::2015-04-26 07:37:52:Application End!

2015/4/26 上午 07:37:54::2015-04-26 07:37:54:Application Start!

2015/4/26 上午 07:58:54::2015-04-26 07:58:54:Application End!

2015/4/26 上午 07:58:56::2015-04-26 07:58:56:Application Start!

2015/4/26 上午 08:19:56::2015-04-26 08:19:56:Application End!

2015/4/26 上午 08:19:58::2015-04-26 08:19:58:Application Start!

2015/4/26 上午 08:40:59::2015-04-26 08:40:59:Application End!

2015/4/26 上午 08:41:01::2015-04-26 08:41:01:Application Start!

2015/4/26 上午 09:02:01::2015-04-26 09:02:01:Application End!

2015/4/26 上午 09:02:03::2015-04-26 09:02:03:Application Start!

2015/4/26 上午 09:23:03::2015-04-26 09:23:03:Application End!

2015/4/26 上午 09:23:05::2015-04-26 09:23:05:Application Start!

2015/4/26 上午 09:44:04::2015-04-26 09:44:04:Application End!

2015/4/26 上午 09:44:06::2015-04-26 09:44:06:Application Start!

2015/4/26 上午 10:05:06::2015-04-26 10:05:06:Application End!

2015/4/26 上午 10:05:07::2015-04-26 10:05:07:Application Start!

2015/4/26 上午 10:20:00::2015-04-26 10:20:00:AutoTask is Working!

2015/4/26 下午 01:39:59==> Errors Description:作業逾時Errors Location:   於 System.Net.HttpWebRequest.GetResponse()
   於 ePortal.Web.Core.Job.AttendanceAnomalyJob.ExecuteJob() 於 e:\ePortal\ePortal.Web.Core\Job\AttendanceAnomalyJob.cs: 行 26

2015/4/26 下午 02:11:07::2015-04-26 14:11:07:Application End!

2015/4/26 下午 02:11:09::2015-04-26 14:11:09:Application Start!

2015/4/26 下午 02:32:09::2015-04-26 14:32:09:Application End!

2015/4/26 下午 02:32:11::2015-04-26 14:32:11:Application Start!

2015/4/26 下午 02:53:11::2015-04-26 14:53:11:Application End!

2015/4/26 下午 02:53:13::2015-04-26 14:53:13:Application Start!

2015/4/26 下午 03:14:14::2015-04-26 15:14:14:Application End!

2015/4/26 下午 03:14:17::2015-04-26 15:14:17:Application Start!

2015/4/26 下午 03:35:16::2015-04-26 15:35:16:Application End!

2015/4/26 下午 03:35:18::2015-04-26 15:35:18:Application Start!

2015/4/26 下午 03:56:18::2015-04-26 15:56:18:Application End!

2015/4/26 下午 03:56:20::2015-04-26 15:56:20:Application Start!

2015/4/26 下午 04:17:20::2015-04-26 16:17:20:Application End!

2015/4/26 下午 04:17:22::2015-04-26 16:17:22:Application Start!

2015/4/26 下午 04:38:22::2015-04-26 16:38:22:Application End!

2015/4/26 下午 04:38:24::2015-04-26 16:38:24:Application Start!

2015/4/26 下午 04:59:24::2015-04-26 16:59:24:Application End!

2015/4/26 下午 04:59:26::2015-04-26 16:59:26:Application Start!

2015/4/26 下午 05:20:26::2015-04-26 17:20:26:Application End!

2015/4/26 下午 05:20:28::2015-04-26 17:20:28:Application Start!

2015/4/26 下午 05:41:28::2015-04-26 17:41:28:Application End!

2015/4/26 下午 05:41:30::2015-04-26 17:41:30:Application Start!

2015/4/26 下午 06:02:31::2015-04-26 18:02:31:Application End!

2015/4/26 下午 06:02:32::2015-04-26 18:02:32:Application Start!

2015/4/26 下午 06:23:33::2015-04-26 18:23:33:Application End!

2015/4/26 下午 06:23:34::2015-04-26 18:23:34:Application Start!

2015/4/26 下午 06:44:35::2015-04-26 18:44:35:Application End!

2015/4/26 下午 06:44:37::2015-04-26 18:44:37:Application Start!

2015/4/26 下午 07:05:38::2015-04-26 19:05:38:Application End!

2015/4/26 下午 07:05:40::2015-04-26 19:05:40:Application Start!

2015/4/26 下午 07:26:41::2015-04-26 19:26:41:Application End!

2015/4/26 下午 07:26:42::2015-04-26 19:26:42:Application Start!

2015/4/26 下午 07:47:43::2015-04-26 19:47:43:Application End!

2015/4/26 下午 07:47:45::2015-04-26 19:47:45:Application Start!

2015/4/26 下午 08:08:45::2015-04-26 20:08:45:Application End!

2015/4/26 下午 08:08:47::2015-04-26 20:08:47:Application Start!

2015/4/26 下午 08:29:47::2015-04-26 20:29:47:Application End!

2015/4/26 下午 08:29:49::2015-04-26 20:29:49:Application Start!

2015/4/26 下午 08:50:49::2015-04-26 20:50:49:Application End!

2015/4/26 下午 08:50:51::2015-04-26 20:50:51:Application Start!

2015/4/26 下午 09:11:51::2015-04-26 21:11:51:Application End!

2015/4/26 下午 09:11:53::2015-04-26 21:11:53:Application Start!

2015/4/26 下午 09:32:54::2015-04-26 21:32:54:Application End!

2015/4/26 下午 09:32:55::2015-04-26 21:32:55:Application Start!

2015/4/26 下午 09:53:56::2015-04-26 21:53:56:Application End!

2015/4/26 下午 09:53:57::2015-04-26 21:53:57:Application Start!

2015/4/26 下午 10:14:58::2015-04-26 22:14:58:Application End!

2015/4/26 下午 10:15:00::2015-04-26 22:15:00:Application Start!

2015/4/26 下午 10:36:00::2015-04-26 22:36:00:Application End!

2015/4/26 下午 10:36:02::2015-04-26 22:36:02:Application Start!

2015/4/26 下午 10:57:02::2015-04-26 22:57:02:Application End!

2015/4/26 下午 10:57:04::2015-04-26 22:57:04:Application Start!

2015/4/26 下午 11:18:04::2015-04-26 23:18:04:Application End!

2015/4/26 下午 11:18:06::2015-04-26 23:18:06:Application Start!

2015/4/26 下午 11:39:07::2015-04-26 23:39:07:Application End!

2015/4/26 下午 11:39:08::2015-04-26 23:39:08:Application Start!

