2015/2/25 上午 12:12:33::2015-02-25 00:12:33:Application End!

2015/2/25 上午 12:12:35::2015-02-25 00:12:35:Application Start!

2015/2/25 上午 12:33:35::2015-02-25 00:33:35:Application End!

2015/2/25 上午 12:33:37::2015-02-25 00:33:37:Application Start!

2015/2/25 上午 12:54:37::2015-02-25 00:54:37:Application End!

2015/2/25 上午 12:54:39::2015-02-25 00:54:39:Application Start!

2015/2/25 上午 01:15:39::2015-02-25 01:15:39:Application End!

2015/2/25 上午 01:15:41::2015-02-25 01:15:41:Application Start!

2015/2/25 上午 01:36:41::2015-02-25 01:36:41:Application End!

2015/2/25 上午 01:36:43::2015-02-25 01:36:43:Application Start!

2015/2/25 上午 01:57:43::2015-02-25 01:57:43:Application End!

2015/2/25 上午 01:57:45::2015-02-25 01:57:45:Application Start!

2015/2/25 上午 02:18:45::2015-02-25 02:18:45:Application End!

2015/2/25 上午 02:18:47::2015-02-25 02:18:47:Application Start!

2015/2/25 上午 02:39:49::2015-02-25 02:39:49:Application End!

2015/2/25 上午 02:39:50::2015-02-25 02:39:50:Application Start!

2015/2/25 上午 03:00:51::2015-02-25 03:00:51:Application End!

2015/2/25 上午 03:00:53::2015-02-25 03:00:53:Application Start!

2015/2/25 上午 03:21:53::2015-02-25 03:21:53:Application End!

2015/2/25 上午 03:21:55::2015-02-25 03:21:55:Application Start!

2015/2/25 上午 03:42:55::2015-02-25 03:42:55:Application End!

2015/2/25 上午 03:42:57::2015-02-25 03:42:57:Application Start!

2015/2/25 上午 04:03:57::2015-02-25 04:03:57:Application End!

2015/2/25 上午 04:03:59::2015-02-25 04:03:59:Application Start!

2015/2/25 上午 04:25:00::2015-02-25 04:25:00:Application End!

2015/2/25 上午 04:25:01::2015-02-25 04:25:01:Application Start!

2015/2/25 上午 04:56:02::2015-02-25 04:56:02:Application End!

2015/2/25 上午 04:56:04::2015-02-25 04:56:04:Application Start!

2015/2/25 上午 05:17:04::2015-02-25 05:17:04:Application End!

2015/2/25 上午 05:17:06::2015-02-25 05:17:06:Application Start!

2015/2/25 上午 05:38:06::2015-02-25 05:38:06:Application End!

2015/2/25 上午 05:38:08::2015-02-25 05:38:08:Application Start!

2015/2/25 上午 05:59:08::2015-02-25 05:59:08:Application End!

2015/2/25 上午 05:59:10::2015-02-25 05:59:10:Application Start!

2015/2/25 上午 06:20:10::2015-02-25 06:20:10:Application End!

2015/2/25 上午 06:20:12::2015-02-25 06:20:12:Application Start!

2015/2/25 上午 06:41:13::2015-02-25 06:41:13:Application End!

2015/2/25 上午 06:41:14::2015-02-25 06:41:14:Application Start!

2015/2/25 上午 07:02:15::2015-02-25 07:02:15:Application End!

2015/2/25 上午 07:02:17::2015-02-25 07:02:17:Application Start!

2015/2/25 上午 07:23:17::2015-02-25 07:23:17:Application End!

2015/2/25 上午 07:23:19::2015-02-25 07:23:19:Application Start!

2015/2/25 上午 07:44:19::2015-02-25 07:44:19:Application End!

2015/2/25 上午 07:44:21::2015-02-25 07:44:21:Application Start!

2015/2/25 上午 08:05:21::2015-02-25 08:05:21:Application End!

2015/2/25 上午 08:05:23::2015-02-25 08:05:23:Application Start!

2015/2/25 上午 08:26:23::2015-02-25 08:26:23:Application End!

2015/2/25 上午 08:26:25::2015-02-25 08:26:25:Application Start!

2015/2/25 上午 08:47:26::2015-02-25 08:47:26:Application End!

2015/2/25 上午 08:47:27::2015-02-25 08:47:27:Application Start!

2015/2/25 上午 09:08:28::2015-02-25 09:08:28:Application End!

2015/2/25 上午 09:08:30::2015-02-25 09:08:30:Application Start!

2015/2/25 上午 09:29:30::2015-02-25 09:29:30:Application End!

2015/2/25 上午 09:29:32::2015-02-25 09:29:32:Application Start!

2015/2/25 上午 09:50:32::2015-02-25 09:50:32:Application End!

2015/2/25 上午 09:50:34::2015-02-25 09:50:34:Application Start!

2015/2/25 上午 10:11:34::2015-02-25 10:11:34:Application End!

2015/2/25 上午 10:11:36::2015-02-25 10:11:36:Application Start!

2015/2/25 上午 10:20:00::2015-02-25 10:20:00:AutoTask is Working!

2015/2/25 下午 01:16:16::自動執行計算門禁考勤異常報表:true

2015/2/25 下午 01:59:35::2015-02-25 13:59:35:Application End!

2015/2/25 下午 01:59:36::2015-02-25 13:59:36:Application Start!

2015/2/25 下午 02:20:37::2015-02-25 14:20:37:Application End!

2015/2/25 下午 02:20:38::2015-02-25 14:20:38:Application Start!

2015/2/25 下午 02:41:39::2015-02-25 14:41:39:Application End!

2015/2/25 下午 02:41:40::2015-02-25 14:41:40:Application Start!

2015/2/25 下午 03:02:41::2015-02-25 15:02:41:Application End!

2015/2/25 下午 03:02:42::2015-02-25 15:02:42:Application Start!

2015/2/25 下午 03:23:43::2015-02-25 15:23:43:Application End!

2015/2/25 下午 03:23:44::2015-02-25 15:23:44:Application Start!

2015/2/25 下午 03:44:45::2015-02-25 15:44:45:Application End!

2015/2/25 下午 03:44:46::2015-02-25 15:44:46:Application Start!

2015/2/25 下午 04:05:47::2015-02-25 16:05:47:Application End!

2015/2/25 下午 04:05:49::2015-02-25 16:05:48:Application Start!

2015/2/25 下午 04:27:49::2015-02-25 16:27:49:Application End!

2015/2/25 下午 04:27:51::2015-02-25 16:27:51:Application Start!

2015/2/25 下午 04:48:51::2015-02-25 16:48:51:Application End!

2015/2/25 下午 04:48:53::2015-02-25 16:48:53:Application Start!

2015/2/25 下午 05:09:53::2015-02-25 17:09:53:Application End!

2015/2/25 下午 05:09:55::2015-02-25 17:09:55:Application Start!

2015/2/25 下午 05:37:55::2015-02-25 17:37:55:Application End!

2015/2/25 下午 05:37:57::2015-02-25 17:37:57:Application Start!

2015/2/25 下午 05:58:57::2015-02-25 17:58:57:Application End!

2015/2/25 下午 05:58:59::2015-02-25 17:58:59:Application Start!

2015/2/25 下午 06:19:59::2015-02-25 18:19:59:Application End!

2015/2/25 下午 06:20:01::2015-02-25 18:20:01:Application Start!

2015/2/25 下午 06:41:01::2015-02-25 18:41:01:Application End!

2015/2/25 下午 06:41:03::2015-02-25 18:41:03:Application Start!

2015/2/25 下午 07:02:03::2015-02-25 19:02:03:Application End!

2015/2/25 下午 07:02:05::2015-02-25 19:02:05:Application Start!

2015/2/25 下午 07:23:05::2015-02-25 19:23:05:Application End!

2015/2/25 下午 07:23:07::2015-02-25 19:23:07:Application Start!

2015/2/25 下午 07:44:07::2015-02-25 19:44:07:Application End!

2015/2/25 下午 07:44:09::2015-02-25 19:44:09:Application Start!

2015/2/25 下午 08:05:09::2015-02-25 20:05:09:Application End!

2015/2/25 下午 08:05:11::2015-02-25 20:05:11:Application Start!

2015/2/25 下午 08:26:12::2015-02-25 20:26:11:Application End!

2015/2/25 下午 08:26:13::2015-02-25 20:26:13:Application Start!

2015/2/25 下午 08:47:15::2015-02-25 20:47:15:Application End!

2015/2/25 下午 08:47:17::2015-02-25 20:47:17:Application Start!

2015/2/25 下午 09:08:17::2015-02-25 21:08:17:Application End!

2015/2/25 下午 09:08:19::2015-02-25 21:08:19:Application Start!

2015/2/25 下午 09:29:19::2015-02-25 21:29:19:Application End!

2015/2/25 下午 09:29:21::2015-02-25 21:29:21:Application Start!

2015/2/25 下午 09:50:22::2015-02-25 21:50:22:Application End!

2015/2/25 下午 09:50:23::2015-02-25 21:50:23:Application Start!

2015/2/25 下午 10:11:24::2015-02-25 22:11:24:Application End!

2015/2/25 下午 10:11:26::2015-02-25 22:11:25:Application Start!

2015/2/25 下午 10:37:26::2015-02-25 22:37:26:Application End!

2015/2/25 下午 10:37:28::2015-02-25 22:37:28:Application Start!

2015/2/25 下午 10:58:28::2015-02-25 22:58:28:Application End!

2015/2/25 下午 10:58:30::2015-02-25 22:58:30:Application Start!

2015/2/25 下午 11:19:30::2015-02-25 23:19:30:Application End!

2015/2/25 下午 11:19:32::2015-02-25 23:19:32:Application Start!

2015/2/25 下午 11:40:32::2015-02-25 23:40:32:Application End!

2015/2/25 下午 11:40:34::2015-02-25 23:40:34:Application Start!

