2015/2/12 上午 12:13:30::2015-02-12 00:13:30:Application End!

2015/2/12 上午 12:13:32::2015-02-12 00:13:32:Application Start!

2015/2/12 上午 12:34:32::2015-02-12 00:34:32:Application End!

2015/2/12 上午 12:34:34::2015-02-12 00:34:34:Application Start!

2015/2/12 上午 12:55:34::2015-02-12 00:55:34:Application End!

2015/2/12 上午 12:55:36::2015-02-12 00:55:36:Application Start!

2015/2/12 上午 01:16:36::2015-02-12 01:16:36:Application End!

2015/2/12 上午 01:16:38::2015-02-12 01:16:38:Application Start!

2015/2/12 上午 01:37:38::2015-02-12 01:37:38:Application End!

2015/2/12 上午 01:37:40::2015-02-12 01:37:40:Application Start!

2015/2/12 上午 01:58:40::2015-02-12 01:58:40:Application End!

2015/2/12 上午 01:58:42::2015-02-12 01:58:42:Application Start!

2015/2/12 上午 02:19:42::2015-02-12 02:19:42:Application End!

2015/2/12 上午 02:19:44::2015-02-12 02:19:44:Application Start!

2015/2/12 上午 02:40:44::2015-02-12 02:40:44:Application End!

2015/2/12 上午 02:40:46::2015-02-12 02:40:46:Application Start!

2015/2/12 上午 03:01:46::2015-02-12 03:01:46:Application End!

2015/2/12 上午 03:01:48::2015-02-12 03:01:48:Application Start!

2015/2/12 上午 03:27:48::2015-02-12 03:27:48:Application End!

2015/2/12 上午 03:27:50::2015-02-12 03:27:50:Application Start!

2015/2/12 上午 03:50:50::2015-02-12 03:50:50:Application End!

2015/2/12 上午 03:50:52::2015-02-12 03:50:52:Application Start!

2015/2/12 上午 04:11:52::2015-02-12 04:11:52:Application End!

2015/2/12 上午 04:11:54::2015-02-12 04:11:54:Application Start!

2015/2/12 上午 04:32:54::2015-02-12 04:32:54:Application End!

2015/2/12 上午 04:32:56::2015-02-12 04:32:56:Application Start!

2015/2/12 上午 04:53:57::2015-02-12 04:53:57:Application End!

2015/2/12 上午 04:53:59::2015-02-12 04:53:59:Application Start!

2015/2/12 上午 05:15:00::2015-02-12 05:15:00:Application End!

2015/2/12 上午 05:15:01::2015-02-12 05:15:01:Application Start!

2015/2/12 上午 05:36:02::2015-02-12 05:36:02:Application End!

2015/2/12 上午 05:36:04::2015-02-12 05:36:03:Application Start!

2015/2/12 上午 05:57:04::2015-02-12 05:57:04:Application End!

2015/2/12 上午 05:57:06::2015-02-12 05:57:06:Application Start!

2015/2/12 上午 06:18:06::2015-02-12 06:18:06:Application End!

2015/2/12 上午 06:18:08::2015-02-12 06:18:08:Application Start!

2015/2/12 上午 06:39:08::2015-02-12 06:39:08:Application End!

2015/2/12 上午 06:39:10::2015-02-12 06:39:10:Application Start!

2015/2/12 上午 07:00:10::2015-02-12 07:00:10:Application End!

2015/2/12 上午 07:00:12::2015-02-12 07:00:12:Application Start!

2015/2/12 上午 07:21:13::2015-02-12 07:21:13:Application End!

2015/2/12 上午 07:21:15::2015-02-12 07:21:15:Application Start!

2015/2/12 上午 07:42:15::2015-02-12 07:42:15:Application End!

2015/2/12 上午 07:42:17::2015-02-12 07:42:17:Application Start!

2015/2/12 上午 08:03:17::2015-02-12 08:03:17:Application End!

2015/2/12 上午 08:03:19::2015-02-12 08:03:19:Application Start!

2015/2/12 上午 08:24:19::2015-02-12 08:24:19:Application End!

2015/2/12 上午 08:24:21::2015-02-12 08:24:21:Application Start!

2015/2/12 上午 08:45:21::2015-02-12 08:45:21:Application End!

2015/2/12 上午 08:45:23::2015-02-12 08:45:23:Application Start!

2015/2/12 上午 09:06:23::2015-02-12 09:06:23:Application End!

2015/2/12 上午 09:06:25::2015-02-12 09:06:25:Application Start!

2015/2/12 上午 09:27:26::2015-02-12 09:27:26:Application End!

2015/2/12 上午 09:27:27::2015-02-12 09:27:27:Application Start!

2015/2/12 上午 09:48:28::2015-02-12 09:48:28:Application End!

2015/2/12 上午 09:48:30::2015-02-12 09:48:30:Application Start!

2015/2/12 上午 10:09:30::2015-02-12 10:09:30:Application End!

2015/2/12 上午 10:09:32::2015-02-12 10:09:32:Application Start!

2015/2/12 上午 10:20:00::2015-02-12 10:20:00:AutoTask is Working!

2015/2/12 上午 11:49:44::自動執行計算門禁考勤異常報表:true

2015/2/12 下午 12:10:32::2015-02-12 12:10:32:Application End!

2015/2/12 下午 12:10:34::2015-02-12 12:10:34:Application Start!

2015/2/12 下午 12:31:35::2015-02-12 12:31:35:Application End!

2015/2/12 下午 12:31:39::2015-02-12 12:31:39:Application Start!

2015/2/12 下午 12:52:38::2015-02-12 12:52:38:Application End!

2015/2/12 下午 12:52:39::2015-02-12 12:52:39:Application Start!

2015/2/12 下午 01:13:40::2015-02-12 13:13:40:Application End!

2015/2/12 下午 01:13:42::2015-02-12 13:13:42:Application Start!

2015/2/12 下午 01:34:42::2015-02-12 13:34:42:Application End!

2015/2/12 下午 01:34:44::2015-02-12 13:34:44:Application Start!

2015/2/12 下午 01:55:44::2015-02-12 13:55:44:Application End!

2015/2/12 下午 01:55:46::2015-02-12 13:55:46:Application Start!

2015/2/12 下午 02:16:45::2015-02-12 14:16:45:Application End!

2015/2/12 下午 02:16:47::2015-02-12 14:16:47:Application Start!

2015/2/12 下午 02:37:47::2015-02-12 14:37:47:Application End!

2015/2/12 下午 02:37:51::2015-02-12 14:37:51:Application Start!

2015/2/12 下午 02:58:50::2015-02-12 14:58:50:Application End!

2015/2/12 下午 02:58:52::2015-02-12 14:58:52:Application Start!

2015/2/12 下午 03:19:52::2015-02-12 15:19:52:Application End!

2015/2/12 下午 03:19:54::2015-02-12 15:19:54:Application Start!

2015/2/12 下午 03:40:54::2015-02-12 15:40:54:Application End!

2015/2/12 下午 03:40:56::2015-02-12 15:40:56:Application Start!

2015/2/12 下午 04:01:56::2015-02-12 16:01:56:Application End!

2015/2/12 下午 04:01:58::2015-02-12 16:01:58:Application Start!

2015/2/12 下午 04:22:58::2015-02-12 16:22:58:Application End!

2015/2/12 下午 04:23:00::2015-02-12 16:23:00:Application Start!

2015/2/12 下午 04:44:00::2015-02-12 16:44:00:Application End!

2015/2/12 下午 04:44:02::2015-02-12 16:44:02:Application Start!

2015/2/12 下午 05:05:02::2015-02-12 17:05:02:Application End!

2015/2/12 下午 05:05:04::2015-02-12 17:05:04:Application Start!

2015/2/12 下午 05:26:04::2015-02-12 17:26:04:Application End!

2015/2/12 下午 05:26:06::2015-02-12 17:26:06:Application Start!

2015/2/12 下午 05:39:20==> Operate Description:用戶登錄, Operate Model:用戶管理, Operate creater:test Operate Type:登錄

2015/2/12 下午 05:39:20==> Operate Description:用戶登錄, Operate Model:用戶管理, Operate creater:test Operate Type:登錄

2015/2/12 下午 06:00:06::2015-02-12 18:00:06:Application End!

2015/2/12 下午 06:00:08::2015-02-12 18:00:08:Application Start!

2015/2/12 下午 06:21:08::2015-02-12 18:21:08:Application End!

2015/2/12 下午 06:21:10::2015-02-12 18:21:10:Application Start!

2015/2/12 下午 06:42:10::2015-02-12 18:42:10:Application End!

2015/2/12 下午 06:42:12::2015-02-12 18:42:12:Application Start!

2015/2/12 下午 07:03:13::2015-02-12 19:03:13:Application End!

2015/2/12 下午 07:03:14::2015-02-12 19:03:14:Application Start!

2015/2/12 下午 07:24:15::2015-02-12 19:24:15:Application End!

2015/2/12 下午 07:24:16::2015-02-12 19:24:16:Application Start!

2015/2/12 下午 07:45:17::2015-02-12 19:45:17:Application End!

2015/2/12 下午 07:45:18::2015-02-12 19:45:18:Application Start!

2015/2/12 下午 08:06:19::2015-02-12 20:06:19:Application End!

2015/2/12 下午 08:06:20::2015-02-12 20:06:20:Application Start!

2015/2/12 下午 08:27:21::2015-02-12 20:27:21:Application End!

2015/2/12 下午 08:27:22::2015-02-12 20:27:22:Application Start!

2015/2/12 下午 08:48:23::2015-02-12 20:48:23:Application End!

2015/2/12 下午 08:48:24::2015-02-12 20:48:24:Application Start!

2015/2/12 下午 09:09:25::2015-02-12 21:09:25:Application End!

2015/2/12 下午 09:09:26::2015-02-12 21:09:26:Application Start!

2015/2/12 下午 09:30:27::2015-02-12 21:30:27:Application End!

2015/2/12 下午 09:30:29::2015-02-12 21:30:28:Application Start!

2015/2/12 下午 09:51:29::2015-02-12 21:51:29:Application End!

2015/2/12 下午 09:51:31::2015-02-12 21:51:31:Application Start!

2015/2/12 下午 10:12:31::2015-02-12 22:12:31:Application End!

2015/2/12 下午 10:12:33::2015-02-12 22:12:33:Application Start!

2015/2/12 下午 10:33:33::2015-02-12 22:33:33:Application End!

2015/2/12 下午 10:33:35::2015-02-12 22:33:35:Application Start!

2015/2/12 下午 10:54:35::2015-02-12 22:54:35:Application End!

2015/2/12 下午 10:54:37::2015-02-12 22:54:37:Application Start!

2015/2/12 下午 11:15:39::2015-02-12 23:15:39:Application End!

2015/2/12 下午 11:15:40::2015-02-12 23:15:40:Application Start!

2015/2/12 下午 11:36:41::2015-02-12 23:36:41:Application End!

2015/2/12 下午 11:36:43::2015-02-12 23:36:42:Application Start!

2015/2/12 下午 11:57:43::2015-02-12 23:57:43:Application End!

2015/2/12 下午 11:57:45::2015-02-12 23:57:45:Application Start!

