2015/3/18 上午 12:18:55::2015-03-18 00:18:55:Application End!

2015/3/18 上午 12:18:57::2015-03-18 00:18:57:Application Start!

2015/3/18 上午 12:39:57::2015-03-18 00:39:57:Application End!

2015/3/18 上午 12:39:59::2015-03-18 00:39:59:Application Start!

2015/3/18 上午 01:00:59::2015-03-18 01:00:59:Application End!

2015/3/18 上午 01:01:01::2015-03-18 01:01:01:Application Start!

2015/3/18 上午 01:22:01::2015-03-18 01:22:01:Application End!

2015/3/18 上午 01:22:03::2015-03-18 01:22:03:Application Start!

2015/3/18 上午 01:43:03::2015-03-18 01:43:03:Application End!

2015/3/18 上午 01:43:05::2015-03-18 01:43:05:Application Start!

2015/3/18 上午 02:04:05::2015-03-18 02:04:05:Application End!

2015/3/18 上午 02:04:07::2015-03-18 02:04:07:Application Start!

2015/3/18 上午 02:25:07::2015-03-18 02:25:07:Application End!

2015/3/18 上午 02:25:09::2015-03-18 02:25:09:Application Start!

2015/3/18 上午 02:46:10::2015-03-18 02:46:10:Application End!

2015/3/18 上午 02:46:17::2015-03-18 02:46:17:Application Start!

2015/3/18 上午 03:07:13::2015-03-18 03:07:13:Application End!

2015/3/18 上午 03:07:15::2015-03-18 03:07:15:Application Start!

2015/3/18 上午 03:28:15::2015-03-18 03:28:15:Application End!

2015/3/18 上午 03:28:17::2015-03-18 03:28:17:Application Start!

2015/3/18 上午 03:49:17::2015-03-18 03:49:17:Application End!

2015/3/18 上午 03:49:19::2015-03-18 03:49:19:Application Start!

2015/3/18 上午 04:10:19::2015-03-18 04:10:19:Application End!

2015/3/18 上午 04:10:21::2015-03-18 04:10:21:Application Start!

2015/3/18 上午 04:31:21::2015-03-18 04:31:21:Application End!

2015/3/18 上午 04:31:23::2015-03-18 04:31:23:Application Start!

2015/3/18 上午 04:52:23::2015-03-18 04:52:23:Application End!

2015/3/18 上午 04:52:25::2015-03-18 04:52:25:Application Start!

2015/3/18 上午 05:13:25::2015-03-18 05:13:25:Application End!

2015/3/18 上午 05:13:27::2015-03-18 05:13:27:Application Start!

2015/3/18 上午 05:34:27::2015-03-18 05:34:27:Application End!

2015/3/18 上午 05:34:29::2015-03-18 05:34:29:Application Start!

2015/3/18 上午 05:55:29::2015-03-18 05:55:29:Application End!

2015/3/18 上午 05:55:31::2015-03-18 05:55:31:Application Start!

2015/3/18 上午 06:16:31::2015-03-18 06:16:31:Application End!

2015/3/18 上午 06:16:33::2015-03-18 06:16:33:Application Start!

2015/3/18 上午 06:37:33::2015-03-18 06:37:33:Application End!

2015/3/18 上午 06:37:35::2015-03-18 06:37:35:Application Start!

2015/3/18 上午 06:58:35::2015-03-18 06:58:35:Application End!

2015/3/18 上午 06:58:37::2015-03-18 06:58:37:Application Start!

2015/3/18 上午 07:19:37::2015-03-18 07:19:37:Application End!

2015/3/18 上午 07:19:39::2015-03-18 07:19:39:Application Start!

2015/3/18 上午 07:54:39::2015-03-18 07:54:39:Application End!

2015/3/18 上午 07:54:41::2015-03-18 07:54:41:Application Start!

2015/3/18 上午 08:15:43::2015-03-18 08:15:43:Application End!

2015/3/18 上午 08:15:45::2015-03-18 08:15:45:Application Start!

2015/3/18 上午 08:43:45::2015-03-18 08:43:45:Application End!

2015/3/18 上午 08:43:47::2015-03-18 08:43:47:Application Start!

2015/3/18 上午 09:04:47::2015-03-18 09:04:47:Application End!

2015/3/18 上午 09:04:49::2015-03-18 09:04:49:Application Start!

2015/3/18 上午 09:25:50::2015-03-18 09:25:50:Application End!

2015/3/18 上午 09:25:54::2015-03-18 09:25:54:Application Start!

2015/3/18 上午 09:46:53::2015-03-18 09:46:53:Application End!

2015/3/18 上午 09:46:54::2015-03-18 09:46:54:Application Start!

2015/3/18 上午 10:07:55::2015-03-18 10:07:55:Application End!

2015/3/18 上午 10:07:57::2015-03-18 10:07:57:Application Start!

2015/3/18 上午 10:20:00::2015-03-18 10:20:00:AutoTask is Working!

2015/3/18 下午 01:04:14::自動執行計算門禁考勤異常報表:true

2015/3/18 下午 01:24:57::2015-03-18 13:24:57:Application End!

2015/3/18 下午 01:24:59::2015-03-18 13:24:59:Application Start!

2015/3/18 下午 01:46:00::2015-03-18 13:46:00:Application End!

2015/3/18 下午 01:46:01::2015-03-18 13:46:01:Application Start!

2015/3/18 下午 02:07:02::2015-03-18 14:07:02:Application End!

2015/3/18 下午 02:07:03::2015-03-18 14:07:03:Application Start!

2015/3/18 下午 02:28:04::2015-03-18 14:28:04:Application End!

2015/3/18 下午 02:28:06::2015-03-18 14:28:06:Application Start!

2015/3/18 下午 02:49:06::2015-03-18 14:49:06:Application End!

2015/3/18 下午 02:49:08::2015-03-18 14:49:08:Application Start!

2015/3/18 下午 03:15:08::2015-03-18 15:15:08:Application End!

2015/3/18 下午 03:15:10::2015-03-18 15:15:10:Application Start!

2015/3/18 下午 03:36:11::2015-03-18 15:36:11:Application End!

2015/3/18 下午 03:36:12::2015-03-18 15:36:12:Application Start!

2015/3/18 下午 03:57:13::2015-03-18 15:57:13:Application End!

2015/3/18 下午 03:57:15::2015-03-18 15:57:15:Application Start!

2015/3/18 下午 04:18:15::2015-03-18 16:18:15:Application End!

2015/3/18 下午 04:18:17::2015-03-18 16:18:17:Application Start!

2015/3/18 下午 04:39:17::2015-03-18 16:39:17:Application End!

2015/3/18 下午 04:39:19::2015-03-18 16:39:19:Application Start!

2015/3/18 下午 05:00:19::2015-03-18 17:00:19:Application End!

2015/3/18 下午 05:00:21::2015-03-18 17:00:21:Application Start!

2015/3/18 下午 05:23:20::2015-03-18 17:23:20:Application End!

2015/3/18 下午 05:23:22::2015-03-18 17:23:22:Application Start!

2015/3/18 下午 05:44:22::2015-03-18 17:44:22:Application End!

2015/3/18 下午 05:44:24::2015-03-18 17:44:24:Application Start!

2015/3/18 下午 06:07:24::2015-03-18 18:07:24:Application End!

2015/3/18 下午 06:07:26::2015-03-18 18:07:26:Application Start!

2015/3/18 下午 06:28:26::2015-03-18 18:28:26:Application End!

2015/3/18 下午 06:28:28::2015-03-18 18:28:28:Application Start!

2015/3/18 下午 06:49:28::2015-03-18 18:49:28:Application End!

2015/3/18 下午 06:49:30::2015-03-18 18:49:30:Application Start!

2015/3/18 下午 07:10:30::2015-03-18 19:10:30:Application End!

2015/3/18 下午 07:10:32::2015-03-18 19:10:32:Application Start!

2015/3/18 下午 07:31:32::2015-03-18 19:31:32:Application End!

2015/3/18 下午 07:31:34::2015-03-18 19:31:34:Application Start!

2015/3/18 下午 07:52:34::2015-03-18 19:52:34:Application End!

2015/3/18 下午 07:52:36::2015-03-18 19:52:36:Application Start!

2015/3/18 下午 08:17:36::2015-03-18 20:17:36:Application End!

2015/3/18 下午 08:17:38::2015-03-18 20:17:38:Application Start!

2015/3/18 下午 08:38:38::2015-03-18 20:38:38:Application End!

2015/3/18 下午 08:38:40::2015-03-18 20:38:40:Application Start!

2015/3/18 下午 08:59:40::2015-03-18 20:59:40:Application End!

2015/3/18 下午 08:59:42::2015-03-18 20:59:42:Application Start!

2015/3/18 下午 09:20:42::2015-03-18 21:20:42:Application End!

2015/3/18 下午 09:20:44::2015-03-18 21:20:44:Application Start!

2015/3/18 下午 09:41:44::2015-03-18 21:41:44:Application End!

2015/3/18 下午 09:41:46::2015-03-18 21:41:46:Application Start!

2015/3/18 下午 10:02:47::2015-03-18 22:02:47:Application End!

2015/3/18 下午 10:02:48::2015-03-18 22:02:48:Application Start!

2015/3/18 下午 10:23:49::2015-03-18 22:23:49:Application End!

2015/3/18 下午 10:23:50::2015-03-18 22:23:50:Application Start!

2015/3/18 下午 10:44:51::2015-03-18 22:44:51:Application End!

2015/3/18 下午 10:44:52::2015-03-18 22:44:52:Application Start!

2015/3/18 下午 11:05:53::2015-03-18 23:05:53:Application End!

2015/3/18 下午 11:05:54::2015-03-18 23:05:54:Application Start!

2015/3/18 下午 11:26:55::2015-03-18 23:26:55:Application End!

2015/3/18 下午 11:26:56::2015-03-18 23:26:56:Application Start!

2015/3/18 下午 11:47:57::2015-03-18 23:47:57:Application End!

2015/3/18 下午 11:47:58::2015-03-18 23:47:58:Application Start!

