2015/3/12 上午 12:10:05::2015-03-12 00:10:05:Application End!

2015/3/12 上午 12:10:07::2015-03-12 00:10:07:Application Start!

2015/3/12 上午 12:31:07::2015-03-12 00:31:07:Application End!

2015/3/12 上午 12:31:09::2015-03-12 00:31:09:Application Start!

2015/3/12 上午 12:52:10::2015-03-12 00:52:10:Application End!

2015/3/12 上午 12:52:11::2015-03-12 00:52:11:Application Start!

2015/3/12 上午 01:13:12::2015-03-12 01:13:12:Application End!

2015/3/12 上午 01:13:13::2015-03-12 01:13:13:Application Start!

2015/3/12 上午 01:34:14::2015-03-12 01:34:14:Application End!

2015/3/12 上午 01:34:15::2015-03-12 01:34:15:Application Start!

2015/3/12 上午 01:55:16::2015-03-12 01:55:16:Application End!

2015/3/12 上午 01:55:17::2015-03-12 01:55:17:Application Start!

2015/3/12 上午 02:16:18::2015-03-12 02:16:18:Application End!

2015/3/12 上午 02:16:19::2015-03-12 02:16:19:Application Start!

2015/3/12 上午 02:37:20::2015-03-12 02:37:20:Application End!

2015/3/12 上午 02:37:21::2015-03-12 02:37:21:Application Start!

2015/3/12 上午 02:58:22::2015-03-12 02:58:22:Application End!

2015/3/12 上午 02:58:23::2015-03-12 02:58:23:Application Start!

2015/3/12 上午 03:19:24::2015-03-12 03:19:24:Application End!

2015/3/12 上午 03:19:25::2015-03-12 03:19:25:Application Start!

2015/3/12 上午 03:40:26::2015-03-12 03:40:26:Application End!

2015/3/12 上午 03:40:27::2015-03-12 03:40:27:Application Start!

2015/3/12 上午 04:01:28::2015-03-12 04:01:28:Application End!

2015/3/12 上午 04:01:30::2015-03-12 04:01:29:Application Start!

2015/3/12 上午 04:22:30::2015-03-12 04:22:30:Application End!

2015/3/12 上午 04:22:32::2015-03-12 04:22:32:Application Start!

2015/3/12 上午 04:43:32::2015-03-12 04:43:32:Application End!

2015/3/12 上午 04:43:34::2015-03-12 04:43:34:Application Start!

2015/3/12 上午 05:04:34::2015-03-12 05:04:34:Application End!

2015/3/12 上午 05:04:36::2015-03-12 05:04:36:Application Start!

2015/3/12 上午 05:25:36::2015-03-12 05:25:36:Application End!

2015/3/12 上午 05:25:38::2015-03-12 05:25:38:Application Start!

2015/3/12 上午 05:46:38::2015-03-12 05:46:38:Application End!

2015/3/12 上午 05:46:40::2015-03-12 05:46:40:Application Start!

2015/3/12 上午 06:07:40::2015-03-12 06:07:40:Application End!

2015/3/12 上午 06:07:42::2015-03-12 06:07:42:Application Start!

2015/3/12 上午 06:28:43::2015-03-12 06:28:43:Application End!

2015/3/12 上午 06:28:44::2015-03-12 06:28:44:Application Start!

2015/3/12 上午 06:49:46::2015-03-12 06:49:46:Application End!

2015/3/12 上午 06:49:47::2015-03-12 06:49:47:Application Start!

2015/3/12 上午 07:10:48::2015-03-12 07:10:48:Application End!

2015/3/12 上午 07:10:50::2015-03-12 07:10:50:Application Start!

2015/3/12 上午 07:31:50::2015-03-12 07:31:50:Application End!

2015/3/12 上午 07:31:56::2015-03-12 07:31:56:Application Start!

2015/3/12 上午 07:52:54::2015-03-12 07:52:54:Application End!

2015/3/12 上午 07:52:55::2015-03-12 07:52:55:Application Start!

2015/3/12 上午 08:13:56::2015-03-12 08:13:56:Application End!

2015/3/12 上午 08:13:58::2015-03-12 08:13:58:Application Start!

2015/3/12 上午 08:34:58::2015-03-12 08:34:58:Application End!

2015/3/12 上午 08:35:00::2015-03-12 08:35:00:Application Start!

2015/3/12 上午 08:56:00::2015-03-12 08:56:00:Application End!

2015/3/12 上午 08:56:02::2015-03-12 08:56:02:Application Start!

2015/3/12 上午 09:17:02::2015-03-12 09:17:02:Application End!

2015/3/12 上午 09:17:04::2015-03-12 09:17:04:Application Start!

2015/3/12 上午 09:38:05::2015-03-12 09:38:05:Application End!

2015/3/12 上午 09:38:09::2015-03-12 09:38:09:Application Start!

2015/3/12 上午 09:59:08::2015-03-12 09:59:08:Application End!

2015/3/12 上午 09:59:09::2015-03-12 09:59:09:Application Start!

2015/3/12 上午 10:20:00::2015-03-12 10:20:00:AutoTask is Working!

2015/3/12 上午 11:01:08==> Operate Description:用戶登錄, Operate Model:用戶管理, Operate creater:test Operate Type:登錄

2015/3/12 上午 11:08:46==> Operate Description:用戶登錄, Operate Model:用戶管理, Operate creater:test Operate Type:登錄

2015/3/12 上午 11:12:46==> Operate Description:用戶登錄, Operate Model:用戶管理, Operate creater:test Operate Type:登錄

2015/3/12 下午 12:54:22::自動執行計算門禁考勤異常報表:true

2015/3/12 下午 01:15:10::2015-03-12 13:15:10:Application End!

2015/3/12 下午 01:15:12::2015-03-12 13:15:12:Application Start!

2015/3/12 下午 01:36:12::2015-03-12 13:36:12:Application End!

2015/3/12 下午 01:36:14::2015-03-12 13:36:14:Application Start!

2015/3/12 下午 02:13:15::2015-03-12 14:13:15:Application End!

2015/3/12 下午 02:13:16::2015-03-12 14:13:16:Application Start!

2015/3/12 下午 02:34:17::2015-03-12 14:34:17:Application End!

2015/3/12 下午 02:34:19::2015-03-12 14:34:19:Application Start!

2015/3/12 下午 02:55:19::2015-03-12 14:55:19:Application End!

2015/3/12 下午 02:55:21::2015-03-12 14:55:21:Application Start!

2015/3/12 下午 03:30:21::2015-03-12 15:30:21:Application End!

2015/3/12 下午 03:30:23::2015-03-12 15:30:23:Application Start!

2015/3/12 下午 03:51:22::2015-03-12 15:51:22:Application End!

2015/3/12 下午 03:51:24::2015-03-12 15:51:24:Application Start!

2015/3/12 下午 04:41:24::2015-03-12 16:41:24:Application End!

2015/3/12 下午 04:41:26::2015-03-12 16:41:26:Application Start!

2015/3/12 下午 05:02:26::2015-03-12 17:02:26:Application End!

2015/3/12 下午 05:02:28::2015-03-12 17:02:28:Application Start!

2015/3/12 下午 05:23:28::2015-03-12 17:23:28:Application End!

2015/3/12 下午 05:23:30::2015-03-12 17:23:30:Application Start!

2015/3/12 下午 05:44:30::2015-03-12 17:44:30:Application End!

2015/3/12 下午 05:44:32::2015-03-12 17:44:32:Application Start!

2015/3/12 下午 06:05:32::2015-03-12 18:05:32:Application End!

2015/3/12 下午 06:05:34::2015-03-12 18:05:34:Application Start!

2015/3/12 下午 06:26:34::2015-03-12 18:26:34:Application End!

2015/3/12 下午 06:26:36::2015-03-12 18:26:36:Application Start!

2015/3/12 下午 06:47:36::2015-03-12 18:47:36:Application End!

2015/3/12 下午 06:47:38::2015-03-12 18:47:38:Application Start!

2015/3/12 下午 07:08:39::2015-03-12 19:08:39:Application End!

2015/3/12 下午 07:08:46::2015-03-12 19:08:46:Application Start!

2015/3/12 下午 07:29:42::2015-03-12 19:29:42:Application End!

2015/3/12 下午 07:29:45::2015-03-12 19:29:45:Application Start!

2015/3/12 下午 08:00:44::2015-03-12 20:00:44:Application End!

2015/3/12 下午 08:00:46::2015-03-12 20:00:46:Application Start!

2015/3/12 下午 08:21:46::2015-03-12 20:21:46:Application End!

2015/3/12 下午 08:21:48::2015-03-12 20:21:48:Application Start!

2015/3/12 下午 08:42:48::2015-03-12 20:42:48:Application End!

2015/3/12 下午 08:42:50::2015-03-12 20:42:50:Application Start!

2015/3/12 下午 09:03:50::2015-03-12 21:03:50:Application End!

2015/3/12 下午 09:03:52::2015-03-12 21:03:52:Application Start!

2015/3/12 下午 09:24:52::2015-03-12 21:24:52:Application End!

2015/3/12 下午 09:24:54::2015-03-12 21:24:54:Application Start!

2015/3/12 下午 09:52:54::2015-03-12 21:52:54:Application End!

2015/3/12 下午 09:52:56::2015-03-12 21:52:56:Application Start!

2015/3/12 下午 10:13:57::2015-03-12 22:13:57:Application End!

2015/3/12 下午 10:13:58::2015-03-12 22:13:58:Application Start!

2015/3/12 下午 10:34:59::2015-03-12 22:34:59:Application End!

2015/3/12 下午 10:35:00::2015-03-12 22:35:00:Application Start!

2015/3/12 下午 10:56:01::2015-03-12 22:56:01:Application End!

2015/3/12 下午 10:56:02::2015-03-12 22:56:02:Application Start!

2015/3/12 下午 11:17:03::2015-03-12 23:17:03:Application End!

2015/3/12 下午 11:17:04::2015-03-12 23:17:04:Application Start!

2015/3/12 下午 11:38:05::2015-03-12 23:38:05:Application End!

2015/3/12 下午 11:38:06::2015-03-12 23:38:06:Application Start!

2015/3/12 下午 11:59:07::2015-03-12 23:59:07:Application End!

2015/3/12 下午 11:59:09::2015-03-12 23:59:08:Application Start!

