2015/3/13 上午 12:20:09::2015-03-13 00:20:09:Application End!

2015/3/13 上午 12:20:17::2015-03-13 00:20:17:Application Start!

2015/3/13 上午 12:41:13::2015-03-13 00:41:13:Application End!

2015/3/13 上午 12:41:15::2015-03-13 00:41:15:Application Start!

2015/3/13 上午 01:07:16::2015-03-13 01:07:16:Application End!

2015/3/13 上午 01:07:18::2015-03-13 01:07:18:Application Start!

2015/3/13 上午 01:28:18::2015-03-13 01:28:18:Application End!

2015/3/13 上午 01:28:20::2015-03-13 01:28:20:Application Start!

2015/3/13 上午 01:49:20::2015-03-13 01:49:20:Application End!

2015/3/13 上午 01:49:22::2015-03-13 01:49:22:Application Start!

2015/3/13 上午 02:10:22::2015-03-13 02:10:22:Application End!

2015/3/13 上午 02:10:24::2015-03-13 02:10:24:Application Start!

2015/3/13 上午 02:31:25::2015-03-13 02:31:25:Application End!

2015/3/13 上午 02:31:26::2015-03-13 02:31:26:Application Start!

2015/3/13 上午 02:52:27::2015-03-13 02:52:27:Application End!

2015/3/13 上午 02:52:29::2015-03-13 02:52:29:Application Start!

2015/3/13 上午 03:13:29::2015-03-13 03:13:29:Application End!

2015/3/13 上午 03:13:31::2015-03-13 03:13:31:Application Start!

2015/3/13 上午 03:34:31::2015-03-13 03:34:31:Application End!

2015/3/13 上午 03:34:33::2015-03-13 03:34:33:Application Start!

2015/3/13 上午 03:55:33::2015-03-13 03:55:33:Application End!

2015/3/13 上午 03:55:35::2015-03-13 03:55:35:Application Start!

2015/3/13 上午 04:16:35::2015-03-13 04:16:35:Application End!

2015/3/13 上午 04:16:37::2015-03-13 04:16:37:Application Start!

2015/3/13 上午 04:37:38::2015-03-13 04:37:38:Application End!

2015/3/13 上午 04:37:39::2015-03-13 04:37:39:Application Start!

2015/3/13 上午 04:58:40::2015-03-13 04:58:40:Application End!

2015/3/13 上午 04:58:41::2015-03-13 04:58:41:Application Start!

2015/3/13 上午 05:19:42::2015-03-13 05:19:42:Application End!

2015/3/13 上午 05:19:44::2015-03-13 05:19:44:Application Start!

2015/3/13 上午 05:40:44::2015-03-13 05:40:44:Application End!

2015/3/13 上午 05:40:46::2015-03-13 05:40:46:Application Start!

2015/3/13 上午 06:01:46::2015-03-13 06:01:46:Application End!

2015/3/13 上午 06:01:48::2015-03-13 06:01:48:Application Start!

2015/3/13 上午 06:22:48::2015-03-13 06:22:48:Application End!

2015/3/13 上午 06:22:50::2015-03-13 06:22:50:Application Start!

2015/3/13 上午 06:43:51::2015-03-13 06:43:51:Application End!

2015/3/13 上午 06:43:52::2015-03-13 06:43:52:Application Start!

2015/3/13 上午 07:04:53::2015-03-13 07:04:53:Application End!

2015/3/13 上午 07:04:54::2015-03-13 07:04:54:Application Start!

2015/3/13 上午 07:25:55::2015-03-13 07:25:55:Application End!

2015/3/13 上午 07:25:57::2015-03-13 07:25:57:Application Start!

2015/3/13 上午 07:46:57::2015-03-13 07:46:57:Application End!

2015/3/13 上午 07:47:01::2015-03-13 07:47:01:Application Start!

2015/3/13 上午 08:08:00::2015-03-13 08:08:00:Application End!

2015/3/13 上午 08:08:02::2015-03-13 08:08:02:Application Start!

2015/3/13 上午 08:31:03::2015-03-13 08:31:03:Application End!

2015/3/13 上午 08:31:06::2015-03-13 08:31:06:Application Start!

2015/3/13 上午 08:52:05::2015-03-13 08:52:05:Application End!

2015/3/13 上午 08:52:07::2015-03-13 08:52:07:Application Start!

2015/3/13 上午 09:13:07::2015-03-13 09:13:07:Application End!

2015/3/13 上午 09:13:09::2015-03-13 09:13:09:Application Start!

2015/3/13 上午 09:34:09::2015-03-13 09:34:09:Application End!

2015/3/13 上午 09:34:11::2015-03-13 09:34:11:Application Start!

2015/3/13 上午 09:55:10::2015-03-13 09:55:10:Application End!

2015/3/13 上午 09:55:12::2015-03-13 09:55:12:Application Start!

2015/3/13 上午 10:16:12::2015-03-13 10:16:12:Application End!

2015/3/13 上午 10:16:14::2015-03-13 10:16:14:Application Start!

2015/3/13 上午 10:20:00::2015-03-13 10:20:00:AutoTask is Working!

2015/3/13 下午 12:25:25::自動執行計算門禁考勤異常報表:true

2015/3/13 下午 12:46:13::2015-03-13 12:46:13:Application End!

2015/3/13 下午 12:46:15::2015-03-13 12:46:15:Application Start!

2015/3/13 下午 01:07:15::2015-03-13 13:07:15:Application End!

2015/3/13 下午 01:07:17::2015-03-13 13:07:17:Application Start!

2015/3/13 下午 01:28:18::2015-03-13 13:28:17:Application End!

2015/3/13 下午 01:28:19::2015-03-13 13:28:19:Application Start!

2015/3/13 下午 02:05:19::2015-03-13 14:05:19:Application End!

2015/3/13 下午 02:05:21::2015-03-13 14:05:21:Application Start!

2015/3/13 下午 02:26:22::2015-03-13 14:26:22:Application End!

2015/3/13 下午 02:26:23::2015-03-13 14:26:23:Application Start!

2015/3/13 下午 02:47:24::2015-03-13 14:47:24:Application End!

2015/3/13 下午 02:47:25::2015-03-13 14:47:25:Application Start!

2015/3/13 下午 03:08:26::2015-03-13 15:08:26:Application End!

2015/3/13 下午 03:08:28::2015-03-13 15:08:27:Application Start!

2015/3/13 下午 03:29:28::2015-03-13 15:29:28:Application End!

2015/3/13 下午 03:29:30::2015-03-13 15:29:30:Application Start!

2015/3/13 下午 03:50:30::2015-03-13 15:50:30:Application End!

2015/3/13 下午 03:50:32::2015-03-13 15:50:32:Application Start!

2015/3/13 下午 04:11:32::2015-03-13 16:11:32:Application End!

2015/3/13 下午 04:11:34::2015-03-13 16:11:34:Application Start!

2015/3/13 下午 04:32:34::2015-03-13 16:32:34:Application End!

2015/3/13 下午 04:32:36::2015-03-13 16:32:36:Application Start!

2015/3/13 下午 04:53:36::2015-03-13 16:53:36:Application End!

2015/3/13 下午 04:53:38::2015-03-13 16:53:38:Application Start!

2015/3/13 下午 05:14:38::2015-03-13 17:14:38:Application End!

2015/3/13 下午 05:14:40::2015-03-13 17:14:40:Application Start!

2015/3/13 下午 05:35:40::2015-03-13 17:35:40:Application End!

2015/3/13 下午 05:35:42::2015-03-13 17:35:42:Application Start!

2015/3/13 下午 05:56:42::2015-03-13 17:56:42:Application End!

2015/3/13 下午 05:56:44::2015-03-13 17:56:44:Application Start!

2015/3/13 下午 06:22:44::2015-03-13 18:22:44:Application End!

2015/3/13 下午 06:22:46::2015-03-13 18:22:46:Application Start!

2015/3/13 下午 06:43:46::2015-03-13 18:43:46:Application End!

2015/3/13 下午 06:43:48::2015-03-13 18:43:48:Application Start!

2015/3/13 下午 07:04:50::2015-03-13 19:04:50:Application End!

2015/3/13 下午 07:04:51::2015-03-13 19:04:51:Application Start!

2015/3/13 下午 07:25:52::2015-03-13 19:25:52:Application End!

2015/3/13 下午 07:25:54::2015-03-13 19:25:54:Application Start!

2015/3/13 下午 07:46:54::2015-03-13 19:46:54:Application End!

2015/3/13 下午 07:46:56::2015-03-13 19:46:56:Application Start!

2015/3/13 下午 08:07:56::2015-03-13 20:07:56:Application End!

2015/3/13 下午 08:07:58::2015-03-13 20:07:58:Application Start!

2015/3/13 下午 08:28:58::2015-03-13 20:28:58:Application End!

2015/3/13 下午 08:29:00::2015-03-13 20:29:00:Application Start!

2015/3/13 下午 08:50:01::2015-03-13 20:50:01:Application End!

2015/3/13 下午 08:50:02::2015-03-13 20:50:02:Application Start!

2015/3/13 下午 09:11:03::2015-03-13 21:11:03:Application End!

2015/3/13 下午 09:11:04::2015-03-13 21:11:04:Application Start!

2015/3/13 下午 09:32:05::2015-03-13 21:32:05:Application End!

2015/3/13 下午 09:32:07::2015-03-13 21:32:07:Application Start!

2015/3/13 下午 09:53:07::2015-03-13 21:53:07:Application End!

2015/3/13 下午 09:53:09::2015-03-13 21:53:09:Application Start!

2015/3/13 下午 10:14:09::2015-03-13 22:14:09:Application End!

2015/3/13 下午 10:14:11::2015-03-13 22:14:11:Application Start!

2015/3/13 下午 10:35:11::2015-03-13 22:35:11:Application End!

2015/3/13 下午 10:35:13::2015-03-13 22:35:13:Application Start!

2015/3/13 下午 10:56:14::2015-03-13 22:56:13:Application End!

2015/3/13 下午 10:56:15::2015-03-13 22:56:15:Application Start!

2015/3/13 下午 11:17:16::2015-03-13 23:17:16:Application End!

2015/3/13 下午 11:17:17::2015-03-13 23:17:17:Application Start!

2015/3/13 下午 11:38:18::2015-03-13 23:38:18:Application End!

2015/3/13 下午 11:38:20::2015-03-13 23:38:20:Application Start!

2015/3/13 下午 11:59:20::2015-03-13 23:59:20:Application End!

2015/3/13 下午 11:59:22::2015-03-13 23:59:22:Application Start!

