2015/4/24 上午 12:01:12::2015-04-24 00:01:12:Application End!

2015/4/24 上午 12:01:14::2015-04-24 00:01:14:Application Start!

2015/4/24 上午 12:22:15::2015-04-24 00:22:15:Application End!

2015/4/24 上午 12:22:16::2015-04-24 00:22:16:Application Start!

2015/4/24 上午 12:43:17::2015-04-24 00:43:17:Application End!

2015/4/24 上午 12:43:18::2015-04-24 00:43:18:Application Start!

2015/4/24 上午 01:04:19::2015-04-24 01:04:19:Application End!

2015/4/24 上午 01:04:21::2015-04-24 01:04:21:Application Start!

2015/4/24 上午 01:44:21::2015-04-24 01:44:21:Application End!

2015/4/24 上午 01:44:23::2015-04-24 01:44:23:Application Start!

2015/4/24 上午 02:05:23::2015-04-24 02:05:23:Application End!

2015/4/24 上午 02:05:25::2015-04-24 02:05:25:Application Start!

2015/4/24 上午 02:39:25::2015-04-24 02:39:25:Application End!

2015/4/24 上午 02:39:27::2015-04-24 02:39:27:Application Start!

2015/4/24 上午 03:00:28::2015-04-24 03:00:28:Application End!

2015/4/24 上午 03:00:29::2015-04-24 03:00:29:Application Start!

2015/4/24 上午 03:21:28::2015-04-24 03:21:28:Application End!

2015/4/24 上午 03:21:30::2015-04-24 03:21:30:Application Start!

2015/4/24 上午 03:42:30::2015-04-24 03:42:30:Application End!

2015/4/24 上午 03:42:32::2015-04-24 03:42:32:Application Start!

2015/4/24 上午 04:03:32::2015-04-24 04:03:32:Application End!

2015/4/24 上午 04:03:34::2015-04-24 04:03:34:Application Start!

2015/4/24 上午 04:24:34::2015-04-24 04:24:34:Application End!

2015/4/24 上午 04:24:36::2015-04-24 04:24:36:Application Start!

2015/4/24 上午 04:45:36::2015-04-24 04:45:36:Application End!

2015/4/24 上午 04:45:38::2015-04-24 04:45:38:Application Start!

2015/4/24 上午 05:06:38::2015-04-24 05:06:38:Application End!

2015/4/24 上午 05:06:40::2015-04-24 05:06:40:Application Start!

2015/4/24 上午 05:27:40::2015-04-24 05:27:40:Application End!

2015/4/24 上午 05:27:42::2015-04-24 05:27:42:Application Start!

2015/4/24 上午 05:48:42::2015-04-24 05:48:42:Application End!

2015/4/24 上午 05:48:44::2015-04-24 05:48:44:Application Start!

2015/4/24 上午 06:09:44::2015-04-24 06:09:44:Application End!

2015/4/24 上午 06:09:46::2015-04-24 06:09:46:Application Start!

2015/4/24 上午 06:30:46::2015-04-24 06:30:46:Application End!

2015/4/24 上午 06:30:48::2015-04-24 06:30:48:Application Start!

2015/4/24 上午 06:51:48::2015-04-24 06:51:48:Application End!

2015/4/24 上午 06:51:50::2015-04-24 06:51:50:Application Start!

2015/4/24 上午 07:12:50::2015-04-24 07:12:50:Application End!

2015/4/24 上午 07:12:52::2015-04-24 07:12:52:Application Start!

2015/4/24 上午 07:33:52::2015-04-24 07:33:52:Application End!

2015/4/24 上午 07:33:54::2015-04-24 07:33:54:Application Start!

2015/4/24 上午 07:54:54::2015-04-24 07:54:54:Application End!

2015/4/24 上午 07:54:56::2015-04-24 07:54:56:Application Start!

2015/4/24 上午 08:15:57::2015-04-24 08:15:57:Application End!

2015/4/24 上午 08:15:58::2015-04-24 08:15:58:Application Start!

2015/4/24 上午 08:36:59::2015-04-24 08:36:59:Application End!

2015/4/24 上午 08:37:00::2015-04-24 08:37:00:Application Start!

2015/4/24 上午 08:58:01::2015-04-24 08:58:01:Application End!

2015/4/24 上午 08:58:02::2015-04-24 08:58:02:Application Start!

2015/4/24 上午 09:19:03::2015-04-24 09:19:03:Application End!

2015/4/24 上午 09:19:04::2015-04-24 09:19:04:Application Start!

2015/4/24 上午 09:40:05::2015-04-24 09:40:05:Application End!

2015/4/24 上午 09:40:09::2015-04-24 09:40:09:Application Start!

2015/4/24 上午 10:01:08::2015-04-24 10:01:08:Application End!

2015/4/24 上午 10:01:09::2015-04-24 10:01:09:Application Start!

2015/4/24 上午 10:20:02::2015-04-24 10:20:02:AutoTask is Working!

2015/4/24 下午 01:40:03==> Errors Description:作業逾時Errors Location:   於 System.Net.HttpWebRequest.GetResponse()
   於 ePortal.Web.Core.Job.AttendanceAnomalyJob.ExecuteJob() 於 e:\ePortal\ePortal.Web.Core\Job\AttendanceAnomalyJob.cs: 行 26

2015/4/24 下午 03:07:11::2015-04-24 15:07:11:Application End!

2015/4/24 下午 03:07:13::2015-04-24 15:07:13:Application Start!

2015/4/24 下午 03:28:13::2015-04-24 15:28:13:Application End!

2015/4/24 下午 03:28:15::2015-04-24 15:28:15:Application Start!

2015/4/24 下午 03:49:16::2015-04-24 15:49:16:Application End!

2015/4/24 下午 03:49:17::2015-04-24 15:49:17:Application Start!

2015/4/24 下午 04:25:18::2015-04-24 16:25:18:Application End!

2015/4/24 下午 04:25:20::2015-04-24 16:25:20:Application Start!

2015/4/24 下午 04:46:20::2015-04-24 16:46:20:Application End!

2015/4/24 下午 04:46:23::2015-04-24 16:46:23:Application Start!

2015/4/24 下午 05:07:22::2015-04-24 17:07:22:Application End!

2015/4/24 下午 05:07:24::2015-04-24 17:07:24:Application Start!

2015/4/24 下午 05:28:25::2015-04-24 17:28:25:Application End!

2015/4/24 下午 05:28:33::2015-04-24 17:28:33:Application Start!

2015/4/24 下午 05:49:29::2015-04-24 17:49:29:Application End!

2015/4/24 下午 05:49:30::2015-04-24 17:49:30:Application Start!

2015/4/24 下午 06:10:31::2015-04-24 18:10:31:Application End!

2015/4/24 下午 06:10:33::2015-04-24 18:10:33:Application Start!

2015/4/24 下午 06:31:33::2015-04-24 18:31:33:Application End!

2015/4/24 下午 06:31:35::2015-04-24 18:31:35:Application Start!

2015/4/24 下午 06:52:35::2015-04-24 18:52:35:Application End!

2015/4/24 下午 06:52:37::2015-04-24 18:52:37:Application Start!

2015/4/24 下午 07:13:37::2015-04-24 19:13:37:Application End!

2015/4/24 下午 07:13:40::2015-04-24 19:13:40:Application Start!

2015/4/24 下午 07:34:39::2015-04-24 19:34:39:Application End!

2015/4/24 下午 07:34:41::2015-04-24 19:34:41:Application Start!

2015/4/24 下午 07:55:42::2015-04-24 19:55:42:Application End!

2015/4/24 下午 07:55:43::2015-04-24 19:55:43:Application Start!

2015/4/24 下午 08:16:44::2015-04-24 20:16:44:Application End!

2015/4/24 下午 08:16:45::2015-04-24 20:16:45:Application Start!

2015/4/24 下午 08:37:46::2015-04-24 20:37:46:Application End!

2015/4/24 下午 08:37:48::2015-04-24 20:37:48:Application Start!

2015/4/24 下午 08:58:48::2015-04-24 20:58:48:Application End!

2015/4/24 下午 08:58:50::2015-04-24 20:58:50:Application Start!

2015/4/24 下午 09:19:49::2015-04-24 21:19:49:Application End!

2015/4/24 下午 09:19:54::2015-04-24 21:19:54:Application Start!

2015/4/24 下午 09:40:52::2015-04-24 21:40:52:Application End!

2015/4/24 下午 09:40:54::2015-04-24 21:40:54:Application Start!

2015/4/24 下午 10:01:54::2015-04-24 22:01:54:Application End!

2015/4/24 下午 10:01:56::2015-04-24 22:01:56:Application Start!

2015/4/24 下午 10:22:56::2015-04-24 22:22:56:Application End!

2015/4/24 下午 10:22:58::2015-04-24 22:22:58:Application Start!

2015/4/24 下午 10:43:58::2015-04-24 22:43:58:Application End!

2015/4/24 下午 10:44:00::2015-04-24 22:44:00:Application Start!

2015/4/24 下午 11:04:59::2015-04-24 23:04:59:Application End!

2015/4/24 下午 11:05:01::2015-04-24 23:05:01:Application Start!

2015/4/24 下午 11:26:01::2015-04-24 23:26:01:Application End!

2015/4/24 下午 11:26:03::2015-04-24 23:26:03:Application Start!

2015/4/24 下午 11:47:03::2015-04-24 23:47:03:Application End!

2015/4/24 下午 11:47:05::2015-04-24 23:47:05:Application Start!

