2015/3/27 上午 12:05:01::2015-03-27 00:05:01:Application End!

2015/3/27 上午 12:05:03::2015-03-27 00:05:03:Application Start!

2015/3/27 上午 12:26:03::2015-03-27 00:26:03:Application End!

2015/3/27 上午 12:26:05::2015-03-27 00:26:05:Application Start!

2015/3/27 上午 12:47:06::2015-03-27 00:47:06:Application End!

2015/3/27 上午 12:47:07::2015-03-27 00:47:07:Application Start!

2015/3/27 上午 01:08:08::2015-03-27 01:08:08:Application End!

2015/3/27 上午 01:08:09::2015-03-27 01:08:09:Application Start!

2015/3/27 上午 01:29:09::2015-03-27 01:29:09:Application End!

2015/3/27 上午 01:29:11::2015-03-27 01:29:11:Application Start!

2015/3/27 上午 01:50:10::2015-03-27 01:50:10:Application End!

2015/3/27 上午 01:50:12::2015-03-27 01:50:12:Application Start!

2015/3/27 上午 02:15:12::2015-03-27 02:15:12:Application End!

2015/3/27 上午 02:15:14::2015-03-27 02:15:14:Application Start!

2015/3/27 上午 02:36:14::2015-03-27 02:36:14:Application End!

2015/3/27 上午 02:36:16::2015-03-27 02:36:16:Application Start!

2015/3/27 上午 02:57:16::2015-03-27 02:57:16:Application End!

2015/3/27 上午 02:57:18::2015-03-27 02:57:18:Application Start!

2015/3/27 上午 03:18:18::2015-03-27 03:18:18:Application End!

2015/3/27 上午 03:18:20::2015-03-27 03:18:20:Application Start!

2015/3/27 上午 03:39:20::2015-03-27 03:39:20:Application End!

2015/3/27 上午 03:39:22::2015-03-27 03:39:22:Application Start!

2015/3/27 上午 04:00:23::2015-03-27 04:00:23:Application End!

2015/3/27 上午 04:00:24::2015-03-27 04:00:24:Application Start!

2015/3/27 上午 04:21:25::2015-03-27 04:21:25:Application End!

2015/3/27 上午 04:21:26::2015-03-27 04:21:26:Application Start!

2015/3/27 上午 04:42:27::2015-03-27 04:42:27:Application End!

2015/3/27 上午 04:42:28::2015-03-27 04:42:28:Application Start!

2015/3/27 上午 05:03:29::2015-03-27 05:03:29:Application End!

2015/3/27 上午 05:03:30::2015-03-27 05:03:30:Application Start!

2015/3/27 上午 05:24:31::2015-03-27 05:24:31:Application End!

2015/3/27 上午 05:24:32::2015-03-27 05:24:32:Application Start!

2015/3/27 上午 05:45:33::2015-03-27 05:45:33:Application End!

2015/3/27 上午 05:45:34::2015-03-27 05:45:34:Application Start!

2015/3/27 上午 06:06:35::2015-03-27 06:06:35:Application End!

2015/3/27 上午 06:06:36::2015-03-27 06:06:36:Application Start!

2015/3/27 上午 06:27:37::2015-03-27 06:27:37:Application End!

2015/3/27 上午 06:27:39::2015-03-27 06:27:39:Application Start!

2015/3/27 上午 06:48:39::2015-03-27 06:48:39:Application End!

2015/3/27 上午 06:48:41::2015-03-27 06:48:41:Application Start!

2015/3/27 上午 07:09:41::2015-03-27 07:09:41:Application End!

2015/3/27 上午 07:09:43::2015-03-27 07:09:43:Application Start!

2015/3/27 上午 07:30:43::2015-03-27 07:30:43:Application End!

2015/3/27 上午 07:30:45::2015-03-27 07:30:45:Application Start!

2015/3/27 上午 07:51:45::2015-03-27 07:51:45:Application End!

2015/3/27 上午 07:51:47::2015-03-27 07:51:47:Application Start!

2015/3/27 上午 08:12:47::2015-03-27 08:12:47:Application End!

2015/3/27 上午 08:12:49::2015-03-27 08:12:49:Application Start!

2015/3/27 上午 08:35:49::2015-03-27 08:35:49:Application End!

2015/3/27 上午 08:35:51::2015-03-27 08:35:51:Application Start!

2015/3/27 上午 08:56:51::2015-03-27 08:56:51:Application End!

2015/3/27 上午 08:56:53::2015-03-27 08:56:53:Application Start!

2015/3/27 上午 09:17:53::2015-03-27 09:17:53:Application End!

2015/3/27 上午 09:17:55::2015-03-27 09:17:55:Application Start!

2015/3/27 上午 09:38:55::2015-03-27 09:38:55:Application End!

2015/3/27 上午 09:38:57::2015-03-27 09:38:57:Application Start!

2015/3/27 上午 09:59:57::2015-03-27 09:59:57:Application End!

2015/3/27 上午 09:59:59::2015-03-27 09:59:59:Application Start!

2015/3/27 上午 10:20:04::2015-03-27 10:20:04:AutoTask is Working!

2015/3/27 下午 12:54:22::自動執行計算門禁考勤異常報表:true

2015/3/27 下午 01:15:01::2015-03-27 13:15:01:Application End!

2015/3/27 下午 01:15:03::2015-03-27 13:15:03:Application Start!

2015/3/27 下午 01:36:03::2015-03-27 13:36:03:Application End!

2015/3/27 下午 01:36:05::2015-03-27 13:36:05:Application Start!

2015/3/27 下午 01:57:05::2015-03-27 13:57:05:Application End!

2015/3/27 下午 01:57:07::2015-03-27 13:57:07:Application Start!

2015/3/27 下午 02:18:07::2015-03-27 14:18:07:Application End!

2015/3/27 下午 02:18:09::2015-03-27 14:18:09:Application Start!

2015/3/27 下午 02:39:10::2015-03-27 14:39:09:Application End!

2015/3/27 下午 02:39:11::2015-03-27 14:39:11:Application Start!

2015/3/27 下午 03:00:12::2015-03-27 15:00:12:Application End!

2015/3/27 下午 03:00:13::2015-03-27 15:00:13:Application Start!

2015/3/27 下午 03:21:14::2015-03-27 15:21:14:Application End!

2015/3/27 下午 03:21:16::2015-03-27 15:21:16:Application Start!

2015/3/27 下午 03:42:16::2015-03-27 15:42:16:Application End!

2015/3/27 下午 03:42:18::2015-03-27 15:42:18:Application Start!

2015/3/27 下午 04:03:18::2015-03-27 16:03:18:Application End!

2015/3/27 下午 04:03:20::2015-03-27 16:03:20:Application Start!

2015/3/27 下午 04:24:20::2015-03-27 16:24:20:Application End!

2015/3/27 下午 04:24:22::2015-03-27 16:24:22:Application Start!

2015/3/27 下午 04:45:23::2015-03-27 16:45:23:Application End!

2015/3/27 下午 04:45:24::2015-03-27 16:45:24:Application Start!

2015/3/27 下午 05:06:25::2015-03-27 17:06:25:Application End!

2015/3/27 下午 05:06:26::2015-03-27 17:06:26:Application Start!

2015/3/27 下午 05:27:27::2015-03-27 17:27:27:Application End!

2015/3/27 下午 05:27:29::2015-03-27 17:27:29:Application Start!

2015/3/27 下午 05:48:29::2015-03-27 17:48:29:Application End!

2015/3/27 下午 05:48:31::2015-03-27 17:48:31:Application Start!

2015/3/27 下午 06:09:31::2015-03-27 18:09:31:Application End!

2015/3/27 下午 06:09:33::2015-03-27 18:09:33:Application Start!

2015/3/27 下午 06:30:33::2015-03-27 18:30:33:Application End!

2015/3/27 下午 06:30:35::2015-03-27 18:30:35:Application Start!

2015/3/27 下午 06:51:36::2015-03-27 18:51:36:Application End!

2015/3/27 下午 06:51:37::2015-03-27 18:51:37:Application Start!

2015/3/27 下午 07:12:38::2015-03-27 19:12:38:Application End!

2015/3/27 下午 07:12:39::2015-03-27 19:12:39:Application Start!

2015/3/27 下午 07:33:40::2015-03-27 19:33:40:Application End!

2015/3/27 下午 07:33:42::2015-03-27 19:33:42:Application Start!

2015/3/27 下午 07:54:41::2015-03-27 19:54:41:Application End!

2015/3/27 下午 07:54:45::2015-03-27 19:54:45:Application Start!

2015/3/27 下午 08:15:43::2015-03-27 20:15:43:Application End!

2015/3/27 下午 08:15:45::2015-03-27 20:15:45:Application Start!

2015/3/27 下午 08:36:45::2015-03-27 20:36:45:Application End!

2015/3/27 下午 08:36:47::2015-03-27 20:36:47:Application Start!

2015/3/27 下午 08:57:48::2015-03-27 20:57:48:Application End!

2015/3/27 下午 08:57:49::2015-03-27 20:57:49:Application Start!

2015/3/27 下午 09:38:49::2015-03-27 21:38:49:Application End!

2015/3/27 下午 09:38:51::2015-03-27 21:38:51:Application Start!

2015/3/27 下午 09:59:52::2015-03-27 21:59:52:Application End!

2015/3/27 下午 09:59:54::2015-03-27 21:59:54:Application Start!

2015/3/27 下午 10:20:54::2015-03-27 22:20:54:Application End!

2015/3/27 下午 10:20:56::2015-03-27 22:20:55:Application Start!

2015/3/27 下午 10:41:56::2015-03-27 22:41:56:Application End!

2015/3/27 下午 10:41:58::2015-03-27 22:41:58:Application Start!

2015/3/27 下午 11:02:58::2015-03-27 23:02:58:Application End!

2015/3/27 下午 11:03:00::2015-03-27 23:03:00:Application Start!

2015/3/27 下午 11:24:00::2015-03-27 23:24:00:Application End!

2015/3/27 下午 11:24:02::2015-03-27 23:24:02:Application Start!

2015/3/27 下午 11:45:02::2015-03-27 23:45:02:Application End!

2015/3/27 下午 11:45:06::2015-03-27 23:45:06:Application Start!

