2015/3/2 上午 12:08:16::2015-03-02 00:08:16:Application End!

2015/3/2 上午 12:08:17::2015-03-02 00:08:17:Application Start!

2015/3/2 上午 12:29:18::2015-03-02 00:29:18:Application End!

2015/3/2 上午 12:29:20::2015-03-02 00:29:20:Application Start!

2015/3/2 上午 12:50:19::2015-03-02 00:50:19:Application End!

2015/3/2 上午 12:50:20::2015-03-02 00:50:20:Application Start!

2015/3/2 上午 01:11:20::2015-03-02 01:11:20:Application End!

2015/3/2 上午 01:11:22::2015-03-02 01:11:22:Application Start!

2015/3/2 上午 01:32:23::2015-03-02 01:32:22:Application End!

2015/3/2 上午 01:32:24::2015-03-02 01:32:24:Application Start!

2015/3/2 上午 01:53:25::2015-03-02 01:53:25:Application End!

2015/3/2 上午 01:53:26::2015-03-02 01:53:26:Application Start!

2015/3/2 上午 02:14:27::2015-03-02 02:14:27:Application End!

2015/3/2 上午 02:14:28::2015-03-02 02:14:28:Application Start!

2015/3/2 上午 02:35:29::2015-03-02 02:35:29:Application End!

2015/3/2 上午 02:35:30::2015-03-02 02:35:30:Application Start!

2015/3/2 上午 02:56:31::2015-03-02 02:56:31:Application End!

2015/3/2 上午 02:56:32::2015-03-02 02:56:32:Application Start!

2015/3/2 上午 03:17:33::2015-03-02 03:17:33:Application End!

2015/3/2 上午 03:17:41::2015-03-02 03:17:41:Application Start!

2015/3/2 上午 03:38:37::2015-03-02 03:38:37:Application End!

2015/3/2 上午 03:38:38::2015-03-02 03:38:38:Application Start!

2015/3/2 上午 03:59:39::2015-03-02 03:59:39:Application End!

2015/3/2 上午 03:59:40::2015-03-02 03:59:40:Application Start!

2015/3/2 上午 04:20:41::2015-03-02 04:20:41:Application End!

2015/3/2 上午 04:20:42::2015-03-02 04:20:42:Application Start!

2015/3/2 上午 04:41:43::2015-03-02 04:41:43:Application End!

2015/3/2 上午 04:41:44::2015-03-02 04:41:44:Application Start!

2015/3/2 上午 05:02:45::2015-03-02 05:02:45:Application End!

2015/3/2 上午 05:02:46::2015-03-02 05:02:46:Application Start!

2015/3/2 上午 05:23:47::2015-03-02 05:23:47:Application End!

2015/3/2 上午 05:23:48::2015-03-02 05:23:48:Application Start!

2015/3/2 上午 05:44:49::2015-03-02 05:44:49:Application End!

2015/3/2 上午 05:44:50::2015-03-02 05:44:50:Application Start!

2015/3/2 上午 06:05:51::2015-03-02 06:05:51:Application End!

2015/3/2 上午 06:05:52::2015-03-02 06:05:52:Application Start!

2015/3/2 上午 06:26:53::2015-03-02 06:26:53:Application End!

2015/3/2 上午 06:26:55::2015-03-02 06:26:54:Application Start!

2015/3/2 上午 06:58:55::2015-03-02 06:58:55:Application End!

2015/3/2 上午 06:58:57::2015-03-02 06:58:56:Application Start!

2015/3/2 上午 07:19:57::2015-03-02 07:19:57:Application End!

2015/3/2 上午 07:19:59::2015-03-02 07:19:59:Application Start!

2015/3/2 上午 07:40:59::2015-03-02 07:40:59:Application End!

2015/3/2 上午 07:41:01::2015-03-02 07:41:01:Application Start!

2015/3/2 上午 08:02:01::2015-03-02 08:02:01:Application End!

2015/3/2 上午 08:02:03::2015-03-02 08:02:03:Application Start!

2015/3/2 上午 08:23:03::2015-03-02 08:23:03:Application End!

2015/3/2 上午 08:23:05::2015-03-02 08:23:05:Application Start!

2015/3/2 上午 08:44:05::2015-03-02 08:44:05:Application End!

2015/3/2 上午 08:44:07::2015-03-02 08:44:07:Application Start!

2015/3/2 上午 09:05:07::2015-03-02 09:05:07:Application End!

2015/3/2 上午 09:05:09::2015-03-02 09:05:09:Application Start!

2015/3/2 上午 09:26:09::2015-03-02 09:26:09:Application End!

2015/3/2 上午 09:26:11::2015-03-02 09:26:11:Application Start!

2015/3/2 上午 09:47:12::2015-03-02 09:47:12:Application End!

2015/3/2 上午 09:47:16::2015-03-02 09:47:16:Application Start!

2015/3/2 上午 10:08:16::2015-03-02 10:08:16:Application End!

2015/3/2 上午 10:08:18::2015-03-02 10:08:18:Application Start!

2015/3/2 上午 10:20:00::2015-03-02 10:20:00:AutoTask is Working!

2015/3/2 上午 11:32:40==> Operate Description:用戶登錄, Operate Model:用戶管理, Operate creater:test Operate Type:登錄

2015/3/2 上午 11:51:41::自動執行計算門禁考勤異常報表:true

2015/3/2 下午 12:12:18::2015-03-02 12:12:18:Application End!

2015/3/2 下午 12:12:20::2015-03-02 12:12:20:Application Start!

2015/3/2 下午 12:33:20::2015-03-02 12:33:20:Application End!

2015/3/2 下午 12:33:22::2015-03-02 12:33:22:Application Start!

2015/3/2 下午 12:54:23::2015-03-02 12:54:23:Application End!

2015/3/2 下午 12:54:24::2015-03-02 12:54:24:Application Start!

2015/3/2 下午 01:15:25::2015-03-02 13:15:25:Application End!

2015/3/2 下午 01:15:27::2015-03-02 13:15:27:Application Start!

2015/3/2 下午 01:36:27::2015-03-02 13:36:27:Application End!

2015/3/2 下午 01:36:29::2015-03-02 13:36:29:Application Start!

2015/3/2 下午 01:57:29::2015-03-02 13:57:29:Application End!

2015/3/2 下午 01:57:31::2015-03-02 13:57:31:Application Start!

2015/3/2 下午 02:18:31::2015-03-02 14:18:31:Application End!

2015/3/2 下午 02:18:33::2015-03-02 14:18:33:Application Start!

2015/3/2 下午 02:25:20==> Operate Description:用戶登錄, Operate Model:用戶管理, Operate creater:test Operate Type:登錄

2015/3/2 下午 02:46:34::2015-03-02 14:46:34:Application End!

2015/3/2 下午 02:46:35::2015-03-02 14:46:35:Application Start!

2015/3/2 下午 03:07:36::2015-03-02 15:07:36:Application End!

2015/3/2 下午 03:07:37::2015-03-02 15:07:37:Application Start!

2015/3/2 下午 03:28:38::2015-03-02 15:28:38:Application End!

2015/3/2 下午 03:28:40::2015-03-02 15:28:40:Application Start!

2015/3/2 下午 03:49:40::2015-03-02 15:49:40:Application End!

2015/3/2 下午 03:49:42::2015-03-02 15:49:42:Application Start!

2015/3/2 下午 04:10:42::2015-03-02 16:10:42:Application End!

2015/3/2 下午 04:10:44::2015-03-02 16:10:44:Application Start!

2015/3/2 下午 04:31:44::2015-03-02 16:31:44:Application End!

2015/3/2 下午 04:31:46::2015-03-02 16:31:46:Application Start!

2015/3/2 下午 04:52:46::2015-03-02 16:52:46:Application End!

2015/3/2 下午 04:52:48::2015-03-02 16:52:48:Application Start!

2015/3/2 下午 05:13:49::2015-03-02 17:13:49:Application End!

2015/3/2 下午 05:13:50::2015-03-02 17:13:50:Application Start!

2015/3/2 下午 05:34:51::2015-03-02 17:34:51:Application End!

2015/3/2 下午 05:34:53::2015-03-02 17:34:53:Application Start!

2015/3/2 下午 05:55:53::2015-03-02 17:55:53:Application End!

2015/3/2 下午 05:55:55::2015-03-02 17:55:55:Application Start!

2015/3/2 下午 06:16:55::2015-03-02 18:16:55:Application End!

2015/3/2 下午 06:16:57::2015-03-02 18:16:57:Application Start!

2015/3/2 下午 06:37:57::2015-03-02 18:37:57:Application End!

2015/3/2 下午 06:37:59::2015-03-02 18:37:59:Application Start!

2015/3/2 下午 06:58:58::2015-03-02 18:58:58:Application End!

2015/3/2 下午 06:59:00::2015-03-02 18:59:00:Application Start!

2015/3/2 下午 07:20:00::2015-03-02 19:20:00:Application End!

2015/3/2 下午 07:20:02::2015-03-02 19:20:02:Application Start!

2015/3/2 下午 07:54:02::2015-03-02 19:54:02:Application End!

2015/3/2 下午 07:54:04::2015-03-02 19:54:04:Application Start!

2015/3/2 下午 08:15:04::2015-03-02 20:15:04:Application End!

2015/3/2 下午 08:15:06::2015-03-02 20:15:06:Application Start!

2015/3/2 下午 08:36:06::2015-03-02 20:36:06:Application End!

2015/3/2 下午 08:36:08::2015-03-02 20:36:08:Application Start!

2015/3/2 下午 08:57:08::2015-03-02 20:57:08:Application End!

2015/3/2 下午 08:57:10::2015-03-02 20:57:10:Application Start!

2015/3/2 下午 09:18:10::2015-03-02 21:18:10:Application End!

2015/3/2 下午 09:18:12::2015-03-02 21:18:12:Application Start!

2015/3/2 下午 09:39:12::2015-03-02 21:39:12:Application End!

2015/3/2 下午 09:39:14::2015-03-02 21:39:14:Application Start!

2015/3/2 下午 10:00:14::2015-03-02 22:00:14:Application End!

2015/3/2 下午 10:00:16::2015-03-02 22:00:16:Application Start!

2015/3/2 下午 10:21:16::2015-03-02 22:21:16:Application End!

2015/3/2 下午 10:21:18::2015-03-02 22:21:18:Application Start!

2015/3/2 下午 10:42:18::2015-03-02 22:42:18:Application End!

2015/3/2 下午 10:42:20::2015-03-02 22:42:20:Application Start!

2015/3/2 下午 11:03:20::2015-03-02 23:03:20:Application End!

2015/3/2 下午 11:03:22::2015-03-02 23:03:22:Application Start!

2015/3/2 下午 11:24:22::2015-03-02 23:24:22:Application End!

2015/3/2 下午 11:24:24::2015-03-02 23:24:24:Application Start!

2015/3/2 下午 11:45:24::2015-03-02 23:45:24:Application End!

2015/3/2 下午 11:45:26::2015-03-02 23:45:26:Application Start!

