2015/11/5 上午 01:53:57::2015-11-05 01:53:57:Application Start!

2015/11/5 上午 02:14:57::2015-11-05 02:14:57:Application End!

2015/11/5 上午 07:42:45::2015-11-05 07:42:45:Application Start!

2015/11/5 上午 08:03:45::2015-11-05 08:03:45:Application End!

2015/11/5 上午 08:18:39::2015-11-05 08:18:39:Application Start!

2015/11/5 上午 08:39:39::2015-11-05 08:39:39:Application End!

2015/11/5 上午 09:02:13::2015-11-05 09:02:13:Application Start!

2015/11/5 上午 09:02:28==> Operate Description:用戶登錄, Operate Model:用戶管理, Operate creater:test Operate Type:登錄

2015/11/5 上午 09:23:13::2015-11-05 09:23:13:Application End!

2015/11/5 上午 09:35:58::2015-11-05 09:35:58:Application Start!

2015/11/5 上午 09:56:59::2015-11-05 09:56:59:Application End!

2015/11/5 上午 10:08:47::2015-11-05 10:08:47:Application Start!

2015/11/5 上午 10:29:47::2015-11-05 10:29:47:Application End!

2015/11/5 上午 10:54:41::2015-11-05 10:54:41:Application Start!

2015/11/5 上午 11:28:42::2015-11-05 11:28:42:Application End!

2015/11/5 上午 11:47:01::2015-11-05 11:47:01:Application Start!

2015/11/5 下午 12:11:01::2015-11-05 12:11:01:Application End!

2015/11/5 下午 12:45:12::2015-11-05 12:45:12:Application Start!

2015/11/5 下午 01:06:12::2015-11-05 13:06:12:Application End!

2015/11/5 下午 01:46:37::2015-11-05 13:46:37:Application Start!

2015/11/5 下午 02:22:38::2015-11-05 14:22:38:Application End!

2015/11/5 下午 02:27:30::2015-11-05 14:27:30:Application Start!

2015/11/5 下午 02:48:30::2015-11-05 14:48:30:Application End!

2015/11/5 下午 03:18:41::2015-11-05 15:18:41:Application Start!

2015/11/5 下午 03:39:41::2015-11-05 15:39:41:Application End!

2015/11/5 下午 03:58:44::2015-11-05 15:58:44:Application Start!

2015/11/5 下午 04:28:45::2015-11-05 16:28:45:Application End!

