2015/3/29 上午 12:02:08::2015-03-29 00:02:08:Application End!

2015/3/29 上午 12:02:09::2015-03-29 00:02:09:Application Start!

2015/3/29 上午 12:23:10::2015-03-29 00:23:10:Application End!

2015/3/29 上午 12:23:11::2015-03-29 00:23:11:Application Start!

2015/3/29 上午 12:44:12::2015-03-29 00:44:12:Application End!

2015/3/29 上午 12:44:14::2015-03-29 00:44:14:Application Start!

2015/3/29 上午 01:05:14::2015-03-29 01:05:14:Application End!

2015/3/29 上午 01:05:16::2015-03-29 01:05:16:Application Start!

2015/3/29 上午 01:26:16::2015-03-29 01:26:16:Application End!

2015/3/29 上午 01:26:18::2015-03-29 01:26:18:Application Start!

2015/3/29 上午 01:47:18::2015-03-29 01:47:18:Application End!

2015/3/29 上午 01:47:20::2015-03-29 01:47:20:Application Start!

2015/3/29 上午 02:08:20::2015-03-29 02:08:20:Application End!

2015/3/29 上午 02:08:22::2015-03-29 02:08:22:Application Start!

2015/3/29 上午 02:29:23::2015-03-29 02:29:23:Application End!

2015/3/29 上午 02:29:24::2015-03-29 02:29:24:Application Start!

2015/3/29 上午 02:50:25::2015-03-29 02:50:25:Application End!

2015/3/29 上午 02:50:26::2015-03-29 02:50:26:Application Start!

2015/3/29 上午 03:11:27::2015-03-29 03:11:27:Application End!

2015/3/29 上午 03:11:29::2015-03-29 03:11:29:Application Start!

2015/3/29 上午 03:32:29::2015-03-29 03:32:29:Application End!

2015/3/29 上午 03:32:31::2015-03-29 03:32:31:Application Start!

2015/3/29 上午 03:53:31::2015-03-29 03:53:31:Application End!

2015/3/29 上午 03:53:33::2015-03-29 03:53:33:Application Start!

2015/3/29 上午 04:14:33::2015-03-29 04:14:33:Application End!

2015/3/29 上午 04:14:35::2015-03-29 04:14:35:Application Start!

2015/3/29 上午 04:35:36::2015-03-29 04:35:36:Application End!

2015/3/29 上午 04:35:37::2015-03-29 04:35:37:Application Start!

2015/3/29 上午 04:56:38::2015-03-29 04:56:38:Application End!

2015/3/29 上午 04:56:39::2015-03-29 04:56:39:Application Start!

2015/3/29 上午 05:17:40::2015-03-29 05:17:40:Application End!

2015/3/29 上午 05:17:42::2015-03-29 05:17:42:Application Start!

2015/3/29 上午 05:38:42::2015-03-29 05:38:42:Application End!

2015/3/29 上午 05:38:44::2015-03-29 05:38:44:Application Start!

2015/3/29 上午 05:59:44::2015-03-29 05:59:44:Application End!

2015/3/29 上午 05:59:46::2015-03-29 05:59:46:Application Start!

2015/3/29 上午 06:20:46::2015-03-29 06:20:46:Application End!

2015/3/29 上午 06:20:48::2015-03-29 06:20:48:Application Start!

2015/3/29 上午 06:41:48::2015-03-29 06:41:48:Application End!

2015/3/29 上午 06:41:50::2015-03-29 06:41:50:Application Start!

2015/3/29 上午 07:02:51::2015-03-29 07:02:51:Application End!

2015/3/29 上午 07:02:52::2015-03-29 07:02:52:Application Start!

2015/3/29 上午 07:23:53::2015-03-29 07:23:53:Application End!

2015/3/29 上午 07:23:55::2015-03-29 07:23:55:Application Start!

2015/3/29 上午 07:44:55::2015-03-29 07:44:55:Application End!

2015/3/29 上午 07:44:57::2015-03-29 07:44:57:Application Start!

2015/3/29 上午 08:05:57::2015-03-29 08:05:57:Application End!

2015/3/29 上午 08:05:58::2015-03-29 08:05:58:Application Start!

2015/3/29 上午 08:26:58::2015-03-29 08:26:58:Application End!

2015/3/29 上午 08:27:00::2015-03-29 08:26:59:Application Start!

2015/3/29 上午 08:48:00::2015-03-29 08:48:00:Application End!

2015/3/29 上午 08:48:02::2015-03-29 08:48:02:Application Start!

2015/3/29 上午 09:09:02::2015-03-29 09:09:02:Application End!

2015/3/29 上午 09:09:06::2015-03-29 09:09:06:Application Start!

2015/3/29 上午 09:30:05::2015-03-29 09:30:05:Application End!

2015/3/29 上午 09:30:07::2015-03-29 09:30:07:Application Start!

2015/3/29 上午 09:51:07::2015-03-29 09:51:07:Application End!

2015/3/29 上午 09:51:09::2015-03-29 09:51:09:Application Start!

2015/3/29 上午 10:12:09::2015-03-29 10:12:09:Application End!

2015/3/29 上午 10:12:11::2015-03-29 10:12:11:Application Start!

2015/3/29 上午 10:20:00::2015-03-29 10:20:00:AutoTask is Working!

2015/3/29 下午 12:52:41::自動執行計算門禁考勤異常報表:true

2015/3/29 下午 01:13:11::2015-03-29 13:13:11:Application End!

2015/3/29 下午 01:13:15::2015-03-29 13:13:15:Application Start!

2015/3/29 下午 01:34:14::2015-03-29 13:34:13:Application End!

2015/3/29 下午 01:34:18::2015-03-29 13:34:18:Application Start!

2015/3/29 下午 01:55:17::2015-03-29 13:55:17:Application End!

2015/3/29 下午 01:55:21::2015-03-29 13:55:21:Application Start!

2015/3/29 下午 02:16:20::2015-03-29 14:16:20:Application End!

2015/3/29 下午 02:16:25::2015-03-29 14:16:25:Application Start!

2015/3/29 下午 02:37:23::2015-03-29 14:37:23:Application End!

2015/3/29 下午 02:37:27::2015-03-29 14:37:27:Application Start!

2015/3/29 下午 02:58:26::2015-03-29 14:58:26:Application End!

2015/3/29 下午 02:58:32::2015-03-29 14:58:32:Application Start!

2015/3/29 下午 03:19:30::2015-03-29 15:19:30:Application End!

2015/3/29 下午 03:19:33::2015-03-29 15:19:33:Application Start!

2015/3/29 下午 03:40:32::2015-03-29 15:40:32:Application End!

2015/3/29 下午 03:40:34::2015-03-29 15:40:34:Application Start!

2015/3/29 下午 04:01:34::2015-03-29 16:01:34:Application End!

2015/3/29 下午 04:01:36::2015-03-29 16:01:36:Application Start!

2015/3/29 下午 04:22:36::2015-03-29 16:22:36:Application End!

2015/3/29 下午 04:22:38::2015-03-29 16:22:38:Application Start!

2015/3/29 下午 04:43:38::2015-03-29 16:43:38:Application End!

2015/3/29 下午 04:43:40::2015-03-29 16:43:40:Application Start!

2015/3/29 下午 05:04:40::2015-03-29 17:04:40:Application End!

2015/3/29 下午 05:04:42::2015-03-29 17:04:42:Application Start!

2015/3/29 下午 05:25:44::2015-03-29 17:25:44:Application End!

2015/3/29 下午 05:25:46::2015-03-29 17:25:46:Application Start!

2015/3/29 下午 05:46:46::2015-03-29 17:46:46:Application End!

2015/3/29 下午 05:46:48::2015-03-29 17:46:48:Application Start!

2015/3/29 下午 06:07:49::2015-03-29 18:07:49:Application End!

2015/3/29 下午 06:07:52::2015-03-29 18:07:52:Application Start!

2015/3/29 下午 06:28:51::2015-03-29 18:28:51:Application End!

2015/3/29 下午 06:28:53::2015-03-29 18:28:53:Application Start!

2015/3/29 下午 06:49:53::2015-03-29 18:49:53:Application End!

2015/3/29 下午 06:49:55::2015-03-29 18:49:55:Application Start!

2015/3/29 下午 07:10:56::2015-03-29 19:10:56:Application End!

2015/3/29 下午 07:10:57::2015-03-29 19:10:57:Application Start!

2015/3/29 下午 07:31:58::2015-03-29 19:31:58:Application End!

2015/3/29 下午 07:31:59::2015-03-29 19:31:59:Application Start!

2015/3/29 下午 07:53:00::2015-03-29 19:53:00:Application End!

2015/3/29 下午 07:53:02::2015-03-29 19:53:02:Application Start!

2015/3/29 下午 08:14:02::2015-03-29 20:14:02:Application End!

2015/3/29 下午 08:14:04::2015-03-29 20:14:04:Application Start!

2015/3/29 下午 08:35:04::2015-03-29 20:35:04:Application End!

2015/3/29 下午 08:35:06::2015-03-29 20:35:06:Application Start!

2015/3/29 下午 08:56:07::2015-03-29 20:56:06:Application End!

2015/3/29 下午 08:56:08::2015-03-29 20:56:08:Application Start!

2015/3/29 下午 09:17:09::2015-03-29 21:17:09:Application End!

2015/3/29 下午 09:17:13::2015-03-29 21:17:13:Application Start!

2015/3/29 下午 09:38:12::2015-03-29 21:38:12:Application End!

2015/3/29 下午 09:38:14::2015-03-29 21:38:14:Application Start!

2015/3/29 下午 09:59:14::2015-03-29 21:59:14:Application End!

2015/3/29 下午 09:59:16::2015-03-29 21:59:16:Application Start!

2015/3/29 下午 10:20:16::2015-03-29 22:20:16:Application End!

2015/3/29 下午 10:20:18::2015-03-29 22:20:18:Application Start!

2015/3/29 下午 10:41:18::2015-03-29 22:41:18:Application End!

2015/3/29 下午 10:41:20::2015-03-29 22:41:20:Application Start!

2015/3/29 下午 11:02:21::2015-03-29 23:02:21:Application End!

2015/3/29 下午 11:02:25::2015-03-29 23:02:25:Application Start!

2015/3/29 下午 11:23:24::2015-03-29 23:23:24:Application End!

2015/3/29 下午 11:23:26::2015-03-29 23:23:26:Application Start!

2015/3/29 下午 11:46:26::2015-03-29 23:46:26:Application End!

2015/3/29 下午 11:46:28::2015-03-29 23:46:28:Application Start!

