2015/3/5 上午 12:06:53::2015-03-05 00:06:53:Application End!

2015/3/5 上午 12:06:55::2015-03-05 00:06:55:Application Start!

2015/3/5 上午 12:27:55::2015-03-05 00:27:55:Application End!

2015/3/5 上午 12:27:57::2015-03-05 00:27:57:Application Start!

2015/3/5 上午 12:48:57::2015-03-05 00:48:57:Application End!

2015/3/5 上午 12:48:59::2015-03-05 00:48:59:Application Start!

2015/3/5 上午 01:10:00::2015-03-05 01:10:00:Application End!

2015/3/5 上午 01:10:01::2015-03-05 01:10:01:Application Start!

2015/3/5 上午 01:31:01::2015-03-05 01:31:01:Application End!

2015/3/5 上午 01:31:03::2015-03-05 01:31:03:Application Start!

2015/3/5 上午 01:52:02::2015-03-05 01:52:02:Application End!

2015/3/5 上午 01:52:04::2015-03-05 01:52:04:Application Start!

2015/3/5 上午 02:13:04::2015-03-05 02:13:04:Application End!

2015/3/5 上午 02:13:06::2015-03-05 02:13:06:Application Start!

2015/3/5 上午 02:34:06::2015-03-05 02:34:06:Application End!

2015/3/5 上午 02:34:08::2015-03-05 02:34:08:Application Start!

2015/3/5 上午 02:55:08::2015-03-05 02:55:08:Application End!

2015/3/5 上午 02:55:10::2015-03-05 02:55:10:Application Start!

2015/3/5 上午 03:16:10::2015-03-05 03:16:10:Application End!

2015/3/5 上午 03:16:12::2015-03-05 03:16:12:Application Start!

2015/3/5 上午 03:37:12::2015-03-05 03:37:12:Application End!

2015/3/5 上午 03:37:14::2015-03-05 03:37:14:Application Start!

2015/3/5 上午 03:58:14::2015-03-05 03:58:14:Application End!

2015/3/5 上午 03:58:16::2015-03-05 03:58:16:Application Start!

2015/3/5 上午 04:19:16::2015-03-05 04:19:16:Application End!

2015/3/5 上午 04:19:18::2015-03-05 04:19:18:Application Start!

2015/3/5 上午 04:40:18::2015-03-05 04:40:18:Application End!

2015/3/5 上午 04:40:20::2015-03-05 04:40:20:Application Start!

2015/3/5 上午 05:01:20::2015-03-05 05:01:20:Application End!

2015/3/5 上午 05:01:22::2015-03-05 05:01:22:Application Start!

2015/3/5 上午 05:22:23::2015-03-05 05:22:23:Application End!

2015/3/5 上午 05:22:32::2015-03-05 05:22:32:Application Start!

2015/3/5 上午 05:43:27::2015-03-05 05:43:27:Application End!

2015/3/5 上午 05:43:28::2015-03-05 05:43:28:Application Start!

2015/3/5 上午 06:04:29::2015-03-05 06:04:29:Application End!

2015/3/5 上午 06:04:30::2015-03-05 06:04:30:Application Start!

2015/3/5 上午 06:25:31::2015-03-05 06:25:31:Application End!

2015/3/5 上午 06:25:33::2015-03-05 06:25:33:Application Start!

2015/3/5 上午 06:46:33::2015-03-05 06:46:33:Application End!

2015/3/5 上午 06:46:35::2015-03-05 06:46:35:Application Start!

2015/3/5 上午 07:07:35::2015-03-05 07:07:35:Application End!

2015/3/5 上午 07:07:39::2015-03-05 07:07:39:Application Start!

2015/3/5 上午 07:28:38::2015-03-05 07:28:38:Application End!

2015/3/5 上午 07:28:39::2015-03-05 07:28:39:Application Start!

2015/3/5 上午 07:53:40::2015-03-05 07:53:40:Application End!

2015/3/5 上午 07:53:41::2015-03-05 07:53:41:Application Start!

2015/3/5 上午 08:14:42::2015-03-05 08:14:42:Application End!

2015/3/5 上午 08:14:43::2015-03-05 08:14:43:Application Start!

2015/3/5 上午 08:35:44::2015-03-05 08:35:44:Application End!

2015/3/5 上午 08:35:48::2015-03-05 08:35:48:Application Start!

2015/3/5 上午 08:56:47::2015-03-05 08:56:47:Application End!

2015/3/5 上午 08:56:48::2015-03-05 08:56:48:Application Start!

2015/3/5 上午 09:32:49::2015-03-05 09:32:49:Application End!

2015/3/5 上午 09:32:50::2015-03-05 09:32:50:Application Start!

2015/3/5 上午 09:53:51::2015-03-05 09:53:51:Application End!

2015/3/5 上午 09:53:52::2015-03-05 09:53:52:Application Start!

2015/3/5 上午 10:14:53::2015-03-05 10:14:53:Application End!

2015/3/5 上午 10:14:54::2015-03-05 10:14:54:Application Start!

2015/3/5 上午 10:20:00::2015-03-05 10:20:00:AutoTask is Working!

2015/3/5 上午 11:56:37::自動執行計算門禁考勤異常報表:true

2015/3/5 下午 12:16:56::2015-03-05 12:16:56:Application End!

2015/3/5 下午 12:16:58::2015-03-05 12:16:58:Application Start!

2015/3/5 下午 12:37:59::2015-03-05 12:37:59:Application End!

2015/3/5 下午 12:38:00::2015-03-05 12:38:00:Application Start!

2015/3/5 下午 12:59:01::2015-03-05 12:59:01:Application End!

2015/3/5 下午 12:59:02::2015-03-05 12:59:02:Application Start!

2015/3/5 下午 01:20:03::2015-03-05 13:20:03:Application End!

2015/3/5 下午 01:20:05::2015-03-05 13:20:05:Application Start!

2015/3/5 下午 01:41:05::2015-03-05 13:41:05:Application End!

2015/3/5 下午 01:41:07::2015-03-05 13:41:07:Application Start!

2015/3/5 下午 02:02:07::2015-03-05 14:02:07:Application End!

2015/3/5 下午 02:02:09::2015-03-05 14:02:09:Application Start!

2015/3/5 下午 02:23:09::2015-03-05 14:23:09:Application End!

2015/3/5 下午 02:23:11::2015-03-05 14:23:11:Application Start!

2015/3/5 下午 02:44:12::2015-03-05 14:44:12:Application End!

2015/3/5 下午 02:44:14::2015-03-05 14:44:14:Application Start!

2015/3/5 下午 03:05:14::2015-03-05 15:05:14:Application End!

2015/3/5 下午 03:05:16::2015-03-05 15:05:16:Application Start!

2015/3/5 下午 03:26:16::2015-03-05 15:26:16:Application End!

2015/3/5 下午 03:26:18::2015-03-05 15:26:18:Application Start!

2015/3/5 下午 03:47:18::2015-03-05 15:47:18:Application End!

2015/3/5 下午 03:47:20::2015-03-05 15:47:20:Application Start!

2015/3/5 下午 04:17:20::2015-03-05 16:17:20:Application End!

2015/3/5 下午 04:17:22::2015-03-05 16:17:22:Application Start!

2015/3/5 下午 04:38:23::2015-03-05 16:38:22:Application End!

2015/3/5 下午 04:38:24::2015-03-05 16:38:24:Application Start!

2015/3/5 下午 04:59:25::2015-03-05 16:59:25:Application End!

2015/3/5 下午 04:59:26::2015-03-05 16:59:26:Application Start!

2015/3/5 下午 05:20:27::2015-03-05 17:20:27:Application End!

2015/3/5 下午 05:20:29::2015-03-05 17:20:29:Application Start!

2015/3/5 下午 05:41:29::2015-03-05 17:41:29:Application End!

2015/3/5 下午 05:41:31::2015-03-05 17:41:31:Application Start!

2015/3/5 下午 06:02:31::2015-03-05 18:02:31:Application End!

2015/3/5 下午 06:02:33::2015-03-05 18:02:33:Application Start!

2015/3/5 下午 06:23:33::2015-03-05 18:23:33:Application End!

2015/3/5 下午 06:23:35::2015-03-05 18:23:35:Application Start!

2015/3/5 下午 06:44:35::2015-03-05 18:44:35:Application End!

2015/3/5 下午 06:44:37::2015-03-05 18:44:37:Application Start!

2015/3/5 下午 07:05:38::2015-03-05 19:05:38:Application End!

2015/3/5 下午 07:05:39::2015-03-05 19:05:39:Application Start!

2015/3/5 下午 07:26:40::2015-03-05 19:26:40:Application End!

2015/3/5 下午 07:26:42::2015-03-05 19:26:42:Application Start!

2015/3/5 下午 07:47:41::2015-03-05 19:47:41:Application End!

2015/3/5 下午 07:47:43::2015-03-05 19:47:43:Application Start!

2015/3/5 下午 08:08:42::2015-03-05 20:08:42:Application End!

2015/3/5 下午 08:08:44::2015-03-05 20:08:44:Application Start!

2015/3/5 下午 08:29:45::2015-03-05 20:29:45:Application End!

2015/3/5 下午 08:29:46::2015-03-05 20:29:46:Application Start!

2015/3/5 下午 08:50:47::2015-03-05 20:50:47:Application End!

2015/3/5 下午 08:50:48::2015-03-05 20:50:48:Application Start!

2015/3/5 下午 09:11:49::2015-03-05 21:11:49:Application End!

2015/3/5 下午 09:11:50::2015-03-05 21:11:50:Application Start!

2015/3/5 下午 09:32:51::2015-03-05 21:32:51:Application End!

2015/3/5 下午 09:32:52::2015-03-05 21:32:52:Application Start!

2015/3/5 下午 09:53:53::2015-03-05 21:53:53:Application End!

2015/3/5 下午 09:53:54::2015-03-05 21:53:54:Application Start!

2015/3/5 下午 10:14:55::2015-03-05 22:14:55:Application End!

2015/3/5 下午 10:14:56::2015-03-05 22:14:56:Application Start!

2015/3/5 下午 10:35:57::2015-03-05 22:35:57:Application End!

2015/3/5 下午 10:36:05::2015-03-05 22:36:05:Application Start!

2015/3/5 下午 10:57:00::2015-03-05 22:57:00:Application End!

2015/3/5 下午 10:57:02::2015-03-05 22:57:02:Application Start!

2015/3/5 下午 11:18:03::2015-03-05 23:18:03:Application End!

2015/3/5 下午 11:18:04::2015-03-05 23:18:04:Application Start!

2015/3/5 下午 11:39:05::2015-03-05 23:39:05:Application End!

2015/3/5 下午 11:39:06::2015-03-05 23:39:06:Application Start!

