2015/2/13 上午 12:18:45::2015-02-13 00:18:45:Application End!

2015/2/13 上午 12:18:47::2015-02-13 00:18:47:Application Start!

2015/2/13 上午 12:39:47::2015-02-13 00:39:47:Application End!

2015/2/13 上午 12:39:49::2015-02-13 00:39:49:Application Start!

2015/2/13 上午 01:00:49::2015-02-13 01:00:49:Application End!

2015/2/13 上午 01:00:51::2015-02-13 01:00:51:Application Start!

2015/2/13 上午 01:21:52::2015-02-13 01:21:52:Application End!

2015/2/13 上午 01:21:53::2015-02-13 01:21:53:Application Start!

2015/2/13 上午 01:42:54::2015-02-13 01:42:54:Application End!

2015/2/13 上午 01:42:55::2015-02-13 01:42:55:Application Start!

2015/2/13 上午 02:03:56::2015-02-13 02:03:56:Application End!

2015/2/13 上午 02:03:58::2015-02-13 02:03:58:Application Start!

2015/2/13 上午 02:24:58::2015-02-13 02:24:58:Application End!

2015/2/13 上午 02:25:00::2015-02-13 02:25:00:Application Start!

2015/2/13 上午 02:46:00::2015-02-13 02:46:00:Application End!

2015/2/13 上午 02:46:02::2015-02-13 02:46:02:Application Start!

2015/2/13 上午 03:07:02::2015-02-13 03:07:02:Application End!

2015/2/13 上午 03:07:04::2015-02-13 03:07:04:Application Start!

2015/2/13 上午 03:28:05::2015-02-13 03:28:05:Application End!

2015/2/13 上午 03:28:06::2015-02-13 03:28:06:Application Start!

2015/2/13 上午 03:49:07::2015-02-13 03:49:07:Application End!

2015/2/13 上午 03:49:08::2015-02-13 03:49:08:Application Start!

2015/2/13 上午 04:10:09::2015-02-13 04:10:09:Application End!

2015/2/13 上午 04:10:11::2015-02-13 04:10:11:Application Start!

2015/2/13 上午 04:31:11::2015-02-13 04:31:11:Application End!

2015/2/13 上午 04:31:13::2015-02-13 04:31:13:Application Start!

2015/2/13 上午 04:52:13::2015-02-13 04:52:13:Application End!

2015/2/13 上午 04:52:15::2015-02-13 04:52:15:Application Start!

2015/2/13 上午 05:13:15::2015-02-13 05:13:15:Application End!

2015/2/13 上午 05:13:17::2015-02-13 05:13:17:Application Start!

2015/2/13 上午 05:34:17::2015-02-13 05:34:17:Application End!

2015/2/13 上午 05:34:19::2015-02-13 05:34:19:Application Start!

2015/2/13 上午 05:55:20::2015-02-13 05:55:20:Application End!

2015/2/13 上午 05:55:21::2015-02-13 05:55:21:Application Start!

2015/2/13 上午 06:16:22::2015-02-13 06:16:22:Application End!

2015/2/13 上午 06:16:24::2015-02-13 06:16:23:Application Start!

2015/2/13 上午 06:37:24::2015-02-13 06:37:24:Application End!

2015/2/13 上午 06:37:26::2015-02-13 06:37:26:Application Start!

2015/2/13 上午 06:58:26::2015-02-13 06:58:26:Application End!

2015/2/13 上午 06:58:28::2015-02-13 06:58:28:Application Start!

2015/2/13 上午 07:19:28::2015-02-13 07:19:28:Application End!

2015/2/13 上午 07:19:30::2015-02-13 07:19:30:Application Start!

2015/2/13 上午 07:40:31::2015-02-13 07:40:31:Application End!

2015/2/13 上午 07:40:35::2015-02-13 07:40:35:Application Start!

2015/2/13 上午 08:01:34::2015-02-13 08:01:34:Application End!

2015/2/13 上午 08:01:36::2015-02-13 08:01:36:Application Start!

2015/2/13 上午 08:22:34::2015-02-13 08:22:34:Application End!

2015/2/13 上午 08:22:36::2015-02-13 08:22:36:Application Start!

2015/2/13 上午 09:14:36::2015-02-13 09:14:36:Application End!

2015/2/13 上午 09:14:38::2015-02-13 09:14:38:Application Start!

2015/2/13 上午 09:35:38::2015-02-13 09:35:38:Application End!

2015/2/13 上午 09:35:40::2015-02-13 09:35:40:Application Start!

2015/2/13 上午 09:56:40::2015-02-13 09:56:40:Application End!

2015/2/13 上午 09:56:42::2015-02-13 09:56:42:Application Start!

2015/2/13 上午 10:17:42::2015-02-13 10:17:42:Application End!

2015/2/13 上午 10:17:44::2015-02-13 10:17:44:Application Start!

2015/2/13 上午 10:20:00::2015-02-13 10:20:00:AutoTask is Working!

2015/2/13 上午 11:51:17::自動執行計算門禁考勤異常報表:true

2015/2/13 下午 12:11:44::2015-02-13 12:11:44:Application End!

2015/2/13 下午 12:11:46::2015-02-13 12:11:46:Application Start!

2015/2/13 下午 12:32:46::2015-02-13 12:32:46:Application End!

2015/2/13 下午 12:32:48::2015-02-13 12:32:48:Application Start!

2015/2/13 下午 12:53:48::2015-02-13 12:53:48:Application End!

2015/2/13 下午 12:53:50::2015-02-13 12:53:50:Application Start!

2015/2/13 下午 01:14:51::2015-02-13 13:14:51:Application End!

2015/2/13 下午 01:14:58::2015-02-13 13:14:58:Application Start!

2015/2/13 下午 01:35:54::2015-02-13 13:35:54:Application End!

2015/2/13 下午 01:35:55::2015-02-13 13:35:55:Application Start!

2015/2/13 下午 01:56:56::2015-02-13 13:56:56:Application End!

2015/2/13 下午 01:56:58::2015-02-13 13:56:58:Application Start!

2015/2/13 下午 02:17:58::2015-02-13 14:17:58:Application End!

2015/2/13 下午 02:18:00::2015-02-13 14:18:00:Application Start!

2015/2/13 下午 02:39:00::2015-02-13 14:39:00:Application End!

2015/2/13 下午 02:39:02::2015-02-13 14:39:02:Application Start!

2015/2/13 下午 03:00:02::2015-02-13 15:00:02:Application End!

2015/2/13 下午 03:00:04::2015-02-13 15:00:04:Application Start!

2015/2/13 下午 03:21:04::2015-02-13 15:21:04:Application End!

2015/2/13 下午 03:21:06::2015-02-13 15:21:06:Application Start!

2015/2/13 下午 03:42:06::2015-02-13 15:42:06:Application End!

2015/2/13 下午 03:42:08::2015-02-13 15:42:08:Application Start!

2015/2/13 下午 04:03:08::2015-02-13 16:03:08:Application End!

2015/2/13 下午 04:03:10::2015-02-13 16:03:10:Application Start!

2015/2/13 下午 04:24:10::2015-02-13 16:24:10:Application End!

2015/2/13 下午 04:24:12::2015-02-13 16:24:12:Application Start!

2015/2/13 下午 04:45:12::2015-02-13 16:45:12:Application End!

2015/2/13 下午 04:45:14::2015-02-13 16:45:14:Application Start!

2015/2/13 下午 05:12:14::2015-02-13 17:12:14:Application End!

2015/2/13 下午 05:12:16::2015-02-13 17:12:16:Application Start!

2015/2/13 下午 05:33:18::2015-02-13 17:33:18:Application End!

2015/2/13 下午 05:33:19::2015-02-13 17:33:19:Application Start!

2015/2/13 下午 05:54:20::2015-02-13 17:54:20:Application End!

2015/2/13 下午 05:54:22::2015-02-13 17:54:22:Application Start!

2015/2/13 下午 06:15:22::2015-02-13 18:15:22:Application End!

2015/2/13 下午 06:15:24::2015-02-13 18:15:24:Application Start!

2015/2/13 下午 06:36:24::2015-02-13 18:36:24:Application End!

2015/2/13 下午 06:36:26::2015-02-13 18:36:26:Application Start!

2015/2/13 下午 06:57:26::2015-02-13 18:57:26:Application End!

2015/2/13 下午 06:57:28::2015-02-13 18:57:28:Application Start!

2015/2/13 下午 07:18:29::2015-02-13 19:18:29:Application End!

2015/2/13 下午 07:18:30::2015-02-13 19:18:30:Application Start!

2015/2/13 下午 07:43:31::2015-02-13 19:43:31:Application End!

2015/2/13 下午 07:43:33::2015-02-13 19:43:33:Application Start!

2015/2/13 下午 08:04:33::2015-02-13 20:04:33:Application End!

2015/2/13 下午 08:04:35::2015-02-13 20:04:35:Application Start!

2015/2/13 下午 08:25:35::2015-02-13 20:25:35:Application End!

2015/2/13 下午 08:25:37::2015-02-13 20:25:37:Application Start!

2015/2/13 下午 08:46:37::2015-02-13 20:46:37:Application End!

2015/2/13 下午 08:46:39::2015-02-13 20:46:39:Application Start!

2015/2/13 下午 09:07:40::2015-02-13 21:07:40:Application End!

2015/2/13 下午 09:07:42::2015-02-13 21:07:42:Application Start!

2015/2/13 下午 09:28:42::2015-02-13 21:28:42:Application End!

2015/2/13 下午 09:28:44::2015-02-13 21:28:44:Application Start!

2015/2/13 下午 09:49:44::2015-02-13 21:49:44:Application End!

2015/2/13 下午 09:49:46::2015-02-13 21:49:46:Application Start!

2015/2/13 下午 10:10:46::2015-02-13 22:10:46:Application End!

2015/2/13 下午 10:10:48::2015-02-13 22:10:48:Application Start!

2015/2/13 下午 10:31:48::2015-02-13 22:31:48:Application End!

2015/2/13 下午 10:31:50::2015-02-13 22:31:50:Application Start!

2015/2/13 下午 10:52:51::2015-02-13 22:52:51:Application End!

2015/2/13 下午 10:52:52::2015-02-13 22:52:52:Application Start!

2015/2/13 下午 11:13:53::2015-02-13 23:13:53:Application End!

2015/2/13 下午 11:13:54::2015-02-13 23:13:54:Application Start!

2015/2/13 下午 11:34:55::2015-02-13 23:34:55:Application End!

2015/2/13 下午 11:34:57::2015-02-13 23:34:57:Application Start!

2015/2/13 下午 11:55:57::2015-02-13 23:55:57:Application End!

2015/2/13 下午 11:55:59::2015-02-13 23:55:59:Application Start!

