2015/2/15 上午 12:19:07::2015-02-15 00:19:07:Application End!

2015/2/15 上午 12:19:09::2015-02-15 00:19:09:Application Start!

2015/2/15 上午 12:40:09::2015-02-15 00:40:09:Application End!

2015/2/15 上午 12:40:11::2015-02-15 00:40:11:Application Start!

2015/2/15 上午 01:01:11::2015-02-15 01:01:11:Application End!

2015/2/15 上午 01:01:13::2015-02-15 01:01:13:Application Start!

2015/2/15 上午 01:22:13::2015-02-15 01:22:13:Application End!

2015/2/15 上午 01:22:15::2015-02-15 01:22:15:Application Start!

2015/2/15 上午 01:43:15::2015-02-15 01:43:15:Application End!

2015/2/15 上午 01:43:17::2015-02-15 01:43:17:Application Start!

2015/2/15 上午 02:04:17::2015-02-15 02:04:17:Application End!

2015/2/15 上午 02:04:19::2015-02-15 02:04:19:Application Start!

2015/2/15 上午 02:25:19::2015-02-15 02:25:19:Application End!

2015/2/15 上午 02:25:21::2015-02-15 02:25:21:Application Start!

2015/2/15 上午 02:46:21::2015-02-15 02:46:21:Application End!

2015/2/15 上午 02:46:23::2015-02-15 02:46:23:Application Start!

2015/2/15 上午 03:07:23::2015-02-15 03:07:23:Application End!

2015/2/15 上午 03:07:25::2015-02-15 03:07:25:Application Start!

2015/2/15 上午 03:28:25::2015-02-15 03:28:25:Application End!

2015/2/15 上午 03:28:27::2015-02-15 03:28:27:Application Start!

2015/2/15 上午 03:49:27::2015-02-15 03:49:27:Application End!

2015/2/15 上午 03:49:29::2015-02-15 03:49:29:Application Start!

2015/2/15 上午 04:10:29::2015-02-15 04:10:29:Application End!

2015/2/15 上午 04:10:31::2015-02-15 04:10:31:Application Start!

2015/2/15 上午 04:31:31::2015-02-15 04:31:31:Application End!

2015/2/15 上午 04:31:33::2015-02-15 04:31:33:Application Start!

2015/2/15 上午 04:52:33::2015-02-15 04:52:33:Application End!

2015/2/15 上午 04:52:35::2015-02-15 04:52:35:Application Start!

2015/2/15 上午 05:13:35::2015-02-15 05:13:35:Application End!

2015/2/15 上午 05:13:37::2015-02-15 05:13:37:Application Start!

2015/2/15 上午 05:34:37::2015-02-15 05:34:37:Application End!

2015/2/15 上午 05:34:39::2015-02-15 05:34:39:Application Start!

2015/2/15 上午 05:55:41::2015-02-15 05:55:41:Application End!

2015/2/15 上午 05:55:43::2015-02-15 05:55:43:Application Start!

2015/2/15 上午 06:16:43::2015-02-15 06:16:43:Application End!

2015/2/15 上午 06:16:45::2015-02-15 06:16:45:Application Start!

2015/2/15 上午 06:37:45::2015-02-15 06:37:45:Application End!

2015/2/15 上午 06:37:47::2015-02-15 06:37:47:Application Start!

2015/2/15 上午 06:58:48::2015-02-15 06:58:48:Application End!

2015/2/15 上午 06:58:52::2015-02-15 06:58:52:Application Start!

2015/2/15 上午 07:19:51::2015-02-15 07:19:51:Application End!

2015/2/15 上午 07:19:59::2015-02-15 07:19:59:Application Start!

2015/2/15 上午 07:40:55::2015-02-15 07:40:55:Application End!

2015/2/15 上午 07:40:56::2015-02-15 07:40:56:Application Start!

2015/2/15 上午 08:01:57::2015-02-15 08:01:57:Application End!

2015/2/15 上午 08:01:58::2015-02-15 08:01:58:Application Start!

2015/2/15 上午 08:22:59::2015-02-15 08:22:59:Application End!

2015/2/15 上午 08:23:01::2015-02-15 08:23:01:Application Start!

2015/2/15 上午 08:44:01::2015-02-15 08:44:01:Application End!

2015/2/15 上午 08:44:03::2015-02-15 08:44:03:Application Start!

2015/2/15 上午 09:05:03::2015-02-15 09:05:03:Application End!

2015/2/15 上午 09:05:05::2015-02-15 09:05:05:Application Start!

2015/2/15 上午 09:26:05::2015-02-15 09:26:05:Application End!

2015/2/15 上午 09:26:07::2015-02-15 09:26:07:Application Start!

2015/2/15 上午 09:47:07::2015-02-15 09:47:07:Application End!

2015/2/15 上午 09:47:09::2015-02-15 09:47:09:Application Start!

2015/2/15 上午 10:08:10::2015-02-15 10:08:10:Application End!

2015/2/15 上午 10:08:11::2015-02-15 10:08:11:Application Start!

2015/2/15 上午 10:20:00::2015-02-15 10:20:00:AutoTask is Working!

2015/2/15 上午 11:52:01::自動執行計算門禁考勤異常報表:true

2015/2/15 下午 12:12:12::2015-02-15 12:12:12:Application End!

2015/2/15 下午 12:12:14::2015-02-15 12:12:14:Application Start!

2015/2/15 下午 12:33:15::2015-02-15 12:33:15:Application End!

2015/2/15 下午 12:33:19::2015-02-15 12:33:19:Application Start!

2015/2/15 下午 12:54:18::2015-02-15 12:54:18:Application End!

2015/2/15 下午 12:54:22::2015-02-15 12:54:22:Application Start!

2015/2/15 下午 01:15:21::2015-02-15 13:15:21:Application End!

2015/2/15 下午 01:15:25::2015-02-15 13:15:25:Application Start!

2015/2/15 下午 01:36:24::2015-02-15 13:36:24:Application End!

2015/2/15 下午 01:36:29::2015-02-15 13:36:29:Application Start!

2015/2/15 下午 01:57:28::2015-02-15 13:57:28:Application End!

2015/2/15 下午 01:57:32::2015-02-15 13:57:32:Application Start!

2015/2/15 下午 02:18:31::2015-02-15 14:18:31:Application End!

2015/2/15 下午 02:18:35::2015-02-15 14:18:35:Application Start!

2015/2/15 下午 02:39:34::2015-02-15 14:39:34:Application End!

2015/2/15 下午 02:39:38::2015-02-15 14:39:38:Application Start!

2015/2/15 下午 03:00:36::2015-02-15 15:00:36:Application End!

2015/2/15 下午 03:00:41::2015-02-15 15:00:41:Application Start!

2015/2/15 下午 03:21:39::2015-02-15 15:21:39:Application End!

2015/2/15 下午 03:21:43::2015-02-15 15:21:42:Application Start!

2015/2/15 下午 03:42:41::2015-02-15 15:42:41:Application End!

2015/2/15 下午 03:42:43::2015-02-15 15:42:43:Application Start!

2015/2/15 下午 04:03:44::2015-02-15 16:03:43:Application End!

2015/2/15 下午 04:03:45::2015-02-15 16:03:45:Application Start!

2015/2/15 下午 04:24:46::2015-02-15 16:24:46:Application End!

2015/2/15 下午 04:24:48::2015-02-15 16:24:48:Application Start!

2015/2/15 下午 04:45:48::2015-02-15 16:45:48:Application End!

2015/2/15 下午 04:45:52::2015-02-15 16:45:52:Application Start!

2015/2/15 下午 05:06:51::2015-02-15 17:06:51:Application End!

2015/2/15 下午 05:06:53::2015-02-15 17:06:53:Application Start!

2015/2/15 下午 05:27:53::2015-02-15 17:27:53:Application End!

2015/2/15 下午 05:27:55::2015-02-15 17:27:55:Application Start!

2015/2/15 下午 05:48:55::2015-02-15 17:48:55:Application End!

2015/2/15 下午 05:48:57::2015-02-15 17:48:57:Application Start!

2015/2/15 下午 06:09:57::2015-02-15 18:09:57:Application End!

2015/2/15 下午 06:09:59::2015-02-15 18:09:59:Application Start!

2015/2/15 下午 06:30:59::2015-02-15 18:30:59:Application End!

2015/2/15 下午 06:31:03::2015-02-15 18:31:03:Application Start!

2015/2/15 下午 06:52:02::2015-02-15 18:52:02:Application End!

2015/2/15 下午 06:52:04::2015-02-15 18:52:04:Application Start!

2015/2/15 下午 07:13:04::2015-02-15 19:13:04:Application End!

2015/2/15 下午 07:13:06::2015-02-15 19:13:06:Application Start!

2015/2/15 下午 07:34:06::2015-02-15 19:34:06:Application End!

2015/2/15 下午 07:34:08::2015-02-15 19:34:08:Application Start!

2015/2/15 下午 07:55:08::2015-02-15 19:55:08:Application End!

2015/2/15 下午 07:55:10::2015-02-15 19:55:10:Application Start!

2015/2/15 下午 08:16:10::2015-02-15 20:16:10:Application End!

2015/2/15 下午 08:16:12::2015-02-15 20:16:12:Application Start!

2015/2/15 下午 08:37:13::2015-02-15 20:37:12:Application End!

2015/2/15 下午 08:37:14::2015-02-15 20:37:14:Application Start!

2015/2/15 下午 08:58:15::2015-02-15 20:58:15:Application End!

2015/2/15 下午 08:58:16::2015-02-15 20:58:16:Application Start!

2015/2/15 下午 09:24:17::2015-02-15 21:24:17:Application End!

2015/2/15 下午 09:24:18::2015-02-15 21:24:18:Application Start!

2015/2/15 下午 09:45:19::2015-02-15 21:45:19:Application End!

2015/2/15 下午 09:45:20::2015-02-15 21:45:20:Application Start!

2015/2/15 下午 10:06:21::2015-02-15 22:06:21:Application End!

2015/2/15 下午 10:06:22::2015-02-15 22:06:22:Application Start!

2015/2/15 下午 10:27:23::2015-02-15 22:27:23:Application End!

2015/2/15 下午 10:27:25::2015-02-15 22:27:25:Application Start!

2015/2/15 下午 10:48:25::2015-02-15 22:48:25:Application End!

2015/2/15 下午 10:48:27::2015-02-15 22:48:27:Application Start!

2015/2/15 下午 11:09:27::2015-02-15 23:09:27:Application End!

2015/2/15 下午 11:09:29::2015-02-15 23:09:29:Application Start!

2015/2/15 下午 11:30:29::2015-02-15 23:30:29:Application End!

2015/2/15 下午 11:30:31::2015-02-15 23:30:31:Application Start!

2015/2/15 下午 11:51:31::2015-02-15 23:51:31:Application End!

2015/2/15 下午 11:51:33::2015-02-15 23:51:33:Application Start!

