2015/3/10 上午 12:04:43::2015-03-10 00:04:43:Application End!

2015/3/10 上午 12:04:45::2015-03-10 00:04:45:Application Start!

2015/3/10 上午 12:25:45::2015-03-10 00:25:45:Application End!

2015/3/10 上午 12:25:47::2015-03-10 00:25:47:Application Start!

2015/3/10 上午 12:46:48::2015-03-10 00:46:48:Application End!

2015/3/10 上午 12:46:49::2015-03-10 00:46:49:Application Start!

2015/3/10 上午 01:07:50::2015-03-10 01:07:50:Application End!

2015/3/10 上午 01:07:51::2015-03-10 01:07:51:Application Start!

2015/3/10 上午 01:28:52::2015-03-10 01:28:52:Application End!

2015/3/10 上午 01:28:54::2015-03-10 01:28:54:Application Start!

2015/3/10 上午 01:49:54::2015-03-10 01:49:54:Application End!

2015/3/10 上午 01:49:56::2015-03-10 01:49:56:Application Start!

2015/3/10 上午 02:10:56::2015-03-10 02:10:56:Application End!

2015/3/10 上午 02:10:59::2015-03-10 02:10:58:Application Start!

2015/3/10 上午 02:31:58::2015-03-10 02:31:58:Application End!

2015/3/10 上午 02:32:00::2015-03-10 02:32:00:Application Start!

2015/3/10 上午 02:53:00::2015-03-10 02:53:00:Application End!

2015/3/10 上午 02:53:02::2015-03-10 02:53:02:Application Start!

2015/3/10 上午 03:14:03::2015-03-10 03:14:03:Application End!

2015/3/10 上午 03:14:04::2015-03-10 03:14:04:Application Start!

2015/3/10 上午 03:35:05::2015-03-10 03:35:05:Application End!

2015/3/10 上午 03:35:07::2015-03-10 03:35:07:Application Start!

2015/3/10 上午 03:56:07::2015-03-10 03:56:07:Application End!

2015/3/10 上午 03:56:09::2015-03-10 03:56:09:Application Start!

2015/3/10 上午 04:17:09::2015-03-10 04:17:09:Application End!

2015/3/10 上午 04:17:11::2015-03-10 04:17:11:Application Start!

2015/3/10 上午 04:38:11::2015-03-10 04:38:11:Application End!

2015/3/10 上午 04:38:13::2015-03-10 04:38:13:Application Start!

2015/3/10 上午 04:59:13::2015-03-10 04:59:13:Application End!

2015/3/10 上午 04:59:15::2015-03-10 04:59:15:Application Start!

2015/3/10 上午 05:20:16::2015-03-10 05:20:16:Application End!

2015/3/10 上午 05:20:17::2015-03-10 05:20:17:Application Start!

2015/3/10 上午 05:41:18::2015-03-10 05:41:18:Application End!

2015/3/10 上午 05:41:19::2015-03-10 05:41:19:Application Start!

2015/3/10 上午 06:02:20::2015-03-10 06:02:20:Application End!

2015/3/10 上午 06:02:22::2015-03-10 06:02:22:Application Start!

2015/3/10 上午 06:23:22::2015-03-10 06:23:22:Application End!

2015/3/10 上午 06:23:24::2015-03-10 06:23:24:Application Start!

2015/3/10 上午 06:44:24::2015-03-10 06:44:24:Application End!

2015/3/10 上午 06:44:26::2015-03-10 06:44:26:Application Start!

2015/3/10 上午 07:05:26::2015-03-10 07:05:26:Application End!

2015/3/10 上午 07:05:28::2015-03-10 07:05:28:Application Start!

2015/3/10 上午 07:26:28::2015-03-10 07:26:28:Application End!

2015/3/10 上午 07:26:30::2015-03-10 07:26:30:Application Start!

2015/3/10 上午 07:47:31::2015-03-10 07:47:31:Application End!

2015/3/10 上午 07:47:32::2015-03-10 07:47:32:Application Start!

2015/3/10 上午 08:08:33::2015-03-10 08:08:33:Application End!

2015/3/10 上午 08:08:35::2015-03-10 08:08:35:Application Start!

2015/3/10 上午 08:29:35::2015-03-10 08:29:35:Application End!

2015/3/10 上午 08:29:39::2015-03-10 08:29:39:Application Start!

2015/3/10 上午 08:50:38::2015-03-10 08:50:38:Application End!

2015/3/10 上午 08:50:40::2015-03-10 08:50:40:Application Start!

2015/3/10 上午 09:11:39::2015-03-10 09:11:39:Application End!

2015/3/10 上午 09:11:40::2015-03-10 09:11:40:Application Start!

2015/3/10 上午 09:49:41::2015-03-10 09:49:41:Application End!

2015/3/10 上午 09:49:42::2015-03-10 09:49:42:Application Start!

2015/3/10 上午 10:19:43::2015-03-10 10:19:43:Application End!

2015/3/10 上午 10:19:44::2015-03-10 10:19:44:Application Start!

2015/3/10 上午 10:20:00::2015-03-10 10:20:00:AutoTask is Working!

2015/3/10 上午 11:55:17::自動執行計算門禁考勤異常報表:true

2015/3/10 下午 12:15:44::2015-03-10 12:15:44:Application End!

2015/3/10 下午 12:15:46::2015-03-10 12:15:46:Application Start!

2015/3/10 下午 12:36:46::2015-03-10 12:36:46:Application End!

2015/3/10 下午 12:36:48::2015-03-10 12:36:48:Application Start!

2015/3/10 下午 12:57:48::2015-03-10 12:57:48:Application End!

2015/3/10 下午 12:57:50::2015-03-10 12:57:50:Application Start!

2015/3/10 下午 01:18:50::2015-03-10 13:18:50:Application End!

2015/3/10 下午 01:18:52::2015-03-10 13:18:52:Application Start!

2015/3/10 下午 01:39:52::2015-03-10 13:39:52:Application End!

2015/3/10 下午 01:39:54::2015-03-10 13:39:54:Application Start!

2015/3/10 下午 02:00:54::2015-03-10 14:00:54:Application End!

2015/3/10 下午 02:00:56::2015-03-10 14:00:56:Application Start!

2015/3/10 下午 02:22:56::2015-03-10 14:22:56:Application End!

2015/3/10 下午 02:22:58::2015-03-10 14:22:58:Application Start!

2015/3/10 下午 02:43:59::2015-03-10 14:43:59:Application End!

2015/3/10 下午 02:44:00::2015-03-10 14:44:00:Application Start!

2015/3/10 下午 03:05:01::2015-03-10 15:05:01:Application End!

2015/3/10 下午 03:05:03::2015-03-10 15:05:03:Application Start!

2015/3/10 下午 03:26:03::2015-03-10 15:26:03:Application End!

2015/3/10 下午 03:26:04::2015-03-10 15:26:04:Application Start!

2015/3/10 下午 03:51:05::2015-03-10 15:51:05:Application End!

2015/3/10 下午 03:51:06::2015-03-10 15:51:06:Application Start!

2015/3/10 下午 04:12:07::2015-03-10 16:12:07:Application End!

2015/3/10 下午 04:12:09::2015-03-10 16:12:08:Application Start!

2015/3/10 下午 04:33:09::2015-03-10 16:33:09:Application End!

2015/3/10 下午 04:33:11::2015-03-10 16:33:11:Application Start!

2015/3/10 下午 04:54:11::2015-03-10 16:54:11:Application End!

2015/3/10 下午 04:54:13::2015-03-10 16:54:13:Application Start!

2015/3/10 下午 05:15:13::2015-03-10 17:15:13:Application End!

2015/3/10 下午 05:15:15::2015-03-10 17:15:15:Application Start!

2015/3/10 下午 05:36:15::2015-03-10 17:36:15:Application End!

2015/3/10 下午 05:36:17::2015-03-10 17:36:17:Application Start!

2015/3/10 下午 05:57:17::2015-03-10 17:57:17:Application End!

2015/3/10 下午 05:57:19::2015-03-10 17:57:19:Application Start!

2015/3/10 下午 06:18:21::2015-03-10 18:18:21:Application End!

2015/3/10 下午 06:18:22::2015-03-10 18:18:22:Application Start!

2015/3/10 下午 06:39:23::2015-03-10 18:39:23:Application End!

2015/3/10 下午 06:39:25::2015-03-10 18:39:25:Application Start!

2015/3/10 下午 07:00:25::2015-03-10 19:00:25:Application End!

2015/3/10 下午 07:00:27::2015-03-10 19:00:27:Application Start!

2015/3/10 下午 07:21:27::2015-03-10 19:21:27:Application End!

2015/3/10 下午 07:21:29::2015-03-10 19:21:29:Application Start!

2015/3/10 下午 08:01:30::2015-03-10 20:01:30:Application End!

2015/3/10 下午 08:01:37::2015-03-10 20:01:37:Application Start!

2015/3/10 下午 08:22:33::2015-03-10 20:22:33:Application End!

2015/3/10 下午 08:22:35::2015-03-10 20:22:35:Application Start!

2015/3/10 下午 08:43:35::2015-03-10 20:43:35:Application End!

2015/3/10 下午 08:43:37::2015-03-10 20:43:37:Application Start!

2015/3/10 下午 09:04:37::2015-03-10 21:04:37:Application End!

2015/3/10 下午 09:04:39::2015-03-10 21:04:39:Application Start!

2015/3/10 下午 09:25:40::2015-03-10 21:25:40:Application End!

2015/3/10 下午 09:25:41::2015-03-10 21:25:41:Application Start!

2015/3/10 下午 09:46:42::2015-03-10 21:46:42:Application End!

2015/3/10 下午 09:46:43::2015-03-10 21:46:43:Application Start!

2015/3/10 下午 10:07:44::2015-03-10 22:07:44:Application End!

2015/3/10 下午 10:07:46::2015-03-10 22:07:46:Application Start!

2015/3/10 下午 10:28:46::2015-03-10 22:28:46:Application End!

2015/3/10 下午 10:28:48::2015-03-10 22:28:48:Application Start!

2015/3/10 下午 10:49:48::2015-03-10 22:49:48:Application End!

2015/3/10 下午 10:49:50::2015-03-10 22:49:50:Application Start!

2015/3/10 下午 11:10:50::2015-03-10 23:10:50:Application End!

2015/3/10 下午 11:10:52::2015-03-10 23:10:52:Application Start!

2015/3/10 下午 11:31:53::2015-03-10 23:31:53:Application End!

2015/3/10 下午 11:31:54::2015-03-10 23:31:54:Application Start!

2015/3/10 下午 11:52:55::2015-03-10 23:52:55:Application End!

2015/3/10 下午 11:52:56::2015-03-10 23:52:56:Application Start!

