2015/4/9 上午 12:15:38::2015-04-09 00:15:38:Application End!

2015/4/9 上午 12:15:39::2015-04-09 00:15:39:Application Start!

2015/4/9 上午 12:36:40::2015-04-09 00:36:40:Application End!

2015/4/9 上午 12:36:41::2015-04-09 00:36:41:Application Start!

2015/4/9 上午 12:57:42::2015-04-09 00:57:42:Application End!

2015/4/9 上午 12:57:43::2015-04-09 00:57:43:Application Start!

2015/4/9 上午 01:18:44::2015-04-09 01:18:44:Application End!

2015/4/9 上午 01:18:45::2015-04-09 01:18:45:Application Start!

2015/4/9 上午 01:39:46::2015-04-09 01:39:46:Application End!

2015/4/9 上午 01:39:47::2015-04-09 01:39:47:Application Start!

2015/4/9 上午 02:00:48::2015-04-09 02:00:48:Application End!

2015/4/9 上午 02:00:50::2015-04-09 02:00:49:Application Start!

2015/4/9 上午 02:21:50::2015-04-09 02:21:50:Application End!

2015/4/9 上午 02:21:52::2015-04-09 02:21:52:Application Start!

2015/4/9 上午 02:42:52::2015-04-09 02:42:52:Application End!

2015/4/9 上午 02:42:54::2015-04-09 02:42:54:Application Start!

2015/4/9 上午 03:03:54::2015-04-09 03:03:54:Application End!

2015/4/9 上午 03:03:56::2015-04-09 03:03:56:Application Start!

2015/4/9 上午 03:24:56::2015-04-09 03:24:56:Application End!

2015/4/9 上午 03:24:58::2015-04-09 03:24:58:Application Start!

2015/4/9 上午 03:45:58::2015-04-09 03:45:58:Application End!

2015/4/9 上午 03:46:00::2015-04-09 03:46:00:Application Start!

2015/4/9 上午 04:07:00::2015-04-09 04:07:00:Application End!

2015/4/9 上午 04:07:02::2015-04-09 04:07:02:Application Start!

2015/4/9 上午 04:28:02::2015-04-09 04:28:02:Application End!

2015/4/9 上午 04:28:04::2015-04-09 04:28:04:Application Start!

2015/4/9 上午 04:49:04::2015-04-09 04:49:04:Application End!

2015/4/9 上午 04:49:06::2015-04-09 04:49:06:Application Start!

2015/4/9 上午 05:10:06::2015-04-09 05:10:06:Application End!

2015/4/9 上午 05:10:08::2015-04-09 05:10:08:Application Start!

2015/4/9 上午 05:31:08::2015-04-09 05:31:08:Application End!

2015/4/9 上午 05:31:10::2015-04-09 05:31:10:Application Start!

2015/4/9 上午 05:52:10::2015-04-09 05:52:10:Application End!

2015/4/9 上午 05:52:12::2015-04-09 05:52:12:Application Start!

2015/4/9 上午 06:13:12::2015-04-09 06:13:12:Application End!

2015/4/9 上午 06:13:14::2015-04-09 06:13:14:Application Start!

2015/4/9 上午 06:34:14::2015-04-09 06:34:14:Application End!

2015/4/9 上午 06:34:16::2015-04-09 06:34:16:Application Start!

2015/4/9 上午 06:55:16::2015-04-09 06:55:16:Application End!

2015/4/9 上午 06:55:18::2015-04-09 06:55:18:Application Start!

2015/4/9 上午 07:16:18::2015-04-09 07:16:18:Application End!

2015/4/9 上午 07:16:20::2015-04-09 07:16:20:Application Start!

2015/4/9 上午 07:37:20::2015-04-09 07:37:20:Application End!

2015/4/9 上午 07:37:25::2015-04-09 07:37:25:Application Start!

2015/4/9 上午 07:58:23::2015-04-09 07:58:23:Application End!

2015/4/9 上午 07:58:25::2015-04-09 07:58:25:Application Start!

2015/4/9 上午 08:38:27::2015-04-09 08:38:27:Application End!

2015/4/9 上午 08:38:29::2015-04-09 08:38:29:Application Start!

2015/4/9 上午 08:59:29::2015-04-09 08:59:29:Application End!

2015/4/9 上午 08:59:31::2015-04-09 08:59:31:Application Start!

2015/4/9 上午 09:20:31::2015-04-09 09:20:31:Application End!

2015/4/9 上午 09:20:33::2015-04-09 09:20:33:Application Start!

2015/4/9 上午 09:41:33::2015-04-09 09:41:33:Application End!

2015/4/9 上午 09:41:35::2015-04-09 09:41:35:Application Start!

2015/4/9 上午 10:02:36::2015-04-09 10:02:36:Application End!

2015/4/9 上午 10:02:37::2015-04-09 10:02:37:Application Start!

2015/4/9 上午 10:20:00::2015-04-09 10:20:00:AutoTask is Working!

2015/4/9 下午 01:40:00==> Errors Description:作業逾時Errors Location:   於 System.Net.HttpWebRequest.GetResponse()
   於 ePortal.Web.Core.Job.AttendanceAnomalyJob.ExecuteJob() 於 e:\ePortal\ePortal.Web.Core\Job\AttendanceAnomalyJob.cs: 行 26

2015/4/9 下午 02:06:38::2015-04-09 14:06:38:Application End!

2015/4/9 下午 02:06:41::2015-04-09 14:06:41:Application Start!

2015/4/9 下午 02:50:41::2015-04-09 14:50:41:Application End!

2015/4/9 下午 02:50:42::2015-04-09 14:50:42:Application Start!

2015/4/9 下午 03:11:43::2015-04-09 15:11:43:Application End!

2015/4/9 下午 03:11:49::2015-04-09 15:11:49:Application Start!

2015/4/9 下午 03:32:46::2015-04-09 15:32:46:Application End!

2015/4/9 下午 03:32:49::2015-04-09 15:32:49:Application Start!

2015/4/9 下午 03:53:49::2015-04-09 15:53:49:Application End!

2015/4/9 下午 03:53:50::2015-04-09 15:53:50:Application Start!

2015/4/9 下午 04:14:51::2015-04-09 16:14:51:Application End!

2015/4/9 下午 04:14:53::2015-04-09 16:14:53:Application Start!

2015/4/9 下午 04:35:53::2015-04-09 16:35:53:Application End!

2015/4/9 下午 04:35:55::2015-04-09 16:35:55:Application Start!

2015/4/9 下午 04:56:55::2015-04-09 16:56:55:Application End!

2015/4/9 下午 04:56:57::2015-04-09 16:56:57:Application Start!

2015/4/9 下午 05:17:56::2015-04-09 17:17:56:Application End!

2015/4/9 下午 05:17:58::2015-04-09 17:17:58:Application Start!

2015/4/9 下午 05:38:58::2015-04-09 17:38:58:Application End!

2015/4/9 下午 05:39:00::2015-04-09 17:39:00:Application Start!

2015/4/9 下午 06:00:00::2015-04-09 18:00:00:Application End!

2015/4/9 下午 06:00:02::2015-04-09 18:00:02:Application Start!

2015/4/9 下午 06:21:02::2015-04-09 18:21:02:Application End!

2015/4/9 下午 06:21:04::2015-04-09 18:21:04:Application Start!

2015/4/9 下午 07:01:04::2015-04-09 19:01:04:Application End!

2015/4/9 下午 07:01:06::2015-04-09 19:01:06:Application Start!

2015/4/9 下午 07:22:06::2015-04-09 19:22:06:Application End!

2015/4/9 下午 07:22:08::2015-04-09 19:22:08:Application Start!

2015/4/9 下午 07:43:08::2015-04-09 19:43:08:Application End!

2015/4/9 下午 07:43:10::2015-04-09 19:43:10:Application Start!

2015/4/9 下午 08:11:10::2015-04-09 20:11:10:Application End!

2015/4/9 下午 08:11:12::2015-04-09 20:11:12:Application Start!

2015/4/9 下午 08:32:12::2015-04-09 20:32:12:Application End!

2015/4/9 下午 08:32:14::2015-04-09 20:32:14:Application Start!

2015/4/9 下午 08:53:14::2015-04-09 20:53:14:Application End!

2015/4/9 下午 08:53:16::2015-04-09 20:53:16:Application Start!

2015/4/9 下午 09:14:16::2015-04-09 21:14:16:Application End!

2015/4/9 下午 09:14:18::2015-04-09 21:14:18:Application Start!

2015/4/9 下午 09:35:18::2015-04-09 21:35:18:Application End!

2015/4/9 下午 09:35:20::2015-04-09 21:35:20:Application Start!

2015/4/9 下午 09:56:20::2015-04-09 21:56:20:Application End!

2015/4/9 下午 09:56:22::2015-04-09 21:56:22:Application Start!

2015/4/9 下午 10:17:22::2015-04-09 22:17:22:Application End!

2015/4/9 下午 10:17:24::2015-04-09 22:17:24:Application Start!

2015/4/9 下午 10:38:24::2015-04-09 22:38:24:Application End!

2015/4/9 下午 10:38:26::2015-04-09 22:38:26:Application Start!

2015/4/9 下午 10:59:26::2015-04-09 22:59:26:Application End!

2015/4/9 下午 10:59:28::2015-04-09 22:59:28:Application Start!

2015/4/9 下午 11:20:28::2015-04-09 23:20:28:Application End!

2015/4/9 下午 11:20:30::2015-04-09 23:20:30:Application Start!

2015/4/9 下午 11:41:31::2015-04-09 23:41:31:Application End!

2015/4/9 下午 11:41:32::2015-04-09 23:41:32:Application Start!

