2015/3/24 上午 12:01:38::2015-03-24 00:01:38:Application End!

2015/3/24 上午 12:01:40::2015-03-24 00:01:40:Application Start!

2015/3/24 上午 12:22:41::2015-03-24 00:22:41:Application End!

2015/3/24 上午 12:22:42::2015-03-24 00:22:42:Application Start!

2015/3/24 上午 12:43:42::2015-03-24 00:43:42:Application End!

2015/3/24 上午 12:43:43::2015-03-24 00:43:43:Application Start!

2015/3/24 上午 01:04:43::2015-03-24 01:04:43:Application End!

2015/3/24 上午 01:04:45::2015-03-24 01:04:45:Application Start!

2015/3/24 上午 01:25:45::2015-03-24 01:25:45:Application End!

2015/3/24 上午 01:25:47::2015-03-24 01:25:47:Application Start!

2015/3/24 上午 01:46:47::2015-03-24 01:46:47:Application End!

2015/3/24 上午 01:46:49::2015-03-24 01:46:49:Application Start!

2015/3/24 上午 02:07:49::2015-03-24 02:07:49:Application End!

2015/3/24 上午 02:07:51::2015-03-24 02:07:51:Application Start!

2015/3/24 上午 02:48:51::2015-03-24 02:48:51:Application End!

2015/3/24 上午 02:48:53::2015-03-24 02:48:53:Application Start!

2015/3/24 上午 03:09:54::2015-03-24 03:09:54:Application End!

2015/3/24 上午 03:10:01::2015-03-24 03:10:01:Application Start!

2015/3/24 上午 03:30:57::2015-03-24 03:30:57:Application End!

2015/3/24 上午 03:30:58::2015-03-24 03:30:58:Application Start!

2015/3/24 上午 03:51:59::2015-03-24 03:51:59:Application End!

2015/3/24 上午 03:52:00::2015-03-24 03:52:00:Application Start!

2015/3/24 上午 04:13:01::2015-03-24 04:13:01:Application End!

2015/3/24 上午 04:13:02::2015-03-24 04:13:02:Application Start!

2015/3/24 上午 04:34:03::2015-03-24 04:34:03:Application End!

2015/3/24 上午 04:34:04::2015-03-24 04:34:04:Application Start!

2015/3/24 上午 04:55:05::2015-03-24 04:55:05:Application End!

2015/3/24 上午 04:55:06::2015-03-24 04:55:06:Application Start!

2015/3/24 上午 05:16:07::2015-03-24 05:16:07:Application End!

2015/3/24 上午 05:16:08::2015-03-24 05:16:08:Application Start!

2015/3/24 上午 05:37:09::2015-03-24 05:37:09:Application End!

2015/3/24 上午 05:37:10::2015-03-24 05:37:10:Application Start!

2015/3/24 上午 05:58:11::2015-03-24 05:58:11:Application End!

2015/3/24 上午 05:58:12::2015-03-24 05:58:12:Application Start!

2015/3/24 上午 06:19:13::2015-03-24 06:19:13:Application End!

2015/3/24 上午 06:19:15::2015-03-24 06:19:15:Application Start!

2015/3/24 上午 06:40:15::2015-03-24 06:40:15:Application End!

2015/3/24 上午 06:40:17::2015-03-24 06:40:17:Application Start!

2015/3/24 上午 07:01:17::2015-03-24 07:01:17:Application End!

2015/3/24 上午 07:01:19::2015-03-24 07:01:19:Application Start!

2015/3/24 上午 07:22:19::2015-03-24 07:22:19:Application End!

2015/3/24 上午 07:22:21::2015-03-24 07:22:21:Application Start!

2015/3/24 上午 07:43:21::2015-03-24 07:43:21:Application End!

2015/3/24 上午 07:43:23::2015-03-24 07:43:23:Application Start!

2015/3/24 上午 08:04:23::2015-03-24 08:04:23:Application End!

2015/3/24 上午 08:04:25::2015-03-24 08:04:25:Application Start!

2015/3/24 上午 08:25:25::2015-03-24 08:25:25:Application End!

2015/3/24 上午 08:25:27::2015-03-24 08:25:27:Application Start!

2015/3/24 上午 08:46:27::2015-03-24 08:46:27:Application End!

2015/3/24 上午 08:46:29::2015-03-24 08:46:29:Application Start!

2015/3/24 上午 09:07:29::2015-03-24 09:07:29:Application End!

2015/3/24 上午 09:07:31::2015-03-24 09:07:31:Application Start!

2015/3/24 上午 09:28:31::2015-03-24 09:28:31:Application End!

2015/3/24 上午 09:28:33::2015-03-24 09:28:33:Application Start!

2015/3/24 上午 10:18:35::2015-03-24 10:18:35:Application End!

2015/3/24 上午 10:18:39::2015-03-24 10:18:39:Application Start!

2015/3/24 上午 10:20:00::2015-03-24 10:20:00:AutoTask is Working!

2015/3/24 下午 12:25:03::自動執行計算門禁考勤異常報表:true

2015/3/24 下午 12:45:38::2015-03-24 12:45:38:Application End!

2015/3/24 下午 12:45:41::2015-03-24 12:45:41:Application Start!

2015/3/24 下午 01:06:40::2015-03-24 13:06:40:Application End!

2015/3/24 下午 01:06:42::2015-03-24 13:06:42:Application Start!

2015/3/24 下午 01:27:43::2015-03-24 13:27:43:Application End!

2015/3/24 下午 01:27:44::2015-03-24 13:27:44:Application Start!

2015/3/24 下午 01:48:45::2015-03-24 13:48:45:Application End!

2015/3/24 下午 01:48:47::2015-03-24 13:48:47:Application Start!

2015/3/24 下午 02:09:47::2015-03-24 14:09:47:Application End!

2015/3/24 下午 02:09:49::2015-03-24 14:09:49:Application Start!

2015/3/24 下午 02:30:49::2015-03-24 14:30:49:Application End!

2015/3/24 下午 02:30:51::2015-03-24 14:30:51:Application Start!

2015/3/24 下午 02:51:51::2015-03-24 14:51:51:Application End!

2015/3/24 下午 02:51:53::2015-03-24 14:51:53:Application Start!

2015/3/24 下午 03:12:53::2015-03-24 15:12:53:Application End!

2015/3/24 下午 03:12:55::2015-03-24 15:12:55:Application Start!

2015/3/24 下午 03:33:56::2015-03-24 15:33:56:Application End!

2015/3/24 下午 03:33:57::2015-03-24 15:33:57:Application Start!

2015/3/24 下午 03:54:58::2015-03-24 15:54:58:Application End!

2015/3/24 下午 03:55:00::2015-03-24 15:55:00:Application Start!

2015/3/24 下午 04:16:00::2015-03-24 16:16:00:Application End!

2015/3/24 下午 04:16:02::2015-03-24 16:16:02:Application Start!

2015/3/24 下午 04:37:02::2015-03-24 16:37:02:Application End!

2015/3/24 下午 04:37:04::2015-03-24 16:37:04:Application Start!

2015/3/24 下午 05:08:04::2015-03-24 17:08:04:Application End!

2015/3/24 下午 05:08:06::2015-03-24 17:08:06:Application Start!

2015/3/24 下午 05:29:06::2015-03-24 17:29:06:Application End!

2015/3/24 下午 05:29:08::2015-03-24 17:29:08:Application Start!

2015/3/24 下午 05:50:09::2015-03-24 17:50:09:Application End!

2015/3/24 下午 05:50:10::2015-03-24 17:50:10:Application Start!

2015/3/24 下午 06:11:11::2015-03-24 18:11:11:Application End!

2015/3/24 下午 06:11:13::2015-03-24 18:11:13:Application Start!

2015/3/24 下午 06:32:13::2015-03-24 18:32:13:Application End!

2015/3/24 下午 06:32:15::2015-03-24 18:32:15:Application Start!

2015/3/24 下午 06:53:14::2015-03-24 18:53:14:Application End!

2015/3/24 下午 06:53:16::2015-03-24 18:53:16:Application Start!

2015/3/24 下午 07:14:16::2015-03-24 19:14:16:Application End!

2015/3/24 下午 07:14:17::2015-03-24 19:14:17:Application Start!

2015/3/24 下午 07:35:18::2015-03-24 19:35:18:Application End!

2015/3/24 下午 07:35:20::2015-03-24 19:35:19:Application Start!

2015/3/24 下午 07:56:20::2015-03-24 19:56:20:Application End!

2015/3/24 下午 07:56:22::2015-03-24 19:56:22:Application Start!

2015/3/24 下午 08:17:22::2015-03-24 20:17:22:Application End!

2015/3/24 下午 08:17:30::2015-03-24 20:17:30:Application Start!

2015/3/24 下午 08:38:26::2015-03-24 20:38:26:Application End!

2015/3/24 下午 08:38:27::2015-03-24 20:38:27:Application Start!

2015/3/24 下午 08:59:28::2015-03-24 20:59:28:Application End!

2015/3/24 下午 08:59:29::2015-03-24 20:59:29:Application Start!

2015/3/24 下午 09:20:30::2015-03-24 21:20:30:Application End!

2015/3/24 下午 09:20:31::2015-03-24 21:20:31:Application Start!

2015/3/24 下午 09:41:32::2015-03-24 21:41:32:Application End!

2015/3/24 下午 09:41:33::2015-03-24 21:41:33:Application Start!

2015/3/24 下午 10:02:34::2015-03-24 22:02:34:Application End!

2015/3/24 下午 10:02:36::2015-03-24 22:02:36:Application Start!

2015/3/24 下午 10:23:36::2015-03-24 22:23:36:Application End!

2015/3/24 下午 10:23:38::2015-03-24 22:23:38:Application Start!

2015/3/24 下午 10:44:38::2015-03-24 22:44:38:Application End!

2015/3/24 下午 10:44:40::2015-03-24 22:44:40:Application Start!

2015/3/24 下午 11:05:40::2015-03-24 23:05:40:Application End!

2015/3/24 下午 11:05:42::2015-03-24 23:05:42:Application Start!

2015/3/24 下午 11:26:42::2015-03-24 23:26:42:Application End!

2015/3/24 下午 11:26:44::2015-03-24 23:26:44:Application Start!

2015/3/24 下午 11:47:44::2015-03-24 23:47:44:Application End!

2015/3/24 下午 11:47:46::2015-03-24 23:47:46:Application Start!

