2015/2/19 上午 12:18:05::2015-02-19 00:18:05:Application End!

2015/2/19 上午 12:18:06::2015-02-19 00:18:06:Application Start!

2015/2/19 上午 12:39:07::2015-02-19 00:39:07:Application End!

2015/2/19 上午 12:39:08::2015-02-19 00:39:08:Application Start!

2015/2/19 上午 01:00:10::2015-02-19 01:00:10:Application End!

2015/2/19 上午 01:00:12::2015-02-19 01:00:12:Application Start!

2015/2/19 上午 01:21:12::2015-02-19 01:21:12:Application End!

2015/2/19 上午 01:21:14::2015-02-19 01:21:14:Application Start!

2015/2/19 上午 01:42:15::2015-02-19 01:42:15:Application End!

2015/2/19 上午 01:42:16::2015-02-19 01:42:16:Application Start!

2015/2/19 上午 02:03:17::2015-02-19 02:03:17:Application End!

2015/2/19 上午 02:03:19::2015-02-19 02:03:19:Application Start!

2015/2/19 上午 02:24:19::2015-02-19 02:24:19:Application End!

2015/2/19 上午 02:24:21::2015-02-19 02:24:21:Application Start!

2015/2/19 上午 02:45:21::2015-02-19 02:45:21:Application End!

2015/2/19 上午 02:45:23::2015-02-19 02:45:23:Application Start!

2015/2/19 上午 03:06:23::2015-02-19 03:06:23:Application End!

2015/2/19 上午 03:06:25::2015-02-19 03:06:25:Application Start!

2015/2/19 上午 03:27:25::2015-02-19 03:27:25:Application End!

2015/2/19 上午 03:27:27::2015-02-19 03:27:27:Application Start!

2015/2/19 上午 03:48:28::2015-02-19 03:48:28:Application End!

2015/2/19 上午 03:48:29::2015-02-19 03:48:29:Application Start!

2015/2/19 上午 04:09:30::2015-02-19 04:09:30:Application End!

2015/2/19 上午 04:09:31::2015-02-19 04:09:31:Application Start!

2015/2/19 上午 04:30:32::2015-02-19 04:30:32:Application End!

2015/2/19 上午 04:30:34::2015-02-19 04:30:34:Application Start!

2015/2/19 上午 04:51:34::2015-02-19 04:51:34:Application End!

2015/2/19 上午 04:51:36::2015-02-19 04:51:36:Application Start!

2015/2/19 上午 05:12:36::2015-02-19 05:12:36:Application End!

2015/2/19 上午 05:12:38::2015-02-19 05:12:38:Application Start!

2015/2/19 上午 05:33:38::2015-02-19 05:33:38:Application End!

2015/2/19 上午 05:33:40::2015-02-19 05:33:40:Application Start!

2015/2/19 上午 05:54:40::2015-02-19 05:54:40:Application End!

2015/2/19 上午 05:54:42::2015-02-19 05:54:42:Application Start!

2015/2/19 上午 06:15:43::2015-02-19 06:15:43:Application End!

2015/2/19 上午 06:15:44::2015-02-19 06:15:44:Application Start!

2015/2/19 上午 06:36:45::2015-02-19 06:36:45:Application End!

2015/2/19 上午 06:36:46::2015-02-19 06:36:46:Application Start!

2015/2/19 上午 06:57:47::2015-02-19 06:57:47:Application End!

2015/2/19 上午 06:57:49::2015-02-19 06:57:49:Application Start!

2015/2/19 上午 07:18:49::2015-02-19 07:18:49:Application End!

2015/2/19 上午 07:18:51::2015-02-19 07:18:51:Application Start!

2015/2/19 上午 07:39:51::2015-02-19 07:39:51:Application End!

2015/2/19 上午 07:39:53::2015-02-19 07:39:53:Application Start!

2015/2/19 上午 08:00:53::2015-02-19 08:00:53:Application End!

2015/2/19 上午 08:00:55::2015-02-19 08:00:55:Application Start!

2015/2/19 上午 08:21:56::2015-02-19 08:21:56:Application End!

2015/2/19 上午 08:21:57::2015-02-19 08:21:57:Application Start!

2015/2/19 上午 08:42:58::2015-02-19 08:42:58:Application End!

2015/2/19 上午 08:43:00::2015-02-19 08:43:00:Application Start!

2015/2/19 上午 09:04:00::2015-02-19 09:04:00:Application End!

2015/2/19 上午 09:04:02::2015-02-19 09:04:02:Application Start!

2015/2/19 上午 09:25:02::2015-02-19 09:25:02:Application End!

2015/2/19 上午 09:25:04::2015-02-19 09:25:04:Application Start!

2015/2/19 上午 09:46:04::2015-02-19 09:46:04:Application End!

2015/2/19 上午 09:46:06::2015-02-19 09:46:06:Application Start!

2015/2/19 上午 10:07:05::2015-02-19 10:07:05:Application End!

2015/2/19 上午 10:07:07::2015-02-19 10:07:07:Application Start!

2015/2/19 上午 10:20:04::2015-02-19 10:20:04:AutoTask is Working!

2015/2/19 下午 12:28:06::自動執行計算門禁考勤異常報表:true

2015/2/19 下午 12:49:06::2015-02-19 12:49:06:Application End!

2015/2/19 下午 12:49:08::2015-02-19 12:49:08:Application Start!

2015/2/19 下午 01:10:08::2015-02-19 13:10:08:Application End!

2015/2/19 下午 01:10:10::2015-02-19 13:10:10:Application Start!

2015/2/19 下午 01:31:10::2015-02-19 13:31:10:Application End!

2015/2/19 下午 01:31:12::2015-02-19 13:31:12:Application Start!

2015/2/19 下午 01:52:12::2015-02-19 13:52:12:Application End!

2015/2/19 下午 01:52:14::2015-02-19 13:52:14:Application Start!

2015/2/19 下午 02:13:15::2015-02-19 14:13:15:Application End!

2015/2/19 下午 02:13:16::2015-02-19 14:13:16:Application Start!

2015/2/19 下午 02:34:17::2015-02-19 14:34:17:Application End!

2015/2/19 下午 02:34:18::2015-02-19 14:34:18:Application Start!

2015/2/19 下午 02:55:19::2015-02-19 14:55:19:Application End!

2015/2/19 下午 02:55:20::2015-02-19 14:55:20:Application Start!

2015/2/19 下午 03:16:21::2015-02-19 15:16:21:Application End!

2015/2/19 下午 03:16:22::2015-02-19 15:16:22:Application Start!

2015/2/19 下午 03:37:23::2015-02-19 15:37:23:Application End!

2015/2/19 下午 03:37:24::2015-02-19 15:37:24:Application Start!

2015/2/19 下午 03:58:25::2015-02-19 15:58:25:Application End!

2015/2/19 下午 03:58:26::2015-02-19 15:58:26:Application Start!

2015/2/19 下午 04:19:27::2015-02-19 16:19:27:Application End!

2015/2/19 下午 04:19:28::2015-02-19 16:19:28:Application Start!

2015/2/19 下午 04:40:29::2015-02-19 16:40:29:Application End!

2015/2/19 下午 04:40:31::2015-02-19 16:40:31:Application Start!

2015/2/19 下午 05:01:31::2015-02-19 17:01:31:Application End!

2015/2/19 下午 05:01:33::2015-02-19 17:01:33:Application Start!

2015/2/19 下午 05:22:33::2015-02-19 17:22:33:Application End!

2015/2/19 下午 05:22:35::2015-02-19 17:22:35:Application Start!

2015/2/19 下午 05:43:35::2015-02-19 17:43:35:Application End!

2015/2/19 下午 05:43:37::2015-02-19 17:43:37:Application Start!

2015/2/19 下午 06:04:37::2015-02-19 18:04:37:Application End!

2015/2/19 下午 06:04:39::2015-02-19 18:04:39:Application Start!

2015/2/19 下午 06:25:39::2015-02-19 18:25:39:Application End!

2015/2/19 下午 06:25:41::2015-02-19 18:25:41:Application Start!

2015/2/19 下午 06:46:41::2015-02-19 18:46:41:Application End!

2015/2/19 下午 06:46:43::2015-02-19 18:46:43:Application Start!

2015/2/19 下午 07:07:45::2015-02-19 19:07:45:Application End!

2015/2/19 下午 07:07:46::2015-02-19 19:07:46:Application Start!

2015/2/19 下午 07:28:47::2015-02-19 19:28:47:Application End!

2015/2/19 下午 07:28:49::2015-02-19 19:28:48:Application Start!

2015/2/19 下午 07:49:49::2015-02-19 19:49:49:Application End!

2015/2/19 下午 07:49:51::2015-02-19 19:49:51:Application Start!

2015/2/19 下午 08:10:51::2015-02-19 20:10:51:Application End!

2015/2/19 下午 08:10:53::2015-02-19 20:10:53:Application Start!

2015/2/19 下午 08:31:53::2015-02-19 20:31:53:Application End!

2015/2/19 下午 08:31:55::2015-02-19 20:31:55:Application Start!

2015/2/19 下午 08:52:55::2015-02-19 20:52:55:Application End!

2015/2/19 下午 08:52:57::2015-02-19 20:52:57:Application Start!

2015/2/19 下午 09:13:58::2015-02-19 21:13:58:Application End!

2015/2/19 下午 09:13:59::2015-02-19 21:13:59:Application Start!

2015/2/19 下午 09:35:00::2015-02-19 21:35:00:Application End!

2015/2/19 下午 09:35:02::2015-02-19 21:35:02:Application Start!

2015/2/19 下午 09:56:02::2015-02-19 21:56:02:Application End!

2015/2/19 下午 09:56:04::2015-02-19 21:56:04:Application Start!

2015/2/19 下午 10:17:04::2015-02-19 22:17:04:Application End!

2015/2/19 下午 10:17:06::2015-02-19 22:17:06:Application Start!

2015/2/19 下午 10:38:06::2015-02-19 22:38:06:Application End!

2015/2/19 下午 10:38:08::2015-02-19 22:38:08:Application Start!

2015/2/19 下午 10:59:08::2015-02-19 22:59:08:Application End!

2015/2/19 下午 10:59:10::2015-02-19 22:59:10:Application Start!

2015/2/19 下午 11:20:11::2015-02-19 23:20:11:Application End!

2015/2/19 下午 11:20:12::2015-02-19 23:20:12:Application Start!

2015/2/19 下午 11:41:13::2015-02-19 23:41:13:Application End!

2015/2/19 下午 11:41:15::2015-02-19 23:41:14:Application Start!

