2015/2/28 上午 12:02:42::2015-02-28 00:02:42:Application End!

2015/2/28 上午 12:02:44::2015-02-28 00:02:44:Application Start!

2015/2/28 上午 12:23:44::2015-02-28 00:23:44:Application End!

2015/2/28 上午 12:23:46::2015-02-28 00:23:46:Application Start!

2015/2/28 上午 12:47:46::2015-02-28 00:47:46:Application End!

2015/2/28 上午 12:47:48::2015-02-28 00:47:48:Application Start!

2015/2/28 上午 01:08:48::2015-02-28 01:08:48:Application End!

2015/2/28 上午 01:08:50::2015-02-28 01:08:50:Application Start!

2015/2/28 上午 01:29:50::2015-02-28 01:29:50:Application End!

2015/2/28 上午 01:29:52::2015-02-28 01:29:52:Application Start!

2015/2/28 上午 01:50:52::2015-02-28 01:50:52:Application End!

2015/2/28 上午 01:50:54::2015-02-28 01:50:54:Application Start!

2015/2/28 上午 02:11:54::2015-02-28 02:11:54:Application End!

2015/2/28 上午 02:11:56::2015-02-28 02:11:56:Application Start!

2015/2/28 上午 02:32:56::2015-02-28 02:32:56:Application End!

2015/2/28 上午 02:32:58::2015-02-28 02:32:58:Application Start!

2015/2/28 上午 02:53:58::2015-02-28 02:53:58:Application End!

2015/2/28 上午 02:54:00::2015-02-28 02:54:00:Application Start!

2015/2/28 上午 03:15:01::2015-02-28 03:15:01:Application End!

2015/2/28 上午 03:15:03::2015-02-28 03:15:03:Application Start!

2015/2/28 上午 03:36:04::2015-02-28 03:36:04:Application End!

2015/2/28 上午 03:36:06::2015-02-28 03:36:06:Application Start!

2015/2/28 上午 03:57:06::2015-02-28 03:57:06:Application End!

2015/2/28 上午 03:57:08::2015-02-28 03:57:08:Application Start!

2015/2/28 上午 04:18:08::2015-02-28 04:18:08:Application End!

2015/2/28 上午 04:18:10::2015-02-28 04:18:10:Application Start!

2015/2/28 上午 04:39:10::2015-02-28 04:39:10:Application End!

2015/2/28 上午 04:39:12::2015-02-28 04:39:12:Application Start!

2015/2/28 上午 05:00:13::2015-02-28 05:00:13:Application End!

2015/2/28 上午 05:00:15::2015-02-28 05:00:15:Application Start!

2015/2/28 上午 05:21:15::2015-02-28 05:21:15:Application End!

2015/2/28 上午 05:21:23::2015-02-28 05:21:23:Application Start!

2015/2/28 上午 05:42:18::2015-02-28 05:42:18:Application End!

2015/2/28 上午 05:42:20::2015-02-28 05:42:20:Application Start!

2015/2/28 上午 06:03:20::2015-02-28 06:03:20:Application End!

2015/2/28 上午 06:03:22::2015-02-28 06:03:22:Application Start!

2015/2/28 上午 06:24:23::2015-02-28 06:24:23:Application End!

2015/2/28 上午 06:24:24::2015-02-28 06:24:24:Application Start!

2015/2/28 上午 06:45:25::2015-02-28 06:45:25:Application End!

2015/2/28 上午 06:45:27::2015-02-28 06:45:27:Application Start!

2015/2/28 上午 07:06:27::2015-02-28 07:06:27:Application End!

2015/2/28 上午 07:06:29::2015-02-28 07:06:29:Application Start!

2015/2/28 上午 07:27:29::2015-02-28 07:27:29:Application End!

2015/2/28 上午 07:27:34::2015-02-28 07:27:33:Application Start!

2015/2/28 上午 07:48:32::2015-02-28 07:48:32:Application End!

2015/2/28 上午 07:48:34::2015-02-28 07:48:34:Application Start!

2015/2/28 上午 08:09:34::2015-02-28 08:09:34:Application End!

2015/2/28 上午 08:09:36::2015-02-28 08:09:36:Application Start!

2015/2/28 上午 08:30:37::2015-02-28 08:30:37:Application End!

2015/2/28 上午 08:30:38::2015-02-28 08:30:38:Application Start!

2015/2/28 上午 08:51:39::2015-02-28 08:51:39:Application End!

2015/2/28 上午 08:51:41::2015-02-28 08:51:41:Application Start!

2015/2/28 上午 09:12:41::2015-02-28 09:12:41:Application End!

2015/2/28 上午 09:12:45::2015-02-28 09:12:45:Application Start!

2015/2/28 上午 09:33:44::2015-02-28 09:33:44:Application End!

2015/2/28 上午 09:33:46::2015-02-28 09:33:46:Application Start!

2015/2/28 上午 09:54:46::2015-02-28 09:54:46:Application End!

2015/2/28 上午 09:54:48::2015-02-28 09:54:48:Application Start!

2015/2/28 上午 10:15:48::2015-02-28 10:15:48:Application End!

2015/2/28 上午 10:15:50::2015-02-28 10:15:50:Application Start!

2015/2/28 上午 10:20:00::2015-02-28 10:20:00:AutoTask is Working!

2015/2/28 下午 12:00:23::自動執行計算門禁考勤異常報表:true

2015/2/28 下午 12:20:50::2015-02-28 12:20:50:Application End!

2015/2/28 下午 12:20:52::2015-02-28 12:20:51:Application Start!

2015/2/28 下午 12:41:51::2015-02-28 12:41:51:Application End!

2015/2/28 下午 12:41:53::2015-02-28 12:41:53:Application Start!

2015/2/28 下午 01:02:54::2015-02-28 13:02:54:Application End!

2015/2/28 下午 01:02:58::2015-02-28 13:02:58:Application Start!

2015/2/28 下午 01:23:56::2015-02-28 13:23:56:Application End!

2015/2/28 下午 01:23:59::2015-02-28 13:23:59:Application Start!

2015/2/28 下午 01:44:58::2015-02-28 13:44:58:Application End!

2015/2/28 下午 01:45:00::2015-02-28 13:45:00:Application Start!

2015/2/28 下午 02:06:00::2015-02-28 14:06:00:Application End!

2015/2/28 下午 02:06:02::2015-02-28 14:06:02:Application Start!

2015/2/28 下午 02:27:03::2015-02-28 14:27:03:Application End!

2015/2/28 下午 02:27:04::2015-02-28 14:27:04:Application Start!

2015/2/28 下午 02:48:05::2015-02-28 14:48:05:Application End!

2015/2/28 下午 02:48:06::2015-02-28 14:48:06:Application Start!

2015/2/28 下午 03:09:07::2015-02-28 15:09:07:Application End!

2015/2/28 下午 03:09:08::2015-02-28 15:09:08:Application Start!

2015/2/28 下午 03:30:09::2015-02-28 15:30:09:Application End!

2015/2/28 下午 03:30:10::2015-02-28 15:30:10:Application Start!

2015/2/28 下午 03:51:11::2015-02-28 15:51:11:Application End!

2015/2/28 下午 03:51:12::2015-02-28 15:51:12:Application Start!

2015/2/28 下午 04:12:13::2015-02-28 16:12:13:Application End!

2015/2/28 下午 04:12:14::2015-02-28 16:12:14:Application Start!

2015/2/28 下午 04:33:15::2015-02-28 16:33:15:Application End!

2015/2/28 下午 04:33:17::2015-02-28 16:33:17:Application Start!

2015/2/28 下午 04:54:17::2015-02-28 16:54:17:Application End!

2015/2/28 下午 04:54:19::2015-02-28 16:54:19:Application Start!

2015/2/28 下午 05:15:19::2015-02-28 17:15:19:Application End!

2015/2/28 下午 05:15:21::2015-02-28 17:15:21:Application Start!

2015/2/28 下午 05:36:21::2015-02-28 17:36:21:Application End!

2015/2/28 下午 05:36:23::2015-02-28 17:36:23:Application Start!

2015/2/28 下午 06:08:23::2015-02-28 18:08:23:Application End!

2015/2/28 下午 06:08:25::2015-02-28 18:08:25:Application Start!

2015/2/28 下午 06:29:25::2015-02-28 18:29:25:Application End!

2015/2/28 下午 06:29:27::2015-02-28 18:29:27:Application Start!

2015/2/28 下午 06:50:27::2015-02-28 18:50:27:Application End!

2015/2/28 下午 06:50:29::2015-02-28 18:50:29:Application Start!

2015/2/28 下午 07:11:29::2015-02-28 19:11:29:Application End!

2015/2/28 下午 07:11:31::2015-02-28 19:11:31:Application Start!

2015/2/28 下午 07:32:31::2015-02-28 19:32:31:Application End!

2015/2/28 下午 07:32:33::2015-02-28 19:32:33:Application Start!

2015/2/28 下午 07:53:33::2015-02-28 19:53:33:Application End!

2015/2/28 下午 07:53:35::2015-02-28 19:53:35:Application Start!

2015/2/28 下午 08:14:35::2015-02-28 20:14:35:Application End!

2015/2/28 下午 08:14:37::2015-02-28 20:14:37:Application Start!

2015/2/28 下午 08:35:37::2015-02-28 20:35:37:Application End!

2015/2/28 下午 08:35:39::2015-02-28 20:35:39:Application Start!

2015/2/28 下午 09:10:39::2015-02-28 21:10:39:Application End!

2015/2/28 下午 09:10:41::2015-02-28 21:10:41:Application Start!

2015/2/28 下午 09:31:43::2015-02-28 21:31:43:Application End!

2015/2/28 下午 09:31:44::2015-02-28 21:31:44:Application Start!

2015/2/28 下午 09:52:45::2015-02-28 21:52:45:Application End!

2015/2/28 下午 09:52:47::2015-02-28 21:52:47:Application Start!

2015/2/28 下午 10:13:47::2015-02-28 22:13:47:Application End!

2015/2/28 下午 10:13:49::2015-02-28 22:13:49:Application Start!

2015/2/28 下午 10:34:49::2015-02-28 22:34:49:Application End!

2015/2/28 下午 10:34:51::2015-02-28 22:34:51:Application Start!

2015/2/28 下午 10:55:51::2015-02-28 22:55:51:Application End!

2015/2/28 下午 10:55:53::2015-02-28 22:55:53:Application Start!

2015/2/28 下午 11:16:54::2015-02-28 23:16:54:Application End!

2015/2/28 下午 11:16:55::2015-02-28 23:16:55:Application Start!

2015/2/28 下午 11:37:56::2015-02-28 23:37:56:Application End!

2015/2/28 下午 11:37:57::2015-02-28 23:37:57:Application Start!

2015/2/28 下午 11:58:58::2015-02-28 23:58:58:Application End!

2015/2/28 下午 11:59:00::2015-02-28 23:59:00:Application Start!

