2015/6/25 上午 08:14:50::2015-06-25 08:14:50:Application Start!

2015/6/25 上午 08:37:50::2015-06-25 08:37:50:Application End!

2015/6/25 上午 08:41:26::2015-06-25 08:41:26:Application Start!

2015/6/25 上午 09:03:26::2015-06-25 09:03:26:Application End!

2015/6/25 上午 10:14:40::2015-06-25 10:14:40:Application Start!

2015/6/25 上午 10:14:50==> Operate Description:用戶登錄, Operate Model:用戶管理, Operate creater:test Operate Type:登錄

2015/6/25 上午 10:18:19==> Errors Description:遠端主機已關閉連接。錯誤碼為 0x800703E3。Errors Location:   於 System.Web.Hosting.IIS7WorkerRequest.RaiseCommunicationError(Int32 result, Boolean throwOnDisconnect)
   於 System.Web.Hosting.IIS7WorkerRequest.ExplicitFlush()
   於 System.Web.HttpResponse.Flush(Boolean finalFlush, Boolean async)
   於 System.Web.HttpResponse.Flush()
   於 System.Web.HttpResponseWrapper.Flush()
   於 ePortal.Web.Controllers.AttendanceController.attendancexls(Nullable`1 StartDate, Nullable`1 EndDate, String factory, String department, String empno, String employes, String emptype, String control, String anomalous, String Chidao, String Zaotui, String Kuanggong, String Qingjia, String Jingchu, String Chejian) 於 e:\ePortalAudit\ePortal\ePortal.Web\Controllers\AttendanceController.cs: 行 680
   於 lambda_method(Closure , ControllerBase , Object[] )
   於 System.Web.Mvc.ActionMethodDispatcher.<>c__DisplayClass1.<WrapVoidAction>b__0(ControllerBase controller, Object[] parameters)
   於 System.Web.Mvc.ActionMethodDispatcher.Execute(ControllerBase controller, Object[] parameters)
   於 System.Web.Mvc.ReflectedActionDescriptor.Execute(ControllerContext controllerContext, IDictionary`2 parameters)
   於 System.Web.Mvc.ControllerActionInvoker.InvokeActionMethod(ControllerContext controllerContext, ActionDescriptor actionDescriptor, IDictionary`2 parameters)
   於 System.Web.Mvc.Async.AsyncControllerActionInvoker.<>c__DisplayClass42.<BeginInvokeSynchronousActionMethod>b__41()
   於 System.Web.Mvc.Async.AsyncResultWrapper.<>c__DisplayClass8`1.<BeginSynchronous>b__7(IAsyncResult _)
   於 System.Web.Mvc.Async.AsyncResultWrapper.WrappedAsyncResult`1.End()
   於 System.Web.Mvc.Async.AsyncControllerActionInvoker.EndInvokeActionMethod(IAsyncResult asyncResult)
   於 System.Web.Mvc.Async.AsyncControllerActionInvoker.<>c__DisplayClass37.<>c__DisplayClass39.<BeginInvokeActionMethodWithFilters>b__33()
   於 System.Web.Mvc.Async.AsyncControllerActionInvoker.<>c__DisplayClass4f.<InvokeActionMethodFilterAsynchronously>b__49()
   於 System.Web.Mvc.Async.AsyncControllerActionInvoker.<>c__DisplayClass4f.<InvokeActionMethodFilterAsynchronously>b__49()
   於 System.Web.Mvc.Async.AsyncControllerActionInvoker.<>c__DisplayClass4f.<InvokeActionMethodFilterAsynchronously>b__49()
   於 System.Web.Mvc.Async.AsyncControllerActionInvoker.<>c__DisplayClass37.<BeginInvokeActionMethodWithFilters>b__36(IAsyncResult asyncResult)
   於 System.Web.Mvc.Async.AsyncResultWrapper.WrappedAsyncResult`1.End()
   於 System.Web.Mvc.Async.AsyncControllerActionInvoker.EndInvokeActionMethodWithFilters(IAsyncResult asyncResult)
   於 System.Web.Mvc.Async.AsyncControllerActionInvoker.<>c__DisplayClass25.<>c__DisplayClass2a.<BeginInvokeAction>b__20()
   於 System.Web.Mvc.Async.AsyncControllerActionInvoker.<>c__DisplayClass25.<BeginInvokeAction>b__22(IAsyncResult asyncResult)

2015/6/25 上午 10:19:51::2015-06-25 10:19:51:Application End!

2015/6/25 上午 10:20:15::2015-06-25 10:20:15:Application Start!

2015/6/25 上午 10:22:04::2015-06-25 10:22:04:Application End!

