2015/4/4 上午 12:04:25::2015-04-04 00:04:25:Application End!

2015/4/4 上午 12:04:27::2015-04-04 00:04:27:Application Start!

2015/4/4 上午 12:25:27::2015-04-04 00:25:27:Application End!

2015/4/4 上午 12:25:29::2015-04-04 00:25:29:Application Start!

2015/4/4 上午 12:46:30::2015-04-04 00:46:30:Application End!

2015/4/4 上午 12:46:32::2015-04-04 00:46:32:Application Start!

2015/4/4 上午 01:07:33::2015-04-04 01:07:33:Application End!

2015/4/4 上午 01:07:34::2015-04-04 01:07:34:Application Start!

2015/4/4 上午 01:28:35::2015-04-04 01:28:35:Application End!

2015/4/4 上午 01:28:37::2015-04-04 01:28:36:Application Start!

2015/4/4 上午 01:49:37::2015-04-04 01:49:37:Application End!

2015/4/4 上午 01:49:39::2015-04-04 01:49:39:Application Start!

2015/4/4 上午 02:10:39::2015-04-04 02:10:39:Application End!

2015/4/4 上午 02:10:41::2015-04-04 02:10:41:Application Start!

2015/4/4 上午 02:31:41::2015-04-04 02:31:41:Application End!

2015/4/4 上午 02:31:43::2015-04-04 02:31:43:Application Start!

2015/4/4 上午 02:52:43::2015-04-04 02:52:43:Application End!

2015/4/4 上午 02:52:45::2015-04-04 02:52:45:Application Start!

2015/4/4 上午 03:13:46::2015-04-04 03:13:46:Application End!

2015/4/4 上午 03:13:47::2015-04-04 03:13:47:Application Start!

2015/4/4 上午 03:34:48::2015-04-04 03:34:48:Application End!

2015/4/4 上午 03:34:50::2015-04-04 03:34:49:Application Start!

2015/4/4 上午 03:55:50::2015-04-04 03:55:50:Application End!

2015/4/4 上午 03:55:52::2015-04-04 03:55:52:Application Start!

2015/4/4 上午 04:16:52::2015-04-04 04:16:52:Application End!

2015/4/4 上午 04:16:54::2015-04-04 04:16:54:Application Start!

2015/4/4 上午 04:37:54::2015-04-04 04:37:54:Application End!

2015/4/4 上午 04:37:56::2015-04-04 04:37:56:Application Start!

2015/4/4 上午 04:58:56::2015-04-04 04:58:56:Application End!

2015/4/4 上午 04:58:58::2015-04-04 04:58:58:Application Start!

2015/4/4 上午 05:19:59::2015-04-04 05:19:59:Application End!

2015/4/4 上午 05:20:00::2015-04-04 05:20:00:Application Start!

2015/4/4 上午 05:41:01::2015-04-04 05:41:01:Application End!

2015/4/4 上午 05:41:02::2015-04-04 05:41:02:Application Start!

2015/4/4 上午 06:02:03::2015-04-04 06:02:03:Application End!

2015/4/4 上午 06:02:05::2015-04-04 06:02:05:Application Start!

2015/4/4 上午 06:23:05::2015-04-04 06:23:05:Application End!

2015/4/4 上午 06:23:07::2015-04-04 06:23:07:Application Start!

2015/4/4 上午 06:44:07::2015-04-04 06:44:07:Application End!

2015/4/4 上午 06:44:09::2015-04-04 06:44:09:Application Start!

2015/4/4 上午 07:05:10::2015-04-04 07:05:10:Application End!

2015/4/4 上午 07:05:18::2015-04-04 07:05:17:Application Start!

2015/4/4 上午 07:26:13::2015-04-04 07:26:13:Application End!

2015/4/4 上午 07:26:15::2015-04-04 07:26:15:Application Start!

2015/4/4 上午 07:47:15::2015-04-04 07:47:15:Application End!

2015/4/4 上午 07:47:17::2015-04-04 07:47:17:Application Start!

2015/4/4 上午 08:08:17::2015-04-04 08:08:17:Application End!

2015/4/4 上午 08:08:19::2015-04-04 08:08:19:Application Start!

2015/4/4 上午 08:29:19::2015-04-04 08:29:19:Application End!

2015/4/4 上午 08:29:21::2015-04-04 08:29:21:Application Start!

2015/4/4 上午 08:50:22::2015-04-04 08:50:22:Application End!

2015/4/4 上午 08:50:23::2015-04-04 08:50:23:Application Start!

2015/4/4 上午 09:11:24::2015-04-04 09:11:24:Application End!

2015/4/4 上午 09:11:25::2015-04-04 09:11:25:Application Start!

2015/4/4 上午 09:32:26::2015-04-04 09:32:26:Application End!

2015/4/4 上午 09:32:28::2015-04-04 09:32:28:Application Start!

2015/4/4 上午 09:53:27::2015-04-04 09:53:27:Application End!

2015/4/4 上午 09:53:28::2015-04-04 09:53:28:Application Start!

2015/4/4 上午 10:14:28::2015-04-04 10:14:28:Application End!

2015/4/4 上午 10:14:30::2015-04-04 10:14:30:Application Start!

2015/4/4 上午 10:20:03::2015-04-04 10:20:03:AutoTask is Working!

2015/4/4 下午 01:14:14::自動執行計算門禁考勤異常報表:true

2015/4/4 下午 01:34:30::2015-04-04 13:34:30:Application End!

2015/4/4 下午 01:34:32::2015-04-04 13:34:32:Application Start!

2015/4/4 下午 01:55:32::2015-04-04 13:55:32:Application End!

2015/4/4 下午 01:55:34::2015-04-04 13:55:34:Application Start!

2015/4/4 下午 02:16:34::2015-04-04 14:16:34:Application End!

2015/4/4 下午 02:16:36::2015-04-04 14:16:36:Application Start!

2015/4/4 下午 02:37:36::2015-04-04 14:37:36:Application End!

2015/4/4 下午 02:37:38::2015-04-04 14:37:38:Application Start!

2015/4/4 下午 02:58:38::2015-04-04 14:58:38:Application End!

2015/4/4 下午 02:58:46::2015-04-04 14:58:46:Application Start!

2015/4/4 下午 03:33:42::2015-04-04 15:33:42:Application End!

2015/4/4 下午 03:33:44::2015-04-04 15:33:44:Application Start!

2015/4/4 下午 03:54:44::2015-04-04 15:54:44:Application End!

2015/4/4 下午 03:54:46::2015-04-04 15:54:46:Application Start!

2015/4/4 下午 04:34:46::2015-04-04 16:34:46:Application End!

2015/4/4 下午 04:34:48::2015-04-04 16:34:48:Application Start!

2015/4/4 下午 04:55:48::2015-04-04 16:55:48:Application End!

2015/4/4 下午 04:55:50::2015-04-04 16:55:50:Application Start!

2015/4/4 下午 05:16:50::2015-04-04 17:16:50:Application End!

2015/4/4 下午 05:16:52::2015-04-04 17:16:52:Application Start!

2015/4/4 下午 05:37:52::2015-04-04 17:37:52:Application End!

2015/4/4 下午 05:37:54::2015-04-04 17:37:54:Application Start!

2015/4/4 下午 05:58:54::2015-04-04 17:58:54:Application End!

2015/4/4 下午 05:58:56::2015-04-04 17:58:56:Application Start!

2015/4/4 下午 06:19:56::2015-04-04 18:19:56:Application End!

2015/4/4 下午 06:19:58::2015-04-04 18:19:58:Application Start!

2015/4/4 下午 06:40:58::2015-04-04 18:40:58:Application End!

2015/4/4 下午 06:41:00::2015-04-04 18:41:00:Application Start!

2015/4/4 下午 07:02:02::2015-04-04 19:02:02:Application End!

2015/4/4 下午 07:02:03::2015-04-04 19:02:03:Application Start!

2015/4/4 下午 07:23:04::2015-04-04 19:23:04:Application End!

2015/4/4 下午 07:23:06::2015-04-04 19:23:06:Application Start!

2015/4/4 下午 08:01:06::2015-04-04 20:01:06:Application End!

2015/4/4 下午 08:01:08::2015-04-04 20:01:08:Application Start!

2015/4/4 下午 08:22:08::2015-04-04 20:22:08:Application End!

2015/4/4 下午 08:22:10::2015-04-04 20:22:10:Application Start!

2015/4/4 下午 08:43:10::2015-04-04 20:43:10:Application End!

2015/4/4 下午 08:43:12::2015-04-04 20:43:12:Application Start!

2015/4/4 下午 09:04:13::2015-04-04 21:04:13:Application End!

2015/4/4 下午 09:04:14::2015-04-04 21:04:14:Application Start!

2015/4/4 下午 09:25:15::2015-04-04 21:25:15:Application End!

2015/4/4 下午 09:25:17::2015-04-04 21:25:16:Application Start!

2015/4/4 下午 09:46:17::2015-04-04 21:46:17:Application End!

2015/4/4 下午 09:46:19::2015-04-04 21:46:19:Application Start!

2015/4/4 下午 10:07:19::2015-04-04 22:07:19:Application End!

2015/4/4 下午 10:07:21::2015-04-04 22:07:21:Application Start!

2015/4/4 下午 10:28:21::2015-04-04 22:28:21:Application End!

2015/4/4 下午 10:28:23::2015-04-04 22:28:23:Application Start!

2015/4/4 下午 10:49:23::2015-04-04 22:49:23:Application End!

2015/4/4 下午 10:49:25::2015-04-04 22:49:25:Application Start!

2015/4/4 下午 11:10:26::2015-04-04 23:10:26:Application End!

2015/4/4 下午 11:10:27::2015-04-04 23:10:27:Application Start!

2015/4/4 下午 11:31:28::2015-04-04 23:31:28:Application End!

2015/4/4 下午 11:31:30::2015-04-04 23:31:30:Application Start!

2015/4/4 下午 11:52:30::2015-04-04 23:52:30:Application End!

2015/4/4 下午 11:52:32::2015-04-04 23:52:32:Application Start!

