2015/2/22 上午 12:08:20::2015-02-22 00:08:20:Application End!

2015/2/22 上午 12:08:22::2015-02-22 00:08:22:Application Start!

2015/2/22 上午 12:29:22::2015-02-22 00:29:22:Application End!

2015/2/22 上午 12:29:24::2015-02-22 00:29:24:Application Start!

2015/2/22 上午 12:50:24::2015-02-22 00:50:24:Application End!

2015/2/22 上午 12:50:26::2015-02-22 00:50:26:Application Start!

2015/2/22 上午 01:11:26::2015-02-22 01:11:26:Application End!

2015/2/22 上午 01:11:28::2015-02-22 01:11:28:Application Start!

2015/2/22 上午 01:32:29::2015-02-22 01:32:29:Application End!

2015/2/22 上午 01:32:31::2015-02-22 01:32:31:Application Start!

2015/2/22 上午 01:53:32::2015-02-22 01:53:32:Application End!

2015/2/22 上午 01:53:34::2015-02-22 01:53:34:Application Start!

2015/2/22 上午 02:14:34::2015-02-22 02:14:34:Application End!

2015/2/22 上午 02:14:36::2015-02-22 02:14:36:Application Start!

2015/2/22 上午 02:35:36::2015-02-22 02:35:36:Application End!

2015/2/22 上午 02:35:38::2015-02-22 02:35:38:Application Start!

2015/2/22 上午 02:56:38::2015-02-22 02:56:38:Application End!

2015/2/22 上午 02:56:40::2015-02-22 02:56:40:Application Start!

2015/2/22 上午 03:17:41::2015-02-22 03:17:41:Application End!

2015/2/22 上午 03:17:42::2015-02-22 03:17:42:Application Start!

2015/2/22 上午 03:38:43::2015-02-22 03:38:43:Application End!

2015/2/22 上午 03:38:44::2015-02-22 03:38:44:Application Start!

2015/2/22 上午 03:59:45::2015-02-22 03:59:45:Application End!

2015/2/22 上午 03:59:47::2015-02-22 03:59:47:Application Start!

2015/2/22 上午 04:20:47::2015-02-22 04:20:47:Application End!

2015/2/22 上午 04:20:49::2015-02-22 04:20:49:Application Start!

2015/2/22 上午 04:41:49::2015-02-22 04:41:49:Application End!

2015/2/22 上午 04:41:51::2015-02-22 04:41:51:Application Start!

2015/2/22 上午 05:02:51::2015-02-22 05:02:51:Application End!

2015/2/22 上午 05:02:53::2015-02-22 05:02:53:Application Start!

2015/2/22 上午 05:23:53::2015-02-22 05:23:53:Application End!

2015/2/22 上午 05:23:55::2015-02-22 05:23:55:Application Start!

2015/2/22 上午 05:44:56::2015-02-22 05:44:56:Application End!

2015/2/22 上午 05:44:57::2015-02-22 05:44:57:Application Start!

2015/2/22 上午 06:05:58::2015-02-22 06:05:58:Application End!

2015/2/22 上午 06:06:00::2015-02-22 06:05:59:Application Start!

2015/2/22 上午 06:27:00::2015-02-22 06:27:00:Application End!

2015/2/22 上午 06:27:02::2015-02-22 06:27:02:Application Start!

2015/2/22 上午 06:50:02::2015-02-22 06:50:02:Application End!

2015/2/22 上午 06:50:04::2015-02-22 06:50:04:Application Start!

2015/2/22 上午 07:11:04::2015-02-22 07:11:04:Application End!

2015/2/22 上午 07:11:06::2015-02-22 07:11:06:Application Start!

2015/2/22 上午 07:32:06::2015-02-22 07:32:06:Application End!

2015/2/22 上午 07:32:08::2015-02-22 07:32:08:Application Start!

2015/2/22 上午 07:53:09::2015-02-22 07:53:09:Application End!

2015/2/22 上午 07:53:10::2015-02-22 07:53:10:Application Start!

2015/2/22 上午 08:14:11::2015-02-22 08:14:11:Application End!

2015/2/22 上午 08:14:12::2015-02-22 08:14:12:Application Start!

2015/2/22 上午 08:35:13::2015-02-22 08:35:13:Application End!

2015/2/22 上午 08:35:15::2015-02-22 08:35:15:Application Start!

2015/2/22 上午 08:56:15::2015-02-22 08:56:15:Application End!

2015/2/22 上午 08:56:17::2015-02-22 08:56:17:Application Start!

2015/2/22 上午 09:17:17::2015-02-22 09:17:17:Application End!

2015/2/22 上午 09:17:19::2015-02-22 09:17:19:Application Start!

2015/2/22 上午 09:38:19::2015-02-22 09:38:19:Application End!

2015/2/22 上午 09:38:21::2015-02-22 09:38:21:Application Start!

2015/2/22 上午 09:59:22::2015-02-22 09:59:22:Application End!

2015/2/22 上午 09:59:23::2015-02-22 09:59:23:Application Start!

2015/2/22 上午 10:20:04::2015-02-22 10:20:04:AutoTask is Working!

2015/2/22 下午 01:01:39::自動執行計算門禁考勤異常報表:true

2015/2/22 下午 01:22:22::2015-02-22 13:22:22:Application End!

2015/2/22 下午 01:22:26::2015-02-22 13:22:26:Application Start!

2015/2/22 下午 01:43:25::2015-02-22 13:43:25:Application End!

2015/2/22 下午 01:43:29::2015-02-22 13:43:29:Application Start!

2015/2/22 下午 02:07:27::2015-02-22 14:07:27:Application End!

2015/2/22 下午 02:07:29::2015-02-22 14:07:29:Application Start!

2015/2/22 下午 02:28:30::2015-02-22 14:28:30:Application End!

2015/2/22 下午 02:28:31::2015-02-22 14:28:31:Application Start!

2015/2/22 下午 02:49:32::2015-02-22 14:49:32:Application End!

2015/2/22 下午 02:49:36::2015-02-22 14:49:36:Application Start!

2015/2/22 下午 03:10:35::2015-02-22 15:10:35:Application End!

2015/2/22 下午 03:10:37::2015-02-22 15:10:37:Application Start!

2015/2/22 下午 03:31:37::2015-02-22 15:31:37:Application End!

2015/2/22 下午 03:31:39::2015-02-22 15:31:39:Application Start!

2015/2/22 下午 03:52:39::2015-02-22 15:52:39:Application End!

2015/2/22 下午 03:52:41::2015-02-22 15:52:41:Application Start!

2015/2/22 下午 04:13:41::2015-02-22 16:13:41:Application End!

2015/2/22 下午 04:13:43::2015-02-22 16:13:43:Application Start!

2015/2/22 下午 04:34:43::2015-02-22 16:34:43:Application End!

2015/2/22 下午 04:34:45::2015-02-22 16:34:45:Application Start!

2015/2/22 下午 04:55:45::2015-02-22 16:55:45:Application End!

2015/2/22 下午 04:55:47::2015-02-22 16:55:47:Application Start!

2015/2/22 下午 05:16:47::2015-02-22 17:16:47:Application End!

2015/2/22 下午 05:16:49::2015-02-22 17:16:49:Application Start!

2015/2/22 下午 05:37:49::2015-02-22 17:37:49:Application End!

2015/2/22 下午 05:37:51::2015-02-22 17:37:51:Application Start!

2015/2/22 下午 05:58:51::2015-02-22 17:58:51:Application End!

2015/2/22 下午 05:58:53::2015-02-22 17:58:53:Application Start!

2015/2/22 下午 06:19:53::2015-02-22 18:19:53:Application End!

2015/2/22 下午 06:19:55::2015-02-22 18:19:55:Application Start!

2015/2/22 下午 07:00:55::2015-02-22 19:00:55:Application End!

2015/2/22 下午 07:00:57::2015-02-22 19:00:57:Application Start!

2015/2/22 下午 07:21:57::2015-02-22 19:21:57:Application End!

2015/2/22 下午 07:21:59::2015-02-22 19:21:59:Application Start!

2015/2/22 下午 07:43:00::2015-02-22 19:43:00:Application End!

2015/2/22 下午 07:43:02::2015-02-22 19:43:01:Application Start!

2015/2/22 下午 08:04:03::2015-02-22 20:04:03:Application End!

2015/2/22 下午 08:04:06::2015-02-22 20:04:06:Application Start!

2015/2/22 下午 08:25:06::2015-02-22 20:25:06:Application End!

2015/2/22 下午 08:25:08::2015-02-22 20:25:08:Application Start!

2015/2/22 下午 08:46:09::2015-02-22 20:46:09:Application End!

2015/2/22 下午 08:46:10::2015-02-22 20:46:10:Application Start!

2015/2/22 下午 09:07:11::2015-02-22 21:07:11:Application End!

2015/2/22 下午 09:07:12::2015-02-22 21:07:12:Application Start!

2015/2/22 下午 09:28:13::2015-02-22 21:28:13:Application End!

2015/2/22 下午 09:28:15::2015-02-22 21:28:15:Application Start!

2015/2/22 下午 09:49:15::2015-02-22 21:49:15:Application End!

2015/2/22 下午 09:49:17::2015-02-22 21:49:17:Application Start!

2015/2/22 下午 10:10:17::2015-02-22 22:10:17:Application End!

2015/2/22 下午 10:10:19::2015-02-22 22:10:19:Application Start!

2015/2/22 下午 10:31:19::2015-02-22 22:31:19:Application End!

2015/2/22 下午 10:31:21::2015-02-22 22:31:21:Application Start!

2015/2/22 下午 10:52:21::2015-02-22 22:52:21:Application End!

2015/2/22 下午 10:52:23::2015-02-22 22:52:23:Application Start!

2015/2/22 下午 11:13:24::2015-02-22 23:13:24:Application End!

2015/2/22 下午 11:13:25::2015-02-22 23:13:25:Application Start!

2015/2/22 下午 11:34:26::2015-02-22 23:34:26:Application End!

2015/2/22 下午 11:34:28::2015-02-22 23:34:28:Application Start!

2015/2/22 下午 11:55:28::2015-02-22 23:55:28:Application End!

2015/2/22 下午 11:55:30::2015-02-22 23:55:30:Application Start!

