2015/3/26 上午 12:01:56::2015-03-26 00:01:56:Application End!

2015/3/26 上午 12:01:58::2015-03-26 00:01:58:Application Start!

2015/3/26 上午 12:22:58::2015-03-26 00:22:58:Application End!

2015/3/26 上午 12:23:00::2015-03-26 00:23:00:Application Start!

2015/3/26 上午 12:44:00::2015-03-26 00:44:00:Application End!

2015/3/26 上午 12:44:02::2015-03-26 00:44:02:Application Start!

2015/3/26 上午 01:05:02::2015-03-26 01:05:02:Application End!

2015/3/26 上午 01:05:04::2015-03-26 01:05:04:Application Start!

2015/3/26 上午 01:26:05::2015-03-26 01:26:05:Application End!

2015/3/26 上午 01:26:06::2015-03-26 01:26:06:Application Start!

2015/3/26 上午 01:47:07::2015-03-26 01:47:07:Application End!

2015/3/26 上午 01:47:08::2015-03-26 01:47:08:Application Start!

2015/3/26 上午 02:08:09::2015-03-26 02:08:09:Application End!

2015/3/26 上午 02:08:11::2015-03-26 02:08:11:Application Start!

2015/3/26 上午 02:29:11::2015-03-26 02:29:11:Application End!

2015/3/26 上午 02:29:13::2015-03-26 02:29:13:Application Start!

2015/3/26 上午 02:50:13::2015-03-26 02:50:13:Application End!

2015/3/26 上午 02:50:15::2015-03-26 02:50:15:Application Start!

2015/3/26 上午 03:11:15::2015-03-26 03:11:15:Application End!

2015/3/26 上午 03:11:17::2015-03-26 03:11:17:Application Start!

2015/3/26 上午 03:32:17::2015-03-26 03:32:17:Application End!

2015/3/26 上午 03:32:19::2015-03-26 03:32:19:Application Start!

2015/3/26 上午 03:53:20::2015-03-26 03:53:20:Application End!

2015/3/26 上午 03:53:21::2015-03-26 03:53:21:Application Start!

2015/3/26 上午 04:14:22::2015-03-26 04:14:22:Application End!

2015/3/26 上午 04:14:28::2015-03-26 04:14:28:Application Start!

2015/3/26 上午 04:35:24::2015-03-26 04:35:24:Application End!

2015/3/26 上午 04:35:26::2015-03-26 04:35:26:Application Start!

2015/3/26 上午 04:56:26::2015-03-26 04:56:26:Application End!

2015/3/26 上午 04:56:28::2015-03-26 04:56:28:Application Start!

2015/3/26 上午 05:17:29::2015-03-26 05:17:29:Application End!

2015/3/26 上午 05:17:30::2015-03-26 05:17:30:Application Start!

2015/3/26 上午 05:38:31::2015-03-26 05:38:31:Application End!

2015/3/26 上午 05:38:33::2015-03-26 05:38:33:Application Start!

2015/3/26 上午 05:59:33::2015-03-26 05:59:33:Application End!

2015/3/26 上午 05:59:35::2015-03-26 05:59:35:Application Start!

2015/3/26 上午 06:20:35::2015-03-26 06:20:35:Application End!

2015/3/26 上午 06:20:37::2015-03-26 06:20:37:Application Start!

2015/3/26 上午 06:41:37::2015-03-26 06:41:37:Application End!

2015/3/26 上午 06:41:39::2015-03-26 06:41:39:Application Start!

2015/3/26 上午 07:02:39::2015-03-26 07:02:39:Application End!

2015/3/26 上午 07:02:41::2015-03-26 07:02:41:Application Start!

2015/3/26 上午 07:23:40::2015-03-26 07:23:40:Application End!

2015/3/26 上午 07:23:42::2015-03-26 07:23:42:Application Start!

2015/3/26 上午 07:54:42::2015-03-26 07:54:42:Application End!

2015/3/26 上午 07:54:44::2015-03-26 07:54:44:Application Start!

2015/3/26 上午 08:15:44::2015-03-26 08:15:44:Application End!

2015/3/26 上午 08:15:46::2015-03-26 08:15:46:Application Start!

2015/3/26 上午 08:36:46::2015-03-26 08:36:46:Application End!

2015/3/26 上午 08:36:48::2015-03-26 08:36:48:Application Start!

2015/3/26 上午 08:57:48::2015-03-26 08:57:48:Application End!

2015/3/26 上午 08:57:50::2015-03-26 08:57:50:Application Start!

2015/3/26 上午 09:18:50::2015-03-26 09:18:50:Application End!

2015/3/26 上午 09:18:52::2015-03-26 09:18:52:Application Start!

2015/3/26 上午 09:39:52::2015-03-26 09:39:52:Application End!

2015/3/26 上午 09:39:54::2015-03-26 09:39:54:Application Start!

2015/3/26 上午 10:00:54::2015-03-26 10:00:54:Application End!

2015/3/26 上午 10:00:56::2015-03-26 10:00:56:Application Start!

2015/3/26 上午 10:20:00::2015-03-26 10:20:00:AutoTask is Working!

2015/3/26 下午 12:54:04::自動執行計算門禁考勤異常報表:true

2015/3/26 下午 01:14:56::2015-03-26 13:14:56:Application End!

2015/3/26 下午 01:14:57::2015-03-26 13:14:57:Application Start!

2015/3/26 下午 01:35:58::2015-03-26 13:35:58:Application End!

2015/3/26 下午 01:35:59::2015-03-26 13:35:59:Application Start!

2015/3/26 下午 01:57:00::2015-03-26 13:57:00:Application End!

2015/3/26 下午 01:57:01::2015-03-26 13:57:01:Application Start!

2015/3/26 下午 02:18:02::2015-03-26 14:18:02:Application End!

2015/3/26 下午 02:18:03::2015-03-26 14:18:03:Application Start!

2015/3/26 下午 02:39:04::2015-03-26 14:39:04:Application End!

2015/3/26 下午 02:39:05::2015-03-26 14:39:05:Application Start!

2015/3/26 下午 03:00:06::2015-03-26 15:00:06:Application End!

2015/3/26 下午 03:00:07::2015-03-26 15:00:07:Application Start!

2015/3/26 下午 03:21:08::2015-03-26 15:21:08:Application End!

2015/3/26 下午 03:21:10::2015-03-26 15:21:10:Application Start!

2015/3/26 下午 03:42:10::2015-03-26 15:42:10:Application End!

2015/3/26 下午 03:42:12::2015-03-26 15:42:12:Application Start!

2015/3/26 下午 04:03:12::2015-03-26 16:03:12:Application End!

2015/3/26 下午 04:03:14::2015-03-26 16:03:14:Application Start!

2015/3/26 下午 04:24:15::2015-03-26 16:24:15:Application End!

2015/3/26 下午 04:24:17::2015-03-26 16:24:17:Application Start!

2015/3/26 下午 04:45:18::2015-03-26 16:45:18:Application End!

2015/3/26 下午 04:45:19::2015-03-26 16:45:19:Application Start!

2015/3/26 下午 05:06:20::2015-03-26 17:06:20:Application End!

2015/3/26 下午 05:06:22::2015-03-26 17:06:22:Application Start!

2015/3/26 下午 05:27:22::2015-03-26 17:27:22:Application End!

2015/3/26 下午 05:27:24::2015-03-26 17:27:24:Application Start!

2015/3/26 下午 05:48:24::2015-03-26 17:48:24:Application End!

2015/3/26 下午 05:48:26::2015-03-26 17:48:26:Application Start!

2015/3/26 下午 06:09:26::2015-03-26 18:09:26:Application End!

2015/3/26 下午 06:09:28::2015-03-26 18:09:28:Application Start!

2015/3/26 下午 06:30:29::2015-03-26 18:30:29:Application End!

2015/3/26 下午 06:30:30::2015-03-26 18:30:30:Application Start!

2015/3/26 下午 06:51:31::2015-03-26 18:51:31:Application End!

2015/3/26 下午 06:51:32::2015-03-26 18:51:32:Application Start!

2015/3/26 下午 07:31:33::2015-03-26 19:31:33:Application End!

2015/3/26 下午 07:31:35::2015-03-26 19:31:35:Application Start!

2015/3/26 下午 07:52:35::2015-03-26 19:52:35:Application End!

2015/3/26 下午 07:52:37::2015-03-26 19:52:37:Application Start!

2015/3/26 下午 08:13:37::2015-03-26 20:13:37:Application End!

2015/3/26 下午 08:13:39::2015-03-26 20:13:39:Application Start!

2015/3/26 下午 08:34:39::2015-03-26 20:34:39:Application End!

2015/3/26 下午 08:34:41::2015-03-26 20:34:41:Application Start!

2015/3/26 下午 08:55:42::2015-03-26 20:55:42:Application End!

2015/3/26 下午 08:55:43::2015-03-26 20:55:43:Application Start!

2015/3/26 下午 09:16:44::2015-03-26 21:16:44:Application End!

2015/3/26 下午 09:16:46::2015-03-26 21:16:46:Application Start!

2015/3/26 下午 09:37:46::2015-03-26 21:37:46:Application End!

2015/3/26 下午 09:37:48::2015-03-26 21:37:48:Application Start!

2015/3/26 下午 09:58:48::2015-03-26 21:58:48:Application End!

2015/3/26 下午 09:58:50::2015-03-26 21:58:50:Application Start!

2015/3/26 下午 10:19:50::2015-03-26 22:19:50:Application End!

2015/3/26 下午 10:19:52::2015-03-26 22:19:52:Application Start!

2015/3/26 下午 10:40:53::2015-03-26 22:40:52:Application End!

2015/3/26 下午 10:40:54::2015-03-26 22:40:54:Application Start!

2015/3/26 下午 11:01:55::2015-03-26 23:01:55:Application End!

2015/3/26 下午 11:01:56::2015-03-26 23:01:56:Application Start!

2015/3/26 下午 11:22:57::2015-03-26 23:22:57:Application End!

2015/3/26 下午 11:22:59::2015-03-26 23:22:59:Application Start!

2015/3/26 下午 11:43:59::2015-03-26 23:43:59:Application End!

2015/3/26 下午 11:44:01::2015-03-26 23:44:01:Application Start!

