2015/4/5 上午 12:13:32::2015-04-05 00:13:32:Application End!

2015/4/5 上午 12:13:34::2015-04-05 00:13:34:Application Start!

2015/4/5 上午 12:34:34::2015-04-05 00:34:34:Application End!

2015/4/5 上午 12:34:36::2015-04-05 00:34:36:Application Start!

2015/4/5 上午 12:55:36::2015-04-05 00:55:36:Application End!

2015/4/5 上午 12:55:38::2015-04-05 00:55:38:Application Start!

2015/4/5 上午 01:16:39::2015-04-05 01:16:39:Application End!

2015/4/5 上午 01:16:40::2015-04-05 01:16:40:Application Start!

2015/4/5 上午 01:37:41::2015-04-05 01:37:41:Application End!

2015/4/5 上午 01:37:42::2015-04-05 01:37:42:Application Start!

2015/4/5 上午 01:58:43::2015-04-05 01:58:43:Application End!

2015/4/5 上午 01:58:45::2015-04-05 01:58:45:Application Start!

2015/4/5 上午 02:19:45::2015-04-05 02:19:45:Application End!

2015/4/5 上午 02:19:47::2015-04-05 02:19:47:Application Start!

2015/4/5 上午 02:40:47::2015-04-05 02:40:47:Application End!

2015/4/5 上午 02:40:49::2015-04-05 02:40:49:Application Start!

2015/4/5 上午 03:01:49::2015-04-05 03:01:49:Application End!

2015/4/5 上午 03:01:51::2015-04-05 03:01:51:Application Start!

2015/4/5 上午 03:22:51::2015-04-05 03:22:51:Application End!

2015/4/5 上午 03:22:53::2015-04-05 03:22:53:Application Start!

2015/4/5 上午 03:43:54::2015-04-05 03:43:54:Application End!

2015/4/5 上午 03:43:55::2015-04-05 03:43:55:Application Start!

2015/4/5 上午 04:04:54::2015-04-05 04:04:54:Application End!

2015/4/5 上午 04:04:57::2015-04-05 04:04:57:Application Start!

2015/4/5 上午 04:25:56::2015-04-05 04:25:56:Application End!

2015/4/5 上午 04:25:58::2015-04-05 04:25:58:Application Start!

2015/4/5 上午 04:46:58::2015-04-05 04:46:58:Application End!

2015/4/5 上午 04:47:00::2015-04-05 04:47:00:Application Start!

2015/4/5 上午 05:07:59::2015-04-05 05:07:59:Application End!

2015/4/5 上午 05:08:01::2015-04-05 05:08:01:Application Start!

2015/4/5 上午 05:29:01::2015-04-05 05:29:01:Application End!

2015/4/5 上午 05:29:03::2015-04-05 05:29:03:Application Start!

2015/4/5 上午 05:50:03::2015-04-05 05:50:03:Application End!

2015/4/5 上午 05:50:05::2015-04-05 05:50:05:Application Start!

2015/4/5 上午 06:11:05::2015-04-05 06:11:05:Application End!

2015/4/5 上午 06:11:07::2015-04-05 06:11:07:Application Start!

2015/4/5 上午 06:52:07::2015-04-05 06:52:07:Application End!

2015/4/5 上午 06:52:09::2015-04-05 06:52:09:Application Start!

2015/4/5 上午 07:13:09::2015-04-05 07:13:09:Application End!

2015/4/5 上午 07:13:11::2015-04-05 07:13:11:Application Start!

2015/4/5 上午 07:34:11::2015-04-05 07:34:11:Application End!

2015/4/5 上午 07:34:13::2015-04-05 07:34:13:Application Start!

2015/4/5 上午 07:55:13::2015-04-05 07:55:13:Application End!

2015/4/5 上午 07:55:15::2015-04-05 07:55:15:Application Start!

2015/4/5 上午 08:16:16::2015-04-05 08:16:16:Application End!

2015/4/5 上午 08:16:17::2015-04-05 08:16:17:Application Start!

2015/4/5 上午 08:37:18::2015-04-05 08:37:18:Application End!

2015/4/5 上午 08:37:19::2015-04-05 08:37:19:Application Start!

2015/4/5 上午 08:58:20::2015-04-05 08:58:20:Application End!

2015/4/5 上午 08:58:24::2015-04-05 08:58:24:Application Start!

2015/4/5 上午 09:19:23::2015-04-05 09:19:23:Application End!

2015/4/5 上午 09:19:24::2015-04-05 09:19:24:Application Start!

2015/4/5 上午 09:40:25::2015-04-05 09:40:25:Application End!

2015/4/5 上午 09:40:26::2015-04-05 09:40:26:Application Start!

2015/4/5 上午 10:01:27::2015-04-05 10:01:27:Application End!

2015/4/5 上午 10:01:28::2015-04-05 10:01:28:Application Start!

2015/4/5 上午 10:20:00::2015-04-05 10:20:00:AutoTask is Working!

2015/4/5 下午 01:09:06::自動執行計算門禁考勤異常報表:true

2015/4/5 下午 01:29:30::2015-04-05 13:29:30:Application End!

2015/4/5 下午 01:29:34::2015-04-05 13:29:34:Application Start!

2015/4/5 下午 01:50:33::2015-04-05 13:50:33:Application End!

2015/4/5 下午 01:50:37::2015-04-05 13:50:37:Application Start!

2015/4/5 下午 02:11:35::2015-04-05 14:11:35:Application End!

2015/4/5 下午 02:11:37::2015-04-05 14:11:37:Application Start!

2015/4/5 下午 02:32:38::2015-04-05 14:32:38:Application End!

2015/4/5 下午 02:32:42::2015-04-05 14:32:42:Application Start!

2015/4/5 下午 02:53:41::2015-04-05 14:53:41:Application End!

2015/4/5 下午 02:53:43::2015-04-05 14:53:43:Application Start!

2015/4/5 下午 02:56:44==> Operate Description:用戶登錄, Operate Model:用戶管理, Operate creater:test Operate Type:登錄

2015/4/5 下午 03:00:18==> Errors Description:接近關鍵字 'case' 之處的語法不正確。Errors Location:   於 System.Data.SqlClient.SqlConnection.OnError(SqlException exception, Boolean breakConnection, Action`1 wrapCloseInAction)
   於 System.Data.SqlClient.SqlInternalConnection.OnError(SqlException exception, Boolean breakConnection, Action`1 wrapCloseInAction)
   於 System.Data.SqlClient.TdsParser.ThrowExceptionAndWarning(TdsParserStateObject stateObj, Boolean callerHasConnectionLock, Boolean asyncClose)
   於 System.Data.SqlClient.TdsParser.TryRun(RunBehavior runBehavior, SqlCommand cmdHandler, SqlDataReader dataStream, BulkCopySimpleResultSet bulkCopyHandler, TdsParserStateObject stateObj, Boolean& dataReady)
   於 System.Data.SqlClient.SqlDataReader.TryConsumeMetaData()
   於 System.Data.SqlClient.SqlDataReader.get_MetaData()
   於 System.Data.SqlClient.SqlCommand.FinishExecuteReader(SqlDataReader ds, RunBehavior runBehavior, String resetOptionsString)
   於 System.Data.SqlClient.SqlCommand.RunExecuteReaderTds(CommandBehavior cmdBehavior, RunBehavior runBehavior, Boolean returnStream, Boolean async, Int32 timeout, Task& task, Boolean asyncWrite)
   於 System.Data.SqlClient.SqlCommand.RunExecuteReader(CommandBehavior cmdBehavior, RunBehavior runBehavior, Boolean returnStream, String method, TaskCompletionSource`1 completion, Int32 timeout, Task& task, Boolean asyncWrite)
   於 System.Data.SqlClient.SqlCommand.RunExecuteReader(CommandBehavior cmdBehavior, RunBehavior runBehavior, Boolean returnStream, String method)
   於 System.Data.SqlClient.SqlCommand.ExecuteReader(CommandBehavior behavior, String method)
   於 System.Data.SqlClient.SqlCommand.ExecuteDbDataReader(CommandBehavior behavior)
   於 System.Data.Common.DbCommand.System.Data.IDbCommand.ExecuteReader(CommandBehavior behavior)
   於 System.Data.Common.DbDataAdapter.FillInternal(DataSet dataset, DataTable[] datatables, Int32 startRecord, Int32 maxRecords, String srcTable, IDbCommand command, CommandBehavior behavior)
   於 System.Data.Common.DbDataAdapter.Fill(DataSet dataSet, Int32 startRecord, Int32 maxRecords, String srcTable, IDbCommand command, CommandBehavior behavior)
   於 System.Data.Common.DbDataAdapter.Fill(DataSet dataSet)
   於 Microsoft.Practices.EnterpriseLibrary.Data.Database.DoLoadDataSet(IDbCommand command, DataSet dataSet, String[] tableNames)
   於 Microsoft.Practices.EnterpriseLibrary.Data.Database.LoadDataSet(DbCommand command, DataSet dataSet, String[] tableNames)
   於 Microsoft.Practices.EnterpriseLibrary.Data.Database.LoadDataSet(DbCommand command, DataSet dataSet, String tableName)
   於 Microsoft.Practices.EnterpriseLibrary.Data.Database.ExecuteDataSet(DbCommand command)
   於 ePortal.Data.Infrastructure.RepositoryBase`1.Execproc[TElement](String ProcName, Object[] parameters) 於 e:\ePortal\ePortal.Data\Infrastructure\RepositoryBase.cs: 行 202
   於 ePortal.Web.Controllers.AttendanceController.Audit(Nullable`1 ResultId, Nullable`1 StartDate, Nullable`1 EndDate, String factory, String department, String empno, String employes, String emptype, String control, String anomalous, String Chidao, String Zaotui, String Kuanggong, String Qingjia, String Jingchu, String Chejian) 於 e:\ePortal\ePortal.Web\Controllers\AttendanceController.cs: 行 220
   於 lambda_method(Closure , ControllerBase , Object[] )
   於 System.Web.Mvc.ActionMethodDispatcher.Execute(ControllerBase controller, Object[] parameters)
   於 System.Web.Mvc.ReflectedActionDescriptor.Execute(ControllerContext controllerContext, IDictionary`2 parameters)
   於 System.Web.Mvc.ControllerActionInvoker.InvokeActionMethod(ControllerContext controllerContext, ActionDescriptor actionDescriptor, IDictionary`2 parameters)
   於 System.Web.Mvc.Async.AsyncControllerActionInvoker.<>c__DisplayClass42.<BeginInvokeSynchronousActionMethod>b__41()
   於 System.Web.Mvc.Async.AsyncResultWrapper.<>c__DisplayClass8`1.<BeginSynchronous>b__7(IAsyncResult _)
   於 System.Web.Mvc.Async.AsyncResultWrapper.WrappedAsyncResult`1.End()
   於 System.Web.Mvc.Async.AsyncControllerActionInvoker.EndInvokeActionMethod(IAsyncResult asyncResult)
   於 System.Web.Mvc.Async.AsyncControllerActionInvoker.<>c__DisplayClass37.<>c__DisplayClass39.<BeginInvokeActionMethodWithFilters>b__33()
   於 System.Web.Mvc.Async.AsyncControllerActionInvoker.<>c__DisplayClass4f.<InvokeActionMethodFilterAsynchronously>b__49()
   於 System.Web.Mvc.Async.AsyncControllerActionInvoker.<>c__DisplayClass4f.<InvokeActionMethodFilterAsynchronously>b__49()
   於 System.Web.Mvc.Async.AsyncControllerActionInvoker.<>c__DisplayClass4f.<InvokeActionMethodFilterAsynchronously>b__49()
   於 System.Web.Mvc.Async.AsyncControllerActionInvoker.<>c__DisplayClass4f.<InvokeActionMethodFilterAsynchronously>b__49()
   於 System.Web.Mvc.Async.AsyncControllerActionInvoker.<>c__DisplayClass37.<BeginInvokeActionMethodWithFilters>b__36(IAsyncResult asyncResult)
   於 System.Web.Mvc.Async.AsyncResultWrapper.WrappedAsyncResult`1.End()
   於 System.Web.Mvc.Async.AsyncControllerActionInvoker.EndInvokeActionMethodWithFilters(IAsyncResult asyncResult)
   於 System.Web.Mvc.Async.AsyncControllerActionInvoker.<>c__DisplayClass25.<>c__DisplayClass2a.<BeginInvokeAction>b__20()
   於 System.Web.Mvc.Async.AsyncControllerActionInvoker.<>c__DisplayClass25.<BeginInvokeAction>b__22(IAsyncResult asyncResult)

2015/4/5 下午 03:00:24==> Errors Description:接近關鍵字 'case' 之處的語法不正確。Errors Location:   於 System.Data.SqlClient.SqlConnection.OnError(SqlException exception, Boolean breakConnection, Action`1 wrapCloseInAction)
   於 System.Data.SqlClient.SqlInternalConnection.OnError(SqlException exception, Boolean breakConnection, Action`1 wrapCloseInAction)
   於 System.Data.SqlClient.TdsParser.ThrowExceptionAndWarning(TdsParserStateObject stateObj, Boolean callerHasConnectionLock, Boolean asyncClose)
   於 System.Data.SqlClient.TdsParser.TryRun(RunBehavior runBehavior, SqlCommand cmdHandler, SqlDataReader dataStream, BulkCopySimpleResultSet bulkCopyHandler, TdsParserStateObject stateObj, Boolean& dataReady)
   於 System.Data.SqlClient.SqlDataReader.TryConsumeMetaData()
   於 System.Data.SqlClient.SqlDataReader.get_MetaData()
   於 System.Data.SqlClient.SqlCommand.FinishExecuteReader(SqlDataReader ds, RunBehavior runBehavior, String resetOptionsString)
   於 System.Data.SqlClient.SqlCommand.RunExecuteReaderTds(CommandBehavior cmdBehavior, RunBehavior runBehavior, Boolean returnStream, Boolean async, Int32 timeout, Task& task, Boolean asyncWrite)
   於 System.Data.SqlClient.SqlCommand.RunExecuteReader(CommandBehavior cmdBehavior, RunBehavior runBehavior, Boolean returnStream, String method, TaskCompletionSource`1 completion, Int32 timeout, Task& task, Boolean asyncWrite)
   於 System.Data.SqlClient.SqlCommand.RunExecuteReader(CommandBehavior cmdBehavior, RunBehavior runBehavior, Boolean returnStream, String method)
   於 System.Data.SqlClient.SqlCommand.ExecuteReader(CommandBehavior behavior, String method)
   於 System.Data.SqlClient.SqlCommand.ExecuteDbDataReader(CommandBehavior behavior)
   於 System.Data.Common.DbCommand.System.Data.IDbCommand.ExecuteReader(CommandBehavior behavior)
   於 System.Data.Common.DbDataAdapter.FillInternal(DataSet dataset, DataTable[] datatables, Int32 startRecord, Int32 maxRecords, String srcTable, IDbCommand command, CommandBehavior behavior)
   於 System.Data.Common.DbDataAdapter.Fill(DataSet dataSet, Int32 startRecord, Int32 maxRecords, String srcTable, IDbCommand command, CommandBehavior behavior)
   於 System.Data.Common.DbDataAdapter.Fill(DataSet dataSet)
   於 Microsoft.Practices.EnterpriseLibrary.Data.Database.DoLoadDataSet(IDbCommand command, DataSet dataSet, String[] tableNames)
   於 Microsoft.Practices.EnterpriseLibrary.Data.Database.LoadDataSet(DbCommand command, DataSet dataSet, String[] tableNames)
   於 Microsoft.Practices.EnterpriseLibrary.Data.Database.LoadDataSet(DbCommand command, DataSet dataSet, String tableName)
   於 Microsoft.Practices.EnterpriseLibrary.Data.Database.ExecuteDataSet(DbCommand command)
   於 ePortal.Data.Infrastructure.RepositoryBase`1.Execproc[TElement](String ProcName, Object[] parameters) 於 e:\ePortal\ePortal.Data\Infrastructure\RepositoryBase.cs: 行 202
   於 ePortal.Web.Controllers.AttendanceController.Audit(Nullable`1 ResultId, Nullable`1 StartDate, Nullable`1 EndDate, String factory, String department, String empno, String employes, String emptype, String control, String anomalous, String Chidao, String Zaotui, String Kuanggong, String Qingjia, String Jingchu, String Chejian) 於 e:\ePortal\ePortal.Web\Controllers\AttendanceController.cs: 行 220
   於 lambda_method(Closure , ControllerBase , Object[] )
   於 System.Web.Mvc.ActionMethodDispatcher.Execute(ControllerBase controller, Object[] parameters)
   於 System.Web.Mvc.ReflectedActionDescriptor.Execute(ControllerContext controllerContext, IDictionary`2 parameters)
   於 System.Web.Mvc.ControllerActionInvoker.InvokeActionMethod(ControllerContext controllerContext, ActionDescriptor actionDescriptor, IDictionary`2 parameters)
   於 System.Web.Mvc.Async.AsyncControllerActionInvoker.<>c__DisplayClass42.<BeginInvokeSynchronousActionMethod>b__41()
   於 System.Web.Mvc.Async.AsyncResultWrapper.<>c__DisplayClass8`1.<BeginSynchronous>b__7(IAsyncResult _)
   於 System.Web.Mvc.Async.AsyncResultWrapper.WrappedAsyncResult`1.End()
   於 System.Web.Mvc.Async.AsyncControllerActionInvoker.EndInvokeActionMethod(IAsyncResult asyncResult)
   於 System.Web.Mvc.Async.AsyncControllerActionInvoker.<>c__DisplayClass37.<>c__DisplayClass39.<BeginInvokeActionMethodWithFilters>b__33()
   於 System.Web.Mvc.Async.AsyncControllerActionInvoker.<>c__DisplayClass4f.<InvokeActionMethodFilterAsynchronously>b__49()
   於 System.Web.Mvc.Async.AsyncControllerActionInvoker.<>c__DisplayClass4f.<InvokeActionMethodFilterAsynchronously>b__49()
   於 System.Web.Mvc.Async.AsyncControllerActionInvoker.<>c__DisplayClass4f.<InvokeActionMethodFilterAsynchronously>b__49()
   於 System.Web.Mvc.Async.AsyncControllerActionInvoker.<>c__DisplayClass4f.<InvokeActionMethodFilterAsynchronously>b__49()
   於 System.Web.Mvc.Async.AsyncControllerActionInvoker.<>c__DisplayClass37.<BeginInvokeActionMethodWithFilters>b__36(IAsyncResult asyncResult)
   於 System.Web.Mvc.Async.AsyncResultWrapper.WrappedAsyncResult`1.End()
   於 System.Web.Mvc.Async.AsyncControllerActionInvoker.EndInvokeActionMethodWithFilters(IAsyncResult asyncResult)
   於 System.Web.Mvc.Async.AsyncControllerActionInvoker.<>c__DisplayClass25.<>c__DisplayClass2a.<BeginInvokeAction>b__20()
   於 System.Web.Mvc.Async.AsyncControllerActionInvoker.<>c__DisplayClass25.<BeginInvokeAction>b__22(IAsyncResult asyncResult)

2015/4/5 下午 03:00:30==> Errors Description:接近關鍵字 'case' 之處的語法不正確。Errors Location:   於 System.Data.SqlClient.SqlConnection.OnError(SqlException exception, Boolean breakConnection, Action`1 wrapCloseInAction)
   於 System.Data.SqlClient.SqlInternalConnection.OnError(SqlException exception, Boolean breakConnection, Action`1 wrapCloseInAction)
   於 System.Data.SqlClient.TdsParser.ThrowExceptionAndWarning(TdsParserStateObject stateObj, Boolean callerHasConnectionLock, Boolean asyncClose)
   於 System.Data.SqlClient.TdsParser.TryRun(RunBehavior runBehavior, SqlCommand cmdHandler, SqlDataReader dataStream, BulkCopySimpleResultSet bulkCopyHandler, TdsParserStateObject stateObj, Boolean& dataReady)
   於 System.Data.SqlClient.SqlDataReader.TryConsumeMetaData()
   於 System.Data.SqlClient.SqlDataReader.get_MetaData()
   於 System.Data.SqlClient.SqlCommand.FinishExecuteReader(SqlDataReader ds, RunBehavior runBehavior, String resetOptionsString)
   於 System.Data.SqlClient.SqlCommand.RunExecuteReaderTds(CommandBehavior cmdBehavior, RunBehavior runBehavior, Boolean returnStream, Boolean async, Int32 timeout, Task& task, Boolean asyncWrite)
   於 System.Data.SqlClient.SqlCommand.RunExecuteReader(CommandBehavior cmdBehavior, RunBehavior runBehavior, Boolean returnStream, String method, TaskCompletionSource`1 completion, Int32 timeout, Task& task, Boolean asyncWrite)
   於 System.Data.SqlClient.SqlCommand.RunExecuteReader(CommandBehavior cmdBehavior, RunBehavior runBehavior, Boolean returnStream, String method)
   於 System.Data.SqlClient.SqlCommand.ExecuteReader(CommandBehavior behavior, String method)
   於 System.Data.SqlClient.SqlCommand.ExecuteDbDataReader(CommandBehavior behavior)
   於 System.Data.Common.DbCommand.System.Data.IDbCommand.ExecuteReader(CommandBehavior behavior)
   於 System.Data.Common.DbDataAdapter.FillInternal(DataSet dataset, DataTable[] datatables, Int32 startRecord, Int32 maxRecords, String srcTable, IDbCommand command, CommandBehavior behavior)
   於 System.Data.Common.DbDataAdapter.Fill(DataSet dataSet, Int32 startRecord, Int32 maxRecords, String srcTable, IDbCommand command, CommandBehavior behavior)
   於 System.Data.Common.DbDataAdapter.Fill(DataSet dataSet)
   於 Microsoft.Practices.EnterpriseLibrary.Data.Database.DoLoadDataSet(IDbCommand command, DataSet dataSet, String[] tableNames)
   於 Microsoft.Practices.EnterpriseLibrary.Data.Database.LoadDataSet(DbCommand command, DataSet dataSet, String[] tableNames)
   於 Microsoft.Practices.EnterpriseLibrary.Data.Database.LoadDataSet(DbCommand command, DataSet dataSet, String tableName)
   於 Microsoft.Practices.EnterpriseLibrary.Data.Database.ExecuteDataSet(DbCommand command)
   於 ePortal.Data.Infrastructure.RepositoryBase`1.Execproc[TElement](String ProcName, Object[] parameters) 於 e:\ePortal\ePortal.Data\Infrastructure\RepositoryBase.cs: 行 202
   於 ePortal.Web.Controllers.AttendanceController.Audit(Nullable`1 ResultId, Nullable`1 StartDate, Nullable`1 EndDate, String factory, String department, String empno, String employes, String emptype, String control, String anomalous, String Chidao, String Zaotui, String Kuanggong, String Qingjia, String Jingchu, String Chejian) 於 e:\ePortal\ePortal.Web\Controllers\AttendanceController.cs: 行 220
   於 lambda_method(Closure , ControllerBase , Object[] )
   於 System.Web.Mvc.ActionMethodDispatcher.Execute(ControllerBase controller, Object[] parameters)
   於 System.Web.Mvc.ReflectedActionDescriptor.Execute(ControllerContext controllerContext, IDictionary`2 parameters)
   於 System.Web.Mvc.ControllerActionInvoker.InvokeActionMethod(ControllerContext controllerContext, ActionDescriptor actionDescriptor, IDictionary`2 parameters)
   於 System.Web.Mvc.Async.AsyncControllerActionInvoker.<>c__DisplayClass42.<BeginInvokeSynchronousActionMethod>b__41()
   於 System.Web.Mvc.Async.AsyncResultWrapper.<>c__DisplayClass8`1.<BeginSynchronous>b__7(IAsyncResult _)
   於 System.Web.Mvc.Async.AsyncResultWrapper.WrappedAsyncResult`1.End()
   於 System.Web.Mvc.Async.AsyncControllerActionInvoker.EndInvokeActionMethod(IAsyncResult asyncResult)
   於 System.Web.Mvc.Async.AsyncControllerActionInvoker.<>c__DisplayClass37.<>c__DisplayClass39.<BeginInvokeActionMethodWithFilters>b__33()
   於 System.Web.Mvc.Async.AsyncControllerActionInvoker.<>c__DisplayClass4f.<InvokeActionMethodFilterAsynchronously>b__49()
   於 System.Web.Mvc.Async.AsyncControllerActionInvoker.<>c__DisplayClass4f.<InvokeActionMethodFilterAsynchronously>b__49()
   於 System.Web.Mvc.Async.AsyncControllerActionInvoker.<>c__DisplayClass4f.<InvokeActionMethodFilterAsynchronously>b__49()
   於 System.Web.Mvc.Async.AsyncControllerActionInvoker.<>c__DisplayClass4f.<InvokeActionMethodFilterAsynchronously>b__49()
   於 System.Web.Mvc.Async.AsyncControllerActionInvoker.<>c__DisplayClass37.<BeginInvokeActionMethodWithFilters>b__36(IAsyncResult asyncResult)
   於 System.Web.Mvc.Async.AsyncResultWrapper.WrappedAsyncResult`1.End()
   於 System.Web.Mvc.Async.AsyncControllerActionInvoker.EndInvokeActionMethodWithFilters(IAsyncResult asyncResult)
   於 System.Web.Mvc.Async.AsyncControllerActionInvoker.<>c__DisplayClass25.<>c__DisplayClass2a.<BeginInvokeAction>b__20()
   於 System.Web.Mvc.Async.AsyncControllerActionInvoker.<>c__DisplayClass25.<BeginInvokeAction>b__22(IAsyncResult asyncResult)

2015/4/5 下午 03:03:01==> Errors Description:接近關鍵字 'case' 之處的語法不正確。Errors Location:   於 System.Data.SqlClient.SqlConnection.OnError(SqlException exception, Boolean breakConnection, Action`1 wrapCloseInAction)
   於 System.Data.SqlClient.SqlInternalConnection.OnError(SqlException exception, Boolean breakConnection, Action`1 wrapCloseInAction)
   於 System.Data.SqlClient.TdsParser.ThrowExceptionAndWarning(TdsParserStateObject stateObj, Boolean callerHasConnectionLock, Boolean asyncClose)
   於 System.Data.SqlClient.TdsParser.TryRun(RunBehavior runBehavior, SqlCommand cmdHandler, SqlDataReader dataStream, BulkCopySimpleResultSet bulkCopyHandler, TdsParserStateObject stateObj, Boolean& dataReady)
   於 System.Data.SqlClient.SqlDataReader.TryConsumeMetaData()
   於 System.Data.SqlClient.SqlDataReader.get_MetaData()
   於 System.Data.SqlClient.SqlCommand.FinishExecuteReader(SqlDataReader ds, RunBehavior runBehavior, String resetOptionsString)
   於 System.Data.SqlClient.SqlCommand.RunExecuteReaderTds(CommandBehavior cmdBehavior, RunBehavior runBehavior, Boolean returnStream, Boolean async, Int32 timeout, Task& task, Boolean asyncWrite)
   於 System.Data.SqlClient.SqlCommand.RunExecuteReader(CommandBehavior cmdBehavior, RunBehavior runBehavior, Boolean returnStream, String method, TaskCompletionSource`1 completion, Int32 timeout, Task& task, Boolean asyncWrite)
   於 System.Data.SqlClient.SqlCommand.RunExecuteReader(CommandBehavior cmdBehavior, RunBehavior runBehavior, Boolean returnStream, String method)
   於 System.Data.SqlClient.SqlCommand.ExecuteReader(CommandBehavior behavior, String method)
   於 System.Data.SqlClient.SqlCommand.ExecuteDbDataReader(CommandBehavior behavior)
   於 System.Data.Common.DbCommand.System.Data.IDbCommand.ExecuteReader(CommandBehavior behavior)
   於 System.Data.Common.DbDataAdapter.FillInternal(DataSet dataset, DataTable[] datatables, Int32 startRecord, Int32 maxRecords, String srcTable, IDbCommand command, CommandBehavior behavior)
   於 System.Data.Common.DbDataAdapter.Fill(DataSet dataSet, Int32 startRecord, Int32 maxRecords, String srcTable, IDbCommand command, CommandBehavior behavior)
   於 System.Data.Common.DbDataAdapter.Fill(DataSet dataSet)
   於 Microsoft.Practices.EnterpriseLibrary.Data.Database.DoLoadDataSet(IDbCommand command, DataSet dataSet, String[] tableNames)
   於 Microsoft.Practices.EnterpriseLibrary.Data.Database.LoadDataSet(DbCommand command, DataSet dataSet, String[] tableNames)
   於 Microsoft.Practices.EnterpriseLibrary.Data.Database.LoadDataSet(DbCommand command, DataSet dataSet, String tableName)
   於 Microsoft.Practices.EnterpriseLibrary.Data.Database.ExecuteDataSet(DbCommand command)
   於 ePortal.Data.Infrastructure.RepositoryBase`1.Execproc[TElement](String ProcName, Object[] parameters) 於 e:\ePortal\ePortal.Data\Infrastructure\RepositoryBase.cs: 行 202
   於 ePortal.Web.Controllers.AttendanceController.Audit(Nullable`1 ResultId, Nullable`1 StartDate, Nullable`1 EndDate, String factory, String department, String empno, String employes, String emptype, String control, String anomalous, String Chidao, String Zaotui, String Kuanggong, String Qingjia, String Jingchu, String Chejian) 於 e:\ePortal\ePortal.Web\Controllers\AttendanceController.cs: 行 220
   於 lambda_method(Closure , ControllerBase , Object[] )
   於 System.Web.Mvc.ActionMethodDispatcher.Execute(ControllerBase controller, Object[] parameters)
   於 System.Web.Mvc.ReflectedActionDescriptor.Execute(ControllerContext controllerContext, IDictionary`2 parameters)
   於 System.Web.Mvc.ControllerActionInvoker.InvokeActionMethod(ControllerContext controllerContext, ActionDescriptor actionDescriptor, IDictionary`2 parameters)
   於 System.Web.Mvc.Async.AsyncControllerActionInvoker.<>c__DisplayClass42.<BeginInvokeSynchronousActionMethod>b__41()
   於 System.Web.Mvc.Async.AsyncResultWrapper.<>c__DisplayClass8`1.<BeginSynchronous>b__7(IAsyncResult _)
   於 System.Web.Mvc.Async.AsyncResultWrapper.WrappedAsyncResult`1.End()
   於 System.Web.Mvc.Async.AsyncControllerActionInvoker.EndInvokeActionMethod(IAsyncResult asyncResult)
   於 System.Web.Mvc.Async.AsyncControllerActionInvoker.<>c__DisplayClass37.<>c__DisplayClass39.<BeginInvokeActionMethodWithFilters>b__33()
   於 System.Web.Mvc.Async.AsyncControllerActionInvoker.<>c__DisplayClass4f.<InvokeActionMethodFilterAsynchronously>b__49()
   於 System.Web.Mvc.Async.AsyncControllerActionInvoker.<>c__DisplayClass4f.<InvokeActionMethodFilterAsynchronously>b__49()
   於 System.Web.Mvc.Async.AsyncControllerActionInvoker.<>c__DisplayClass4f.<InvokeActionMethodFilterAsynchronously>b__49()
   於 System.Web.Mvc.Async.AsyncControllerActionInvoker.<>c__DisplayClass4f.<InvokeActionMethodFilterAsynchronously>b__49()
   於 System.Web.Mvc.Async.AsyncControllerActionInvoker.<>c__DisplayClass37.<BeginInvokeActionMethodWithFilters>b__36(IAsyncResult asyncResult)
   於 System.Web.Mvc.Async.AsyncResultWrapper.WrappedAsyncResult`1.End()
   於 System.Web.Mvc.Async.AsyncControllerActionInvoker.EndInvokeActionMethodWithFilters(IAsyncResult asyncResult)
   於 System.Web.Mvc.Async.AsyncControllerActionInvoker.<>c__DisplayClass25.<>c__DisplayClass2a.<BeginInvokeAction>b__20()
   於 System.Web.Mvc.Async.AsyncControllerActionInvoker.<>c__DisplayClass25.<BeginInvokeAction>b__22(IAsyncResult asyncResult)

2015/4/5 下午 03:03:12==> Errors Description:接近關鍵字 'case' 之處的語法不正確。Errors Location:   於 System.Data.SqlClient.SqlConnection.OnError(SqlException exception, Boolean breakConnection, Action`1 wrapCloseInAction)
   於 System.Data.SqlClient.SqlInternalConnection.OnError(SqlException exception, Boolean breakConnection, Action`1 wrapCloseInAction)
   於 System.Data.SqlClient.TdsParser.ThrowExceptionAndWarning(TdsParserStateObject stateObj, Boolean callerHasConnectionLock, Boolean asyncClose)
   於 System.Data.SqlClient.TdsParser.TryRun(RunBehavior runBehavior, SqlCommand cmdHandler, SqlDataReader dataStream, BulkCopySimpleResultSet bulkCopyHandler, TdsParserStateObject stateObj, Boolean& dataReady)
   於 System.Data.SqlClient.SqlDataReader.TryConsumeMetaData()
   於 System.Data.SqlClient.SqlDataReader.get_MetaData()
   於 System.Data.SqlClient.SqlCommand.FinishExecuteReader(SqlDataReader ds, RunBehavior runBehavior, String resetOptionsString)
   於 System.Data.SqlClient.SqlCommand.RunExecuteReaderTds(CommandBehavior cmdBehavior, RunBehavior runBehavior, Boolean returnStream, Boolean async, Int32 timeout, Task& task, Boolean asyncWrite)
   於 System.Data.SqlClient.SqlCommand.RunExecuteReader(CommandBehavior cmdBehavior, RunBehavior runBehavior, Boolean returnStream, String method, TaskCompletionSource`1 completion, Int32 timeout, Task& task, Boolean asyncWrite)
   於 System.Data.SqlClient.SqlCommand.RunExecuteReader(CommandBehavior cmdBehavior, RunBehavior runBehavior, Boolean returnStream, String method)
   於 System.Data.SqlClient.SqlCommand.ExecuteReader(CommandBehavior behavior, String method)
   於 System.Data.SqlClient.SqlCommand.ExecuteDbDataReader(CommandBehavior behavior)
   於 System.Data.Common.DbCommand.System.Data.IDbCommand.ExecuteReader(CommandBehavior behavior)
   於 System.Data.Common.DbDataAdapter.FillInternal(DataSet dataset, DataTable[] datatables, Int32 startRecord, Int32 maxRecords, String srcTable, IDbCommand command, CommandBehavior behavior)
   於 System.Data.Common.DbDataAdapter.Fill(DataSet dataSet, Int32 startRecord, Int32 maxRecords, String srcTable, IDbCommand command, CommandBehavior behavior)
   於 System.Data.Common.DbDataAdapter.Fill(DataSet dataSet)
   於 Microsoft.Practices.EnterpriseLibrary.Data.Database.DoLoadDataSet(IDbCommand command, DataSet dataSet, String[] tableNames)
   於 Microsoft.Practices.EnterpriseLibrary.Data.Database.LoadDataSet(DbCommand command, DataSet dataSet, String[] tableNames)
   於 Microsoft.Practices.EnterpriseLibrary.Data.Database.LoadDataSet(DbCommand command, DataSet dataSet, String tableName)
   於 Microsoft.Practices.EnterpriseLibrary.Data.Database.ExecuteDataSet(DbCommand command)
   於 ePortal.Data.Infrastructure.RepositoryBase`1.Execproc[TElement](String ProcName, Object[] parameters) 於 e:\ePortal\ePortal.Data\Infrastructure\RepositoryBase.cs: 行 202
   於 ePortal.Web.Controllers.AttendanceController.Audit(Nullable`1 ResultId, Nullable`1 StartDate, Nullable`1 EndDate, String factory, String department, String empno, String employes, String emptype, String control, String anomalous, String Chidao, String Zaotui, String Kuanggong, String Qingjia, String Jingchu, String Chejian) 於 e:\ePortal\ePortal.Web\Controllers\AttendanceController.cs: 行 220
   於 lambda_method(Closure , ControllerBase , Object[] )
   於 System.Web.Mvc.ActionMethodDispatcher.Execute(ControllerBase controller, Object[] parameters)
   於 System.Web.Mvc.ReflectedActionDescriptor.Execute(ControllerContext controllerContext, IDictionary`2 parameters)
   於 System.Web.Mvc.ControllerActionInvoker.InvokeActionMethod(ControllerContext controllerContext, ActionDescriptor actionDescriptor, IDictionary`2 parameters)
   於 System.Web.Mvc.Async.AsyncControllerActionInvoker.<>c__DisplayClass42.<BeginInvokeSynchronousActionMethod>b__41()
   於 System.Web.Mvc.Async.AsyncResultWrapper.<>c__DisplayClass8`1.<BeginSynchronous>b__7(IAsyncResult _)
   於 System.Web.Mvc.Async.AsyncResultWrapper.WrappedAsyncResult`1.End()
   於 System.Web.Mvc.Async.AsyncControllerActionInvoker.EndInvokeActionMethod(IAsyncResult asyncResult)
   於 System.Web.Mvc.Async.AsyncControllerActionInvoker.<>c__DisplayClass37.<>c__DisplayClass39.<BeginInvokeActionMethodWithFilters>b__33()
   於 System.Web.Mvc.Async.AsyncControllerActionInvoker.<>c__DisplayClass4f.<InvokeActionMethodFilterAsynchronously>b__49()
   於 System.Web.Mvc.Async.AsyncControllerActionInvoker.<>c__DisplayClass4f.<InvokeActionMethodFilterAsynchronously>b__49()
   於 System.Web.Mvc.Async.AsyncControllerActionInvoker.<>c__DisplayClass4f.<InvokeActionMethodFilterAsynchronously>b__49()
   於 System.Web.Mvc.Async.AsyncControllerActionInvoker.<>c__DisplayClass4f.<InvokeActionMethodFilterAsynchronously>b__49()
   於 System.Web.Mvc.Async.AsyncControllerActionInvoker.<>c__DisplayClass37.<BeginInvokeActionMethodWithFilters>b__36(IAsyncResult asyncResult)
   於 System.Web.Mvc.Async.AsyncResultWrapper.WrappedAsyncResult`1.End()
   於 System.Web.Mvc.Async.AsyncControllerActionInvoker.EndInvokeActionMethodWithFilters(IAsyncResult asyncResult)
   於 System.Web.Mvc.Async.AsyncControllerActionInvoker.<>c__DisplayClass25.<>c__DisplayClass2a.<BeginInvokeAction>b__20()
   於 System.Web.Mvc.Async.AsyncControllerActionInvoker.<>c__DisplayClass25.<BeginInvokeAction>b__22(IAsyncResult asyncResult)

2015/4/5 下午 03:26:43::2015-04-05 15:26:43:Application End!

2015/4/5 下午 03:26:45::2015-04-05 15:26:45:Application Start!

2015/4/5 下午 03:47:45::2015-04-05 15:47:45:Application End!

2015/4/5 下午 03:47:47::2015-04-05 15:47:47:Application Start!

2015/4/5 下午 04:08:47::2015-04-05 16:08:47:Application End!

2015/4/5 下午 04:08:49::2015-04-05 16:08:49:Application Start!

2015/4/5 下午 04:29:50::2015-04-05 16:29:50:Application End!

2015/4/5 下午 04:29:51::2015-04-05 16:29:51:Application Start!

2015/4/5 下午 04:50:52::2015-04-05 16:50:52:Application End!

2015/4/5 下午 04:50:54::2015-04-05 16:50:54:Application Start!

2015/4/5 下午 05:11:54::2015-04-05 17:11:54:Application End!

2015/4/5 下午 05:11:56::2015-04-05 17:11:56:Application Start!

2015/4/5 下午 05:32:56::2015-04-05 17:32:56:Application End!

2015/4/5 下午 05:32:58::2015-04-05 17:32:58:Application Start!

2015/4/5 下午 05:53:58::2015-04-05 17:53:58:Application End!

2015/4/5 下午 05:54:00::2015-04-05 17:54:00:Application Start!

2015/4/5 下午 06:15:01::2015-04-05 18:15:01:Application End!

2015/4/5 下午 06:15:02::2015-04-05 18:15:02:Application Start!

2015/4/5 下午 06:36:03::2015-04-05 18:36:03:Application End!

2015/4/5 下午 06:36:04::2015-04-05 18:36:04:Application Start!

2015/4/5 下午 06:57:05::2015-04-05 18:57:05:Application End!

2015/4/5 下午 06:57:07::2015-04-05 18:57:07:Application Start!

2015/4/5 下午 07:18:07::2015-04-05 19:18:07:Application End!

2015/4/5 下午 07:18:09::2015-04-05 19:18:09:Application Start!

2015/4/5 下午 07:39:09::2015-04-05 19:39:09:Application End!

2015/4/5 下午 07:39:11::2015-04-05 19:39:11:Application Start!

2015/4/5 下午 08:00:11::2015-04-05 20:00:11:Application End!

2015/4/5 下午 08:00:13::2015-04-05 20:00:13:Application Start!

2015/4/5 下午 08:21:14::2015-04-05 20:21:14:Application End!

2015/4/5 下午 08:21:15::2015-04-05 20:21:15:Application Start!

2015/4/5 下午 08:42:16::2015-04-05 20:42:16:Application End!

2015/4/5 下午 08:42:18::2015-04-05 20:42:18:Application Start!

2015/4/5 下午 09:03:18::2015-04-05 21:03:18:Application End!

2015/4/5 下午 09:03:20::2015-04-05 21:03:20:Application Start!

2015/4/5 下午 09:24:20::2015-04-05 21:24:20:Application End!

2015/4/5 下午 09:24:22::2015-04-05 21:24:22:Application Start!

2015/4/5 下午 10:00:22::2015-04-05 22:00:22:Application End!

2015/4/5 下午 10:00:24::2015-04-05 22:00:24:Application Start!

2015/4/5 下午 10:21:23::2015-04-05 22:21:23:Application End!

2015/4/5 下午 10:21:25::2015-04-05 22:21:25:Application Start!

2015/4/5 下午 10:42:25::2015-04-05 22:42:25:Application End!

2015/4/5 下午 10:42:27::2015-04-05 22:42:27:Application Start!

2015/4/5 下午 11:03:27::2015-04-05 23:03:27:Application End!

2015/4/5 下午 11:03:29::2015-04-05 23:03:29:Application Start!

2015/4/5 下午 11:24:29::2015-04-05 23:24:29:Application End!

2015/4/5 下午 11:24:31::2015-04-05 23:24:31:Application Start!

2015/4/5 下午 11:45:31::2015-04-05 23:45:31:Application End!

2015/4/5 下午 11:45:33::2015-04-05 23:45:33:Application Start!

