2015/3/25 上午 12:08:46::2015-03-25 00:08:46:Application End!

2015/3/25 上午 12:08:48::2015-03-25 00:08:48:Application Start!

2015/3/25 上午 12:29:48::2015-03-25 00:29:48:Application End!

2015/3/25 上午 12:29:50::2015-03-25 00:29:50:Application Start!

2015/3/25 上午 12:50:50::2015-03-25 00:50:50:Application End!

2015/3/25 上午 12:50:52::2015-03-25 00:50:52:Application Start!

2015/3/25 上午 01:11:52::2015-03-25 01:11:52:Application End!

2015/3/25 上午 01:11:54::2015-03-25 01:11:54:Application Start!

2015/3/25 上午 01:32:54::2015-03-25 01:32:54:Application End!

2015/3/25 上午 01:32:56::2015-03-25 01:32:56:Application Start!

2015/3/25 上午 01:53:56::2015-03-25 01:53:56:Application End!

2015/3/25 上午 01:53:58::2015-03-25 01:53:58:Application Start!

2015/3/25 上午 02:14:58::2015-03-25 02:14:58:Application End!

2015/3/25 上午 02:15:00::2015-03-25 02:15:00:Application Start!

2015/3/25 上午 02:36:00::2015-03-25 02:36:00:Application End!

2015/3/25 上午 02:36:02::2015-03-25 02:36:02:Application Start!

2015/3/25 上午 02:57:02::2015-03-25 02:57:02:Application End!

2015/3/25 上午 02:57:04::2015-03-25 02:57:04:Application Start!

2015/3/25 上午 03:18:04::2015-03-25 03:18:04:Application End!

2015/3/25 上午 03:18:06::2015-03-25 03:18:06:Application Start!

2015/3/25 上午 03:39:06::2015-03-25 03:39:06:Application End!

2015/3/25 上午 03:39:08::2015-03-25 03:39:08:Application Start!

2015/3/25 上午 04:00:09::2015-03-25 04:00:09:Application End!

2015/3/25 上午 04:00:11::2015-03-25 04:00:11:Application Start!

2015/3/25 上午 04:21:12::2015-03-25 04:21:12:Application End!

2015/3/25 上午 04:21:14::2015-03-25 04:21:14:Application Start!

2015/3/25 上午 04:42:14::2015-03-25 04:42:14:Application End!

2015/3/25 上午 04:42:16::2015-03-25 04:42:16:Application Start!

2015/3/25 上午 05:03:16::2015-03-25 05:03:16:Application End!

2015/3/25 上午 05:03:18::2015-03-25 05:03:18:Application Start!

2015/3/25 上午 05:24:19::2015-03-25 05:24:19:Application End!

2015/3/25 上午 05:24:22::2015-03-25 05:24:22:Application Start!

2015/3/25 上午 05:45:21::2015-03-25 05:45:21:Application End!

2015/3/25 上午 05:45:23::2015-03-25 05:45:23:Application Start!

2015/3/25 上午 06:06:23::2015-03-25 06:06:23:Application End!

2015/3/25 上午 06:06:25::2015-03-25 06:06:25:Application Start!

2015/3/25 上午 06:27:25::2015-03-25 06:27:25:Application End!

2015/3/25 上午 06:27:27::2015-03-25 06:27:27:Application Start!

2015/3/25 上午 06:48:28::2015-03-25 06:48:28:Application End!

2015/3/25 上午 06:48:29::2015-03-25 06:48:29:Application Start!

2015/3/25 上午 07:09:30::2015-03-25 07:09:30:Application End!

2015/3/25 上午 07:09:32::2015-03-25 07:09:32:Application Start!

2015/3/25 上午 07:30:32::2015-03-25 07:30:32:Application End!

2015/3/25 上午 07:30:34::2015-03-25 07:30:34:Application Start!

2015/3/25 上午 07:51:34::2015-03-25 07:51:34:Application End!

2015/3/25 上午 07:51:36::2015-03-25 07:51:36:Application Start!

2015/3/25 上午 08:12:36::2015-03-25 08:12:36:Application End!

2015/3/25 上午 08:12:38::2015-03-25 08:12:38:Application Start!

2015/3/25 上午 08:33:38::2015-03-25 08:33:38:Application End!

2015/3/25 上午 08:33:40::2015-03-25 08:33:40:Application Start!

2015/3/25 上午 08:54:41::2015-03-25 08:54:41:Application End!

2015/3/25 上午 08:54:42::2015-03-25 08:54:42:Application Start!

2015/3/25 上午 09:15:43::2015-03-25 09:15:43:Application End!

2015/3/25 上午 09:15:45::2015-03-25 09:15:45:Application Start!

2015/3/25 上午 09:36:45::2015-03-25 09:36:45:Application End!

2015/3/25 上午 09:36:47::2015-03-25 09:36:47:Application Start!

2015/3/25 上午 09:57:47::2015-03-25 09:57:47:Application End!

2015/3/25 上午 09:57:49::2015-03-25 09:57:49:Application Start!

2015/3/25 上午 10:18:49::2015-03-25 10:18:49:Application End!

2015/3/25 上午 10:18:51::2015-03-25 10:18:51:Application Start!

2015/3/25 上午 10:20:00::2015-03-25 10:20:00:AutoTask is Working!

2015/3/25 下午 01:03:57::自動執行計算門禁考勤異常報表:true

2015/3/25 下午 01:24:50::2015-03-25 13:24:50:Application End!

2015/3/25 下午 01:24:52::2015-03-25 13:24:52:Application Start!

2015/3/25 下午 01:45:52::2015-03-25 13:45:52:Application End!

2015/3/25 下午 01:45:54::2015-03-25 13:45:54:Application Start!

2015/3/25 下午 02:06:54::2015-03-25 14:06:54:Application End!

2015/3/25 下午 02:06:56::2015-03-25 14:06:56:Application Start!

2015/3/25 下午 02:27:56::2015-03-25 14:27:56:Application End!

2015/3/25 下午 02:27:59::2015-03-25 14:27:59:Application Start!

2015/3/25 下午 02:48:58::2015-03-25 14:48:58:Application End!

2015/3/25 下午 02:49:00::2015-03-25 14:49:00:Application Start!

2015/3/25 下午 03:10:00::2015-03-25 15:10:00:Application End!

2015/3/25 下午 03:10:02::2015-03-25 15:10:02:Application Start!

2015/3/25 下午 03:31:02::2015-03-25 15:31:02:Application End!

2015/3/25 下午 03:31:04::2015-03-25 15:31:04:Application Start!

2015/3/25 下午 03:52:04::2015-03-25 15:52:04:Application End!

2015/3/25 下午 03:52:06::2015-03-25 15:52:06:Application Start!

2015/3/25 下午 04:13:07::2015-03-25 16:13:07:Application End!

2015/3/25 下午 04:13:08::2015-03-25 16:13:08:Application Start!

2015/3/25 下午 04:34:09::2015-03-25 16:34:09:Application End!

2015/3/25 下午 04:34:10::2015-03-25 16:34:10:Application Start!

2015/3/25 下午 04:55:11::2015-03-25 16:55:11:Application End!

2015/3/25 下午 04:55:12::2015-03-25 16:55:12:Application Start!

2015/3/25 下午 05:16:13::2015-03-25 17:16:13:Application End!

2015/3/25 下午 05:16:14::2015-03-25 17:16:14:Application Start!

2015/3/25 下午 05:37:15::2015-03-25 17:37:15:Application End!

2015/3/25 下午 05:37:16::2015-03-25 17:37:16:Application Start!

2015/3/25 下午 05:59:17::2015-03-25 17:59:17:Application End!

2015/3/25 下午 05:59:19::2015-03-25 17:59:19:Application Start!

2015/3/25 下午 06:20:19::2015-03-25 18:20:19:Application End!

2015/3/25 下午 06:20:21::2015-03-25 18:20:21:Application Start!

2015/3/25 下午 06:41:21::2015-03-25 18:41:21:Application End!

2015/3/25 下午 06:41:23::2015-03-25 18:41:23:Application Start!

2015/3/25 下午 07:02:23::2015-03-25 19:02:23:Application End!

2015/3/25 下午 07:02:25::2015-03-25 19:02:25:Application Start!

2015/3/25 下午 07:23:25::2015-03-25 19:23:25:Application End!

2015/3/25 下午 07:23:27::2015-03-25 19:23:27:Application Start!

2015/3/25 下午 07:44:27::2015-03-25 19:44:27:Application End!

2015/3/25 下午 07:44:29::2015-03-25 19:44:29:Application Start!

2015/3/25 下午 08:06:29::2015-03-25 20:06:29:Application End!

2015/3/25 下午 08:06:31::2015-03-25 20:06:31:Application Start!

2015/3/25 下午 08:27:31::2015-03-25 20:27:31:Application End!

2015/3/25 下午 08:27:33::2015-03-25 20:27:33:Application Start!

2015/3/25 下午 08:48:33::2015-03-25 20:48:33:Application End!

2015/3/25 下午 08:48:35::2015-03-25 20:48:35:Application Start!

2015/3/25 下午 09:09:35::2015-03-25 21:09:35:Application End!

2015/3/25 下午 09:09:37::2015-03-25 21:09:37:Application Start!

2015/3/25 下午 09:30:37::2015-03-25 21:30:37:Application End!

2015/3/25 下午 09:30:39::2015-03-25 21:30:39:Application Start!

2015/3/25 下午 09:55:39::2015-03-25 21:55:39:Application End!

2015/3/25 下午 09:55:41::2015-03-25 21:55:41:Application Start!

2015/3/25 下午 10:16:43::2015-03-25 22:16:43:Application End!

2015/3/25 下午 10:16:45::2015-03-25 22:16:45:Application Start!

2015/3/25 下午 10:37:45::2015-03-25 22:37:45:Application End!

2015/3/25 下午 10:37:47::2015-03-25 22:37:47:Application Start!

2015/3/25 下午 10:58:48::2015-03-25 22:58:47:Application End!

2015/3/25 下午 10:58:49::2015-03-25 22:58:49:Application Start!

2015/3/25 下午 11:19:50::2015-03-25 23:19:50:Application End!

2015/3/25 下午 11:19:58::2015-03-25 23:19:58:Application Start!

2015/3/25 下午 11:40:54::2015-03-25 23:40:54:Application End!

2015/3/25 下午 11:40:56::2015-03-25 23:40:56:Application Start!

