2015/4/20 上午 12:13:10::2015-04-20 00:13:10:Application End!

2015/4/20 上午 12:13:11::2015-04-20 00:13:11:Application Start!

2015/4/20 上午 12:34:12::2015-04-20 00:34:12:Application End!

2015/4/20 上午 12:34:13::2015-04-20 00:34:13:Application Start!

2015/4/20 上午 12:55:14::2015-04-20 00:55:14:Application End!

2015/4/20 上午 12:55:16::2015-04-20 00:55:16:Application Start!

2015/4/20 上午 01:16:15::2015-04-20 01:16:15:Application End!

2015/4/20 上午 01:16:17::2015-04-20 01:16:17:Application Start!

2015/4/20 上午 01:37:17::2015-04-20 01:37:17:Application End!

2015/4/20 上午 01:37:19::2015-04-20 01:37:19:Application Start!

2015/4/20 上午 01:58:20::2015-04-20 01:58:19:Application End!

2015/4/20 上午 01:58:28::2015-04-20 01:58:28:Application Start!

2015/4/20 上午 02:19:23::2015-04-20 02:19:23:Application End!

2015/4/20 上午 02:19:25::2015-04-20 02:19:25:Application Start!

2015/4/20 上午 02:40:25::2015-04-20 02:40:25:Application End!

2015/4/20 上午 02:40:27::2015-04-20 02:40:27:Application Start!

2015/4/20 上午 03:11:27::2015-04-20 03:11:27:Application End!

2015/4/20 上午 03:11:29::2015-04-20 03:11:29:Application Start!

2015/4/20 上午 03:32:30::2015-04-20 03:32:30:Application End!

2015/4/20 上午 03:32:31::2015-04-20 03:32:31:Application Start!

2015/4/20 上午 03:53:32::2015-04-20 03:53:32:Application End!

2015/4/20 上午 03:53:34::2015-04-20 03:53:34:Application Start!

2015/4/20 上午 04:14:34::2015-04-20 04:14:34:Application End!

2015/4/20 上午 04:14:36::2015-04-20 04:14:36:Application Start!

2015/4/20 上午 04:35:36::2015-04-20 04:35:36:Application End!

2015/4/20 上午 04:35:38::2015-04-20 04:35:38:Application Start!

2015/4/20 上午 04:56:38::2015-04-20 04:56:38:Application End!

2015/4/20 上午 04:56:40::2015-04-20 04:56:40:Application Start!

2015/4/20 上午 05:17:40::2015-04-20 05:17:40:Application End!

2015/4/20 上午 05:17:42::2015-04-20 05:17:42:Application Start!

2015/4/20 上午 05:38:43::2015-04-20 05:38:43:Application End!

2015/4/20 上午 05:38:44::2015-04-20 05:38:44:Application Start!

2015/4/20 上午 05:59:45::2015-04-20 05:59:45:Application End!

2015/4/20 上午 05:59:46::2015-04-20 05:59:46:Application Start!

2015/4/20 上午 06:20:47::2015-04-20 06:20:47:Application End!

2015/4/20 上午 06:20:49::2015-04-20 06:20:49:Application Start!

2015/4/20 上午 06:41:49::2015-04-20 06:41:49:Application End!

2015/4/20 上午 06:41:51::2015-04-20 06:41:51:Application Start!

2015/4/20 上午 07:02:51::2015-04-20 07:02:51:Application End!

2015/4/20 上午 07:02:53::2015-04-20 07:02:53:Application Start!

2015/4/20 上午 07:23:53::2015-04-20 07:23:53:Application End!

2015/4/20 上午 07:23:55::2015-04-20 07:23:55:Application Start!

2015/4/20 上午 07:47:56::2015-04-20 07:47:56:Application End!

2015/4/20 上午 07:47:57::2015-04-20 07:47:57:Application Start!

2015/4/20 上午 08:08:56::2015-04-20 08:08:56:Application End!

2015/4/20 上午 08:08:58::2015-04-20 08:08:58:Application Start!

2015/4/20 上午 08:29:58::2015-04-20 08:29:58:Application End!

2015/4/20 上午 08:30:00::2015-04-20 08:30:00:Application Start!

2015/4/20 上午 08:56:01::2015-04-20 08:56:00:Application End!

2015/4/20 上午 08:56:04::2015-04-20 08:56:04:Application Start!

2015/4/20 上午 09:17:03::2015-04-20 09:17:03:Application End!

2015/4/20 上午 09:17:05::2015-04-20 09:17:05:Application Start!

2015/4/20 上午 09:38:05::2015-04-20 09:38:05:Application End!

2015/4/20 上午 09:38:07::2015-04-20 09:38:07:Application Start!

2015/4/20 上午 09:59:07::2015-04-20 09:59:07:Application End!

2015/4/20 上午 09:59:09::2015-04-20 09:59:09:Application Start!

2015/4/20 上午 10:20:00::2015-04-20 10:20:00:AutoTask is Working!

2015/4/20 下午 01:39:59==> Errors Description:作業逾時Errors Location:   於 System.Net.HttpWebRequest.GetResponse()
   於 ePortal.Web.Core.Job.AttendanceAnomalyJob.ExecuteJob() 於 e:\ePortal\ePortal.Web.Core\Job\AttendanceAnomalyJob.cs: 行 26

2015/4/20 下午 02:01:09::2015-04-20 14:01:09:Application End!

2015/4/20 下午 02:01:13::2015-04-20 14:01:13:Application Start!

2015/4/20 下午 02:22:11::2015-04-20 14:22:11:Application End!

2015/4/20 下午 02:22:13::2015-04-20 14:22:13:Application Start!

2015/4/20 下午 02:43:13::2015-04-20 14:43:13:Application End!

2015/4/20 下午 02:43:15::2015-04-20 14:43:15:Application Start!

2015/4/20 下午 03:04:15::2015-04-20 15:04:15:Application End!

2015/4/20 下午 03:04:18::2015-04-20 15:04:18:Application Start!

2015/4/20 下午 03:25:17::2015-04-20 15:25:17:Application End!

2015/4/20 下午 03:25:19::2015-04-20 15:25:19:Application Start!

2015/4/20 下午 03:46:19::2015-04-20 15:46:19:Application End!

2015/4/20 下午 03:46:21::2015-04-20 15:46:21:Application Start!

2015/4/20 下午 04:07:21::2015-04-20 16:07:21:Application End!

2015/4/20 下午 04:07:23::2015-04-20 16:07:23:Application Start!

2015/4/20 下午 04:28:23::2015-04-20 16:28:23:Application End!

2015/4/20 下午 04:28:25::2015-04-20 16:28:25:Application Start!

2015/4/20 下午 04:49:25::2015-04-20 16:49:25:Application End!

2015/4/20 下午 04:49:27::2015-04-20 16:49:27:Application Start!

2015/4/20 下午 05:10:29::2015-04-20 17:10:28:Application End!

2015/4/20 下午 05:10:30::2015-04-20 17:10:30:Application Start!

2015/4/20 下午 05:31:31::2015-04-20 17:31:31:Application End!

2015/4/20 下午 05:31:33::2015-04-20 17:31:33:Application Start!

2015/4/20 下午 05:54:33::2015-04-20 17:54:33:Application End!

2015/4/20 下午 05:54:35::2015-04-20 17:54:35:Application Start!

2015/4/20 下午 06:15:36::2015-04-20 18:15:36:Application End!

2015/4/20 下午 06:15:37::2015-04-20 18:15:37:Application Start!

2015/4/20 下午 06:36:38::2015-04-20 18:36:38:Application End!

2015/4/20 下午 06:36:39::2015-04-20 18:36:39:Application Start!

2015/4/20 下午 06:57:40::2015-04-20 18:57:40:Application End!

2015/4/20 下午 06:57:42::2015-04-20 18:57:42:Application Start!

2015/4/20 下午 07:18:42::2015-04-20 19:18:42:Application End!

2015/4/20 下午 07:18:44::2015-04-20 19:18:44:Application Start!

2015/4/20 下午 07:39:44::2015-04-20 19:39:44:Application End!

2015/4/20 下午 07:39:46::2015-04-20 19:39:46:Application Start!

2015/4/20 下午 08:00:46::2015-04-20 20:00:46:Application End!

2015/4/20 下午 08:00:48::2015-04-20 20:00:48:Application Start!

2015/4/20 下午 08:21:49::2015-04-20 20:21:49:Application End!

2015/4/20 下午 08:21:50::2015-04-20 20:21:50:Application Start!

2015/4/20 下午 08:42:51::2015-04-20 20:42:51:Application End!

2015/4/20 下午 08:42:52::2015-04-20 20:42:52:Application Start!

2015/4/20 下午 09:03:53::2015-04-20 21:03:53:Application End!

2015/4/20 下午 09:03:55::2015-04-20 21:03:55:Application Start!

2015/4/20 下午 09:24:55::2015-04-20 21:24:55:Application End!

2015/4/20 下午 09:24:57::2015-04-20 21:24:57:Application Start!

2015/4/20 下午 09:45:57::2015-04-20 21:45:57:Application End!

2015/4/20 下午 09:45:59::2015-04-20 21:45:59:Application Start!

2015/4/20 下午 10:06:59::2015-04-20 22:06:59:Application End!

2015/4/20 下午 10:07:01::2015-04-20 22:07:01:Application Start!

2015/4/20 下午 10:28:02::2015-04-20 22:28:01:Application End!

2015/4/20 下午 10:28:03::2015-04-20 22:28:03:Application Start!

2015/4/20 下午 10:49:04::2015-04-20 22:49:04:Application End!

2015/4/20 下午 10:49:05::2015-04-20 22:49:05:Application Start!

2015/4/20 下午 11:10:06::2015-04-20 23:10:06:Application End!

2015/4/20 下午 11:10:08::2015-04-20 23:10:08:Application Start!

2015/4/20 下午 11:31:08::2015-04-20 23:31:08:Application End!

2015/4/20 下午 11:31:10::2015-04-20 23:31:10:Application Start!

2015/4/20 下午 11:52:10::2015-04-20 23:52:10:Application End!

2015/4/20 下午 11:52:12::2015-04-20 23:52:12:Application Start!

