2015/2/9 上午 01:42:31::2015-02-09 01:42:31:Application End!

2015/2/9 上午 01:44:02::2015-02-09 01:44:02:Application Start!

2015/2/9 上午 03:44:02::2015-02-09 03:44:02:Application End!

2015/2/9 上午 03:45:33::2015-02-09 03:45:33:Application Start!

2015/2/9 上午 05:45:33::2015-02-09 05:45:33:Application End!

2015/2/9 上午 05:47:07::2015-02-09 05:47:07:Application Start!

2015/2/9 上午 07:47:04::2015-02-09 07:47:04:Application End!

2015/2/9 上午 07:48:35::2015-02-09 07:48:35:Application Start!

2015/2/9 上午 08:51:09==> Operate Description:用戶登錄, Operate Model:用戶管理, Operate creater:test Operate Type:登錄

2015/2/9 上午 08:59:13::2015-02-09 08:59:13:Application End!

2015/2/9 上午 09:27:03::2015-02-09 09:27:03:Application Start!

2015/2/9 上午 09:27:30==> Operate Description:用戶登錄, Operate Model:用戶管理, Operate creater:test Operate Type:登錄

2015/2/9 上午 09:32:19::2015-02-09 09:32:19:Application End!

2015/2/9 上午 09:33:34::2015-02-09 09:33:34:Application Start!

2015/2/9 上午 09:33:48==> Operate Description:用戶登錄, Operate Model:用戶管理, Operate creater:test Operate Type:登錄

2015/2/9 上午 10:05:03::2015-02-09 10:05:03:Application End!

2015/2/9 上午 10:05:07::2015-02-09 10:05:07:Application Start!

2015/2/9 上午 10:20:00::2015-02-09 10:20:00:AutoTask is Working!

2015/2/9 上午 11:29:59==> Operate Description:用戶登錄, Operate Model:用戶管理, Operate creater:test Operate Type:登錄

2015/2/9 上午 11:55:25::自動執行計算門禁考勤異常報表:true

2015/2/9 下午 12:16:06::2015-02-09 12:16:06:Application End!

2015/2/9 下午 12:16:07::2015-02-09 12:16:07:Application Start!

2015/2/9 下午 12:37:08::2015-02-09 12:37:08:Application End!

2015/2/9 下午 12:37:09::2015-02-09 12:37:09:Application Start!

2015/2/9 下午 12:58:10::2015-02-09 12:58:10:Application End!

2015/2/9 下午 12:58:12::2015-02-09 12:58:12:Application Start!

2015/2/9 下午 01:19:11::2015-02-09 13:19:11:Application End!

2015/2/9 下午 01:19:12::2015-02-09 13:19:12:Application Start!

2015/2/9 下午 01:40:12::2015-02-09 13:40:12:Application End!

2015/2/9 下午 01:40:14::2015-02-09 13:40:14:Application Start!

2015/2/9 下午 02:01:14::2015-02-09 14:01:14:Application End!

2015/2/9 下午 02:01:16::2015-02-09 14:01:16:Application Start!

2015/2/9 下午 02:22:17::2015-02-09 14:22:17:Application End!

2015/2/9 下午 02:22:18::2015-02-09 14:22:18:Application Start!

2015/2/9 下午 02:43:19::2015-02-09 14:43:19:Application End!

2015/2/9 下午 02:43:20::2015-02-09 14:43:20:Application Start!

2015/2/9 下午 03:04:21::2015-02-09 15:04:21:Application End!

2015/2/9 下午 03:04:22::2015-02-09 15:04:22:Application Start!

2015/2/9 下午 03:25:23::2015-02-09 15:25:23:Application End!

2015/2/9 下午 03:25:24::2015-02-09 15:25:24:Application Start!

2015/2/9 下午 03:46:25::2015-02-09 15:46:25:Application End!

2015/2/9 下午 03:46:26::2015-02-09 15:46:26:Application Start!

2015/2/9 下午 04:07:27::2015-02-09 16:07:27:Application End!

2015/2/9 下午 04:07:29::2015-02-09 16:07:29:Application Start!

2015/2/9 下午 04:28:29::2015-02-09 16:28:29:Application End!

2015/2/9 下午 04:28:31::2015-02-09 16:28:31:Application Start!

2015/2/9 下午 04:49:31::2015-02-09 16:49:31:Application End!

2015/2/9 下午 04:49:33::2015-02-09 16:49:33:Application Start!

2015/2/9 下午 05:10:33::2015-02-09 17:10:33:Application End!

2015/2/9 下午 05:10:35::2015-02-09 17:10:35:Application Start!

2015/2/9 下午 05:31:35::2015-02-09 17:31:35:Application End!

2015/2/9 下午 05:31:37::2015-02-09 17:31:37:Application Start!

2015/2/9 下午 05:52:37::2015-02-09 17:52:37:Application End!

2015/2/9 下午 05:52:40::2015-02-09 17:52:40:Application Start!

2015/2/9 下午 06:13:39::2015-02-09 18:13:39:Application End!

2015/2/9 下午 06:13:41::2015-02-09 18:13:41:Application Start!

2015/2/9 下午 06:34:41::2015-02-09 18:34:41:Application End!

2015/2/9 下午 06:34:43::2015-02-09 18:34:43:Application Start!

2015/2/9 下午 06:55:43::2015-02-09 18:55:43:Application End!

2015/2/9 下午 06:55:45::2015-02-09 18:55:45:Application Start!

2015/2/9 下午 07:16:45::2015-02-09 19:16:45:Application End!

2015/2/9 下午 07:16:47::2015-02-09 19:16:47:Application Start!

2015/2/9 下午 07:37:47::2015-02-09 19:37:47:Application End!

2015/2/9 下午 07:37:49::2015-02-09 19:37:49:Application Start!

2015/2/9 下午 07:58:49::2015-02-09 19:58:49:Application End!

2015/2/9 下午 07:58:51::2015-02-09 19:58:51:Application Start!

2015/2/9 下午 08:19:51::2015-02-09 20:19:51:Application End!

2015/2/9 下午 08:19:53::2015-02-09 20:19:53:Application Start!

2015/2/9 下午 08:40:53::2015-02-09 20:40:53:Application End!

2015/2/9 下午 08:40:55::2015-02-09 20:40:55:Application Start!

2015/2/9 下午 09:01:56::2015-02-09 21:01:56:Application End!

2015/2/9 下午 09:01:57::2015-02-09 21:01:57:Application Start!

2015/2/9 下午 09:22:58::2015-02-09 21:22:58:Application End!

2015/2/9 下午 09:22:59::2015-02-09 21:22:59:Application Start!

2015/2/9 下午 09:44:00::2015-02-09 21:44:00:Application End!

2015/2/9 下午 09:44:01::2015-02-09 21:44:01:Application Start!

2015/2/9 下午 10:05:02::2015-02-09 22:05:02:Application End!

2015/2/9 下午 10:05:03::2015-02-09 22:05:03:Application Start!

2015/2/9 下午 10:26:05::2015-02-09 22:26:05:Application End!

2015/2/9 下午 10:26:07::2015-02-09 22:26:07:Application Start!

2015/2/9 下午 10:47:07::2015-02-09 22:47:07:Application End!

2015/2/9 下午 10:47:09::2015-02-09 22:47:09:Application Start!

2015/2/9 下午 11:08:10::2015-02-09 23:08:09:Application End!

2015/2/9 下午 11:08:11::2015-02-09 23:08:11:Application Start!

2015/2/9 下午 11:29:12::2015-02-09 23:29:12:Application End!

2015/2/9 下午 11:29:13::2015-02-09 23:29:13:Application Start!

2015/2/9 下午 11:50:14::2015-02-09 23:50:14:Application End!

2015/2/9 下午 11:50:16::2015-02-09 23:50:16:Application Start!

