2015/3/21 上午 12:01:11::2015-03-21 00:01:11:Application End!

2015/3/21 上午 12:01:13::2015-03-21 00:01:13:Application Start!

2015/3/21 上午 12:22:13::2015-03-21 00:22:13:Application End!

2015/3/21 上午 12:22:14::2015-03-21 00:22:14:Application Start!

2015/3/21 上午 12:43:15::2015-03-21 00:43:15:Application End!

2015/3/21 上午 12:43:16::2015-03-21 00:43:16:Application Start!

2015/3/21 上午 01:04:17::2015-03-21 01:04:17:Application End!

2015/3/21 上午 01:04:18::2015-03-21 01:04:18:Application Start!

2015/3/21 上午 01:25:19::2015-03-21 01:25:19:Application End!

2015/3/21 上午 01:25:20::2015-03-21 01:25:20:Application Start!

2015/3/21 上午 01:46:21::2015-03-21 01:46:21:Application End!

2015/3/21 上午 01:46:22::2015-03-21 01:46:22:Application Start!

2015/3/21 上午 02:07:23::2015-03-21 02:07:23:Application End!

2015/3/21 上午 02:07:24::2015-03-21 02:07:24:Application Start!

2015/3/21 上午 02:28:25::2015-03-21 02:28:25:Application End!

2015/3/21 上午 02:28:26::2015-03-21 02:28:26:Application Start!

2015/3/21 上午 02:49:27::2015-03-21 02:49:27:Application End!

2015/3/21 上午 02:49:29::2015-03-21 02:49:29:Application Start!

2015/3/21 上午 03:10:29::2015-03-21 03:10:29:Application End!

2015/3/21 上午 03:10:31::2015-03-21 03:10:31:Application Start!

2015/3/21 上午 03:31:31::2015-03-21 03:31:31:Application End!

2015/3/21 上午 03:31:33::2015-03-21 03:31:33:Application Start!

2015/3/21 上午 03:52:33::2015-03-21 03:52:33:Application End!

2015/3/21 上午 03:52:35::2015-03-21 03:52:35:Application Start!

2015/3/21 上午 04:13:35::2015-03-21 04:13:35:Application End!

2015/3/21 上午 04:13:37::2015-03-21 04:13:37:Application Start!

2015/3/21 上午 04:34:37::2015-03-21 04:34:37:Application End!

2015/3/21 上午 04:34:39::2015-03-21 04:34:39:Application Start!

2015/3/21 上午 04:55:39::2015-03-21 04:55:39:Application End!

2015/3/21 上午 04:55:41::2015-03-21 04:55:41:Application Start!

2015/3/21 上午 05:16:41::2015-03-21 05:16:41:Application End!

2015/3/21 上午 05:16:43::2015-03-21 05:16:43:Application Start!

2015/3/21 上午 05:37:43::2015-03-21 05:37:43:Application End!

2015/3/21 上午 05:37:45::2015-03-21 05:37:45:Application Start!

2015/3/21 上午 05:58:45::2015-03-21 05:58:45:Application End!

2015/3/21 上午 05:58:47::2015-03-21 05:58:47:Application Start!

2015/3/21 上午 06:19:47::2015-03-21 06:19:47:Application End!

2015/3/21 上午 06:19:49::2015-03-21 06:19:49:Application Start!

2015/3/21 上午 06:40:49::2015-03-21 06:40:49:Application End!

2015/3/21 上午 06:40:51::2015-03-21 06:40:51:Application Start!

2015/3/21 上午 07:01:51::2015-03-21 07:01:51:Application End!

2015/3/21 上午 07:01:53::2015-03-21 07:01:53:Application Start!

2015/3/21 上午 07:22:53::2015-03-21 07:22:53:Application End!

2015/3/21 上午 07:22:55::2015-03-21 07:22:55:Application Start!

2015/3/21 上午 07:43:55::2015-03-21 07:43:55:Application End!

2015/3/21 上午 07:43:57::2015-03-21 07:43:57:Application Start!

2015/3/21 上午 08:04:57::2015-03-21 08:04:57:Application End!

2015/3/21 上午 08:04:59::2015-03-21 08:04:59:Application Start!

2015/3/21 上午 08:25:59::2015-03-21 08:25:59:Application End!

2015/3/21 上午 08:26:01::2015-03-21 08:26:01:Application Start!

2015/3/21 上午 08:47:01::2015-03-21 08:47:01:Application End!

2015/3/21 上午 08:47:03::2015-03-21 08:47:03:Application Start!

2015/3/21 上午 09:08:05::2015-03-21 09:08:05:Application End!

2015/3/21 上午 09:08:07::2015-03-21 09:08:07:Application Start!

2015/3/21 上午 09:29:07::2015-03-21 09:29:07:Application End!

2015/3/21 上午 09:29:09::2015-03-21 09:29:09:Application Start!

2015/3/21 上午 09:50:09::2015-03-21 09:50:09:Application End!

2015/3/21 上午 09:50:11::2015-03-21 09:50:11:Application Start!

2015/3/21 上午 10:11:11::2015-03-21 10:11:11:Application End!

2015/3/21 上午 10:11:13::2015-03-21 10:11:13:Application Start!

2015/3/21 上午 10:20:00::2015-03-21 10:20:00:AutoTask is Working!

2015/3/21 下午 01:14:03::自動執行計算門禁考勤異常報表:true

2015/3/21 下午 01:34:14::2015-03-21 13:34:14:Application End!

2015/3/21 下午 01:34:16::2015-03-21 13:34:16:Application Start!

2015/3/21 下午 01:55:16::2015-03-21 13:55:16:Application End!

2015/3/21 下午 01:55:18::2015-03-21 13:55:18:Application Start!

2015/3/21 下午 02:16:18::2015-03-21 14:16:18:Application End!

2015/3/21 下午 02:16:20::2015-03-21 14:16:20:Application Start!

2015/3/21 下午 02:37:21::2015-03-21 14:37:21:Application End!

2015/3/21 下午 02:37:22::2015-03-21 14:37:22:Application Start!

2015/3/21 下午 02:58:23::2015-03-21 14:58:23:Application End!

2015/3/21 下午 02:58:25::2015-03-21 14:58:25:Application Start!

2015/3/21 下午 03:19:25::2015-03-21 15:19:25:Application End!

2015/3/21 下午 03:19:27::2015-03-21 15:19:27:Application Start!

2015/3/21 下午 03:40:27::2015-03-21 15:40:27:Application End!

2015/3/21 下午 03:40:29::2015-03-21 15:40:29:Application Start!

2015/3/21 下午 04:01:29::2015-03-21 16:01:29:Application End!

2015/3/21 下午 04:01:31::2015-03-21 16:01:31:Application Start!

2015/3/21 下午 04:22:32::2015-03-21 16:22:32:Application End!

2015/3/21 下午 04:22:33::2015-03-21 16:22:33:Application Start!

2015/3/21 下午 04:43:34::2015-03-21 16:43:34:Application End!

2015/3/21 下午 04:43:35::2015-03-21 16:43:35:Application Start!

2015/3/21 下午 05:04:36::2015-03-21 17:04:36:Application End!

2015/3/21 下午 05:04:38::2015-03-21 17:04:38:Application Start!

2015/3/21 下午 05:25:38::2015-03-21 17:25:38:Application End!

2015/3/21 下午 05:25:40::2015-03-21 17:25:40:Application Start!

2015/3/21 下午 05:46:40::2015-03-21 17:46:40:Application End!

2015/3/21 下午 05:46:42::2015-03-21 17:46:42:Application Start!

2015/3/21 下午 06:07:41::2015-03-21 18:07:41:Application End!

2015/3/21 下午 06:07:43::2015-03-21 18:07:43:Application Start!

2015/3/21 下午 06:28:43::2015-03-21 18:28:43:Application End!

2015/3/21 下午 06:28:45::2015-03-21 18:28:45:Application Start!

2015/3/21 下午 06:49:45::2015-03-21 18:49:45:Application End!

2015/3/21 下午 06:49:49::2015-03-21 18:49:49:Application Start!

2015/3/21 下午 07:10:47::2015-03-21 19:10:47:Application End!

2015/3/21 下午 07:10:49::2015-03-21 19:10:49:Application Start!

2015/3/21 下午 07:31:50::2015-03-21 19:31:49:Application End!

2015/3/21 下午 07:31:51::2015-03-21 19:31:51:Application Start!

2015/3/21 下午 07:52:52::2015-03-21 19:52:52:Application End!

2015/3/21 下午 07:52:53::2015-03-21 19:52:53:Application Start!

2015/3/21 下午 08:13:54::2015-03-21 20:13:54:Application End!

2015/3/21 下午 08:13:55::2015-03-21 20:13:55:Application Start!

2015/3/21 下午 08:34:56::2015-03-21 20:34:56:Application End!

2015/3/21 下午 08:35:00::2015-03-21 20:35:00:Application Start!

2015/3/21 下午 08:55:59::2015-03-21 20:55:59:Application End!

2015/3/21 下午 08:56:07::2015-03-21 20:56:07:Application Start!

2015/3/21 下午 09:17:02::2015-03-21 21:17:02:Application End!

2015/3/21 下午 09:17:04::2015-03-21 21:17:04:Application Start!

2015/3/21 下午 09:38:04::2015-03-21 21:38:04:Application End!

2015/3/21 下午 09:38:06::2015-03-21 21:38:06:Application Start!

2015/3/21 下午 09:59:07::2015-03-21 21:59:07:Application End!

2015/3/21 下午 09:59:08::2015-03-21 21:59:08:Application Start!

2015/3/21 下午 10:20:09::2015-03-21 22:20:09:Application End!

2015/3/21 下午 10:20:10::2015-03-21 22:20:10:Application Start!

2015/3/21 下午 10:41:11::2015-03-21 22:41:11:Application End!

2015/3/21 下午 10:41:12::2015-03-21 22:41:12:Application Start!

2015/3/21 下午 11:16:13::2015-03-21 23:16:13:Application End!

2015/3/21 下午 11:16:14::2015-03-21 23:16:14:Application Start!

2015/3/21 下午 11:37:15::2015-03-21 23:37:15:Application End!

2015/3/21 下午 11:37:16::2015-03-21 23:37:16:Application Start!

2015/3/21 下午 11:58:17::2015-03-21 23:58:17:Application End!

2015/3/21 下午 11:58:19::2015-03-21 23:58:18:Application Start!

