2015/3/4 上午 12:06:40::2015-03-04 00:06:40:Application End!

2015/3/4 上午 12:06:41::2015-03-04 00:06:41:Application Start!

2015/3/4 上午 12:27:42::2015-03-04 00:27:42:Application End!

2015/3/4 上午 12:27:44::2015-03-04 00:27:43:Application Start!

2015/3/4 上午 12:48:44::2015-03-04 00:48:44:Application End!

2015/3/4 上午 12:48:46::2015-03-04 00:48:46:Application Start!

2015/3/4 上午 01:09:46::2015-03-04 01:09:46:Application End!

2015/3/4 上午 01:09:48::2015-03-04 01:09:48:Application Start!

2015/3/4 上午 01:30:48::2015-03-04 01:30:48:Application End!

2015/3/4 上午 01:30:50::2015-03-04 01:30:50:Application Start!

2015/3/4 上午 01:51:50::2015-03-04 01:51:50:Application End!

2015/3/4 上午 01:51:52::2015-03-04 01:51:52:Application Start!

2015/3/4 上午 02:12:53::2015-03-04 02:12:53:Application End!

2015/3/4 上午 02:12:54::2015-03-04 02:12:54:Application Start!

2015/3/4 上午 02:33:55::2015-03-04 02:33:55:Application End!

2015/3/4 上午 02:33:56::2015-03-04 02:33:56:Application Start!

2015/3/4 上午 02:54:57::2015-03-04 02:54:57:Application End!

2015/3/4 上午 02:54:59::2015-03-04 02:54:59:Application Start!

2015/3/4 上午 03:27:59::2015-03-04 03:27:59:Application End!

2015/3/4 上午 03:28:01::2015-03-04 03:28:01:Application Start!

2015/3/4 上午 03:49:01::2015-03-04 03:49:01:Application End!

2015/3/4 上午 03:49:03::2015-03-04 03:49:03:Application Start!

2015/3/4 上午 04:10:03::2015-03-04 04:10:03:Application End!

2015/3/4 上午 04:10:05::2015-03-04 04:10:05:Application Start!

2015/3/4 上午 04:31:06::2015-03-04 04:31:06:Application End!

2015/3/4 上午 04:31:07::2015-03-04 04:31:07:Application Start!

2015/3/4 上午 04:52:08::2015-03-04 04:52:08:Application End!

2015/3/4 上午 04:52:10::2015-03-04 04:52:09:Application Start!

2015/3/4 上午 05:13:10::2015-03-04 05:13:10:Application End!

2015/3/4 上午 05:13:12::2015-03-04 05:13:12:Application Start!

2015/3/4 上午 05:34:12::2015-03-04 05:34:12:Application End!

2015/3/4 上午 05:34:14::2015-03-04 05:34:14:Application Start!

2015/3/4 上午 05:55:14::2015-03-04 05:55:14:Application End!

2015/3/4 上午 05:55:16::2015-03-04 05:55:16:Application Start!

2015/3/4 上午 06:16:16::2015-03-04 06:16:16:Application End!

2015/3/4 上午 06:16:18::2015-03-04 06:16:18:Application Start!

2015/3/4 上午 06:37:19::2015-03-04 06:37:19:Application End!

2015/3/4 上午 06:37:20::2015-03-04 06:37:20:Application Start!

2015/3/4 上午 06:58:21::2015-03-04 06:58:21:Application End!

2015/3/4 上午 06:58:22::2015-03-04 06:58:22:Application Start!

2015/3/4 上午 07:36:21::2015-03-04 07:36:21:Application End!

2015/3/4 上午 07:36:23::2015-03-04 07:36:23:Application Start!

2015/3/4 上午 07:57:23::2015-03-04 07:57:23:Application End!

2015/3/4 上午 07:57:25::2015-03-04 07:57:25:Application Start!

2015/3/4 上午 08:31:25::2015-03-04 08:31:25:Application End!

2015/3/4 上午 08:31:27::2015-03-04 08:31:27:Application Start!

2015/3/4 上午 08:52:27::2015-03-04 08:52:27:Application End!

2015/3/4 上午 08:52:29::2015-03-04 08:52:29:Application Start!

2015/3/4 上午 09:13:30::2015-03-04 09:13:30:Application End!

2015/3/4 上午 09:13:33::2015-03-04 09:13:33:Application Start!

2015/3/4 上午 09:34:32::2015-03-04 09:34:32:Application End!

2015/3/4 上午 09:34:34::2015-03-04 09:34:34:Application Start!

2015/3/4 上午 10:01:34::2015-03-04 10:01:34:Application End!

2015/3/4 上午 10:01:36::2015-03-04 10:01:36:Application Start!

2015/3/4 上午 10:20:00::2015-03-04 10:20:00:AutoTask is Working!

2015/3/4 上午 11:44:01::自動執行計算門禁考勤異常報表:true

2015/3/4 下午 12:04:36::2015-03-04 12:04:36:Application End!

2015/3/4 下午 12:04:38::2015-03-04 12:04:38:Application Start!

2015/3/4 下午 12:25:38::2015-03-04 12:25:38:Application End!

2015/3/4 下午 12:25:40::2015-03-04 12:25:40:Application Start!

2015/3/4 下午 12:46:40::2015-03-04 12:46:40:Application End!

2015/3/4 下午 12:46:42::2015-03-04 12:46:42:Application Start!

2015/3/4 下午 01:07:42::2015-03-04 13:07:42:Application End!

2015/3/4 下午 01:07:44::2015-03-04 13:07:44:Application Start!

2015/3/4 下午 01:28:44::2015-03-04 13:28:44:Application End!

2015/3/4 下午 01:28:46::2015-03-04 13:28:46:Application Start!

2015/3/4 下午 01:49:46::2015-03-04 13:49:46:Application End!

2015/3/4 下午 01:49:48::2015-03-04 13:49:48:Application Start!

2015/3/4 下午 02:10:48::2015-03-04 14:10:48:Application End!

2015/3/4 下午 02:10:50::2015-03-04 14:10:50:Application Start!

2015/3/4 下午 02:31:50::2015-03-04 14:31:50:Application End!

2015/3/4 下午 02:31:52::2015-03-04 14:31:52:Application Start!

2015/3/4 下午 02:56:52::2015-03-04 14:56:52:Application End!

2015/3/4 下午 02:56:54::2015-03-04 14:56:54:Application Start!

2015/3/4 下午 03:17:54::2015-03-04 15:17:54:Application End!

2015/3/4 下午 03:17:56::2015-03-04 15:17:56:Application Start!

2015/3/4 下午 03:38:56::2015-03-04 15:38:56:Application End!

2015/3/4 下午 03:38:58::2015-03-04 15:38:58:Application Start!

2015/3/4 下午 03:59:58::2015-03-04 15:59:58:Application End!

2015/3/4 下午 04:00:00::2015-03-04 16:00:00:Application Start!

2015/3/4 下午 04:21:01::2015-03-04 16:21:01:Application End!

2015/3/4 下午 04:21:08::2015-03-04 16:21:08:Application Start!

2015/3/4 下午 04:42:06::2015-03-04 16:42:06:Application End!

2015/3/4 下午 04:42:08::2015-03-04 16:42:08:Application Start!

2015/3/4 下午 05:03:08::2015-03-04 17:03:08:Application End!

2015/3/4 下午 05:03:10::2015-03-04 17:03:10:Application Start!

2015/3/4 下午 05:24:10::2015-03-04 17:24:10:Application End!

2015/3/4 下午 05:24:12::2015-03-04 17:24:12:Application Start!

2015/3/4 下午 05:45:12::2015-03-04 17:45:12:Application End!

2015/3/4 下午 05:45:14::2015-03-04 17:45:14:Application Start!

2015/3/4 下午 06:06:15::2015-03-04 18:06:15:Application End!

2015/3/4 下午 06:06:16::2015-03-04 18:06:16:Application Start!

2015/3/4 下午 06:27:17::2015-03-04 18:27:17:Application End!

2015/3/4 下午 06:27:19::2015-03-04 18:27:18:Application Start!

2015/3/4 下午 06:48:19::2015-03-04 18:48:19:Application End!

2015/3/4 下午 06:48:21::2015-03-04 18:48:21:Application Start!

2015/3/4 下午 07:09:21::2015-03-04 19:09:21:Application End!

2015/3/4 下午 07:09:23::2015-03-04 19:09:23:Application Start!

2015/3/4 下午 07:30:23::2015-03-04 19:30:23:Application End!

2015/3/4 下午 07:30:25::2015-03-04 19:30:25:Application Start!

2015/3/4 下午 07:51:25::2015-03-04 19:51:25:Application End!

2015/3/4 下午 07:51:27::2015-03-04 19:51:27:Application Start!

2015/3/4 下午 08:12:28::2015-03-04 20:12:28:Application End!

2015/3/4 下午 08:12:29::2015-03-04 20:12:29:Application Start!

2015/3/4 下午 08:33:30::2015-03-04 20:33:30:Application End!

2015/3/4 下午 08:33:38::2015-03-04 20:33:38:Application Start!

2015/3/4 下午 08:54:34::2015-03-04 20:54:34:Application End!

2015/3/4 下午 08:54:35::2015-03-04 20:54:35:Application Start!

2015/3/4 下午 09:15:36::2015-03-04 21:15:36:Application End!

2015/3/4 下午 09:15:37::2015-03-04 21:15:37:Application Start!

2015/3/4 下午 09:36:38::2015-03-04 21:36:38:Application End!

2015/3/4 下午 09:36:40::2015-03-04 21:36:40:Application Start!

2015/3/4 下午 10:00:40::2015-03-04 22:00:40:Application End!

2015/3/4 下午 10:00:42::2015-03-04 22:00:42:Application Start!

2015/3/4 下午 10:21:42::2015-03-04 22:21:42:Application End!

2015/3/4 下午 10:21:44::2015-03-04 22:21:44:Application Start!

2015/3/4 下午 10:42:44::2015-03-04 22:42:44:Application End!

2015/3/4 下午 10:42:46::2015-03-04 22:42:46:Application Start!

2015/3/4 下午 11:03:47::2015-03-04 23:03:47:Application End!

2015/3/4 下午 11:03:48::2015-03-04 23:03:48:Application Start!

2015/3/4 下午 11:24:49::2015-03-04 23:24:49:Application End!

2015/3/4 下午 11:24:51::2015-03-04 23:24:50:Application Start!

2015/3/4 下午 11:45:51::2015-03-04 23:45:51:Application End!

2015/3/4 下午 11:45:53::2015-03-04 23:45:53:Application Start!

