2015/2/17 上午 12:02:49::2015-02-17 00:02:49:Application End!

2015/2/17 上午 12:02:51::2015-02-17 00:02:51:Application Start!

2015/2/17 上午 12:23:51::2015-02-17 00:23:51:Application End!

2015/2/17 上午 12:23:53::2015-02-17 00:23:53:Application Start!

2015/2/17 上午 12:44:53::2015-02-17 00:44:53:Application End!

2015/2/17 上午 12:44:55::2015-02-17 00:44:55:Application Start!

2015/2/17 上午 01:05:56::2015-02-17 01:05:56:Application End!

2015/2/17 上午 01:05:57::2015-02-17 01:05:57:Application Start!

2015/2/17 上午 01:26:58::2015-02-17 01:26:58:Application End!

2015/2/17 上午 01:26:59::2015-02-17 01:26:59:Application Start!

2015/2/17 上午 01:48:00::2015-02-17 01:48:00:Application End!

2015/2/17 上午 01:48:02::2015-02-17 01:48:02:Application Start!

2015/2/17 上午 02:09:02::2015-02-17 02:09:02:Application End!

2015/2/17 上午 02:09:04::2015-02-17 02:09:04:Application Start!

2015/2/17 上午 02:30:04::2015-02-17 02:30:04:Application End!

2015/2/17 上午 02:30:06::2015-02-17 02:30:06:Application Start!

2015/2/17 上午 02:51:06::2015-02-17 02:51:06:Application End!

2015/2/17 上午 02:51:08::2015-02-17 02:51:08:Application Start!

2015/2/17 上午 03:12:08::2015-02-17 03:12:08:Application End!

2015/2/17 上午 03:12:10::2015-02-17 03:12:10:Application Start!

2015/2/17 上午 03:33:09::2015-02-17 03:33:09:Application End!

2015/2/17 上午 03:33:11::2015-02-17 03:33:11:Application Start!

2015/2/17 上午 03:54:11::2015-02-17 03:54:11:Application End!

2015/2/17 上午 03:54:13::2015-02-17 03:54:13:Application Start!

2015/2/17 上午 04:15:14::2015-02-17 04:15:14:Application End!

2015/2/17 上午 04:15:23::2015-02-17 04:15:23:Application Start!

2015/2/17 上午 04:36:17::2015-02-17 04:36:17:Application End!

2015/2/17 上午 04:36:19::2015-02-17 04:36:19:Application Start!

2015/2/17 上午 04:57:19::2015-02-17 04:57:19:Application End!

2015/2/17 上午 04:57:21::2015-02-17 04:57:21:Application Start!

2015/2/17 上午 05:18:21::2015-02-17 05:18:21:Application End!

2015/2/17 上午 05:18:23::2015-02-17 05:18:23:Application Start!

2015/2/17 上午 05:39:23::2015-02-17 05:39:23:Application End!

2015/2/17 上午 05:39:25::2015-02-17 05:39:25:Application Start!

2015/2/17 上午 06:00:25::2015-02-17 06:00:25:Application End!

2015/2/17 上午 06:00:27::2015-02-17 06:00:27:Application Start!

2015/2/17 上午 06:21:27::2015-02-17 06:21:27:Application End!

2015/2/17 上午 06:21:29::2015-02-17 06:21:29:Application Start!

2015/2/17 上午 06:49:29::2015-02-17 06:49:29:Application End!

2015/2/17 上午 06:49:31::2015-02-17 06:49:31:Application Start!

2015/2/17 上午 07:10:32::2015-02-17 07:10:31:Application End!

2015/2/17 上午 07:10:33::2015-02-17 07:10:33:Application Start!

2015/2/17 上午 07:31:34::2015-02-17 07:31:34:Application End!

2015/2/17 上午 07:31:35::2015-02-17 07:31:35:Application Start!

2015/2/17 上午 07:52:36::2015-02-17 07:52:36:Application End!

2015/2/17 上午 07:52:37::2015-02-17 07:52:37:Application Start!

2015/2/17 上午 08:13:38::2015-02-17 08:13:38:Application End!

2015/2/17 上午 08:13:39::2015-02-17 08:13:39:Application Start!

2015/2/17 上午 08:52:40::2015-02-17 08:52:40:Application End!

2015/2/17 上午 08:52:42::2015-02-17 08:52:42:Application Start!

2015/2/17 上午 09:13:42::2015-02-17 09:13:42:Application End!

2015/2/17 上午 09:13:43::2015-02-17 09:13:43:Application Start!

2015/2/17 上午 09:34:44::2015-02-17 09:34:44:Application End!

2015/2/17 上午 09:34:45::2015-02-17 09:34:45:Application Start!

2015/2/17 上午 09:55:46::2015-02-17 09:55:46:Application End!

2015/2/17 上午 09:55:47::2015-02-17 09:55:47:Application Start!

2015/2/17 上午 10:16:48::2015-02-17 10:16:48:Application End!

2015/2/17 上午 10:16:52::2015-02-17 10:16:52:Application Start!

2015/2/17 上午 10:20:00::2015-02-17 10:20:00:AutoTask is Working!

2015/2/17 下午 12:31:28::自動執行計算門禁考勤異常報表:true

2015/2/17 下午 12:51:52::2015-02-17 12:51:52:Application End!

2015/2/17 下午 12:51:54::2015-02-17 12:51:54:Application Start!

2015/2/17 下午 01:12:54::2015-02-17 13:12:54:Application End!

2015/2/17 下午 01:12:56::2015-02-17 13:12:56:Application Start!

2015/2/17 下午 01:33:56::2015-02-17 13:33:56:Application End!

2015/2/17 下午 01:34:05::2015-02-17 13:34:05:Application Start!

2015/2/17 下午 01:55:00::2015-02-17 13:55:00:Application End!

2015/2/17 下午 01:55:02::2015-02-17 13:55:02:Application Start!

2015/2/17 下午 02:16:02::2015-02-17 14:16:02:Application End!

2015/2/17 下午 02:16:04::2015-02-17 14:16:04:Application Start!

2015/2/17 下午 02:40:04::2015-02-17 14:40:04:Application End!

2015/2/17 下午 02:40:06::2015-02-17 14:40:06:Application Start!

2015/2/17 下午 03:01:07::2015-02-17 15:01:07:Application End!

2015/2/17 下午 03:01:08::2015-02-17 15:01:08:Application Start!

2015/2/17 下午 03:22:09::2015-02-17 15:22:09:Application End!

2015/2/17 下午 03:22:10::2015-02-17 15:22:10:Application Start!

2015/2/17 下午 03:43:11::2015-02-17 15:43:11:Application End!

2015/2/17 下午 03:43:13::2015-02-17 15:43:13:Application Start!

2015/2/17 下午 04:04:13::2015-02-17 16:04:13:Application End!

2015/2/17 下午 04:04:15::2015-02-17 16:04:15:Application Start!

2015/2/17 下午 04:25:15::2015-02-17 16:25:15:Application End!

2015/2/17 下午 04:25:17::2015-02-17 16:25:17:Application Start!

2015/2/17 下午 04:54:17::2015-02-17 16:54:17:Application End!

2015/2/17 下午 04:54:19::2015-02-17 16:54:19:Application Start!

2015/2/17 下午 05:15:20::2015-02-17 17:15:20:Application End!

2015/2/17 下午 05:15:21::2015-02-17 17:15:21:Application Start!

2015/2/17 下午 05:36:22::2015-02-17 17:36:22:Application End!

2015/2/17 下午 05:36:23::2015-02-17 17:36:23:Application Start!

2015/2/17 下午 05:57:24::2015-02-17 17:57:24:Application End!

2015/2/17 下午 05:57:26::2015-02-17 17:57:26:Application Start!

2015/2/17 下午 06:18:26::2015-02-17 18:18:26:Application End!

2015/2/17 下午 06:18:28::2015-02-17 18:18:28:Application Start!

2015/2/17 下午 06:39:28::2015-02-17 18:39:28:Application End!

2015/2/17 下午 06:39:30::2015-02-17 18:39:30:Application Start!

2015/2/17 下午 07:00:30::2015-02-17 19:00:30:Application End!

2015/2/17 下午 07:00:32::2015-02-17 19:00:32:Application Start!

2015/2/17 下午 07:21:33::2015-02-17 19:21:33:Application End!

2015/2/17 下午 07:21:34::2015-02-17 19:21:34:Application Start!

2015/2/17 下午 07:42:35::2015-02-17 19:42:35:Application End!

2015/2/17 下午 07:42:36::2015-02-17 19:42:36:Application Start!

2015/2/17 下午 08:03:37::2015-02-17 20:03:37:Application End!

2015/2/17 下午 08:03:39::2015-02-17 20:03:39:Application Start!

2015/2/17 下午 08:24:39::2015-02-17 20:24:39:Application End!

2015/2/17 下午 08:24:41::2015-02-17 20:24:41:Application Start!

2015/2/17 下午 08:45:41::2015-02-17 20:45:41:Application End!

2015/2/17 下午 08:45:43::2015-02-17 20:45:43:Application Start!

2015/2/17 下午 09:06:43::2015-02-17 21:06:43:Application End!

2015/2/17 下午 09:06:45::2015-02-17 21:06:45:Application Start!

2015/2/17 下午 09:27:44::2015-02-17 21:27:44:Application End!

2015/2/17 下午 09:27:47::2015-02-17 21:27:47:Application Start!

2015/2/17 下午 09:48:46::2015-02-17 21:48:46:Application End!

2015/2/17 下午 09:48:48::2015-02-17 21:48:48:Application Start!

2015/2/17 下午 10:09:48::2015-02-17 22:09:48:Application End!

2015/2/17 下午 10:09:50::2015-02-17 22:09:50:Application Start!

2015/2/17 下午 10:50:50::2015-02-17 22:50:50:Application End!

2015/2/17 下午 10:50:52::2015-02-17 22:50:52:Application Start!

2015/2/17 下午 11:11:52::2015-02-17 23:11:52:Application End!

2015/2/17 下午 11:11:54::2015-02-17 23:11:54:Application Start!

2015/2/17 下午 11:32:54::2015-02-17 23:32:54:Application End!

2015/2/17 下午 11:32:56::2015-02-17 23:32:56:Application Start!

2015/2/17 下午 11:53:56::2015-02-17 23:53:56:Application End!

2015/2/17 下午 11:53:58::2015-02-17 23:53:58:Application Start!

