2015/5/6 上午 12:12:08::2015-05-06 00:12:08:Application End!

2015/5/6 上午 12:12:10::2015-05-06 00:12:10:Application Start!

2015/5/6 上午 12:33:10::2015-05-06 00:33:10:Application End!

2015/5/6 上午 12:33:12::2015-05-06 00:33:12:Application Start!

2015/5/6 上午 12:54:12::2015-05-06 00:54:12:Application End!

2015/5/6 上午 12:54:14::2015-05-06 00:54:14:Application Start!

2015/5/6 上午 01:15:15::2015-05-06 01:15:15:Application End!

2015/5/6 上午 01:15:16::2015-05-06 01:15:16:Application Start!

2015/5/6 上午 01:36:17::2015-05-06 01:36:17:Application End!

2015/5/6 上午 01:36:18::2015-05-06 01:36:18:Application Start!

2015/5/6 上午 01:57:19::2015-05-06 01:57:19:Application End!

2015/5/6 上午 01:57:21::2015-05-06 01:57:21:Application Start!

2015/5/6 上午 02:18:21::2015-05-06 02:18:21:Application End!

2015/5/6 上午 02:18:23::2015-05-06 02:18:23:Application Start!

2015/5/6 上午 02:39:23::2015-05-06 02:39:23:Application End!

2015/5/6 上午 02:39:25::2015-05-06 02:39:25:Application Start!

2015/5/6 上午 03:00:25::2015-05-06 03:00:25:Application End!

2015/5/6 上午 03:00:27::2015-05-06 03:00:27:Application Start!

2015/5/6 上午 03:21:27::2015-05-06 03:21:27:Application End!

2015/5/6 上午 03:21:29::2015-05-06 03:21:29:Application Start!

2015/5/6 上午 03:42:30::2015-05-06 03:42:30:Application End!

2015/5/6 上午 03:42:31::2015-05-06 03:42:31:Application Start!

2015/5/6 上午 04:03:32::2015-05-06 04:03:32:Application End!

2015/5/6 上午 04:03:34::2015-05-06 04:03:34:Application Start!

2015/5/6 上午 04:24:34::2015-05-06 04:24:34:Application End!

2015/5/6 上午 04:24:36::2015-05-06 04:24:36:Application Start!

2015/5/6 上午 04:45:36::2015-05-06 04:45:36:Application End!

2015/5/6 上午 04:45:38::2015-05-06 04:45:38:Application Start!

2015/5/6 上午 05:06:38::2015-05-06 05:06:38:Application End!

2015/5/6 上午 05:06:40::2015-05-06 05:06:40:Application Start!

2015/5/6 上午 05:27:40::2015-05-06 05:27:40:Application End!

2015/5/6 上午 05:27:42::2015-05-06 05:27:42:Application Start!

2015/5/6 上午 05:48:43::2015-05-06 05:48:43:Application End!

2015/5/6 上午 05:48:44::2015-05-06 05:48:44:Application Start!

2015/5/6 上午 06:09:45::2015-05-06 06:09:45:Application End!

2015/5/6 上午 06:09:47::2015-05-06 06:09:46:Application Start!

2015/5/6 上午 06:30:45::2015-05-06 06:30:45:Application End!

2015/5/6 上午 06:30:47::2015-05-06 06:30:47:Application Start!

2015/5/6 上午 06:51:47::2015-05-06 06:51:47:Application End!

2015/5/6 上午 06:51:49::2015-05-06 06:51:49:Application Start!

2015/5/6 上午 07:12:49::2015-05-06 07:12:49:Application End!

2015/5/6 上午 07:12:51::2015-05-06 07:12:51:Application Start!

2015/5/6 上午 07:33:51::2015-05-06 07:33:51:Application End!

2015/5/6 上午 07:33:53::2015-05-06 07:33:53:Application Start!

2015/5/6 上午 07:54:53::2015-05-06 07:54:53:Application End!

2015/5/6 上午 07:54:55::2015-05-06 07:54:55:Application Start!

2015/5/6 上午 08:15:55::2015-05-06 08:15:55:Application End!

2015/5/6 上午 08:15:57::2015-05-06 08:15:57:Application Start!

2015/5/6 上午 08:53:57::2015-05-06 08:53:57:Application End!

2015/5/6 上午 08:53:59::2015-05-06 08:53:59:Application Start!

2015/5/6 上午 09:14:59::2015-05-06 09:14:59:Application End!

2015/5/6 上午 09:15:01::2015-05-06 09:15:01:Application Start!

2015/5/6 上午 09:36:02::2015-05-06 09:36:02:Application End!

2015/5/6 上午 09:36:03::2015-05-06 09:36:03:Application Start!

2015/5/6 上午 09:57:04::2015-05-06 09:57:04:Application End!

2015/5/6 上午 09:57:05::2015-05-06 09:57:05:Application Start!

2015/5/6 上午 10:20:00::2015-05-06 10:20:00:AutoTask is Working!

2015/5/6 下午 12:52:26::自動執行計算門禁考勤異常報表:true

2015/5/6 下午 01:13:05::2015-05-06 13:13:05:Application End!

2015/5/6 下午 01:13:07::2015-05-06 13:13:07:Application Start!

2015/5/6 下午 01:53:07::2015-05-06 13:53:07:Application End!

2015/5/6 下午 01:53:09::2015-05-06 13:53:09:Application Start!

2015/5/6 下午 02:14:09::2015-05-06 14:14:09:Application End!

2015/5/6 下午 02:14:11::2015-05-06 14:14:11:Application Start!

2015/5/6 下午 02:35:11::2015-05-06 14:35:11:Application End!

2015/5/6 下午 02:35:13::2015-05-06 14:35:13:Application Start!

2015/5/6 下午 02:56:13::2015-05-06 14:56:13:Application End!

2015/5/6 下午 02:56:15::2015-05-06 14:56:15:Application Start!

2015/5/6 下午 03:17:15::2015-05-06 15:17:15:Application End!

2015/5/6 下午 03:17:17::2015-05-06 15:17:17:Application Start!

2015/5/6 下午 03:43:19::2015-05-06 15:43:19:Application End!

2015/5/6 下午 03:43:21::2015-05-06 15:43:20:Application Start!

2015/5/6 下午 04:04:21::2015-05-06 16:04:21:Application End!

2015/5/6 下午 04:04:23::2015-05-06 16:04:23:Application Start!

2015/5/6 下午 04:45:23::2015-05-06 16:45:23:Application End!

2015/5/6 下午 04:45:26::2015-05-06 16:45:26:Application Start!

2015/5/6 下午 04:50:20==> Operate Description:用戶登錄, Operate Model:用戶管理, Operate creater:test Operate Type:登錄

2015/5/6 下午 06:26:26::2015-05-06 18:26:26:Application End!

2015/5/6 下午 06:26:28::2015-05-06 18:26:28:Application Start!

2015/5/6 下午 06:47:28::2015-05-06 18:47:28:Application End!

2015/5/6 下午 06:47:30::2015-05-06 18:47:30:Application Start!

2015/5/6 下午 07:08:30::2015-05-06 19:08:30:Application End!

2015/5/6 下午 07:08:32::2015-05-06 19:08:32:Application Start!

2015/5/6 下午 07:09:33::2015-05-06 19:09:33:Application End!

2015/5/6 下午 07:13:12::2015-05-06 19:13:12:Application Start!

2015/5/6 下午 07:21:44::2015-05-06 19:21:44:Application Start!

2015/5/6 下午 07:43:12::2015-05-06 19:43:12:Application End!

2015/5/6 下午 07:43:22::2015-05-06 19:43:22:Application Start!

2015/5/6 下午 07:44:45::2015-05-06 19:44:45:Application End!

2015/5/6 下午 07:45:27::2015-05-06 19:45:27:Application Start!

2015/5/6 下午 07:48:35::2015-05-06 19:48:35:Application End!

2015/5/6 下午 07:48:45::2015-05-06 19:48:45:Application Start!

2015/5/6 下午 08:17:22::2015-05-06 20:17:22:Application Start!

2015/5/6 下午 08:35:09==> Errors Description:The specified cast from a materialized 'System.String' type to a nullable 'System.DateTime' type is not valid.Errors Location:   at System.Data.Entity.Core.Common.Internal.Materialization.Shaper.ErrorHandlingValueReader`1.GetValue(DbDataReader reader, Int32 ordinal)
   at System.Data.Entity.Core.Common.Internal.Materialization.Shaper.GetColumnValueWithErrorHandling[TColumn](Int32 ordinal)
   at lambda_method(Closure , Shaper )
   at System.Data.Entity.Core.Common.Internal.Materialization.Coordinator`1.ReadNextElement(Shaper shaper)
   at System.Data.Entity.Core.Common.Internal.Materialization.Shaper`1.SimpleEnumerator.MoveNext()
   at System.Data.Entity.Internal.LazyEnumerator`1.MoveNext()
   at System.Collections.Generic.List`1..ctor(IEnumerable`1 collection)
   at System.Linq.Enumerable.ToList[TSource](IEnumerable`1 source)
   at ePortal.Web.Controllers.AttendanceController.SendAllAnalyseNew() in c:\Users\sherry.wei\Desktop\ePortal\ePortal.Web\Controllers\AttendanceController.cs:line 428

2015/5/6 下午 08:35:45==> Errors Description:The specified cast from a materialized 'System.String' type to a nullable 'System.DateTime' type is not valid.Errors Location:   at System.Data.Entity.Core.Common.Internal.Materialization.Shaper.ErrorHandlingValueReader`1.GetValue(DbDataReader reader, Int32 ordinal)
   at System.Data.Entity.Core.Common.Internal.Materialization.Shaper.GetColumnValueWithErrorHandling[TColumn](Int32 ordinal)
   at lambda_method(Closure , Shaper )
   at System.Data.Entity.Core.Common.Internal.Materialization.Coordinator`1.ReadNextElement(Shaper shaper)
   at System.Data.Entity.Core.Common.Internal.Materialization.Shaper`1.SimpleEnumerator.MoveNext()
   at System.Data.Entity.Internal.LazyEnumerator`1.MoveNext()
   at System.Collections.Generic.List`1..ctor(IEnumerable`1 collection)
   at System.Linq.Enumerable.ToList[TSource](IEnumerable`1 source)
   at ePortal.Web.Controllers.AttendanceController.SendAllAnalyseNew() in c:\Users\sherry.wei\Desktop\ePortal\ePortal.Web\Controllers\AttendanceController.cs:line 428

2015/5/6 下午 08:36:28==> Errors Description:The specified cast from a materialized 'System.String' type to a nullable 'System.DateTime' type is not valid.Errors Location:   at System.Data.Entity.Core.Common.Internal.Materialization.Shaper.ErrorHandlingValueReader`1.GetValue(DbDataReader reader, Int32 ordinal)
   at System.Data.Entity.Core.Common.Internal.Materialization.Shaper.GetColumnValueWithErrorHandling[TColumn](Int32 ordinal)
   at lambda_method(Closure , Shaper )
   at System.Data.Entity.Core.Common.Internal.Materialization.Coordinator`1.ReadNextElement(Shaper shaper)
   at System.Data.Entity.Core.Common.Internal.Materialization.Shaper`1.SimpleEnumerator.MoveNext()
   at System.Data.Entity.Internal.LazyEnumerator`1.MoveNext()
   at System.Collections.Generic.List`1..ctor(IEnumerable`1 collection)
   at System.Linq.Enumerable.ToList[TSource](IEnumerable`1 source)
   at ePortal.Web.Controllers.AttendanceController.SendAllAnalyseNew() in c:\Users\sherry.wei\Desktop\ePortal\ePortal.Web\Controllers\AttendanceController.cs:line 428

2015/5/6 下午 08:37:14==> Errors Description:The specified cast from a materialized 'System.String' type to a nullable 'System.DateTime' type is not valid.Errors Location:   at System.Data.Entity.Core.Common.Internal.Materialization.Shaper.ErrorHandlingValueReader`1.GetValue(DbDataReader reader, Int32 ordinal)
   at System.Data.Entity.Core.Common.Internal.Materialization.Shaper.GetColumnValueWithErrorHandling[TColumn](Int32 ordinal)
   at lambda_method(Closure , Shaper )
   at System.Data.Entity.Core.Common.Internal.Materialization.Coordinator`1.ReadNextElement(Shaper shaper)
   at System.Data.Entity.Core.Common.Internal.Materialization.Shaper`1.SimpleEnumerator.MoveNext()
   at System.Data.Entity.Internal.LazyEnumerator`1.MoveNext()
   at System.Collections.Generic.List`1..ctor(IEnumerable`1 collection)
   at System.Linq.Enumerable.ToList[TSource](IEnumerable`1 source)
   at ePortal.Web.Controllers.AttendanceController.SendAllAnalyseNew() in c:\Users\sherry.wei\Desktop\ePortal\ePortal.Web\Controllers\AttendanceController.cs:line 428

2015/5/6 下午 08:39:16::2015-05-06 20:39:16:Application End!

