2015/4/14 上午 12:15:48::2015-04-14 00:15:48:Application End!

2015/4/14 上午 12:15:50::2015-04-14 00:15:50:Application Start!

2015/4/14 上午 12:36:51::2015-04-14 00:36:51:Application End!

2015/4/14 上午 12:36:59::2015-04-14 00:36:59:Application Start!

2015/4/14 上午 12:57:54::2015-04-14 00:57:54:Application End!

2015/4/14 上午 12:57:56::2015-04-14 00:57:56:Application Start!

2015/4/14 上午 01:18:57::2015-04-14 01:18:57:Application End!

2015/4/14 上午 01:18:58::2015-04-14 01:18:58:Application Start!

2015/4/14 上午 01:39:59::2015-04-14 01:39:59:Application End!

2015/4/14 上午 01:40:00::2015-04-14 01:40:00:Application Start!

2015/4/14 上午 02:01:01::2015-04-14 02:01:01:Application End!

2015/4/14 上午 02:01:03::2015-04-14 02:01:03:Application Start!

2015/4/14 上午 02:22:03::2015-04-14 02:22:03:Application End!

2015/4/14 上午 02:22:05::2015-04-14 02:22:05:Application Start!

2015/4/14 上午 02:43:05::2015-04-14 02:43:05:Application End!

2015/4/14 上午 02:43:07::2015-04-14 02:43:07:Application Start!

2015/4/14 上午 03:04:07::2015-04-14 03:04:07:Application End!

2015/4/14 上午 03:04:09::2015-04-14 03:04:09:Application Start!

2015/4/14 上午 03:25:09::2015-04-14 03:25:09:Application End!

2015/4/14 上午 03:25:11::2015-04-14 03:25:11:Application Start!

2015/4/14 上午 03:46:12::2015-04-14 03:46:12:Application End!

2015/4/14 上午 03:46:13::2015-04-14 03:46:13:Application Start!

2015/4/14 上午 04:07:14::2015-04-14 04:07:14:Application End!

2015/4/14 上午 04:07:16::2015-04-14 04:07:16:Application Start!

2015/4/14 上午 04:28:16::2015-04-14 04:28:16:Application End!

2015/4/14 上午 04:28:18::2015-04-14 04:28:18:Application Start!

2015/4/14 上午 04:49:18::2015-04-14 04:49:18:Application End!

2015/4/14 上午 04:49:20::2015-04-14 04:49:20:Application Start!

2015/4/14 上午 05:10:20::2015-04-14 05:10:20:Application End!

2015/4/14 上午 05:10:22::2015-04-14 05:10:22:Application Start!

2015/4/14 上午 05:31:22::2015-04-14 05:31:22:Application End!

2015/4/14 上午 05:31:24::2015-04-14 05:31:24:Application Start!

2015/4/14 上午 05:52:25::2015-04-14 05:52:25:Application End!

2015/4/14 上午 05:52:26::2015-04-14 05:52:26:Application Start!

2015/4/14 上午 06:13:27::2015-04-14 06:13:27:Application End!

2015/4/14 上午 06:13:28::2015-04-14 06:13:28:Application Start!

2015/4/14 上午 06:34:27::2015-04-14 06:34:27:Application End!

2015/4/14 上午 06:34:29::2015-04-14 06:34:29:Application Start!

2015/4/14 上午 06:55:29::2015-04-14 06:55:29:Application End!

2015/4/14 上午 06:55:31::2015-04-14 06:55:31:Application Start!

2015/4/14 上午 07:16:31::2015-04-14 07:16:31:Application End!

2015/4/14 上午 07:16:33::2015-04-14 07:16:33:Application Start!

2015/4/14 上午 07:37:33::2015-04-14 07:37:33:Application End!

2015/4/14 上午 07:37:35::2015-04-14 07:37:35:Application Start!

2015/4/14 上午 07:58:35::2015-04-14 07:58:35:Application End!

2015/4/14 上午 07:58:37::2015-04-14 07:58:37:Application Start!

2015/4/14 上午 08:19:37::2015-04-14 08:19:37:Application End!

2015/4/14 上午 08:19:39::2015-04-14 08:19:39:Application Start!

2015/4/14 上午 08:40:39::2015-04-14 08:40:39:Application End!

2015/4/14 上午 08:40:41::2015-04-14 08:40:41:Application Start!

2015/4/14 上午 09:01:14==> Operate Description:用戶登錄, Operate Model:用戶管理, Operate creater:test Operate Type:登錄

2015/4/14 上午 09:01:14==> Operate Description:用戶登錄, Operate Model:用戶管理, Operate creater:test Operate Type:登錄

2015/4/14 上午 09:26:41::2015-04-14 09:26:41:Application End!

2015/4/14 上午 09:26:43::2015-04-14 09:26:43:Application Start!

2015/4/14 上午 09:47:43::2015-04-14 09:47:43:Application End!

2015/4/14 上午 09:47:45::2015-04-14 09:47:45:Application Start!

2015/4/14 上午 10:08:45::2015-04-14 10:08:45:Application End!

2015/4/14 上午 10:08:48::2015-04-14 10:08:48:Application Start!

2015/4/14 上午 10:20:00::2015-04-14 10:20:00:AutoTask is Working!

2015/4/14 下午 01:05:43::自動執行計算門禁考勤異常報表:true

2015/4/14 下午 01:25:47::2015-04-14 13:25:47:Application End!

2015/4/14 下午 01:25:49::2015-04-14 13:25:49:Application Start!

2015/4/14 下午 01:46:49::2015-04-14 13:46:49:Application End!

2015/4/14 下午 01:46:51::2015-04-14 13:46:51:Application Start!

2015/4/14 下午 02:07:51::2015-04-14 14:07:51:Application End!

2015/4/14 下午 02:07:53::2015-04-14 14:07:53:Application Start!

2015/4/14 下午 02:28:53::2015-04-14 14:28:53:Application End!

2015/4/14 下午 02:28:55::2015-04-14 14:28:55:Application Start!

2015/4/14 下午 02:49:55::2015-04-14 14:49:55:Application End!

2015/4/14 下午 02:49:57::2015-04-14 14:49:57:Application Start!

2015/4/14 下午 03:10:57::2015-04-14 15:10:57:Application End!

2015/4/14 下午 03:10:59::2015-04-14 15:10:59:Application Start!

2015/4/14 下午 03:32:00::2015-04-14 15:32:00:Application End!

2015/4/14 下午 03:32:02::2015-04-14 15:32:02:Application Start!

2015/4/14 下午 03:53:03::2015-04-14 15:53:03:Application End!

2015/4/14 下午 03:53:05::2015-04-14 15:53:05:Application Start!

2015/4/14 下午 04:14:05::2015-04-14 16:14:05:Application End!

2015/4/14 下午 04:14:07::2015-04-14 16:14:07:Application Start!

2015/4/14 下午 04:35:07::2015-04-14 16:35:07:Application End!

2015/4/14 下午 04:35:09::2015-04-14 16:35:09:Application Start!

2015/4/14 下午 05:12:09::2015-04-14 17:12:09:Application End!

2015/4/14 下午 05:12:11::2015-04-14 17:12:11:Application Start!

2015/4/14 下午 05:33:12::2015-04-14 17:33:12:Application End!

2015/4/14 下午 05:33:16::2015-04-14 17:33:16:Application Start!

2015/4/14 下午 05:54:15::2015-04-14 17:54:15:Application End!

2015/4/14 下午 05:54:17::2015-04-14 17:54:17:Application Start!

2015/4/14 下午 06:15:17::2015-04-14 18:15:17:Application End!

2015/4/14 下午 06:15:19::2015-04-14 18:15:19:Application Start!

2015/4/14 下午 06:36:19::2015-04-14 18:36:19:Application End!

2015/4/14 下午 06:36:21::2015-04-14 18:36:21:Application Start!

2015/4/14 下午 06:57:21::2015-04-14 18:57:21:Application End!

2015/4/14 下午 06:57:23::2015-04-14 18:57:23:Application Start!

2015/4/14 下午 07:18:24::2015-04-14 19:18:24:Application End!

2015/4/14 下午 07:18:25::2015-04-14 19:18:25:Application Start!

2015/4/14 下午 07:39:26::2015-04-14 19:39:26:Application End!

2015/4/14 下午 07:39:27::2015-04-14 19:39:27:Application Start!

2015/4/14 下午 08:00:28::2015-04-14 20:00:28:Application End!

2015/4/14 下午 08:00:30::2015-04-14 20:00:30:Application Start!

2015/4/14 下午 08:21:30::2015-04-14 20:21:30:Application End!

2015/4/14 下午 08:21:32::2015-04-14 20:21:32:Application Start!

2015/4/14 下午 08:42:32::2015-04-14 20:42:32:Application End!

2015/4/14 下午 08:42:34::2015-04-14 20:42:34:Application Start!

2015/4/14 下午 09:03:34::2015-04-14 21:03:34:Application End!

2015/4/14 下午 09:03:36::2015-04-14 21:03:36:Application Start!

2015/4/14 下午 09:24:37::2015-04-14 21:24:37:Application End!

2015/4/14 下午 09:24:38::2015-04-14 21:24:38:Application Start!

2015/4/14 下午 09:45:39::2015-04-14 21:45:39:Application End!

2015/4/14 下午 09:45:41::2015-04-14 21:45:40:Application Start!

2015/4/14 下午 10:06:41::2015-04-14 22:06:41:Application End!

2015/4/14 下午 10:06:43::2015-04-14 22:06:43:Application Start!

2015/4/14 下午 10:27:43::2015-04-14 22:27:43:Application End!

2015/4/14 下午 10:27:45::2015-04-14 22:27:45:Application Start!

2015/4/14 下午 10:48:45::2015-04-14 22:48:45:Application End!

2015/4/14 下午 10:48:47::2015-04-14 22:48:47:Application Start!

2015/4/14 下午 11:09:47::2015-04-14 23:09:47:Application End!

2015/4/14 下午 11:09:49::2015-04-14 23:09:49:Application Start!

2015/4/14 下午 11:30:50::2015-04-14 23:30:50:Application End!

2015/4/14 下午 11:30:51::2015-04-14 23:30:51:Application Start!

2015/4/14 下午 11:51:52::2015-04-14 23:51:52:Application End!

2015/4/14 下午 11:51:54::2015-04-14 23:51:54:Application Start!

