2015/4/28 上午 12:19:12::2015-04-28 00:19:12:Application End!

2015/4/28 上午 12:19:14::2015-04-28 00:19:14:Application Start!

2015/4/28 上午 12:40:14::2015-04-28 00:40:14:Application End!

2015/4/28 上午 12:40:16::2015-04-28 00:40:16:Application Start!

2015/4/28 上午 01:01:16::2015-04-28 01:01:16:Application End!

2015/4/28 上午 01:01:18::2015-04-28 01:01:18:Application Start!

2015/4/28 上午 01:22:18::2015-04-28 01:22:18:Application End!

2015/4/28 上午 01:22:20::2015-04-28 01:22:20:Application Start!

2015/4/28 上午 01:43:20::2015-04-28 01:43:20:Application End!

2015/4/28 上午 01:43:22::2015-04-28 01:43:22:Application Start!

2015/4/28 上午 02:04:23::2015-04-28 02:04:23:Application End!

2015/4/28 上午 02:04:24::2015-04-28 02:04:24:Application Start!

2015/4/28 上午 02:25:25::2015-04-28 02:25:25:Application End!

2015/4/28 上午 02:25:26::2015-04-28 02:25:26:Application Start!

2015/4/28 上午 02:46:27::2015-04-28 02:46:27:Application End!

2015/4/28 上午 02:46:28::2015-04-28 02:46:28:Application Start!

2015/4/28 上午 03:07:29::2015-04-28 03:07:29:Application End!

2015/4/28 上午 03:07:30::2015-04-28 03:07:30:Application Start!

2015/4/28 上午 03:28:31::2015-04-28 03:28:31:Application End!

2015/4/28 上午 03:28:32::2015-04-28 03:28:32:Application Start!

2015/4/28 上午 03:49:33::2015-04-28 03:49:33:Application End!

2015/4/28 上午 03:49:34::2015-04-28 03:49:34:Application Start!

2015/4/28 上午 04:10:35::2015-04-28 04:10:35:Application End!

2015/4/28 上午 04:10:36::2015-04-28 04:10:36:Application Start!

2015/4/28 上午 04:31:37::2015-04-28 04:31:37:Application End!

2015/4/28 上午 04:31:38::2015-04-28 04:31:38:Application Start!

2015/4/28 上午 04:52:39::2015-04-28 04:52:39:Application End!

2015/4/28 上午 04:52:40::2015-04-28 04:52:40:Application Start!

2015/4/28 上午 05:13:41::2015-04-28 05:13:41:Application End!

2015/4/28 上午 05:13:42::2015-04-28 05:13:42:Application Start!

2015/4/28 上午 05:34:43::2015-04-28 05:34:43:Application End!

2015/4/28 上午 05:34:47::2015-04-28 05:34:47:Application Start!

2015/4/28 上午 05:55:46::2015-04-28 05:55:46:Application End!

2015/4/28 上午 05:55:48::2015-04-28 05:55:48:Application Start!

2015/4/28 上午 06:16:48::2015-04-28 06:16:48:Application End!

2015/4/28 上午 06:16:50::2015-04-28 06:16:50:Application Start!

2015/4/28 上午 06:37:50::2015-04-28 06:37:50:Application End!

2015/4/28 上午 06:37:52::2015-04-28 06:37:52:Application Start!

2015/4/28 上午 06:58:52::2015-04-28 06:58:52:Application End!

2015/4/28 上午 06:58:54::2015-04-28 06:58:54:Application Start!

2015/4/28 上午 07:19:55::2015-04-28 07:19:55:Application End!

2015/4/28 上午 07:20:00::2015-04-28 07:20:00:Application Start!

2015/4/28 上午 07:40:58::2015-04-28 07:40:58:Application End!

2015/4/28 上午 07:41:00::2015-04-28 07:41:00:Application Start!

2015/4/28 上午 08:02:01::2015-04-28 08:02:01:Application End!

2015/4/28 上午 08:02:02::2015-04-28 08:02:02:Application Start!

2015/4/28 上午 08:23:03::2015-04-28 08:23:03:Application End!

2015/4/28 上午 08:23:05::2015-04-28 08:23:05:Application Start!

2015/4/28 上午 08:44:05::2015-04-28 08:44:05:Application End!

2015/4/28 上午 08:44:07::2015-04-28 08:44:07:Application Start!

2015/4/28 上午 09:05:07::2015-04-28 09:05:07:Application End!

2015/4/28 上午 09:05:11::2015-04-28 09:05:11:Application Start!

2015/4/28 上午 09:26:10::2015-04-28 09:26:10:Application End!

2015/4/28 上午 09:26:12::2015-04-28 09:26:12:Application Start!

2015/4/28 上午 09:54:12::2015-04-28 09:54:12:Application End!

2015/4/28 上午 09:54:14::2015-04-28 09:54:14:Application Start!

2015/4/28 上午 10:20:00::2015-04-28 10:20:00:AutoTask is Working!

2015/4/28 下午 01:40:00==> Errors Description:作業逾時Errors Location:   於 System.Net.HttpWebRequest.GetResponse()
   於 ePortal.Web.Core.Job.AttendanceAnomalyJob.ExecuteJob() 於 e:\ePortal\ePortal.Web.Core\Job\AttendanceAnomalyJob.cs: 行 26

2015/4/28 下午 02:23:15::2015-04-28 14:23:15:Application End!

2015/4/28 下午 02:23:17::2015-04-28 14:23:17:Application Start!

2015/4/28 下午 02:44:17::2015-04-28 14:44:17:Application End!

2015/4/28 下午 02:44:19::2015-04-28 14:44:19:Application Start!

2015/4/28 下午 03:05:19::2015-04-28 15:05:19:Application End!

2015/4/28 下午 03:05:21::2015-04-28 15:05:21:Application Start!

2015/4/28 下午 03:26:21::2015-04-28 15:26:21:Application End!

2015/4/28 下午 03:26:23::2015-04-28 15:26:23:Application Start!

2015/4/28 下午 03:49:24::2015-04-28 15:49:24:Application End!

2015/4/28 下午 03:49:25::2015-04-28 15:49:25:Application Start!

2015/4/28 下午 04:10:26::2015-04-28 16:10:26:Application End!

2015/4/28 下午 04:10:28::2015-04-28 16:10:27:Application Start!

2015/4/28 下午 04:31:26::2015-04-28 16:31:26:Application End!

2015/4/28 下午 04:31:28::2015-04-28 16:31:28:Application Start!

2015/4/28 下午 04:59:28::2015-04-28 16:59:28:Application End!

2015/4/28 下午 04:59:30::2015-04-28 16:59:30:Application Start!

2015/4/28 下午 05:20:30::2015-04-28 17:20:30:Application End!

2015/4/28 下午 05:20:32::2015-04-28 17:20:32:Application Start!

2015/4/28 下午 05:41:33::2015-04-28 17:41:32:Application End!

2015/4/28 下午 05:41:34::2015-04-28 17:41:34:Application Start!

2015/4/28 下午 06:02:35::2015-04-28 18:02:35:Application End!

2015/4/28 下午 06:02:36::2015-04-28 18:02:36:Application Start!

2015/4/28 下午 06:23:37::2015-04-28 18:23:37:Application End!

2015/4/28 下午 06:23:38::2015-04-28 18:23:38:Application Start!

2015/4/28 下午 06:44:39::2015-04-28 18:44:39:Application End!

2015/4/28 下午 06:44:40::2015-04-28 18:44:40:Application Start!

2015/4/28 下午 07:05:41::2015-04-28 19:05:41:Application End!

2015/4/28 下午 07:05:42::2015-04-28 19:05:42:Application Start!

2015/4/28 下午 07:39:43::2015-04-28 19:39:43:Application End!

2015/4/28 下午 07:39:44::2015-04-28 19:39:44:Application Start!

2015/4/28 下午 08:00:45::2015-04-28 20:00:45:Application End!

2015/4/28 下午 08:00:47::2015-04-28 20:00:47:Application Start!

2015/4/28 下午 08:21:47::2015-04-28 20:21:47:Application End!

2015/4/28 下午 08:21:48::2015-04-28 20:21:48:Application Start!

2015/4/28 下午 08:42:49::2015-04-28 20:42:49:Application End!

2015/4/28 下午 08:42:51::2015-04-28 20:42:51:Application Start!

2015/4/28 下午 09:03:51::2015-04-28 21:03:51:Application End!

2015/4/28 下午 09:03:53::2015-04-28 21:03:53:Application Start!

2015/4/28 下午 09:44:53::2015-04-28 21:44:53:Application End!

2015/4/28 下午 09:44:55::2015-04-28 21:44:54:Application Start!

2015/4/28 下午 10:05:55::2015-04-28 22:05:55:Application End!

2015/4/28 下午 10:05:57::2015-04-28 22:05:57:Application Start!

2015/4/28 下午 10:26:57::2015-04-28 22:26:57:Application End!

2015/4/28 下午 10:26:59::2015-04-28 22:26:59:Application Start!

2015/4/28 下午 11:03:59::2015-04-28 23:03:59:Application End!

2015/4/28 下午 11:04:01::2015-04-28 23:04:01:Application Start!

2015/4/28 下午 11:25:01::2015-04-28 23:25:01:Application End!

2015/4/28 下午 11:25:03::2015-04-28 23:25:03:Application Start!

2015/4/28 下午 11:46:03::2015-04-28 23:46:03:Application End!

2015/4/28 下午 11:46:11::2015-04-28 23:46:11:Application Start!

