2015/2/18 上午 12:14:58::2015-02-18 00:14:58:Application End!

2015/2/18 上午 12:15:00::2015-02-18 00:15:00:Application Start!

2015/2/18 上午 12:36:00::2015-02-18 00:36:00:Application End!

2015/2/18 上午 12:36:02::2015-02-18 00:36:02:Application Start!

2015/2/18 上午 12:57:02::2015-02-18 00:57:02:Application End!

2015/2/18 上午 12:57:04::2015-02-18 00:57:04:Application Start!

2015/2/18 上午 01:18:04::2015-02-18 01:18:04:Application End!

2015/2/18 上午 01:18:06::2015-02-18 01:18:06:Application Start!

2015/2/18 上午 01:39:06::2015-02-18 01:39:06:Application End!

2015/2/18 上午 01:39:08::2015-02-18 01:39:08:Application Start!

2015/2/18 上午 02:00:08::2015-02-18 02:00:08:Application End!

2015/2/18 上午 02:00:10::2015-02-18 02:00:10:Application Start!

2015/2/18 上午 02:21:10::2015-02-18 02:21:10:Application End!

2015/2/18 上午 02:21:12::2015-02-18 02:21:12:Application Start!

2015/2/18 上午 02:42:13::2015-02-18 02:42:13:Application End!

2015/2/18 上午 02:42:14::2015-02-18 02:42:14:Application Start!

2015/2/18 上午 03:03:15::2015-02-18 03:03:15:Application End!

2015/2/18 上午 03:03:16::2015-02-18 03:03:16:Application Start!

2015/2/18 上午 03:24:17::2015-02-18 03:24:17:Application End!

2015/2/18 上午 03:24:18::2015-02-18 03:24:18:Application Start!

2015/2/18 上午 03:45:19::2015-02-18 03:45:19:Application End!

2015/2/18 上午 03:45:20::2015-02-18 03:45:20:Application Start!

2015/2/18 上午 04:06:21::2015-02-18 04:06:21:Application End!

2015/2/18 上午 04:06:22::2015-02-18 04:06:22:Application Start!

2015/2/18 上午 04:27:23::2015-02-18 04:27:23:Application End!

2015/2/18 上午 04:27:24::2015-02-18 04:27:24:Application Start!

2015/2/18 上午 04:48:25::2015-02-18 04:48:25:Application End!

2015/2/18 上午 04:48:26::2015-02-18 04:48:26:Application Start!

2015/2/18 上午 05:09:27::2015-02-18 05:09:27:Application End!

2015/2/18 上午 05:09:28::2015-02-18 05:09:28:Application Start!

2015/2/18 上午 05:30:29::2015-02-18 05:30:29:Application End!

2015/2/18 上午 05:30:30::2015-02-18 05:30:30:Application Start!

2015/2/18 上午 05:51:31::2015-02-18 05:51:31:Application End!

2015/2/18 上午 05:51:32::2015-02-18 05:51:32:Application Start!

2015/2/18 上午 06:12:33::2015-02-18 06:12:33:Application End!

2015/2/18 上午 06:12:35::2015-02-18 06:12:34:Application Start!

2015/2/18 上午 06:33:36::2015-02-18 06:33:36:Application End!

2015/2/18 上午 06:33:38::2015-02-18 06:33:38:Application Start!

2015/2/18 上午 06:54:38::2015-02-18 06:54:38:Application End!

2015/2/18 上午 06:54:40::2015-02-18 06:54:40:Application Start!

2015/2/18 上午 07:15:41::2015-02-18 07:15:41:Application End!

2015/2/18 上午 07:15:42::2015-02-18 07:15:42:Application Start!

2015/2/18 上午 07:36:43::2015-02-18 07:36:43:Application End!

2015/2/18 上午 07:36:44::2015-02-18 07:36:44:Application Start!

2015/2/18 上午 07:57:45::2015-02-18 07:57:45:Application End!

2015/2/18 上午 07:57:47::2015-02-18 07:57:47:Application Start!

2015/2/18 上午 08:18:47::2015-02-18 08:18:47:Application End!

2015/2/18 上午 08:18:49::2015-02-18 08:18:49:Application Start!

2015/2/18 上午 08:39:49::2015-02-18 08:39:49:Application End!

2015/2/18 上午 08:39:51::2015-02-18 08:39:51:Application Start!

2015/2/18 上午 09:00:51::2015-02-18 09:00:51:Application End!

2015/2/18 上午 09:00:53::2015-02-18 09:00:53:Application Start!

2015/2/18 上午 09:21:53::2015-02-18 09:21:53:Application End!

2015/2/18 上午 09:21:55::2015-02-18 09:21:55:Application Start!

2015/2/18 上午 09:42:56::2015-02-18 09:42:56:Application End!

2015/2/18 上午 09:42:57::2015-02-18 09:42:57:Application Start!

2015/2/18 上午 10:03:58::2015-02-18 10:03:58:Application End!

2015/2/18 上午 10:04:00::2015-02-18 10:03:59:Application Start!

2015/2/18 上午 10:20:00::2015-02-18 10:20:00:AutoTask is Working!

2015/2/18 下午 01:05:19::自動執行計算門禁考勤異常報表:true

2015/2/18 下午 01:26:00::2015-02-18 13:26:00:Application End!

2015/2/18 下午 01:26:02::2015-02-18 13:26:02:Application Start!

2015/2/18 下午 01:47:03::2015-02-18 13:47:03:Application End!

2015/2/18 下午 01:47:04::2015-02-18 13:47:04:Application Start!

2015/2/18 下午 02:08:05::2015-02-18 14:08:05:Application End!

2015/2/18 下午 02:08:06::2015-02-18 14:08:06:Application Start!

2015/2/18 下午 02:29:07::2015-02-18 14:29:07:Application End!

2015/2/18 下午 02:29:15::2015-02-18 14:29:15:Application Start!

2015/2/18 下午 02:50:11::2015-02-18 14:50:11:Application End!

2015/2/18 下午 02:50:13::2015-02-18 14:50:13:Application Start!

2015/2/18 下午 03:11:13::2015-02-18 15:11:13:Application End!

2015/2/18 下午 03:11:15::2015-02-18 15:11:15:Application Start!

2015/2/18 下午 03:32:15::2015-02-18 15:32:15:Application End!

2015/2/18 下午 03:32:17::2015-02-18 15:32:17:Application Start!

2015/2/18 下午 03:53:16::2015-02-18 15:53:16:Application End!

2015/2/18 下午 03:53:17::2015-02-18 15:53:17:Application Start!

2015/2/18 下午 04:14:18::2015-02-18 16:14:18:Application End!

2015/2/18 下午 04:14:19::2015-02-18 16:14:19:Application Start!

2015/2/18 下午 04:35:20::2015-02-18 16:35:20:Application End!

2015/2/18 下午 04:35:22::2015-02-18 16:35:22:Application Start!

2015/2/18 下午 04:56:22::2015-02-18 16:56:22:Application End!

2015/2/18 下午 04:56:24::2015-02-18 16:56:24:Application Start!

2015/2/18 下午 05:17:24::2015-02-18 17:17:24:Application End!

2015/2/18 下午 05:17:26::2015-02-18 17:17:26:Application Start!

2015/2/18 下午 05:38:26::2015-02-18 17:38:26:Application End!

2015/2/18 下午 05:38:28::2015-02-18 17:38:28:Application Start!

2015/2/18 下午 05:59:28::2015-02-18 17:59:28:Application End!

2015/2/18 下午 05:59:30::2015-02-18 17:59:30:Application Start!

2015/2/18 下午 06:20:30::2015-02-18 18:20:30:Application End!

2015/2/18 下午 06:20:32::2015-02-18 18:20:32:Application Start!

2015/2/18 下午 06:41:32::2015-02-18 18:41:32:Application End!

2015/2/18 下午 06:41:34::2015-02-18 18:41:34:Application Start!

2015/2/18 下午 07:02:34::2015-02-18 19:02:34:Application End!

2015/2/18 下午 07:02:36::2015-02-18 19:02:36:Application Start!

2015/2/18 下午 07:23:36::2015-02-18 19:23:36:Application End!

2015/2/18 下午 07:23:38::2015-02-18 19:23:38:Application Start!

2015/2/18 下午 07:44:38::2015-02-18 19:44:38:Application End!

2015/2/18 下午 07:44:40::2015-02-18 19:44:40:Application Start!

2015/2/18 下午 08:05:40::2015-02-18 20:05:40:Application End!

2015/2/18 下午 08:05:42::2015-02-18 20:05:42:Application Start!

2015/2/18 下午 08:26:42::2015-02-18 20:26:42:Application End!

2015/2/18 下午 08:26:44::2015-02-18 20:26:44:Application Start!

2015/2/18 下午 08:47:44::2015-02-18 20:47:44:Application End!

2015/2/18 下午 08:47:46::2015-02-18 20:47:46:Application Start!

2015/2/18 下午 09:08:46::2015-02-18 21:08:46:Application End!

2015/2/18 下午 09:08:48::2015-02-18 21:08:48:Application Start!

2015/2/18 下午 09:29:48::2015-02-18 21:29:48:Application End!

2015/2/18 下午 09:29:50::2015-02-18 21:29:50:Application Start!

2015/2/18 下午 09:50:50::2015-02-18 21:50:50:Application End!

2015/2/18 下午 09:50:52::2015-02-18 21:50:52:Application Start!

2015/2/18 下午 10:11:52::2015-02-18 22:11:52:Application End!

2015/2/18 下午 10:11:54::2015-02-18 22:11:54:Application Start!

2015/2/18 下午 10:32:54::2015-02-18 22:32:54:Application End!

2015/2/18 下午 10:32:56::2015-02-18 22:32:56:Application Start!

2015/2/18 下午 10:53:57::2015-02-18 22:53:56:Application End!

2015/2/18 下午 10:53:58::2015-02-18 22:53:58:Application Start!

2015/2/18 下午 11:14:59::2015-02-18 23:14:59:Application End!

2015/2/18 下午 11:15:00::2015-02-18 23:15:00:Application Start!

2015/2/18 下午 11:36:01::2015-02-18 23:36:01:Application End!

2015/2/18 下午 11:36:03::2015-02-18 23:36:03:Application Start!

2015/2/18 下午 11:57:03::2015-02-18 23:57:03:Application End!

2015/2/18 下午 11:57:04::2015-02-18 23:57:04:Application Start!

