2015/8/11 上午 03:44:35::2015-08-11 03:44:35:Application Start!

2015/8/11 上午 04:05:36::2015-08-11 04:05:36:Application End!

2015/8/11 上午 04:07:58::2015-08-11 04:07:58:Application Start!

2015/8/11 上午 04:28:58::2015-08-11 04:28:58:Application End!

2015/8/11 上午 04:45:10::2015-08-11 04:45:10:Application Start!

2015/8/11 上午 05:06:11::2015-08-11 05:06:11:Application End!

2015/8/11 上午 08:08:53::2015-08-11 08:08:53:Application Start!

2015/8/11 上午 08:29:53::2015-08-11 08:29:53:Application End!

2015/8/11 上午 08:59:26::2015-08-11 08:59:26:Application Start!

2015/8/11 上午 09:20:27::2015-08-11 09:20:27:Application End!

2015/8/11 上午 10:22:08::2015-08-11 10:22:08:Application Start!

2015/8/11 上午 10:43:08::2015-08-11 10:43:08:Application End!

2015/8/11 下午 12:06:38::2015-08-11 12:06:38:Application Start!

2015/8/11 下午 12:27:39::2015-08-11 12:27:39:Application End!

2015/8/11 下午 04:13:02::2015-08-11 16:13:02:Application Start!

2015/8/11 下午 04:13:15==> Operate Description:用戶登錄, Operate Model:用戶管理, Operate creater:test Operate Type:登錄

2015/8/11 下午 04:13:15==> Operate Description:用戶登錄, Operate Model:用戶管理, Operate creater:test Operate Type:登錄

2015/8/11 下午 04:13:16==> Operate Description:用戶登錄, Operate Model:用戶管理, Operate creater:test Operate Type:登錄

2015/8/11 下午 05:03:01::2015-08-11 17:03:01:Application End!

2015/8/11 下午 09:18:22::2015-08-11 21:18:22:Application Start!

2015/8/11 下午 09:39:22::2015-08-11 21:39:22:Application End!

2015/8/11 下午 10:06:55::2015-08-11 22:06:55:Application Start!

2015/8/11 下午 10:27:56::2015-08-11 22:27:56:Application End!

