2015/5/3 上午 12:20:25::2015-05-03 00:20:25:Application End!

2015/5/3 上午 12:20:27::2015-05-03 00:20:27:Application Start!

2015/5/3 上午 12:41:27::2015-05-03 00:41:27:Application End!

2015/5/3 上午 12:41:29::2015-05-03 00:41:29:Application Start!

2015/5/3 上午 01:04:29::2015-05-03 01:04:29:Application End!

2015/5/3 上午 01:04:31::2015-05-03 01:04:31:Application Start!

2015/5/3 上午 01:25:31::2015-05-03 01:25:31:Application End!

2015/5/3 上午 01:25:34::2015-05-03 01:25:34:Application Start!

2015/5/3 上午 01:46:34::2015-05-03 01:46:34:Application End!

2015/5/3 上午 01:46:36::2015-05-03 01:46:36:Application Start!

2015/5/3 上午 02:07:36::2015-05-03 02:07:36:Application End!

2015/5/3 上午 02:07:38::2015-05-03 02:07:38:Application Start!

2015/5/3 上午 02:42:38::2015-05-03 02:42:38:Application End!

2015/5/3 上午 02:42:40::2015-05-03 02:42:40:Application Start!

2015/5/3 上午 03:03:40::2015-05-03 03:03:40:Application End!

2015/5/3 上午 03:03:42::2015-05-03 03:03:42:Application Start!

2015/5/3 上午 03:24:42::2015-05-03 03:24:42:Application End!

2015/5/3 上午 03:24:44::2015-05-03 03:24:44:Application Start!

2015/5/3 上午 03:45:45::2015-05-03 03:45:45:Application End!

2015/5/3 上午 03:45:46::2015-05-03 03:45:46:Application Start!

2015/5/3 上午 04:06:47::2015-05-03 04:06:47:Application End!

2015/5/3 上午 04:06:49::2015-05-03 04:06:49:Application Start!

2015/5/3 上午 04:27:49::2015-05-03 04:27:49:Application End!

2015/5/3 上午 04:27:51::2015-05-03 04:27:51:Application Start!

2015/5/3 上午 04:48:51::2015-05-03 04:48:51:Application End!

2015/5/3 上午 04:48:53::2015-05-03 04:48:53:Application Start!

2015/5/3 上午 05:14:53::2015-05-03 05:14:53:Application End!

2015/5/3 上午 05:14:56::2015-05-03 05:14:56:Application Start!

2015/5/3 上午 05:45:54::2015-05-03 05:45:54:Application End!

2015/5/3 上午 05:45:56::2015-05-03 05:45:56:Application Start!

2015/5/3 上午 06:06:56::2015-05-03 06:06:56:Application End!

2015/5/3 上午 06:06:58::2015-05-03 06:06:58:Application Start!

2015/5/3 上午 06:27:58::2015-05-03 06:27:58:Application End!

2015/5/3 上午 06:28:00::2015-05-03 06:28:00:Application Start!

2015/5/3 上午 06:49:00::2015-05-03 06:49:00:Application End!

2015/5/3 上午 06:49:03::2015-05-03 06:49:03:Application Start!

2015/5/3 上午 07:10:02::2015-05-03 07:10:02:Application End!

2015/5/3 上午 07:10:05::2015-05-03 07:10:05:Application Start!

2015/5/3 上午 07:31:05::2015-05-03 07:31:05:Application End!

2015/5/3 上午 07:31:06::2015-05-03 07:31:06:Application Start!

2015/5/3 上午 07:52:07::2015-05-03 07:52:07:Application End!

2015/5/3 上午 07:52:08::2015-05-03 07:52:08:Application Start!

2015/5/3 上午 08:13:09::2015-05-03 08:13:09:Application End!

2015/5/3 上午 08:13:11::2015-05-03 08:13:10:Application Start!

2015/5/3 上午 08:34:11::2015-05-03 08:34:11:Application End!

2015/5/3 上午 08:34:13::2015-05-03 08:34:12:Application Start!

2015/5/3 上午 08:55:13::2015-05-03 08:55:13:Application End!

2015/5/3 上午 08:55:15::2015-05-03 08:55:15:Application Start!

2015/5/3 上午 09:16:15::2015-05-03 09:16:15:Application End!

2015/5/3 上午 09:16:17::2015-05-03 09:16:17:Application Start!

2015/5/3 上午 09:37:17::2015-05-03 09:37:17:Application End!

2015/5/3 上午 09:37:19::2015-05-03 09:37:19:Application Start!

2015/5/3 上午 09:58:19::2015-05-03 09:58:19:Application End!

2015/5/3 上午 09:58:21::2015-05-03 09:58:21:Application Start!

2015/5/3 上午 10:19:21::2015-05-03 10:19:21:Application End!

2015/5/3 上午 10:19:23::2015-05-03 10:19:23:Application Start!

2015/5/3 上午 10:20:00::2015-05-03 10:20:00:AutoTask is Working!

2015/5/3 下午 12:38:06::自動執行計算門禁考勤異常報表:true

2015/5/3 下午 12:58:23::2015-05-03 12:58:23:Application End!

2015/5/3 下午 12:58:26::2015-05-03 12:58:26:Application Start!

2015/5/3 下午 01:19:25::2015-05-03 13:19:25:Application End!

2015/5/3 下午 01:19:27::2015-05-03 13:19:27:Application Start!

2015/5/3 下午 01:40:27::2015-05-03 13:40:27:Application End!

2015/5/3 下午 01:40:29::2015-05-03 13:40:29:Application Start!

2015/5/3 下午 02:01:29::2015-05-03 14:01:29:Application End!

2015/5/3 下午 02:01:31::2015-05-03 14:01:31:Application Start!

2015/5/3 下午 02:22:31::2015-05-03 14:22:31:Application End!

2015/5/3 下午 02:22:33::2015-05-03 14:22:33:Application Start!

2015/5/3 下午 02:43:35::2015-05-03 14:43:35:Application End!

2015/5/3 下午 02:43:37::2015-05-03 14:43:37:Application Start!

2015/5/3 下午 03:04:37::2015-05-03 15:04:37:Application End!

2015/5/3 下午 03:04:39::2015-05-03 15:04:39:Application Start!

2015/5/3 下午 03:25:39::2015-05-03 15:25:39:Application End!

2015/5/3 下午 03:25:41::2015-05-03 15:25:41:Application Start!

2015/5/3 下午 03:46:42::2015-05-03 15:46:42:Application End!

2015/5/3 下午 03:46:43::2015-05-03 15:46:43:Application Start!

2015/5/3 下午 04:07:44::2015-05-03 16:07:44:Application End!

2015/5/3 下午 04:07:46::2015-05-03 16:07:46:Application Start!

2015/5/3 下午 04:28:46::2015-05-03 16:28:46:Application End!

2015/5/3 下午 04:28:48::2015-05-03 16:28:48:Application Start!

2015/5/3 下午 04:49:48::2015-05-03 16:49:48:Application End!

2015/5/3 下午 04:49:50::2015-05-03 16:49:50:Application Start!

2015/5/3 下午 05:10:50::2015-05-03 17:10:50:Application End!

2015/5/3 下午 05:10:52::2015-05-03 17:10:52:Application Start!

2015/5/3 下午 05:31:53::2015-05-03 17:31:53:Application End!

2015/5/3 下午 05:31:54::2015-05-03 17:31:54:Application Start!

2015/5/3 下午 05:52:55::2015-05-03 17:52:55:Application End!

2015/5/3 下午 05:52:56::2015-05-03 17:52:56:Application Start!

2015/5/3 下午 06:13:57::2015-05-03 18:13:57:Application End!

2015/5/3 下午 06:13:59::2015-05-03 18:13:59:Application Start!

2015/5/3 下午 06:34:59::2015-05-03 18:34:59:Application End!

2015/5/3 下午 06:35:01::2015-05-03 18:35:01:Application Start!

2015/5/3 下午 06:56:01::2015-05-03 18:56:01:Application End!

2015/5/3 下午 06:56:03::2015-05-03 18:56:03:Application Start!

2015/5/3 下午 07:17:04::2015-05-03 19:17:03:Application End!

2015/5/3 下午 07:17:05::2015-05-03 19:17:05:Application Start!

2015/5/3 下午 07:38:06::2015-05-03 19:38:06:Application End!

2015/5/3 下午 07:38:07::2015-05-03 19:38:07:Application Start!

2015/5/3 下午 07:59:08::2015-05-03 19:59:08:Application End!

2015/5/3 下午 07:59:10::2015-05-03 19:59:10:Application Start!

2015/5/3 下午 08:20:10::2015-05-03 20:20:10:Application End!

2015/5/3 下午 08:20:12::2015-05-03 20:20:12:Application Start!

2015/5/3 下午 08:41:12::2015-05-03 20:41:12:Application End!

2015/5/3 下午 08:41:14::2015-05-03 20:41:14:Application Start!

2015/5/3 下午 09:02:14::2015-05-03 21:02:14:Application End!

2015/5/3 下午 09:02:16::2015-05-03 21:02:16:Application Start!

2015/5/3 下午 09:23:17::2015-05-03 21:23:17:Application End!

2015/5/3 下午 09:23:18::2015-05-03 21:23:18:Application Start!

2015/5/3 下午 09:44:19::2015-05-03 21:44:19:Application End!

2015/5/3 下午 09:44:20::2015-05-03 21:44:20:Application Start!

2015/5/3 下午 10:05:21::2015-05-03 22:05:21:Application End!

2015/5/3 下午 10:05:23::2015-05-03 22:05:23:Application Start!

2015/5/3 下午 10:26:23::2015-05-03 22:26:23:Application End!

2015/5/3 下午 10:26:25::2015-05-03 22:26:25:Application Start!

2015/5/3 下午 10:47:25::2015-05-03 22:47:25:Application End!

2015/5/3 下午 10:47:27::2015-05-03 22:47:27:Application Start!

2015/5/3 下午 11:08:27::2015-05-03 23:08:27:Application End!

2015/5/3 下午 11:08:29::2015-05-03 23:08:29:Application Start!

2015/5/3 下午 11:29:30::2015-05-03 23:29:30:Application End!

2015/5/3 下午 11:29:31::2015-05-03 23:29:31:Application Start!

2015/5/3 下午 11:50:30::2015-05-03 23:50:30:Application End!

2015/5/3 下午 11:50:32::2015-05-03 23:50:32:Application Start!

