2015/11/25 上午 04:43:58::2015-11-25 04:43:58:Application Start!

2015/11/25 上午 05:06:59::2015-11-25 05:06:59:Application End!

2015/11/25 上午 05:55:30::2015-11-25 05:55:30:Application Start!

2015/11/25 上午 06:16:31::2015-11-25 06:16:31:Application End!

2015/11/25 上午 10:15:22::2015-11-25 10:15:22:Application Start!

2015/11/25 上午 10:36:23::2015-11-25 10:36:23:Application End!

2015/11/25 上午 11:26:16::2015-11-25 11:26:16:Application Start!

2015/11/25 上午 11:47:16::2015-11-25 11:47:16:Application End!

2015/11/25 下午 04:19:03::2015-11-25 16:19:03:Application Start!

2015/11/25 下午 04:19:51==> Operate Description:用戶登錄, Operate Model:用戶管理, Operate creater:test Operate Type:登錄

2015/11/25 下午 04:21:53==> Operate Description:用戶登錄, Operate Model:用戶管理, Operate creater:test Operate Type:登錄

2015/11/25 16:59:27::2015-11-25 16:59:27:Application Start!

2015/11/25 17:00:15==> Operate Description:用戶登錄, Operate Model:用戶管理, Operate creater:test Operate Type:登錄

2015/11/25 17:03:11::2015-11-25 17:03:11:Application End!

2015/11/25 17:03:32::2015-11-25 17:03:32:Application Start!

2015/11/25 17:09:50::2015-11-25 17:09:50:Application End!

2015/11/25 17:10:00::2015-11-25 17:10:00:Application Start!

2015/11/25 17:12:02::2015-11-25 17:12:02:Application End!

2015/11/25 17:13:59::2015-11-25 17:13:59:Application Start!

2015/11/25 17:19:18::2015-11-25 17:19:18:Application End!

2015/11/25 17:19:52::2015-11-25 17:19:52:Application Start!

2015/11/25 17:21:21::2015-11-25 17:21:21:Application End!

