2015/9/21 上午 12:34:12::2015-09-21 00:34:12:Application Start!

2015/9/21 上午 12:55:13::2015-09-21 00:55:13:Application End!

2015/9/21 上午 03:03:19::2015-09-21 03:03:19:Application Start!

2015/9/21 上午 03:26:20::2015-09-21 03:26:20:Application End!

2015/9/21 上午 08:00:45::2015-09-21 08:00:45:Application Start!

2015/9/21 上午 08:21:47::2015-09-21 08:21:47:Application End!

2015/9/21 上午 09:40:27::2015-09-21 09:40:27:Application Start!

2015/9/21 上午 10:02:27::2015-09-21 10:02:27:Application End!

2015/9/21 上午 11:34:10::2015-09-21 11:34:10:Application Start!

2015/9/21 上午 11:35:38==> Operate Description:用戶登錄, Operate Model:用戶管理, Operate creater:admin Operate Type:登錄

2015/9/21 上午 11:58:11::2015-09-21 11:58:11:Application End!

2015/9/21 下午 01:56:02::2015-09-21 13:56:02:Application Start!

2015/9/21 下午 02:29:03::2015-09-21 14:29:03:Application End!

2015/9/21 下午 02:59:16::2015-09-21 14:59:16:Application Start!

2015/9/21 下午 03:01:51==> Operate Description:用戶登錄, Operate Model:用戶管理, Operate creater:test Operate Type:登錄

2015/9/21 下午 03:23:16::2015-09-21 15:23:16:Application End!

2015/9/21 下午 03:38:50::2015-09-21 15:38:50:Application Start!

2015/9/21 下午 04:13:51::2015-09-21 16:13:51:Application End!

2015/9/21 下午 05:06:32::2015-09-21 17:06:32:Application Start!

2015/9/21 下午 05:27:31::2015-09-21 17:27:31:Application End!

2015/9/21 下午 09:42:12::2015-09-21 21:42:12:Application Start!

2015/9/21 下午 10:03:12::2015-09-21 22:03:12:Application End!

