2015/3/7 上午 12:16:15::2015-03-07 00:16:15:Application End!

2015/3/7 上午 12:16:17::2015-03-07 00:16:17:Application Start!

2015/3/7 上午 12:37:17::2015-03-07 00:37:17:Application End!

2015/3/7 上午 12:37:19::2015-03-07 00:37:19:Application Start!

2015/3/7 上午 12:58:19::2015-03-07 00:58:19:Application End!

2015/3/7 上午 12:58:21::2015-03-07 00:58:21:Application Start!

2015/3/7 上午 01:19:22::2015-03-07 01:19:22:Application End!

2015/3/7 上午 01:19:23::2015-03-07 01:19:23:Application Start!

2015/3/7 上午 01:40:24::2015-03-07 01:40:24:Application End!

2015/3/7 上午 01:40:25::2015-03-07 01:40:25:Application Start!

2015/3/7 上午 02:01:26::2015-03-07 02:01:26:Application End!

2015/3/7 上午 02:01:28::2015-03-07 02:01:28:Application Start!

2015/3/7 上午 02:22:28::2015-03-07 02:22:28:Application End!

2015/3/7 上午 02:22:30::2015-03-07 02:22:30:Application Start!

2015/3/7 上午 02:43:30::2015-03-07 02:43:30:Application End!

2015/3/7 上午 02:43:32::2015-03-07 02:43:32:Application Start!

2015/3/7 上午 03:04:32::2015-03-07 03:04:32:Application End!

2015/3/7 上午 03:04:34::2015-03-07 03:04:34:Application Start!

2015/3/7 上午 03:25:34::2015-03-07 03:25:34:Application End!

2015/3/7 上午 03:25:36::2015-03-07 03:25:36:Application Start!

2015/3/7 上午 03:46:37::2015-03-07 03:46:37:Application End!

2015/3/7 上午 03:46:38::2015-03-07 03:46:38:Application Start!

2015/3/7 上午 04:07:39::2015-03-07 04:07:39:Application End!

2015/3/7 上午 04:07:40::2015-03-07 04:07:40:Application Start!

2015/3/7 上午 04:28:41::2015-03-07 04:28:41:Application End!

2015/3/7 上午 04:28:43::2015-03-07 04:28:43:Application Start!

2015/3/7 上午 04:49:43::2015-03-07 04:49:43:Application End!

2015/3/7 上午 04:49:45::2015-03-07 04:49:45:Application Start!

2015/3/7 上午 05:10:45::2015-03-07 05:10:45:Application End!

2015/3/7 上午 05:10:47::2015-03-07 05:10:47:Application Start!

2015/3/7 上午 05:31:47::2015-03-07 05:31:47:Application End!

2015/3/7 上午 05:31:49::2015-03-07 05:31:49:Application Start!

2015/3/7 上午 05:52:50::2015-03-07 05:52:50:Application End!

2015/3/7 上午 05:52:52::2015-03-07 05:52:52:Application Start!

2015/3/7 上午 06:13:52::2015-03-07 06:13:52:Application End!

2015/3/7 上午 06:13:54::2015-03-07 06:13:54:Application Start!

2015/3/7 上午 06:34:54::2015-03-07 06:34:54:Application End!

2015/3/7 上午 06:34:56::2015-03-07 06:34:56:Application Start!

2015/3/7 上午 06:55:56::2015-03-07 06:55:56:Application End!

2015/3/7 上午 06:55:58::2015-03-07 06:55:58:Application Start!

2015/3/7 上午 07:16:58::2015-03-07 07:16:58:Application End!

2015/3/7 上午 07:17:00::2015-03-07 07:17:00:Application Start!

2015/3/7 上午 07:38:00::2015-03-07 07:38:00:Application End!

2015/3/7 上午 07:38:02::2015-03-07 07:38:02:Application Start!

2015/3/7 上午 07:59:03::2015-03-07 07:59:03:Application End!

2015/3/7 上午 07:59:04::2015-03-07 07:59:04:Application Start!

2015/3/7 上午 08:20:03::2015-03-07 08:20:03:Application End!

2015/3/7 上午 08:20:05::2015-03-07 08:20:05:Application Start!

2015/3/7 上午 08:41:05::2015-03-07 08:41:05:Application End!

2015/3/7 上午 08:41:07::2015-03-07 08:41:07:Application Start!

2015/3/7 上午 09:02:07::2015-03-07 09:02:07:Application End!

2015/3/7 上午 09:02:09::2015-03-07 09:02:09:Application Start!

2015/3/7 上午 09:23:09::2015-03-07 09:23:09:Application End!

2015/3/7 上午 09:23:11::2015-03-07 09:23:11:Application Start!

2015/3/7 上午 09:44:11::2015-03-07 09:44:11:Application End!

2015/3/7 上午 09:44:13::2015-03-07 09:44:13:Application Start!

2015/3/7 上午 10:05:13::2015-03-07 10:05:13:Application End!

2015/3/7 上午 10:05:15::2015-03-07 10:05:15:Application Start!

2015/3/7 上午 10:20:00::2015-03-07 10:20:00:AutoTask is Working!

2015/3/7 上午 11:53:03::自動執行計算門禁考勤異常報表:true

2015/3/7 下午 12:13:15::2015-03-07 12:13:15:Application End!

2015/3/7 下午 12:13:17::2015-03-07 12:13:17:Application Start!

2015/3/7 下午 12:34:17::2015-03-07 12:34:17:Application End!

2015/3/7 下午 12:34:19::2015-03-07 12:34:19:Application Start!

2015/3/7 下午 12:55:19::2015-03-07 12:55:19:Application End!

2015/3/7 下午 12:55:21::2015-03-07 12:55:21:Application Start!

2015/3/7 下午 01:16:21::2015-03-07 13:16:21:Application End!

2015/3/7 下午 01:16:23::2015-03-07 13:16:23:Application Start!

2015/3/7 下午 01:37:23::2015-03-07 13:37:23:Application End!

2015/3/7 下午 01:37:25::2015-03-07 13:37:25:Application Start!

2015/3/7 下午 01:58:25::2015-03-07 13:58:25:Application End!

2015/3/7 下午 01:58:27::2015-03-07 13:58:27:Application Start!

2015/3/7 下午 02:19:27::2015-03-07 14:19:27:Application End!

2015/3/7 下午 02:19:29::2015-03-07 14:19:29:Application Start!

2015/3/7 下午 02:40:29::2015-03-07 14:40:29:Application End!

2015/3/7 下午 02:40:31::2015-03-07 14:40:31:Application Start!

2015/3/7 下午 03:01:31::2015-03-07 15:01:31:Application End!

2015/3/7 下午 03:01:35::2015-03-07 15:01:35:Application Start!

2015/3/7 下午 03:33:34::2015-03-07 15:33:34:Application End!

2015/3/7 下午 03:33:36::2015-03-07 15:33:36:Application Start!

2015/3/7 下午 03:54:36::2015-03-07 15:54:36:Application End!

2015/3/7 下午 03:54:38::2015-03-07 15:54:38:Application Start!

2015/3/7 下午 04:15:38::2015-03-07 16:15:38:Application End!

2015/3/7 下午 04:15:40::2015-03-07 16:15:40:Application Start!

2015/3/7 下午 04:50:40::2015-03-07 16:50:40:Application End!

2015/3/7 下午 04:50:42::2015-03-07 16:50:42:Application Start!

2015/3/7 下午 05:11:42::2015-03-07 17:11:42:Application End!

2015/3/7 下午 05:11:44::2015-03-07 17:11:44:Application Start!

2015/3/7 下午 05:32:46::2015-03-07 17:32:46:Application End!

2015/3/7 下午 05:32:47::2015-03-07 17:32:47:Application Start!

2015/3/7 下午 05:53:48::2015-03-07 17:53:48:Application End!

2015/3/7 下午 05:53:50::2015-03-07 17:53:50:Application Start!

2015/3/7 下午 06:14:50::2015-03-07 18:14:50:Application End!

2015/3/7 下午 06:14:52::2015-03-07 18:14:52:Application Start!

2015/3/7 下午 06:35:52::2015-03-07 18:35:52:Application End!

2015/3/7 下午 06:35:59::2015-03-07 18:35:59:Application Start!

2015/3/7 下午 06:56:56::2015-03-07 18:56:56:Application End!

2015/3/7 下午 06:56:59::2015-03-07 18:56:59:Application Start!

2015/3/7 下午 07:17:59::2015-03-07 19:17:59:Application End!

2015/3/7 下午 07:18:00::2015-03-07 19:18:00:Application Start!

2015/3/7 下午 07:39:01::2015-03-07 19:39:01:Application End!

2015/3/7 下午 07:39:03::2015-03-07 19:39:03:Application Start!

2015/3/7 下午 08:00:03::2015-03-07 20:00:03:Application End!

2015/3/7 下午 08:00:05::2015-03-07 20:00:05:Application Start!

2015/3/7 下午 08:21:05::2015-03-07 20:21:05:Application End!

2015/3/7 下午 08:21:07::2015-03-07 20:21:07:Application Start!

2015/3/7 下午 08:42:07::2015-03-07 20:42:07:Application End!

2015/3/7 下午 08:42:09::2015-03-07 20:42:09:Application Start!

2015/3/7 下午 09:03:10::2015-03-07 21:03:09:Application End!

2015/3/7 下午 09:03:11::2015-03-07 21:03:11:Application Start!

2015/3/7 下午 09:24:12::2015-03-07 21:24:12:Application End!

2015/3/7 下午 09:24:13::2015-03-07 21:24:13:Application Start!

2015/3/7 下午 09:57:14::2015-03-07 21:57:14:Application End!

2015/3/7 下午 09:57:16::2015-03-07 21:57:16:Application Start!

2015/3/7 下午 10:18:16::2015-03-07 22:18:16:Application End!

2015/3/7 下午 10:18:18::2015-03-07 22:18:18:Application Start!

2015/3/7 下午 10:39:18::2015-03-07 22:39:18:Application End!

2015/3/7 下午 10:39:20::2015-03-07 22:39:20:Application Start!

2015/3/7 下午 11:00:20::2015-03-07 23:00:20:Application End!

2015/3/7 下午 11:00:22::2015-03-07 23:00:22:Application Start!

2015/3/7 下午 11:21:23::2015-03-07 23:21:23:Application End!

2015/3/7 下午 11:21:24::2015-03-07 23:21:24:Application Start!

2015/3/7 下午 11:42:25::2015-03-07 23:42:25:Application End!

2015/3/7 下午 11:42:27::2015-03-07 23:42:27:Application Start!

