2015/3/11 上午 12:13:57::2015-03-11 00:13:57:Application End!

2015/3/11 上午 12:13:59::2015-03-11 00:13:59:Application Start!

2015/3/11 上午 12:34:59::2015-03-11 00:34:59:Application End!

2015/3/11 上午 12:35:01::2015-03-11 00:35:01:Application Start!

2015/3/11 上午 12:56:01::2015-03-11 00:56:01:Application End!

2015/3/11 上午 12:56:03::2015-03-11 00:56:03:Application Start!

2015/3/11 上午 01:17:03::2015-03-11 01:17:03:Application End!

2015/3/11 上午 01:17:05::2015-03-11 01:17:05:Application Start!

2015/3/11 上午 01:38:05::2015-03-11 01:38:05:Application End!

2015/3/11 上午 01:38:07::2015-03-11 01:38:07:Application Start!

2015/3/11 上午 01:59:08::2015-03-11 01:59:08:Application End!

2015/3/11 上午 01:59:09::2015-03-11 01:59:09:Application Start!

2015/3/11 上午 02:20:10::2015-03-11 02:20:10:Application End!

2015/3/11 上午 02:20:12::2015-03-11 02:20:12:Application Start!

2015/3/11 上午 02:41:12::2015-03-11 02:41:12:Application End!

2015/3/11 上午 02:41:14::2015-03-11 02:41:14:Application Start!

2015/3/11 上午 03:02:14::2015-03-11 03:02:14:Application End!

2015/3/11 上午 03:02:16::2015-03-11 03:02:16:Application Start!

2015/3/11 上午 03:23:15::2015-03-11 03:23:15:Application End!

2015/3/11 上午 03:23:16::2015-03-11 03:23:16:Application Start!

2015/3/11 上午 03:44:17::2015-03-11 03:44:17:Application End!

2015/3/11 上午 03:44:18::2015-03-11 03:44:18:Application Start!

2015/3/11 上午 04:05:19::2015-03-11 04:05:19:Application End!

2015/3/11 上午 04:05:21::2015-03-11 04:05:20:Application Start!

2015/3/11 上午 04:26:21::2015-03-11 04:26:21:Application End!

2015/3/11 上午 04:26:23::2015-03-11 04:26:23:Application Start!

2015/3/11 上午 04:47:23::2015-03-11 04:47:23:Application End!

2015/3/11 上午 04:47:25::2015-03-11 04:47:25:Application Start!

2015/3/11 上午 05:08:25::2015-03-11 05:08:25:Application End!

2015/3/11 上午 05:08:27::2015-03-11 05:08:27:Application Start!

2015/3/11 上午 05:29:27::2015-03-11 05:29:27:Application End!

2015/3/11 上午 05:29:29::2015-03-11 05:29:29:Application Start!

2015/3/11 上午 05:50:29::2015-03-11 05:50:29:Application End!

2015/3/11 上午 05:50:31::2015-03-11 05:50:31:Application Start!

2015/3/11 上午 06:11:31::2015-03-11 06:11:31:Application End!

2015/3/11 上午 06:11:33::2015-03-11 06:11:33:Application Start!

2015/3/11 上午 06:32:33::2015-03-11 06:32:33:Application End!

2015/3/11 上午 06:32:35::2015-03-11 06:32:35:Application Start!

2015/3/11 上午 06:53:35::2015-03-11 06:53:35:Application End!

2015/3/11 上午 06:53:37::2015-03-11 06:53:37:Application Start!

2015/3/11 上午 07:14:37::2015-03-11 07:14:37:Application End!

2015/3/11 上午 07:14:39::2015-03-11 07:14:39:Application Start!

2015/3/11 上午 07:35:39::2015-03-11 07:35:39:Application End!

2015/3/11 上午 07:35:41::2015-03-11 07:35:41:Application Start!

2015/3/11 上午 07:56:41::2015-03-11 07:56:41:Application End!

2015/3/11 上午 07:56:43::2015-03-11 07:56:43:Application Start!

2015/3/11 上午 08:17:43::2015-03-11 08:17:43:Application End!

2015/3/11 上午 08:17:45::2015-03-11 08:17:45:Application Start!

2015/3/11 上午 08:38:45::2015-03-11 08:38:45:Application End!

2015/3/11 上午 08:38:47::2015-03-11 08:38:47:Application Start!

2015/3/11 上午 08:59:47::2015-03-11 08:59:47:Application End!

2015/3/11 上午 08:59:49::2015-03-11 08:59:49:Application Start!

2015/3/11 上午 09:20:49::2015-03-11 09:20:49:Application End!

2015/3/11 上午 09:20:51::2015-03-11 09:20:51:Application Start!

2015/3/11 上午 09:51:51::2015-03-11 09:51:51:Application End!

2015/3/11 上午 09:51:53::2015-03-11 09:51:53:Application Start!

2015/3/11 上午 10:12:53::2015-03-11 10:12:53:Application End!

2015/3/11 上午 10:12:55::2015-03-11 10:12:55:Application Start!

2015/3/11 上午 10:20:00::2015-03-11 10:20:00:AutoTask is Working!

2015/3/11 上午 11:57:34::自動執行計算門禁考勤異常報表:true

2015/3/11 下午 12:17:56::2015-03-11 12:17:56:Application End!

2015/3/11 下午 12:17:58::2015-03-11 12:17:58:Application Start!

2015/3/11 下午 12:38:59::2015-03-11 12:38:59:Application End!

2015/3/11 下午 12:39:00::2015-03-11 12:39:00:Application Start!

2015/3/11 下午 01:00:01::2015-03-11 13:00:01:Application End!

2015/3/11 下午 01:00:03::2015-03-11 13:00:03:Application Start!

2015/3/11 下午 01:21:03::2015-03-11 13:21:03:Application End!

2015/3/11 下午 01:21:05::2015-03-11 13:21:05:Application Start!

2015/3/11 下午 01:42:05::2015-03-11 13:42:05:Application End!

2015/3/11 下午 01:42:07::2015-03-11 13:42:07:Application Start!

2015/3/11 下午 02:03:07::2015-03-11 14:03:07:Application End!

2015/3/11 下午 02:03:09::2015-03-11 14:03:09:Application Start!

2015/3/11 下午 02:24:09::2015-03-11 14:24:09:Application End!

2015/3/11 下午 02:24:11::2015-03-11 14:24:11:Application Start!

2015/3/11 下午 02:45:12::2015-03-11 14:45:12:Application End!

2015/3/11 下午 02:45:13::2015-03-11 14:45:13:Application Start!

2015/3/11 下午 03:06:14::2015-03-11 15:06:14:Application End!

2015/3/11 下午 03:06:16::2015-03-11 15:06:16:Application Start!

2015/3/11 下午 03:32:16::2015-03-11 15:32:16:Application End!

2015/3/11 下午 03:32:18::2015-03-11 15:32:18:Application Start!

2015/3/11 下午 03:53:18::2015-03-11 15:53:18:Application End!

2015/3/11 下午 03:53:20::2015-03-11 15:53:20:Application Start!

2015/3/11 下午 04:14:20::2015-03-11 16:14:20:Application End!

2015/3/11 下午 04:14:22::2015-03-11 16:14:22:Application Start!

2015/3/11 下午 04:35:22::2015-03-11 16:35:22:Application End!

2015/3/11 下午 04:35:24::2015-03-11 16:35:24:Application Start!

2015/3/11 下午 04:56:25::2015-03-11 16:56:25:Application End!

2015/3/11 下午 04:56:26::2015-03-11 16:56:26:Application Start!

2015/3/11 下午 05:17:27::2015-03-11 17:17:27:Application End!

2015/3/11 下午 05:17:29::2015-03-11 17:17:29:Application Start!

2015/3/11 下午 05:38:29::2015-03-11 17:38:29:Application End!

2015/3/11 下午 05:38:31::2015-03-11 17:38:31:Application Start!

2015/3/11 下午 05:59:31::2015-03-11 17:59:31:Application End!

2015/3/11 下午 05:59:33::2015-03-11 17:59:33:Application Start!

2015/3/11 下午 06:20:33::2015-03-11 18:20:33:Application End!

2015/3/11 下午 06:20:35::2015-03-11 18:20:35:Application Start!

2015/3/11 下午 06:41:35::2015-03-11 18:41:35:Application End!

2015/3/11 下午 06:41:37::2015-03-11 18:41:37:Application Start!

2015/3/11 下午 07:02:38::2015-03-11 19:02:38:Application End!

2015/3/11 下午 07:02:39::2015-03-11 19:02:39:Application Start!

2015/3/11 下午 07:23:40::2015-03-11 19:23:40:Application End!

2015/3/11 下午 07:23:42::2015-03-11 19:23:42:Application Start!

2015/3/11 下午 07:44:42::2015-03-11 19:44:42:Application End!

2015/3/11 下午 07:44:44::2015-03-11 19:44:44:Application Start!

2015/3/11 下午 08:05:44::2015-03-11 20:05:44:Application End!

2015/3/11 下午 08:05:46::2015-03-11 20:05:46:Application Start!

2015/3/11 下午 08:26:46::2015-03-11 20:26:46:Application End!

2015/3/11 下午 08:26:48::2015-03-11 20:26:48:Application Start!

2015/3/11 下午 08:47:48::2015-03-11 20:47:48:Application End!

2015/3/11 下午 08:47:50::2015-03-11 20:47:50:Application Start!

2015/3/11 下午 09:08:51::2015-03-11 21:08:51:Application End!

2015/3/11 下午 09:08:52::2015-03-11 21:08:52:Application Start!

2015/3/11 下午 09:29:51::2015-03-11 21:29:51:Application End!

2015/3/11 下午 09:29:53::2015-03-11 21:29:53:Application Start!

2015/3/11 下午 09:50:53::2015-03-11 21:50:53:Application End!

2015/3/11 下午 09:50:55::2015-03-11 21:50:55:Application Start!

2015/3/11 下午 10:11:55::2015-03-11 22:11:55:Application End!

2015/3/11 下午 10:11:57::2015-03-11 22:11:57:Application Start!

2015/3/11 下午 10:32:57::2015-03-11 22:32:57:Application End!

2015/3/11 下午 10:32:59::2015-03-11 22:32:59:Application Start!

2015/3/11 下午 10:53:59::2015-03-11 22:53:59:Application End!

2015/3/11 下午 10:54:01::2015-03-11 22:54:01:Application Start!

2015/3/11 下午 11:15:01::2015-03-11 23:15:01:Application End!

2015/3/11 下午 11:15:03::2015-03-11 23:15:03:Application Start!

2015/3/11 下午 11:36:03::2015-03-11 23:36:03:Application End!

2015/3/11 下午 11:36:05::2015-03-11 23:36:05:Application Start!

