2015/2/1 上午 12:52:10::2015-02-01 00:52:10:Application End!

2015/2/1 上午 12:53:41::2015-02-01 00:53:41:Application Start!

2015/2/1 上午 03:07:41::2015-02-01 03:07:41:Application End!

2015/2/1 上午 03:09:12::2015-02-01 03:09:12:Application Start!

2015/2/1 上午 05:09:12::2015-02-01 05:09:12:Application End!

2015/2/1 上午 05:10:43::2015-02-01 05:10:43:Application Start!

2015/2/1 上午 07:10:43::2015-02-01 07:10:43:Application End!

2015/2/1 上午 07:12:16::2015-02-01 07:12:16:Application Start!

2015/2/1 上午 10:20:00::2015-02-01 10:20:00:AutoTask is Working!

2015/2/1 上午 11:55:58::自動執行計算門禁考勤異常報表:true

2015/2/1 下午 01:55:17::2015-02-01 13:55:17:Application End!

2015/2/1 下午 02:15:21::2015-02-01 14:15:21:Application Start!

2015/2/1 下午 04:15:48::2015-02-01 16:15:48:Application End!

2015/2/1 下午 04:17:18::2015-02-01 16:17:18:Application Start!

2015/2/1 下午 06:17:18::2015-02-01 18:17:18:Application End!

2015/2/1 下午 06:18:49::2015-02-01 18:18:49:Application Start!

2015/2/1 下午 08:18:49::2015-02-01 20:18:49:Application End!

2015/2/1 下午 08:20:20::2015-02-01 20:20:20:Application Start!

2015/2/1 下午 10:37:20::2015-02-01 22:37:20:Application End!

2015/2/1 下午 10:38:51::2015-02-01 22:38:51:Application Start!

