2015/4/3 上午 12:03:28::2015-04-03 00:03:28:Application End!

2015/4/3 上午 12:03:30::2015-04-03 00:03:30:Application Start!

2015/4/3 上午 12:24:30::2015-04-03 00:24:30:Application End!

2015/4/3 上午 12:24:32::2015-04-03 00:24:32:Application Start!

2015/4/3 上午 12:45:32::2015-04-03 00:45:32:Application End!

2015/4/3 上午 12:45:34::2015-04-03 00:45:34:Application Start!

2015/4/3 上午 01:06:34::2015-04-03 01:06:34:Application End!

2015/4/3 上午 01:06:36::2015-04-03 01:06:36:Application Start!

2015/4/3 上午 01:27:36::2015-04-03 01:27:36:Application End!

2015/4/3 上午 01:27:38::2015-04-03 01:27:38:Application Start!

2015/4/3 上午 01:54:38::2015-04-03 01:54:38:Application End!

2015/4/3 上午 01:54:40::2015-04-03 01:54:40:Application Start!

2015/4/3 上午 02:15:40::2015-04-03 02:15:40:Application End!

2015/4/3 上午 02:15:42::2015-04-03 02:15:42:Application Start!

2015/4/3 上午 02:36:42::2015-04-03 02:36:42:Application End!

2015/4/3 上午 02:36:44::2015-04-03 02:36:44:Application Start!

2015/4/3 上午 02:57:44::2015-04-03 02:57:44:Application End!

2015/4/3 上午 02:57:46::2015-04-03 02:57:46:Application Start!

2015/4/3 上午 03:18:46::2015-04-03 03:18:46:Application End!

2015/4/3 上午 03:18:48::2015-04-03 03:18:48:Application Start!

2015/4/3 上午 03:39:49::2015-04-03 03:39:49:Application End!

2015/4/3 上午 03:39:50::2015-04-03 03:39:50:Application Start!

2015/4/3 上午 04:00:51::2015-04-03 04:00:51:Application End!

2015/4/3 上午 04:00:53::2015-04-03 04:00:53:Application Start!

2015/4/3 上午 04:21:53::2015-04-03 04:21:53:Application End!

2015/4/3 上午 04:21:54::2015-04-03 04:21:54:Application Start!

2015/4/3 上午 05:00:55::2015-04-03 05:00:55:Application End!

2015/4/3 上午 05:00:56::2015-04-03 05:00:56:Application Start!

2015/4/3 上午 05:21:57::2015-04-03 05:21:57:Application End!

2015/4/3 上午 05:21:58::2015-04-03 05:21:58:Application Start!

2015/4/3 上午 05:42:59::2015-04-03 05:42:59:Application End!

2015/4/3 上午 05:43:00::2015-04-03 05:43:00:Application Start!

2015/4/3 上午 06:04:01::2015-04-03 06:04:01:Application End!

2015/4/3 上午 06:04:02::2015-04-03 06:04:02:Application Start!

2015/4/3 上午 06:25:03::2015-04-03 06:25:03:Application End!

2015/4/3 上午 06:25:05::2015-04-03 06:25:05:Application Start!

2015/4/3 上午 06:50:06::2015-04-03 06:50:06:Application End!

2015/4/3 上午 06:50:08::2015-04-03 06:50:08:Application Start!

2015/4/3 上午 07:11:08::2015-04-03 07:11:08:Application End!

2015/4/3 上午 07:11:10::2015-04-03 07:11:10:Application Start!

2015/4/3 上午 07:32:11::2015-04-03 07:32:11:Application End!

2015/4/3 上午 07:32:15::2015-04-03 07:32:15:Application Start!

2015/4/3 上午 07:53:14::2015-04-03 07:53:14:Application End!

2015/4/3 上午 07:53:15::2015-04-03 07:53:15:Application Start!

2015/4/3 上午 08:14:16::2015-04-03 08:14:16:Application End!

2015/4/3 上午 08:14:18::2015-04-03 08:14:18:Application Start!

2015/4/3 上午 08:35:18::2015-04-03 08:35:18:Application End!

2015/4/3 上午 08:35:20::2015-04-03 08:35:20:Application Start!

2015/4/3 上午 08:56:20::2015-04-03 08:56:20:Application End!

2015/4/3 上午 08:56:22::2015-04-03 08:56:22:Application Start!

2015/4/3 上午 09:41:22::2015-04-03 09:41:22:Application End!

2015/4/3 上午 09:41:24::2015-04-03 09:41:24:Application Start!

2015/4/3 上午 10:02:25::2015-04-03 10:02:25:Application End!

2015/4/3 上午 10:02:26::2015-04-03 10:02:26:Application Start!

2015/4/3 上午 10:20:00::2015-04-03 10:20:00:AutoTask is Working!

2015/4/3 下午 01:17:41::自動執行計算門禁考勤異常報表:true

2015/4/3 下午 01:38:27::2015-04-03 13:38:27:Application End!

2015/4/3 下午 01:38:30::2015-04-03 13:38:30:Application Start!

2015/4/3 下午 01:59:29::2015-04-03 13:59:29:Application End!

2015/4/3 下午 01:59:31::2015-04-03 13:59:31:Application Start!

2015/4/3 下午 02:20:32::2015-04-03 14:20:32:Application End!

2015/4/3 下午 02:20:33::2015-04-03 14:20:33:Application Start!

2015/4/3 下午 02:41:34::2015-04-03 14:41:34:Application End!

2015/4/3 下午 02:41:36::2015-04-03 14:41:36:Application Start!

2015/4/3 下午 03:02:36::2015-04-03 15:02:36:Application End!

2015/4/3 下午 03:02:38::2015-04-03 15:02:38:Application Start!

2015/4/3 下午 03:23:38::2015-04-03 15:23:38:Application End!

2015/4/3 下午 03:23:40::2015-04-03 15:23:40:Application Start!

2015/4/3 下午 03:44:39::2015-04-03 15:44:39:Application End!

2015/4/3 下午 03:44:41::2015-04-03 15:44:41:Application Start!

2015/4/3 下午 04:05:41::2015-04-03 16:05:41:Application End!

2015/4/3 下午 04:05:43::2015-04-03 16:05:43:Application Start!

2015/4/3 下午 04:42:43::2015-04-03 16:42:43:Application End!

2015/4/3 下午 04:42:45::2015-04-03 16:42:45:Application Start!

2015/4/3 下午 05:03:45::2015-04-03 17:03:45:Application End!

2015/4/3 下午 05:03:47::2015-04-03 17:03:47:Application Start!

2015/4/3 下午 05:24:47::2015-04-03 17:24:47:Application End!

2015/4/3 下午 05:24:49::2015-04-03 17:24:49:Application Start!

2015/4/3 下午 05:57:49::2015-04-03 17:57:49:Application End!

2015/4/3 下午 05:57:51::2015-04-03 17:57:51:Application Start!

2015/4/3 下午 06:18:51::2015-04-03 18:18:51:Application End!

2015/4/3 下午 06:18:53::2015-04-03 18:18:53:Application Start!

2015/4/3 下午 06:39:53::2015-04-03 18:39:53:Application End!

2015/4/3 下午 06:39:55::2015-04-03 18:39:55:Application Start!

2015/4/3 下午 07:00:55::2015-04-03 19:00:55:Application End!

2015/4/3 下午 07:00:57::2015-04-03 19:00:57:Application Start!

2015/4/3 下午 07:21:57::2015-04-03 19:21:57:Application End!

2015/4/3 下午 07:21:59::2015-04-03 19:21:59:Application Start!

2015/4/3 下午 07:42:59::2015-04-03 19:42:59:Application End!

2015/4/3 下午 07:43:01::2015-04-03 19:43:01:Application Start!

2015/4/3 下午 08:04:01::2015-04-03 20:04:01:Application End!

2015/4/3 下午 08:04:03::2015-04-03 20:04:03:Application Start!

2015/4/3 下午 08:25:03::2015-04-03 20:25:03:Application End!

2015/4/3 下午 08:25:05::2015-04-03 20:25:05:Application Start!

2015/4/3 下午 08:46:05::2015-04-03 20:46:05:Application End!

2015/4/3 下午 08:46:07::2015-04-03 20:46:07:Application Start!

2015/4/3 下午 09:07:07::2015-04-03 21:07:07:Application End!

2015/4/3 下午 09:07:09::2015-04-03 21:07:09:Application Start!

2015/4/3 下午 09:37:09::2015-04-03 21:37:09:Application End!

2015/4/3 下午 09:37:11::2015-04-03 21:37:11:Application Start!

2015/4/3 下午 09:58:11::2015-04-03 21:58:11:Application End!

2015/4/3 下午 09:58:19::2015-04-03 21:58:19:Application Start!

2015/4/3 下午 10:19:15::2015-04-03 22:19:15:Application End!

2015/4/3 下午 10:19:16::2015-04-03 22:19:16:Application Start!

2015/4/3 下午 10:40:17::2015-04-03 22:40:17:Application End!

2015/4/3 下午 10:40:19::2015-04-03 22:40:19:Application Start!

2015/4/3 下午 11:01:19::2015-04-03 23:01:19:Application End!

2015/4/3 下午 11:01:21::2015-04-03 23:01:21:Application Start!

2015/4/3 下午 11:22:21::2015-04-03 23:22:21:Application End!

2015/4/3 下午 11:22:23::2015-04-03 23:22:23:Application Start!

2015/4/3 下午 11:43:23::2015-04-03 23:43:23:Application End!

2015/4/3 下午 11:43:25::2015-04-03 23:43:25:Application Start!

