2015/4/22 上午 12:29:05::2015-04-22 00:29:05:Application End!

2015/4/22 上午 12:29:07::2015-04-22 00:29:07:Application Start!

2015/4/22 上午 12:50:07::2015-04-22 00:50:07:Application End!

2015/4/22 上午 12:50:09::2015-04-22 00:50:09:Application Start!

2015/4/22 上午 01:11:09::2015-04-22 01:11:09:Application End!

2015/4/22 上午 01:11:11::2015-04-22 01:11:11:Application Start!

2015/4/22 上午 01:32:11::2015-04-22 01:32:11:Application End!

2015/4/22 上午 01:32:13::2015-04-22 01:32:13:Application Start!

2015/4/22 上午 01:53:13::2015-04-22 01:53:13:Application End!

2015/4/22 上午 01:53:15::2015-04-22 01:53:15:Application Start!

2015/4/22 上午 02:14:15::2015-04-22 02:14:15:Application End!

2015/4/22 上午 02:14:17::2015-04-22 02:14:17:Application Start!

2015/4/22 上午 02:35:17::2015-04-22 02:35:17:Application End!

2015/4/22 上午 02:35:19::2015-04-22 02:35:19:Application Start!

2015/4/22 上午 02:56:19::2015-04-22 02:56:19:Application End!

2015/4/22 上午 02:56:21::2015-04-22 02:56:21:Application Start!

2015/4/22 上午 03:17:21::2015-04-22 03:17:21:Application End!

2015/4/22 上午 03:17:23::2015-04-22 03:17:23:Application Start!

2015/4/22 上午 03:38:23::2015-04-22 03:38:23:Application End!

2015/4/22 上午 03:38:25::2015-04-22 03:38:25:Application Start!

2015/4/22 上午 03:59:25::2015-04-22 03:59:25:Application End!

2015/4/22 上午 03:59:27::2015-04-22 03:59:27:Application Start!

2015/4/22 上午 04:20:27::2015-04-22 04:20:27:Application End!

2015/4/22 上午 04:20:29::2015-04-22 04:20:29:Application Start!

2015/4/22 上午 04:41:29::2015-04-22 04:41:29:Application End!

2015/4/22 上午 04:41:31::2015-04-22 04:41:31:Application Start!

2015/4/22 上午 05:02:31::2015-04-22 05:02:31:Application End!

2015/4/22 上午 05:02:33::2015-04-22 05:02:33:Application Start!

2015/4/22 上午 05:23:33::2015-04-22 05:23:33:Application End!

2015/4/22 上午 05:23:35::2015-04-22 05:23:35:Application Start!

2015/4/22 上午 05:44:37::2015-04-22 05:44:37:Application End!

2015/4/22 上午 05:44:38::2015-04-22 05:44:38:Application Start!

2015/4/22 上午 06:05:39::2015-04-22 06:05:39:Application End!

2015/4/22 上午 06:05:44::2015-04-22 06:05:44:Application Start!

2015/4/22 上午 06:26:42::2015-04-22 06:26:42:Application End!

2015/4/22 上午 06:26:45::2015-04-22 06:26:45:Application Start!

2015/4/22 上午 06:47:45::2015-04-22 06:47:45:Application End!

2015/4/22 上午 06:47:46::2015-04-22 06:47:46:Application Start!

2015/4/22 上午 07:08:47::2015-04-22 07:08:47:Application End!

2015/4/22 上午 07:08:49::2015-04-22 07:08:48:Application Start!

2015/4/22 上午 07:29:49::2015-04-22 07:29:49:Application End!

2015/4/22 上午 07:29:51::2015-04-22 07:29:51:Application Start!

2015/4/22 上午 07:50:51::2015-04-22 07:50:51:Application End!

2015/4/22 上午 07:50:53::2015-04-22 07:50:53:Application Start!

2015/4/22 上午 08:11:53::2015-04-22 08:11:53:Application End!

2015/4/22 上午 08:11:55::2015-04-22 08:11:55:Application Start!

2015/4/22 上午 08:32:55::2015-04-22 08:32:55:Application End!

2015/4/22 上午 08:32:57::2015-04-22 08:32:57:Application Start!

2015/4/22 上午 08:53:58::2015-04-22 08:53:58:Application End!

2015/4/22 上午 08:53:59::2015-04-22 08:53:59:Application Start!

2015/4/22 上午 09:15:00::2015-04-22 09:15:00:Application End!

2015/4/22 上午 09:15:01::2015-04-22 09:15:01:Application Start!

2015/4/22 上午 09:36:02::2015-04-22 09:36:02:Application End!

2015/4/22 上午 09:36:06::2015-04-22 09:36:06:Application Start!

2015/4/22 上午 09:57:05::2015-04-22 09:57:05:Application End!

2015/4/22 上午 09:57:07::2015-04-22 09:57:07:Application Start!

2015/4/22 上午 10:18:07::2015-04-22 10:18:07:Application End!

2015/4/22 上午 10:18:09::2015-04-22 10:18:09:Application Start!

2015/4/22 上午 10:20:00::2015-04-22 10:20:00:AutoTask is Working!

2015/4/22 下午 01:40:00==> Errors Description:作業逾時Errors Location:   於 System.Net.HttpWebRequest.GetResponse()
   於 ePortal.Web.Core.Job.AttendanceAnomalyJob.ExecuteJob() 於 e:\ePortal\ePortal.Web.Core\Job\AttendanceAnomalyJob.cs: 行 26

2015/4/22 下午 02:11:10::2015-04-22 14:11:10:Application End!

2015/4/22 下午 02:11:12::2015-04-22 14:11:12:Application Start!

2015/4/22 下午 02:32:12::2015-04-22 14:32:12:Application End!

2015/4/22 下午 02:32:14::2015-04-22 14:32:14:Application Start!

2015/4/22 下午 02:53:13::2015-04-22 14:53:13:Application End!

2015/4/22 下午 02:53:15::2015-04-22 14:53:15:Application Start!

2015/4/22 下午 03:14:15::2015-04-22 15:14:15:Application End!

2015/4/22 下午 03:14:23::2015-04-22 15:14:23:Application Start!

2015/4/22 下午 03:35:19::2015-04-22 15:35:19:Application End!

2015/4/22 下午 03:35:21::2015-04-22 15:35:21:Application Start!

2015/4/22 下午 03:56:21::2015-04-22 15:56:21:Application End!

2015/4/22 下午 03:56:23::2015-04-22 15:56:23:Application Start!

2015/4/22 下午 04:17:23::2015-04-22 16:17:23:Application End!

2015/4/22 下午 04:17:25::2015-04-22 16:17:25:Application Start!

2015/4/22 下午 04:38:25::2015-04-22 16:38:25:Application End!

2015/4/22 下午 04:38:27::2015-04-22 16:38:27:Application Start!

2015/4/22 下午 04:59:27::2015-04-22 16:59:27:Application End!

2015/4/22 下午 04:59:29::2015-04-22 16:59:29:Application Start!

2015/4/22 下午 05:20:29::2015-04-22 17:20:29:Application End!

2015/4/22 下午 05:20:31::2015-04-22 17:20:31:Application Start!

2015/4/22 下午 05:41:31::2015-04-22 17:41:31:Application End!

2015/4/22 下午 05:41:33::2015-04-22 17:41:33:Application Start!

2015/4/22 下午 06:02:33::2015-04-22 18:02:33:Application End!

2015/4/22 下午 06:02:35::2015-04-22 18:02:35:Application Start!

2015/4/22 下午 06:23:35::2015-04-22 18:23:35:Application End!

2015/4/22 下午 06:23:37::2015-04-22 18:23:37:Application Start!

2015/4/22 下午 06:44:37::2015-04-22 18:44:37:Application End!

2015/4/22 下午 06:44:39::2015-04-22 18:44:39:Application Start!

2015/4/22 下午 07:05:39::2015-04-22 19:05:39:Application End!

2015/4/22 下午 07:05:41::2015-04-22 19:05:41:Application Start!

2015/4/22 下午 07:26:41::2015-04-22 19:26:41:Application End!

2015/4/22 下午 07:26:43::2015-04-22 19:26:43:Application Start!

2015/4/22 下午 07:47:43::2015-04-22 19:47:43:Application End!

2015/4/22 下午 07:47:45::2015-04-22 19:47:45:Application Start!

2015/4/22 下午 08:08:45::2015-04-22 20:08:45:Application End!

2015/4/22 下午 08:08:47::2015-04-22 20:08:47:Application Start!

2015/4/22 下午 08:29:47::2015-04-22 20:29:47:Application End!

2015/4/22 下午 08:29:49::2015-04-22 20:29:49:Application Start!

2015/4/22 下午 08:50:49::2015-04-22 20:50:49:Application End!

2015/4/22 下午 08:50:51::2015-04-22 20:50:51:Application Start!

2015/4/22 下午 09:11:51::2015-04-22 21:11:51:Application End!

2015/4/22 下午 09:11:53::2015-04-22 21:11:53:Application Start!

2015/4/22 下午 09:32:54::2015-04-22 21:32:53:Application End!

2015/4/22 下午 09:32:55::2015-04-22 21:32:55:Application Start!

2015/4/22 下午 09:53:56::2015-04-22 21:53:56:Application End!

2015/4/22 下午 09:53:57::2015-04-22 21:53:57:Application Start!

2015/4/22 下午 10:22:58::2015-04-22 22:22:58:Application End!

2015/4/22 下午 10:22:59::2015-04-22 22:22:59:Application Start!

2015/4/22 下午 10:44:00::2015-04-22 22:44:00:Application End!

2015/4/22 下午 10:44:01::2015-04-22 22:44:01:Application Start!

2015/4/22 下午 11:05:02::2015-04-22 23:05:02:Application End!

2015/4/22 下午 11:05:03::2015-04-22 23:05:03:Application Start!

2015/4/22 下午 11:26:04::2015-04-22 23:26:04:Application End!

2015/4/22 下午 11:26:05::2015-04-22 23:26:05:Application Start!

2015/4/22 下午 11:47:07::2015-04-22 23:47:07:Application End!

2015/4/22 下午 11:47:08::2015-04-22 23:47:08:Application Start!

