2015/3/15 上午 12:11:28::2015-03-15 00:11:28:Application End!

2015/3/15 上午 12:11:29::2015-03-15 00:11:29:Application Start!

2015/3/15 上午 12:32:30::2015-03-15 00:32:30:Application End!

2015/3/15 上午 12:32:31::2015-03-15 00:32:31:Application Start!

2015/3/15 上午 12:53:32::2015-03-15 00:53:32:Application End!

2015/3/15 上午 12:53:33::2015-03-15 00:53:33:Application Start!

2015/3/15 上午 01:14:34::2015-03-15 01:14:34:Application End!

2015/3/15 上午 01:14:35::2015-03-15 01:14:35:Application Start!

2015/3/15 上午 01:35:36::2015-03-15 01:35:36:Application End!

2015/3/15 上午 01:35:37::2015-03-15 01:35:37:Application Start!

2015/3/15 上午 01:56:38::2015-03-15 01:56:38:Application End!

2015/3/15 上午 01:56:39::2015-03-15 01:56:39:Application Start!

2015/3/15 上午 02:17:40::2015-03-15 02:17:40:Application End!

2015/3/15 上午 02:17:41::2015-03-15 02:17:41:Application Start!

2015/3/15 上午 02:38:42::2015-03-15 02:38:42:Application End!

2015/3/15 上午 02:38:43::2015-03-15 02:38:43:Application Start!

2015/3/15 上午 02:59:44::2015-03-15 02:59:44:Application End!

2015/3/15 上午 02:59:46::2015-03-15 02:59:46:Application Start!

2015/3/15 上午 03:20:46::2015-03-15 03:20:46:Application End!

2015/3/15 上午 03:20:48::2015-03-15 03:20:48:Application Start!

2015/3/15 上午 03:41:48::2015-03-15 03:41:48:Application End!

2015/3/15 上午 03:41:50::2015-03-15 03:41:50:Application Start!

2015/3/15 上午 04:02:50::2015-03-15 04:02:50:Application End!

2015/3/15 上午 04:02:52::2015-03-15 04:02:52:Application Start!

2015/3/15 上午 04:23:52::2015-03-15 04:23:52:Application End!

2015/3/15 上午 04:23:54::2015-03-15 04:23:54:Application Start!

2015/3/15 上午 04:44:54::2015-03-15 04:44:54:Application End!

2015/3/15 上午 04:44:56::2015-03-15 04:44:56:Application Start!

2015/3/15 上午 05:05:56::2015-03-15 05:05:56:Application End!

2015/3/15 上午 05:05:58::2015-03-15 05:05:58:Application Start!

2015/3/15 上午 05:26:58::2015-03-15 05:26:58:Application End!

2015/3/15 上午 05:27:00::2015-03-15 05:27:00:Application Start!

2015/3/15 上午 05:48:00::2015-03-15 05:48:00:Application End!

2015/3/15 上午 05:48:02::2015-03-15 05:48:02:Application Start!

2015/3/15 上午 06:09:02::2015-03-15 06:09:02:Application End!

2015/3/15 上午 06:09:04::2015-03-15 06:09:04:Application Start!

2015/3/15 上午 06:48:03::2015-03-15 06:48:03:Application End!

2015/3/15 上午 06:48:05::2015-03-15 06:48:05:Application Start!

2015/3/15 上午 07:09:05::2015-03-15 07:09:05:Application End!

2015/3/15 上午 07:09:07::2015-03-15 07:09:07:Application Start!

2015/3/15 上午 07:30:09::2015-03-15 07:30:09:Application End!

2015/3/15 上午 07:30:17::2015-03-15 07:30:17:Application Start!

2015/3/15 上午 07:51:13::2015-03-15 07:51:13:Application End!

2015/3/15 上午 07:51:17::2015-03-15 07:51:17:Application Start!

2015/3/15 上午 08:12:16::2015-03-15 08:12:16:Application End!

2015/3/15 上午 08:12:17::2015-03-15 08:12:17:Application Start!

2015/3/15 上午 08:33:18::2015-03-15 08:33:18:Application End!

2015/3/15 上午 08:33:19::2015-03-15 08:33:19:Application Start!

2015/3/15 上午 08:54:20::2015-03-15 08:54:20:Application End!

2015/3/15 上午 08:54:22::2015-03-15 08:54:22:Application Start!

2015/3/15 上午 09:28:22::2015-03-15 09:28:22:Application End!

2015/3/15 上午 09:28:24::2015-03-15 09:28:24:Application Start!

2015/3/15 上午 09:49:24::2015-03-15 09:49:24:Application End!

2015/3/15 上午 09:49:26::2015-03-15 09:49:26:Application Start!

2015/3/15 上午 10:10:26::2015-03-15 10:10:26:Application End!

2015/3/15 上午 10:10:28::2015-03-15 10:10:28:Application Start!

2015/3/15 上午 10:20:00::2015-03-15 10:20:00:AutoTask is Working!

2015/3/15 下午 12:10:58::自動執行計算門禁考勤異常報表:true

2015/3/15 下午 12:31:29::2015-03-15 12:31:29:Application End!

2015/3/15 下午 12:31:34::2015-03-15 12:31:34:Application Start!

2015/3/15 下午 12:52:32::2015-03-15 12:52:32:Application End!

2015/3/15 下午 12:52:36::2015-03-15 12:52:36:Application Start!

2015/3/15 下午 01:13:35::2015-03-15 13:13:35:Application End!

2015/3/15 下午 01:13:39::2015-03-15 13:13:39:Application Start!

2015/3/15 下午 01:34:38::2015-03-15 13:34:38:Application End!

2015/3/15 下午 01:34:42::2015-03-15 13:34:42:Application Start!

2015/3/15 下午 01:55:41::2015-03-15 13:55:41:Application End!

2015/3/15 下午 01:55:46::2015-03-15 13:55:45:Application Start!

2015/3/15 下午 02:16:45::2015-03-15 14:16:45:Application End!

2015/3/15 下午 02:16:50::2015-03-15 14:16:50:Application Start!

2015/3/15 下午 02:37:48::2015-03-15 14:37:48:Application End!

2015/3/15 下午 02:37:50::2015-03-15 14:37:50:Application Start!

2015/3/15 下午 02:58:50::2015-03-15 14:58:50:Application End!

2015/3/15 下午 02:58:55::2015-03-15 14:58:55:Application Start!

2015/3/15 下午 03:19:54::2015-03-15 15:19:53:Application End!

2015/3/15 下午 03:19:57::2015-03-15 15:19:57:Application Start!

2015/3/15 下午 03:40:56::2015-03-15 15:40:56:Application End!

2015/3/15 下午 03:40:58::2015-03-15 15:40:58:Application Start!

2015/3/15 下午 04:02:58::2015-03-15 16:02:58:Application End!

2015/3/15 下午 04:03:00::2015-03-15 16:03:00:Application Start!

2015/3/15 下午 04:24:00::2015-03-15 16:24:00:Application End!

2015/3/15 下午 04:24:02::2015-03-15 16:24:02:Application Start!

2015/3/15 下午 05:00:01::2015-03-15 17:00:01:Application End!

2015/3/15 下午 05:00:03::2015-03-15 17:00:03:Application Start!

2015/3/15 下午 05:21:03::2015-03-15 17:21:03:Application End!

2015/3/15 下午 05:21:05::2015-03-15 17:21:05:Application Start!

2015/3/15 下午 05:42:05::2015-03-15 17:42:05:Application End!

2015/3/15 下午 05:42:07::2015-03-15 17:42:07:Application Start!

2015/3/15 下午 06:03:07::2015-03-15 18:03:07:Application End!

2015/3/15 下午 06:03:09::2015-03-15 18:03:09:Application Start!

2015/3/15 下午 06:24:09::2015-03-15 18:24:09:Application End!

2015/3/15 下午 06:24:11::2015-03-15 18:24:11:Application Start!

2015/3/15 下午 06:45:11::2015-03-15 18:45:11:Application End!

2015/3/15 下午 06:45:13::2015-03-15 18:45:13:Application Start!

2015/3/15 下午 07:06:13::2015-03-15 19:06:13:Application End!

2015/3/15 下午 07:06:15::2015-03-15 19:06:15:Application Start!

2015/3/15 下午 07:27:15::2015-03-15 19:27:15:Application End!

2015/3/15 下午 07:27:17::2015-03-15 19:27:17:Application Start!

2015/3/15 下午 07:48:18::2015-03-15 19:48:18:Application End!

2015/3/15 下午 07:48:19::2015-03-15 19:48:19:Application Start!

2015/3/15 下午 08:09:20::2015-03-15 20:09:20:Application End!

2015/3/15 下午 08:09:21::2015-03-15 20:09:21:Application Start!

2015/3/15 下午 08:30:22::2015-03-15 20:30:22:Application End!

2015/3/15 下午 08:30:23::2015-03-15 20:30:23:Application Start!

2015/3/15 下午 08:51:24::2015-03-15 20:51:24:Application End!

2015/3/15 下午 08:51:26::2015-03-15 20:51:26:Application Start!

2015/3/15 下午 09:12:26::2015-03-15 21:12:26:Application End!

2015/3/15 下午 09:12:28::2015-03-15 21:12:28:Application Start!

2015/3/15 下午 09:33:28::2015-03-15 21:33:28:Application End!

2015/3/15 下午 09:33:30::2015-03-15 21:33:30:Application Start!

2015/3/15 下午 09:54:30::2015-03-15 21:54:30:Application End!

2015/3/15 下午 09:54:32::2015-03-15 21:54:32:Application Start!

2015/3/15 下午 10:15:32::2015-03-15 22:15:32:Application End!

2015/3/15 下午 10:15:34::2015-03-15 22:15:34:Application Start!

2015/3/15 下午 10:36:34::2015-03-15 22:36:34:Application End!

2015/3/15 下午 10:36:36::2015-03-15 22:36:36:Application Start!

2015/3/15 下午 10:57:36::2015-03-15 22:57:36:Application End!

2015/3/15 下午 10:57:38::2015-03-15 22:57:38:Application Start!

2015/3/15 下午 11:18:38::2015-03-15 23:18:38:Application End!

2015/3/15 下午 11:18:40::2015-03-15 23:18:40:Application Start!

2015/3/15 下午 11:39:40::2015-03-15 23:39:40:Application End!

2015/3/15 下午 11:39:42::2015-03-15 23:39:42:Application Start!

