2015/2/26 上午 12:01:35::2015-02-26 00:01:35:Application End!

2015/2/26 上午 12:01:36::2015-02-26 00:01:36:Application Start!

2015/2/26 上午 12:22:37::2015-02-26 00:22:37:Application End!

2015/2/26 上午 12:22:39::2015-02-26 00:22:38:Application Start!

2015/2/26 上午 12:59:39::2015-02-26 00:59:39:Application End!

2015/2/26 上午 12:59:41::2015-02-26 00:59:41:Application Start!

2015/2/26 上午 01:20:41::2015-02-26 01:20:41:Application End!

2015/2/26 上午 01:20:43::2015-02-26 01:20:43:Application Start!

2015/2/26 上午 01:41:43::2015-02-26 01:41:43:Application End!

2015/2/26 上午 01:41:45::2015-02-26 01:41:45:Application Start!

2015/2/26 上午 02:02:45::2015-02-26 02:02:45:Application End!

2015/2/26 上午 02:02:47::2015-02-26 02:02:47:Application Start!

2015/2/26 上午 02:23:48::2015-02-26 02:23:48:Application End!

2015/2/26 上午 02:23:49::2015-02-26 02:23:49:Application Start!

2015/2/26 上午 02:44:50::2015-02-26 02:44:50:Application End!

2015/2/26 上午 02:44:51::2015-02-26 02:44:51:Application Start!

2015/2/26 上午 03:05:52::2015-02-26 03:05:52:Application End!

2015/2/26 上午 03:05:54::2015-02-26 03:05:54:Application Start!

2015/2/26 上午 03:26:54::2015-02-26 03:26:54:Application End!

2015/2/26 上午 03:26:56::2015-02-26 03:26:56:Application Start!

2015/2/26 上午 03:47:56::2015-02-26 03:47:56:Application End!

2015/2/26 上午 03:47:58::2015-02-26 03:47:58:Application Start!

2015/2/26 上午 04:14:58::2015-02-26 04:14:58:Application End!

2015/2/26 上午 04:15:00::2015-02-26 04:15:00:Application Start!

2015/2/26 上午 04:36:01::2015-02-26 04:36:01:Application End!

2015/2/26 上午 04:36:02::2015-02-26 04:36:02:Application Start!

2015/2/26 上午 04:57:03::2015-02-26 04:57:03:Application End!

2015/2/26 上午 04:57:05::2015-02-26 04:57:05:Application Start!

2015/2/26 上午 05:18:05::2015-02-26 05:18:05:Application End!

2015/2/26 上午 05:18:07::2015-02-26 05:18:07:Application Start!

2015/2/26 上午 05:39:07::2015-02-26 05:39:07:Application End!

2015/2/26 上午 05:39:08::2015-02-26 05:39:08:Application Start!

2015/2/26 上午 06:00:08::2015-02-26 06:00:08:Application End!

2015/2/26 上午 06:00:09::2015-02-26 06:00:09:Application Start!

2015/2/26 上午 06:21:10::2015-02-26 06:21:10:Application End!

2015/2/26 上午 06:21:11::2015-02-26 06:21:11:Application Start!

2015/2/26 上午 06:42:12::2015-02-26 06:42:12:Application End!

2015/2/26 上午 06:42:13::2015-02-26 06:42:13:Application Start!

2015/2/26 上午 07:03:14::2015-02-26 07:03:14:Application End!

2015/2/26 上午 07:03:15::2015-02-26 07:03:15:Application Start!

2015/2/26 上午 07:24:16::2015-02-26 07:24:16:Application End!

2015/2/26 上午 07:24:18::2015-02-26 07:24:18:Application Start!

2015/2/26 上午 07:45:18::2015-02-26 07:45:18:Application End!

2015/2/26 上午 07:45:20::2015-02-26 07:45:20:Application Start!

2015/2/26 上午 08:06:20::2015-02-26 08:06:20:Application End!

2015/2/26 上午 08:06:22::2015-02-26 08:06:22:Application Start!

2015/2/26 上午 08:27:22::2015-02-26 08:27:22:Application End!

2015/2/26 上午 08:27:24::2015-02-26 08:27:24:Application Start!

2015/2/26 上午 08:48:24::2015-02-26 08:48:24:Application End!

2015/2/26 上午 08:48:26::2015-02-26 08:48:26:Application Start!

2015/2/26 上午 09:09:26::2015-02-26 09:09:26:Application End!

2015/2/26 上午 09:09:28::2015-02-26 09:09:28:Application Start!

2015/2/26 上午 09:30:28::2015-02-26 09:30:28:Application End!

2015/2/26 上午 09:30:30::2015-02-26 09:30:30:Application Start!

2015/2/26 上午 09:51:30::2015-02-26 09:51:30:Application End!

2015/2/26 上午 09:51:32::2015-02-26 09:51:32:Application Start!

2015/2/26 上午 10:12:32::2015-02-26 10:12:32:Application End!

2015/2/26 上午 10:12:34::2015-02-26 10:12:34:Application Start!

2015/2/26 上午 10:20:00::2015-02-26 10:20:00:AutoTask is Working!

2015/2/26 下午 01:11:03::自動執行計算門禁考勤異常報表:true

2015/2/26 下午 01:31:33::2015-02-26 13:31:33:Application End!

2015/2/26 下午 01:31:35::2015-02-26 13:31:35:Application Start!

2015/2/26 下午 01:52:35::2015-02-26 13:52:35:Application End!

2015/2/26 下午 01:52:37::2015-02-26 13:52:37:Application Start!

2015/2/26 下午 02:13:37::2015-02-26 14:13:37:Application End!

2015/2/26 下午 02:13:39::2015-02-26 14:13:39:Application Start!

2015/2/26 下午 02:34:40::2015-02-26 14:34:40:Application End!

2015/2/26 下午 02:34:41::2015-02-26 14:34:41:Application Start!

2015/2/26 下午 02:55:43::2015-02-26 14:55:43:Application End!

2015/2/26 下午 02:55:45::2015-02-26 14:55:45:Application Start!

2015/2/26 下午 03:16:45::2015-02-26 15:16:45:Application End!

2015/2/26 下午 03:16:47::2015-02-26 15:16:47:Application Start!

2015/2/26 下午 03:37:47::2015-02-26 15:37:47:Application End!

2015/2/26 下午 03:37:49::2015-02-26 15:37:49:Application Start!

2015/2/26 下午 03:58:50::2015-02-26 15:58:50:Application End!

2015/2/26 下午 03:58:51::2015-02-26 15:58:51:Application Start!

2015/2/26 下午 04:19:52::2015-02-26 16:19:52:Application End!

2015/2/26 下午 04:19:54::2015-02-26 16:19:54:Application Start!

2015/2/26 下午 04:40:54::2015-02-26 16:40:54:Application End!

2015/2/26 下午 04:40:56::2015-02-26 16:40:56:Application Start!

2015/2/26 下午 05:01:56::2015-02-26 17:01:56:Application End!

2015/2/26 下午 05:01:58::2015-02-26 17:01:58:Application Start!

2015/2/26 下午 05:29:58::2015-02-26 17:29:58:Application End!

2015/2/26 下午 05:30:00::2015-02-26 17:30:00:Application Start!

2015/2/26 下午 05:51:00::2015-02-26 17:51:00:Application End!

2015/2/26 下午 05:51:02::2015-02-26 17:51:02:Application Start!

2015/2/26 下午 06:19:03::2015-02-26 18:19:03:Application End!

2015/2/26 下午 06:19:04::2015-02-26 18:19:04:Application Start!

2015/2/26 下午 06:50:05::2015-02-26 18:50:05:Application End!

2015/2/26 下午 06:50:07::2015-02-26 18:50:07:Application Start!

2015/2/26 下午 07:11:07::2015-02-26 19:11:07:Application End!

2015/2/26 下午 07:11:09::2015-02-26 19:11:09:Application Start!

2015/2/26 下午 07:32:09::2015-02-26 19:32:09:Application End!

2015/2/26 下午 07:32:11::2015-02-26 19:32:11:Application Start!

2015/2/26 下午 07:53:11::2015-02-26 19:53:11:Application End!

2015/2/26 下午 07:53:13::2015-02-26 19:53:13:Application Start!

2015/2/26 下午 08:16:14::2015-02-26 20:16:14:Application End!

2015/2/26 下午 08:16:15::2015-02-26 20:16:15:Application Start!

2015/2/26 下午 08:37:16::2015-02-26 20:37:16:Application End!

2015/2/26 下午 08:37:17::2015-02-26 20:37:17:Application Start!

2015/2/26 下午 08:58:18::2015-02-26 20:58:18:Application End!

2015/2/26 下午 08:58:20::2015-02-26 20:58:20:Application Start!

2015/2/26 下午 09:19:20::2015-02-26 21:19:20:Application End!

2015/2/26 下午 09:19:22::2015-02-26 21:19:22:Application Start!

2015/2/26 下午 09:59:22::2015-02-26 21:59:22:Application End!

2015/2/26 下午 09:59:24::2015-02-26 21:59:24:Application Start!

2015/2/26 下午 10:20:25::2015-02-26 22:20:25:Application End!

2015/2/26 下午 10:20:26::2015-02-26 22:20:26:Application Start!

2015/2/26 下午 10:41:27::2015-02-26 22:41:27:Application End!

2015/2/26 下午 10:41:28::2015-02-26 22:41:28:Application Start!

2015/2/26 下午 11:02:29::2015-02-26 23:02:29:Application End!

2015/2/26 下午 11:02:37::2015-02-26 23:02:37:Application Start!

2015/2/26 下午 11:23:33::2015-02-26 23:23:33:Application End!

2015/2/26 下午 11:23:35::2015-02-26 23:23:35:Application Start!

2015/2/26 下午 11:44:35::2015-02-26 23:44:35:Application End!

2015/2/26 下午 11:44:37::2015-02-26 23:44:37:Application Start!

