2015/3/28 上午 12:06:05::2015-03-28 00:06:05:Application End!

2015/3/28 上午 12:06:07::2015-03-28 00:06:07:Application Start!

2015/3/28 上午 12:27:07::2015-03-28 00:27:07:Application End!

2015/3/28 上午 12:27:09::2015-03-28 00:27:09:Application Start!

2015/3/28 上午 12:48:09::2015-03-28 00:48:09:Application End!

2015/3/28 上午 12:48:11::2015-03-28 00:48:11:Application Start!

2015/3/28 上午 01:09:11::2015-03-28 01:09:11:Application End!

2015/3/28 上午 01:09:13::2015-03-28 01:09:13:Application Start!

2015/3/28 上午 01:30:13::2015-03-28 01:30:13:Application End!

2015/3/28 上午 01:30:17::2015-03-28 01:30:17:Application Start!

2015/3/28 上午 01:51:16::2015-03-28 01:51:16:Application End!

2015/3/28 上午 01:51:18::2015-03-28 01:51:18:Application Start!

2015/3/28 上午 02:12:18::2015-03-28 02:12:18:Application End!

2015/3/28 上午 02:12:20::2015-03-28 02:12:20:Application Start!

2015/3/28 上午 02:33:20::2015-03-28 02:33:20:Application End!

2015/3/28 上午 02:33:22::2015-03-28 02:33:22:Application Start!

2015/3/28 上午 02:54:22::2015-03-28 02:54:22:Application End!

2015/3/28 上午 02:54:24::2015-03-28 02:54:24:Application Start!

2015/3/28 上午 03:15:24::2015-03-28 03:15:24:Application End!

2015/3/28 上午 03:15:26::2015-03-28 03:15:26:Application Start!

2015/3/28 上午 03:36:26::2015-03-28 03:36:26:Application End!

2015/3/28 上午 03:36:28::2015-03-28 03:36:28:Application Start!

2015/3/28 上午 03:57:28::2015-03-28 03:57:28:Application End!

2015/3/28 上午 03:57:30::2015-03-28 03:57:30:Application Start!

2015/3/28 上午 04:18:30::2015-03-28 04:18:30:Application End!

2015/3/28 上午 04:18:32::2015-03-28 04:18:32:Application Start!

2015/3/28 上午 04:39:32::2015-03-28 04:39:32:Application End!

2015/3/28 上午 04:39:34::2015-03-28 04:39:34:Application Start!

2015/3/28 上午 05:00:36::2015-03-28 05:00:36:Application End!

2015/3/28 上午 05:00:38::2015-03-28 05:00:38:Application Start!

2015/3/28 上午 05:21:38::2015-03-28 05:21:38:Application End!

2015/3/28 上午 05:21:40::2015-03-28 05:21:40:Application Start!

2015/3/28 上午 05:42:40::2015-03-28 05:42:40:Application End!

2015/3/28 上午 05:42:42::2015-03-28 05:42:42:Application Start!

2015/3/28 上午 06:03:42::2015-03-28 06:03:42:Application End!

2015/3/28 上午 06:03:44::2015-03-28 06:03:44:Application Start!

2015/3/28 上午 06:24:44::2015-03-28 06:24:44:Application End!

2015/3/28 上午 06:24:46::2015-03-28 06:24:46:Application Start!

2015/3/28 上午 06:45:47::2015-03-28 06:45:47:Application End!

2015/3/28 上午 06:45:48::2015-03-28 06:45:48:Application Start!

2015/3/28 上午 07:06:49::2015-03-28 07:06:49:Application End!

2015/3/28 上午 07:06:53::2015-03-28 07:06:53:Application Start!

2015/3/28 上午 07:27:52::2015-03-28 07:27:52:Application End!

2015/3/28 上午 07:27:53::2015-03-28 07:27:53:Application Start!

2015/3/28 上午 07:48:54::2015-03-28 07:48:54:Application End!

2015/3/28 上午 07:48:56::2015-03-28 07:48:55:Application Start!

2015/3/28 上午 08:09:56::2015-03-28 08:09:56:Application End!

2015/3/28 上午 08:09:58::2015-03-28 08:09:58:Application Start!

2015/3/28 上午 08:30:58::2015-03-28 08:30:58:Application End!

2015/3/28 上午 08:31:00::2015-03-28 08:31:00:Application Start!

2015/3/28 上午 08:52:00::2015-03-28 08:52:00:Application End!

2015/3/28 上午 08:52:02::2015-03-28 08:52:02:Application Start!

2015/3/28 上午 09:28:03::2015-03-28 09:28:03:Application End!

2015/3/28 上午 09:28:04::2015-03-28 09:28:04:Application Start!

2015/3/28 上午 09:49:05::2015-03-28 09:49:05:Application End!

2015/3/28 上午 09:49:06::2015-03-28 09:49:06:Application Start!

2015/3/28 上午 10:10:07::2015-03-28 10:10:07:Application End!

2015/3/28 上午 10:10:09::2015-03-28 10:10:09:Application Start!

2015/3/28 上午 10:20:00::2015-03-28 10:20:00:AutoTask is Working!

2015/3/28 下午 01:23:10::自動執行計算門禁考勤異常報表:true

2015/3/28 下午 01:44:10::2015-03-28 13:44:10:Application End!

2015/3/28 下午 01:44:11::2015-03-28 13:44:11:Application Start!

2015/3/28 下午 02:05:10::2015-03-28 14:05:10:Application End!

2015/3/28 下午 02:05:12::2015-03-28 14:05:12:Application Start!

2015/3/28 下午 02:30:12::2015-03-28 14:30:12:Application End!

2015/3/28 下午 02:30:14::2015-03-28 14:30:14:Application Start!

2015/3/28 下午 02:51:14::2015-03-28 14:51:14:Application End!

2015/3/28 下午 02:51:16::2015-03-28 14:51:16:Application Start!

2015/3/28 下午 03:12:16::2015-03-28 15:12:16:Application End!

2015/3/28 下午 03:12:18::2015-03-28 15:12:18:Application Start!

2015/3/28 下午 03:33:18::2015-03-28 15:33:18:Application End!

2015/3/28 下午 03:33:20::2015-03-28 15:33:20:Application Start!

2015/3/28 下午 03:54:20::2015-03-28 15:54:20:Application End!

2015/3/28 下午 03:54:22::2015-03-28 15:54:22:Application Start!

2015/3/28 下午 04:26:22::2015-03-28 16:26:22:Application End!

2015/3/28 下午 04:26:25::2015-03-28 16:26:25:Application Start!

2015/3/28 下午 04:47:25::2015-03-28 16:47:24:Application End!

2015/3/28 下午 04:47:26::2015-03-28 16:47:26:Application Start!

2015/3/28 下午 05:08:27::2015-03-28 17:08:27:Application End!

2015/3/28 下午 05:08:28::2015-03-28 17:08:28:Application Start!

2015/3/28 下午 05:43:29::2015-03-28 17:43:29:Application End!

2015/3/28 下午 05:43:30::2015-03-28 17:43:30:Application Start!

2015/3/28 下午 06:04:31::2015-03-28 18:04:31:Application End!

2015/3/28 下午 06:04:32::2015-03-28 18:04:32:Application Start!

2015/3/28 下午 06:25:33::2015-03-28 18:25:33:Application End!

2015/3/28 下午 06:25:36::2015-03-28 18:25:36:Application Start!

2015/3/28 下午 06:46:35::2015-03-28 18:46:35:Application End!

2015/3/28 下午 06:46:37::2015-03-28 18:46:37:Application Start!

2015/3/28 下午 07:07:37::2015-03-28 19:07:37:Application End!

2015/3/28 下午 07:07:39::2015-03-28 19:07:39:Application Start!

2015/3/28 下午 07:28:39::2015-03-28 19:28:39:Application End!

2015/3/28 下午 07:28:41::2015-03-28 19:28:41:Application Start!

2015/3/28 下午 07:49:41::2015-03-28 19:49:41:Application End!

2015/3/28 下午 07:49:43::2015-03-28 19:49:43:Application Start!

2015/3/28 下午 08:10:43::2015-03-28 20:10:43:Application End!

2015/3/28 下午 08:10:45::2015-03-28 20:10:45:Application Start!

2015/3/28 下午 08:31:45::2015-03-28 20:31:45:Application End!

2015/3/28 下午 08:31:47::2015-03-28 20:31:47:Application Start!

2015/3/28 下午 08:52:47::2015-03-28 20:52:47:Application End!

2015/3/28 下午 08:52:49::2015-03-28 20:52:49:Application Start!

2015/3/28 下午 09:13:49::2015-03-28 21:13:49:Application End!

2015/3/28 下午 09:13:51::2015-03-28 21:13:51:Application Start!

2015/3/28 下午 09:34:51::2015-03-28 21:34:51:Application End!

2015/3/28 下午 09:34:53::2015-03-28 21:34:53:Application Start!

2015/3/28 下午 09:55:53::2015-03-28 21:55:53:Application End!

2015/3/28 下午 09:55:55::2015-03-28 21:55:55:Application Start!

2015/3/28 下午 10:16:56::2015-03-28 22:16:55:Application End!

2015/3/28 下午 10:16:57::2015-03-28 22:16:57:Application Start!

2015/3/28 下午 10:37:58::2015-03-28 22:37:58:Application End!

2015/3/28 下午 10:37:59::2015-03-28 22:37:59:Application Start!

2015/3/28 下午 10:59:00::2015-03-28 22:59:00:Application End!

2015/3/28 下午 10:59:02::2015-03-28 22:59:02:Application Start!

2015/3/28 下午 11:20:03::2015-03-28 23:20:03:Application End!

2015/3/28 下午 11:20:05::2015-03-28 23:20:05:Application Start!

2015/3/28 下午 11:41:05::2015-03-28 23:41:05:Application End!

2015/3/28 下午 11:41:07::2015-03-28 23:41:07:Application Start!

