2015/2/10 上午 12:11:16::2015-02-10 00:11:16:Application End!

2015/2/10 上午 12:11:18::2015-02-10 00:11:18:Application Start!

2015/2/10 上午 12:32:18::2015-02-10 00:32:18:Application End!

2015/2/10 上午 12:32:20::2015-02-10 00:32:20:Application Start!

2015/2/10 上午 12:53:20::2015-02-10 00:53:20:Application End!

2015/2/10 上午 12:53:22::2015-02-10 00:53:22:Application Start!

2015/2/10 上午 01:14:23::2015-02-10 01:14:23:Application End!

2015/2/10 上午 01:14:24::2015-02-10 01:14:24:Application Start!

2015/2/10 上午 01:35:25::2015-02-10 01:35:25:Application End!

2015/2/10 上午 01:35:26::2015-02-10 01:35:26:Application Start!

2015/2/10 上午 01:56:27::2015-02-10 01:56:27:Application End!

2015/2/10 上午 01:56:29::2015-02-10 01:56:29:Application Start!

2015/2/10 上午 02:17:29::2015-02-10 02:17:29:Application End!

2015/2/10 上午 02:17:31::2015-02-10 02:17:31:Application Start!

2015/2/10 上午 02:38:31::2015-02-10 02:38:31:Application End!

2015/2/10 上午 02:38:33::2015-02-10 02:38:33:Application Start!

2015/2/10 上午 02:59:33::2015-02-10 02:59:33:Application End!

2015/2/10 上午 02:59:35::2015-02-10 02:59:35:Application Start!

2015/2/10 上午 03:20:35::2015-02-10 03:20:35:Application End!

2015/2/10 上午 03:20:37::2015-02-10 03:20:37:Application Start!

2015/2/10 上午 03:41:38::2015-02-10 03:41:38:Application End!

2015/2/10 上午 03:41:39::2015-02-10 03:41:39:Application Start!

2015/2/10 上午 04:02:40::2015-02-10 04:02:40:Application End!

2015/2/10 上午 04:02:41::2015-02-10 04:02:41:Application Start!

2015/2/10 上午 04:23:42::2015-02-10 04:23:42:Application End!

2015/2/10 上午 04:23:44::2015-02-10 04:23:44:Application Start!

2015/2/10 上午 04:44:44::2015-02-10 04:44:44:Application End!

2015/2/10 上午 04:44:46::2015-02-10 04:44:46:Application Start!

2015/2/10 上午 05:05:46::2015-02-10 05:05:46:Application End!

2015/2/10 上午 05:05:48::2015-02-10 05:05:48:Application Start!

2015/2/10 上午 05:26:48::2015-02-10 05:26:48:Application End!

2015/2/10 上午 05:26:50::2015-02-10 05:26:50:Application Start!

2015/2/10 上午 05:55:51::2015-02-10 05:55:51:Application End!

2015/2/10 上午 05:55:52::2015-02-10 05:55:52:Application Start!

2015/2/10 上午 06:16:53::2015-02-10 06:16:53:Application End!

2015/2/10 上午 06:16:55::2015-02-10 06:16:54:Application Start!

2015/2/10 上午 06:37:55::2015-02-10 06:37:55:Application End!

2015/2/10 上午 06:37:57::2015-02-10 06:37:57:Application Start!

2015/2/10 上午 06:58:57::2015-02-10 06:58:57:Application End!

2015/2/10 上午 06:58:59::2015-02-10 06:58:59:Application Start!

2015/2/10 上午 07:19:59::2015-02-10 07:19:59:Application End!

2015/2/10 上午 07:20:01::2015-02-10 07:20:01:Application Start!

2015/2/10 上午 07:41:00::2015-02-10 07:41:00:Application End!

2015/2/10 上午 07:41:02::2015-02-10 07:41:01:Application Start!

2015/2/10 上午 08:02:02::2015-02-10 08:02:02:Application End!

2015/2/10 上午 08:02:04::2015-02-10 08:02:04:Application Start!

2015/2/10 上午 08:23:04::2015-02-10 08:23:04:Application End!

2015/2/10 上午 08:23:07::2015-02-10 08:23:07:Application Start!

2015/2/10 上午 08:44:06::2015-02-10 08:44:06:Application End!

2015/2/10 上午 08:44:08::2015-02-10 08:44:08:Application Start!

2015/2/10 上午 09:05:08::2015-02-10 09:05:08:Application End!

2015/2/10 上午 09:05:10::2015-02-10 09:05:10:Application Start!

2015/2/10 上午 09:26:10::2015-02-10 09:26:10:Application End!

2015/2/10 上午 09:26:12::2015-02-10 09:26:12:Application Start!

2015/2/10 上午 09:47:12::2015-02-10 09:47:12:Application End!

2015/2/10 上午 09:47:14::2015-02-10 09:47:14:Application Start!

2015/2/10 上午 10:08:15::2015-02-10 10:08:15:Application End!

2015/2/10 上午 10:08:19::2015-02-10 10:08:19:Application Start!

2015/2/10 上午 10:20:00::2015-02-10 10:20:00:AutoTask is Working!

2015/2/10 下午 01:06:57::自動執行計算門禁考勤異常報表:true

2015/2/10 下午 01:27:17::2015-02-10 13:27:17:Application End!

2015/2/10 下午 01:27:19::2015-02-10 13:27:19:Application Start!

2015/2/10 下午 01:48:19::2015-02-10 13:48:19:Application End!

2015/2/10 下午 01:48:22::2015-02-10 13:48:22:Application Start!

2015/2/10 下午 02:09:21::2015-02-10 14:09:21:Application End!

2015/2/10 下午 02:09:23::2015-02-10 14:09:23:Application Start!

2015/2/10 下午 02:30:23::2015-02-10 14:30:23:Application End!

2015/2/10 下午 02:30:25::2015-02-10 14:30:25:Application Start!

2015/2/10 下午 02:54:25::2015-02-10 14:54:25:Application End!

2015/2/10 下午 02:54:27::2015-02-10 14:54:27:Application Start!

2015/2/10 下午 03:34:28::2015-02-10 15:34:28:Application End!

2015/2/10 下午 03:34:29::2015-02-10 15:34:29:Application Start!

2015/2/10 下午 03:55:30::2015-02-10 15:55:30:Application End!

2015/2/10 下午 03:55:31::2015-02-10 15:55:31:Application Start!

2015/2/10 下午 04:16:32::2015-02-10 16:16:32:Application End!

2015/2/10 下午 04:16:33::2015-02-10 16:16:33:Application Start!

2015/2/10 下午 04:37:35::2015-02-10 16:37:35:Application End!

2015/2/10 下午 04:37:37::2015-02-10 16:37:37:Application Start!

2015/2/10 下午 04:58:37::2015-02-10 16:58:37:Application End!

2015/2/10 下午 04:58:39::2015-02-10 16:58:39:Application Start!

2015/2/10 下午 05:23:40::2015-02-10 17:23:40:Application End!

2015/2/10 下午 05:23:44::2015-02-10 17:23:44:Application Start!

2015/2/10 下午 05:44:43::2015-02-10 17:44:43:Application End!

2015/2/10 下午 05:44:44::2015-02-10 17:44:44:Application Start!

2015/2/10 下午 06:05:45::2015-02-10 18:05:45:Application End!

2015/2/10 下午 06:05:46::2015-02-10 18:05:46:Application Start!

2015/2/10 下午 06:26:47::2015-02-10 18:26:47:Application End!

2015/2/10 下午 06:26:49::2015-02-10 18:26:49:Application Start!

2015/2/10 下午 06:47:49::2015-02-10 18:47:49:Application End!

2015/2/10 下午 06:47:51::2015-02-10 18:47:51:Application Start!

2015/2/10 下午 07:08:51::2015-02-10 19:08:51:Application End!

2015/2/10 下午 07:08:53::2015-02-10 19:08:53:Application Start!

2015/2/10 下午 07:29:53::2015-02-10 19:29:53:Application End!

2015/2/10 下午 07:29:55::2015-02-10 19:29:55:Application Start!

2015/2/10 下午 07:50:56::2015-02-10 19:50:56:Application End!

2015/2/10 下午 07:50:57::2015-02-10 19:50:57:Application Start!

2015/2/10 下午 08:11:58::2015-02-10 20:11:58:Application End!

2015/2/10 下午 08:11:59::2015-02-10 20:11:59:Application Start!

2015/2/10 下午 08:33:00::2015-02-10 20:33:00:Application End!

2015/2/10 下午 08:33:02::2015-02-10 20:33:02:Application Start!

2015/2/10 下午 08:54:02::2015-02-10 20:54:02:Application End!

2015/2/10 下午 08:54:04::2015-02-10 20:54:04:Application Start!

2015/2/10 下午 09:15:04::2015-02-10 21:15:04:Application End!

2015/2/10 下午 09:15:06::2015-02-10 21:15:06:Application Start!

2015/2/10 下午 09:36:06::2015-02-10 21:36:06:Application End!

2015/2/10 下午 09:36:08::2015-02-10 21:36:08:Application Start!

2015/2/10 下午 09:57:09::2015-02-10 21:57:09:Application End!

2015/2/10 下午 09:57:11::2015-02-10 21:57:11:Application Start!

2015/2/10 下午 10:18:11::2015-02-10 22:18:11:Application End!

2015/2/10 下午 10:18:13::2015-02-10 22:18:13:Application Start!

2015/2/10 下午 10:39:13::2015-02-10 22:39:13:Application End!

2015/2/10 下午 10:39:15::2015-02-10 22:39:15:Application Start!

2015/2/10 下午 11:00:15::2015-02-10 23:00:15:Application End!

2015/2/10 下午 11:00:17::2015-02-10 23:00:17:Application Start!

2015/2/10 下午 11:21:17::2015-02-10 23:21:17:Application End!

2015/2/10 下午 11:21:19::2015-02-10 23:21:19:Application Start!

2015/2/10 下午 11:42:19::2015-02-10 23:42:19:Application End!

2015/2/10 下午 11:42:21::2015-02-10 23:42:21:Application Start!

