2015/3/8 上午 12:03:27::2015-03-08 00:03:27:Application End!

2015/3/8 上午 12:03:29::2015-03-08 00:03:29:Application Start!

2015/3/8 上午 12:24:29::2015-03-08 00:24:29:Application End!

2015/3/8 上午 12:24:31::2015-03-08 00:24:31:Application Start!

2015/3/8 上午 12:45:31::2015-03-08 00:45:31:Application End!

2015/3/8 上午 12:45:33::2015-03-08 00:45:33:Application Start!

2015/3/8 上午 01:06:33::2015-03-08 01:06:33:Application End!

2015/3/8 上午 01:06:35::2015-03-08 01:06:35:Application Start!

2015/3/8 上午 01:27:36::2015-03-08 01:27:36:Application End!

2015/3/8 上午 01:27:37::2015-03-08 01:27:37:Application Start!

2015/3/8 上午 01:48:38::2015-03-08 01:48:38:Application End!

2015/3/8 上午 01:48:39::2015-03-08 01:48:39:Application Start!

2015/3/8 上午 02:09:40::2015-03-08 02:09:40:Application End!

2015/3/8 上午 02:09:42::2015-03-08 02:09:42:Application Start!

2015/3/8 上午 02:30:41::2015-03-08 02:30:41:Application End!

2015/3/8 上午 02:30:42::2015-03-08 02:30:42:Application Start!

2015/3/8 上午 02:51:42::2015-03-08 02:51:42:Application End!

2015/3/8 上午 02:51:44::2015-03-08 02:51:44:Application Start!

2015/3/8 上午 03:12:45::2015-03-08 03:12:45:Application End!

2015/3/8 上午 03:12:46::2015-03-08 03:12:46:Application Start!

2015/3/8 上午 03:33:47::2015-03-08 03:33:47:Application End!

2015/3/8 上午 03:33:48::2015-03-08 03:33:48:Application Start!

2015/3/8 上午 03:54:49::2015-03-08 03:54:49:Application End!

2015/3/8 上午 03:54:50::2015-03-08 03:54:50:Application Start!

2015/3/8 上午 04:15:51::2015-03-08 04:15:51:Application End!

2015/3/8 上午 04:15:52::2015-03-08 04:15:52:Application Start!

2015/3/8 上午 04:36:53::2015-03-08 04:36:53:Application End!

2015/3/8 上午 04:36:54::2015-03-08 04:36:54:Application Start!

2015/3/8 上午 04:57:55::2015-03-08 04:57:55:Application End!

2015/3/8 上午 04:57:56::2015-03-08 04:57:56:Application Start!

2015/3/8 上午 05:18:57::2015-03-08 05:18:57:Application End!

2015/3/8 上午 05:18:58::2015-03-08 05:18:58:Application Start!

2015/3/8 上午 05:39:59::2015-03-08 05:39:59:Application End!

2015/3/8 上午 05:40:00::2015-03-08 05:40:00:Application Start!

2015/3/8 上午 06:01:01::2015-03-08 06:01:01:Application End!

2015/3/8 上午 06:01:02::2015-03-08 06:01:02:Application Start!

2015/3/8 上午 06:22:03::2015-03-08 06:22:03:Application End!

2015/3/8 上午 06:22:05::2015-03-08 06:22:05:Application Start!

2015/3/8 上午 06:43:05::2015-03-08 06:43:05:Application End!

2015/3/8 上午 06:43:07::2015-03-08 06:43:07:Application Start!

2015/3/8 上午 07:04:07::2015-03-08 07:04:07:Application End!

2015/3/8 上午 07:04:09::2015-03-08 07:04:09:Application Start!

2015/3/8 上午 07:25:09::2015-03-08 07:25:09:Application End!

2015/3/8 上午 07:25:11::2015-03-08 07:25:11:Application Start!

2015/3/8 上午 07:46:11::2015-03-08 07:46:11:Application End!

2015/3/8 上午 07:46:19::2015-03-08 07:46:19:Application Start!

2015/3/8 上午 08:07:15::2015-03-08 08:07:15:Application End!

2015/3/8 上午 08:07:16::2015-03-08 08:07:16:Application Start!

2015/3/8 上午 08:28:17::2015-03-08 08:28:17:Application End!

2015/3/8 上午 08:28:18::2015-03-08 08:28:18:Application Start!

2015/3/8 上午 08:49:19::2015-03-08 08:49:19:Application End!

2015/3/8 上午 08:49:20::2015-03-08 08:49:20:Application Start!

2015/3/8 上午 09:10:21::2015-03-08 09:10:21:Application End!

2015/3/8 上午 09:10:22::2015-03-08 09:10:22:Application Start!

2015/3/8 上午 09:31:23::2015-03-08 09:31:23:Application End!

2015/3/8 上午 09:31:24::2015-03-08 09:31:24:Application Start!

2015/3/8 上午 09:52:25::2015-03-08 09:52:25:Application End!

2015/3/8 上午 09:52:26::2015-03-08 09:52:26:Application Start!

2015/3/8 上午 10:13:27::2015-03-08 10:13:27:Application End!

2015/3/8 上午 10:13:29::2015-03-08 10:13:28:Application Start!

2015/3/8 上午 10:20:00::2015-03-08 10:20:00:AutoTask is Working!

2015/3/8 上午 11:48:36::自動執行計算門禁考勤異常報表:true

2015/3/8 下午 12:20:30::2015-03-08 12:20:30:Application End!

2015/3/8 下午 12:20:32::2015-03-08 12:20:32:Application Start!

2015/3/8 下午 12:41:33::2015-03-08 12:41:33:Application End!

2015/3/8 下午 12:41:38::2015-03-08 12:41:38:Application Start!

2015/3/8 下午 01:02:36::2015-03-08 13:02:36:Application End!

2015/3/8 下午 01:02:41::2015-03-08 13:02:41:Application Start!

2015/3/8 下午 01:23:40::2015-03-08 13:23:40:Application End!

2015/3/8 下午 01:23:44::2015-03-08 13:23:44:Application Start!

2015/3/8 下午 01:44:43::2015-03-08 13:44:43:Application End!

2015/3/8 下午 01:44:47::2015-03-08 13:44:47:Application Start!

2015/3/8 下午 02:05:46::2015-03-08 14:05:46:Application End!

2015/3/8 下午 02:05:48::2015-03-08 14:05:48:Application Start!

2015/3/8 下午 02:26:48::2015-03-08 14:26:48:Application End!

2015/3/8 下午 02:26:50::2015-03-08 14:26:50:Application Start!

2015/3/8 下午 02:47:50::2015-03-08 14:47:50:Application End!

2015/3/8 下午 02:47:52::2015-03-08 14:47:52:Application Start!

2015/3/8 下午 03:08:53::2015-03-08 15:08:53:Application End!

2015/3/8 下午 03:08:55::2015-03-08 15:08:55:Application Start!

2015/3/8 下午 03:29:55::2015-03-08 15:29:55:Application End!

2015/3/8 下午 03:29:57::2015-03-08 15:29:57:Application Start!

2015/3/8 下午 03:50:57::2015-03-08 15:50:57:Application End!

2015/3/8 下午 03:50:59::2015-03-08 15:50:59:Application Start!

2015/3/8 下午 04:11:59::2015-03-08 16:11:59:Application End!

2015/3/8 下午 04:12:01::2015-03-08 16:12:01:Application Start!

2015/3/8 下午 04:33:02::2015-03-08 16:33:02:Application End!

2015/3/8 下午 04:33:03::2015-03-08 16:33:03:Application Start!

2015/3/8 下午 04:54:04::2015-03-08 16:54:04:Application End!

2015/3/8 下午 04:54:06::2015-03-08 16:54:05:Application Start!

2015/3/8 下午 05:15:06::2015-03-08 17:15:06:Application End!

2015/3/8 下午 05:15:08::2015-03-08 17:15:08:Application Start!

2015/3/8 下午 05:36:08::2015-03-08 17:36:08:Application End!

2015/3/8 下午 05:36:10::2015-03-08 17:36:10:Application Start!

2015/3/8 下午 05:57:10::2015-03-08 17:57:10:Application End!

2015/3/8 下午 05:57:12::2015-03-08 17:57:12:Application Start!

2015/3/8 下午 06:18:12::2015-03-08 18:18:12:Application End!

2015/3/8 下午 06:18:14::2015-03-08 18:18:14:Application Start!

2015/3/8 下午 06:39:15::2015-03-08 18:39:15:Application End!

2015/3/8 下午 06:39:16::2015-03-08 18:39:16:Application Start!

2015/3/8 下午 07:06:17::2015-03-08 19:06:17:Application End!

2015/3/8 下午 07:06:18::2015-03-08 19:06:18:Application Start!

2015/3/8 下午 07:27:19::2015-03-08 19:27:19:Application End!

2015/3/8 下午 07:27:21::2015-03-08 19:27:21:Application Start!

2015/3/8 下午 07:48:21::2015-03-08 19:48:21:Application End!

2015/3/8 下午 07:48:23::2015-03-08 19:48:23:Application Start!

2015/3/8 下午 08:09:23::2015-03-08 20:09:23:Application End!

2015/3/8 下午 08:09:25::2015-03-08 20:09:25:Application Start!

2015/3/8 下午 08:33:25::2015-03-08 20:33:25:Application End!

2015/3/8 下午 08:33:26::2015-03-08 20:33:26:Application Start!

2015/3/8 下午 08:54:26::2015-03-08 20:54:26:Application End!

2015/3/8 下午 08:54:28::2015-03-08 20:54:28:Application Start!

2015/3/8 下午 09:15:28::2015-03-08 21:15:28:Application End!

2015/3/8 下午 09:15:30::2015-03-08 21:15:30:Application Start!

2015/3/8 下午 09:36:30::2015-03-08 21:36:30:Application End!

2015/3/8 下午 09:36:32::2015-03-08 21:36:32:Application Start!

2015/3/8 下午 09:57:32::2015-03-08 21:57:32:Application End!

2015/3/8 下午 09:57:34::2015-03-08 21:57:34:Application Start!

2015/3/8 下午 10:18:34::2015-03-08 22:18:34:Application End!

2015/3/8 下午 10:18:36::2015-03-08 22:18:36:Application Start!

2015/3/8 下午 10:39:36::2015-03-08 22:39:36:Application End!

2015/3/8 下午 10:39:38::2015-03-08 22:39:38:Application Start!

2015/3/8 下午 11:00:38::2015-03-08 23:00:38:Application End!

2015/3/8 下午 11:00:40::2015-03-08 23:00:40:Application Start!

2015/3/8 下午 11:21:40::2015-03-08 23:21:40:Application End!

2015/3/8 下午 11:21:42::2015-03-08 23:21:42:Application Start!

2015/3/8 下午 11:42:42::2015-03-08 23:42:42:Application End!

2015/3/8 下午 11:42:44::2015-03-08 23:42:44:Application Start!

