2015/3/6 上午 12:00:07::2015-03-06 00:00:07:Application End!

2015/3/6 上午 12:00:08::2015-03-06 00:00:08:Application Start!

2015/3/6 上午 12:21:09::2015-03-06 00:21:09:Application End!

2015/3/6 上午 12:21:10::2015-03-06 00:21:10:Application Start!

2015/3/6 上午 12:42:11::2015-03-06 00:42:11:Application End!

2015/3/6 上午 12:42:12::2015-03-06 00:42:12:Application Start!

2015/3/6 上午 01:03:13::2015-03-06 01:03:13:Application End!

2015/3/6 上午 01:03:14::2015-03-06 01:03:14:Application Start!

2015/3/6 上午 01:24:15::2015-03-06 01:24:15:Application End!

2015/3/6 上午 01:24:16::2015-03-06 01:24:16:Application Start!

2015/3/6 上午 01:45:17::2015-03-06 01:45:17:Application End!

2015/3/6 上午 01:45:18::2015-03-06 01:45:18:Application Start!

2015/3/6 上午 02:06:19::2015-03-06 02:06:19:Application End!

2015/3/6 上午 02:06:21::2015-03-06 02:06:20:Application Start!

2015/3/6 上午 02:27:21::2015-03-06 02:27:21:Application End!

2015/3/6 上午 02:27:23::2015-03-06 02:27:23:Application Start!

2015/3/6 上午 02:48:23::2015-03-06 02:48:23:Application End!

2015/3/6 上午 02:48:25::2015-03-06 02:48:25:Application Start!

2015/3/6 上午 03:09:25::2015-03-06 03:09:25:Application End!

2015/3/6 上午 03:09:27::2015-03-06 03:09:27:Application Start!

2015/3/6 上午 03:30:27::2015-03-06 03:30:27:Application End!

2015/3/6 上午 03:30:29::2015-03-06 03:30:29:Application Start!

2015/3/6 上午 03:51:29::2015-03-06 03:51:29:Application End!

2015/3/6 上午 03:51:31::2015-03-06 03:51:31:Application Start!

2015/3/6 上午 04:12:31::2015-03-06 04:12:31:Application End!

2015/3/6 上午 04:12:33::2015-03-06 04:12:33:Application Start!

2015/3/6 上午 04:33:33::2015-03-06 04:33:33:Application End!

2015/3/6 上午 04:33:35::2015-03-06 04:33:35:Application Start!

2015/3/6 上午 04:54:36::2015-03-06 04:54:36:Application End!

2015/3/6 上午 04:54:38::2015-03-06 04:54:38:Application Start!

2015/3/6 上午 05:15:39::2015-03-06 05:15:39:Application End!

2015/3/6 上午 05:15:40::2015-03-06 05:15:40:Application Start!

2015/3/6 上午 05:36:41::2015-03-06 05:36:41:Application End!

2015/3/6 上午 05:36:42::2015-03-06 05:36:42:Application Start!

2015/3/6 上午 05:57:43::2015-03-06 05:57:43:Application End!

2015/3/6 上午 05:57:45::2015-03-06 05:57:45:Application Start!

2015/3/6 上午 06:18:45::2015-03-06 06:18:45:Application End!

2015/3/6 上午 06:18:47::2015-03-06 06:18:47:Application Start!

2015/3/6 上午 06:39:47::2015-03-06 06:39:47:Application End!

2015/3/6 上午 06:39:49::2015-03-06 06:39:49:Application Start!

2015/3/6 上午 07:00:49::2015-03-06 07:00:49:Application End!

2015/3/6 上午 07:00:51::2015-03-06 07:00:51:Application Start!

2015/3/6 上午 07:21:51::2015-03-06 07:21:51:Application End!

2015/3/6 上午 07:21:53::2015-03-06 07:21:53:Application Start!

2015/3/6 上午 07:42:54::2015-03-06 07:42:54:Application End!

2015/3/6 上午 07:43:02::2015-03-06 07:43:02:Application Start!

2015/3/6 上午 08:03:58::2015-03-06 08:03:58:Application End!

2015/3/6 上午 08:03:59::2015-03-06 08:03:59:Application Start!

2015/3/6 上午 08:25:00::2015-03-06 08:25:00:Application End!

2015/3/6 上午 08:25:02::2015-03-06 08:25:01:Application Start!

2015/3/6 上午 08:46:02::2015-03-06 08:46:02:Application End!

2015/3/6 上午 08:46:04::2015-03-06 08:46:04:Application Start!

2015/3/6 上午 09:07:04::2015-03-06 09:07:04:Application End!

2015/3/6 上午 09:07:06::2015-03-06 09:07:06:Application Start!

2015/3/6 上午 09:28:06::2015-03-06 09:28:06:Application End!

2015/3/6 上午 09:28:08::2015-03-06 09:28:08:Application Start!

2015/3/6 上午 09:49:08::2015-03-06 09:49:08:Application End!

2015/3/6 上午 09:49:10::2015-03-06 09:49:10:Application Start!

2015/3/6 上午 10:10:10::2015-03-06 10:10:10:Application End!

2015/3/6 上午 10:10:12::2015-03-06 10:10:12:Application Start!

2015/3/6 上午 10:20:04::2015-03-06 10:20:04:AutoTask is Working!

2015/3/6 下午 01:04:09::自動執行計算門禁考勤異常報表:true

2015/3/6 下午 01:24:13::2015-03-06 13:24:13:Application End!

2015/3/6 下午 01:24:15::2015-03-06 13:24:15:Application Start!

2015/3/6 下午 01:45:15::2015-03-06 13:45:15:Application End!

2015/3/6 下午 01:45:17::2015-03-06 13:45:17:Application Start!

2015/3/6 下午 02:06:16::2015-03-06 14:06:16:Application End!

2015/3/6 下午 02:06:18::2015-03-06 14:06:18:Application Start!

2015/3/6 下午 02:27:18::2015-03-06 14:27:18:Application End!

2015/3/6 下午 02:27:20::2015-03-06 14:27:20:Application Start!

2015/3/6 下午 02:48:20::2015-03-06 14:48:20:Application End!

2015/3/6 下午 02:48:22::2015-03-06 14:48:22:Application Start!

2015/3/6 下午 03:09:22::2015-03-06 15:09:22:Application End!

2015/3/6 下午 03:09:24::2015-03-06 15:09:24:Application Start!

2015/3/6 下午 03:30:24::2015-03-06 15:30:24:Application End!

2015/3/6 下午 03:30:26::2015-03-06 15:30:26:Application Start!

2015/3/6 下午 03:51:26::2015-03-06 15:51:26:Application End!

2015/3/6 下午 03:51:28::2015-03-06 15:51:28:Application Start!

2015/3/6 下午 04:12:28::2015-03-06 16:12:28:Application End!

2015/3/6 下午 04:12:30::2015-03-06 16:12:30:Application Start!

2015/3/6 下午 04:33:30::2015-03-06 16:33:30:Application End!

2015/3/6 下午 04:33:32::2015-03-06 16:33:32:Application Start!

2015/3/6 下午 04:54:32::2015-03-06 16:54:32:Application End!

2015/3/6 下午 04:54:35::2015-03-06 16:54:35:Application Start!

2015/3/6 下午 05:15:34::2015-03-06 17:15:34:Application End!

2015/3/6 下午 05:15:36::2015-03-06 17:15:36:Application Start!

2015/3/6 下午 05:36:36::2015-03-06 17:36:36:Application End!

2015/3/6 下午 05:36:38::2015-03-06 17:36:38:Application Start!

2015/3/6 下午 05:57:38::2015-03-06 17:57:38:Application End!

2015/3/6 下午 05:57:40::2015-03-06 17:57:40:Application Start!

2015/3/6 下午 06:18:40::2015-03-06 18:18:40:Application End!

2015/3/6 下午 06:18:42::2015-03-06 18:18:42:Application Start!

2015/3/6 下午 06:39:42::2015-03-06 18:39:42:Application End!

2015/3/6 下午 06:39:44::2015-03-06 18:39:44:Application Start!

2015/3/6 下午 07:00:44::2015-03-06 19:00:44:Application End!

2015/3/6 下午 07:00:46::2015-03-06 19:00:46:Application Start!

2015/3/6 下午 07:21:47::2015-03-06 19:21:47:Application End!

2015/3/6 下午 07:21:48::2015-03-06 19:21:48:Application Start!

2015/3/6 下午 07:42:49::2015-03-06 19:42:49:Application End!

2015/3/6 下午 07:42:50::2015-03-06 19:42:50:Application Start!

2015/3/6 下午 08:24:51::2015-03-06 20:24:51:Application End!

2015/3/6 下午 08:24:52::2015-03-06 20:24:52:Application Start!

2015/3/6 下午 08:45:53::2015-03-06 20:45:53:Application End!

2015/3/6 下午 08:45:54::2015-03-06 20:45:54:Application Start!

2015/3/6 下午 09:06:55::2015-03-06 21:06:55:Application End!

2015/3/6 下午 09:06:56::2015-03-06 21:06:56:Application Start!

2015/3/6 下午 09:27:57::2015-03-06 21:27:57:Application End!

2015/3/6 下午 09:27:59::2015-03-06 21:27:58:Application Start!

2015/3/6 下午 09:48:59::2015-03-06 21:48:59:Application End!

2015/3/6 下午 09:49:01::2015-03-06 21:49:01:Application Start!

2015/3/6 下午 10:10:01::2015-03-06 22:10:01:Application End!

2015/3/6 下午 10:10:03::2015-03-06 22:10:03:Application Start!

2015/3/6 下午 10:31:03::2015-03-06 22:31:03:Application End!

2015/3/6 下午 10:31:05::2015-03-06 22:31:05:Application Start!

2015/3/6 下午 10:52:05::2015-03-06 22:52:05:Application End!

2015/3/6 下午 10:52:07::2015-03-06 22:52:07:Application Start!

2015/3/6 下午 11:13:09::2015-03-06 23:13:09:Application End!

2015/3/6 下午 11:13:10::2015-03-06 23:13:10:Application Start!

2015/3/6 下午 11:34:11::2015-03-06 23:34:11:Application End!

2015/3/6 下午 11:34:12::2015-03-06 23:34:12:Application Start!

2015/3/6 下午 11:55:13::2015-03-06 23:55:13:Application End!

2015/3/6 下午 11:55:15::2015-03-06 23:55:15:Application Start!

