2015/4/7 上午 12:20:37::2015-04-07 00:20:37:Application End!

2015/4/7 上午 12:20:39::2015-04-07 00:20:39:Application Start!

2015/4/7 上午 12:41:39::2015-04-07 00:41:39:Application End!

2015/4/7 上午 12:41:41::2015-04-07 00:41:41:Application Start!

2015/4/7 上午 01:02:41::2015-04-07 01:02:41:Application End!

2015/4/7 上午 01:02:43::2015-04-07 01:02:43:Application Start!

2015/4/7 上午 01:23:43::2015-04-07 01:23:43:Application End!

2015/4/7 上午 01:23:45::2015-04-07 01:23:45:Application Start!

2015/4/7 上午 01:44:47::2015-04-07 01:44:47:Application End!

2015/4/7 上午 01:44:48::2015-04-07 01:44:48:Application Start!

2015/4/7 上午 02:05:49::2015-04-07 02:05:49:Application End!

2015/4/7 上午 02:05:51::2015-04-07 02:05:50:Application Start!

2015/4/7 上午 02:26:51::2015-04-07 02:26:51:Application End!

2015/4/7 上午 02:26:53::2015-04-07 02:26:53:Application Start!

2015/4/7 上午 02:47:53::2015-04-07 02:47:53:Application End!

2015/4/7 上午 02:47:55::2015-04-07 02:47:55:Application Start!

2015/4/7 上午 03:08:55::2015-04-07 03:08:55:Application End!

2015/4/7 上午 03:08:57::2015-04-07 03:08:57:Application Start!

2015/4/7 上午 03:29:57::2015-04-07 03:29:57:Application End!

2015/4/7 上午 03:29:59::2015-04-07 03:29:59:Application Start!

2015/4/7 上午 03:51:00::2015-04-07 03:51:00:Application End!

2015/4/7 上午 03:51:01::2015-04-07 03:51:01:Application Start!

2015/4/7 上午 04:12:02::2015-04-07 04:12:02:Application End!

2015/4/7 上午 04:12:03::2015-04-07 04:12:03:Application Start!

2015/4/7 上午 04:33:04::2015-04-07 04:33:04:Application End!

2015/4/7 上午 04:33:06::2015-04-07 04:33:06:Application Start!

2015/4/7 上午 04:54:06::2015-04-07 04:54:06:Application End!

2015/4/7 上午 04:54:08::2015-04-07 04:54:08:Application Start!

2015/4/7 上午 05:15:08::2015-04-07 05:15:08:Application End!

2015/4/7 上午 05:15:10::2015-04-07 05:15:10:Application Start!

2015/4/7 上午 05:36:10::2015-04-07 05:36:10:Application End!

2015/4/7 上午 05:36:12::2015-04-07 05:36:12:Application Start!

2015/4/7 上午 05:57:12::2015-04-07 05:57:12:Application End!

2015/4/7 上午 05:57:14::2015-04-07 05:57:14:Application Start!

2015/4/7 上午 06:18:15::2015-04-07 06:18:15:Application End!

2015/4/7 上午 06:18:17::2015-04-07 06:18:17:Application Start!

2015/4/7 上午 06:39:17::2015-04-07 06:39:17:Application End!

2015/4/7 上午 06:39:19::2015-04-07 06:39:19:Application Start!

2015/4/7 上午 07:00:19::2015-04-07 07:00:19:Application End!

2015/4/7 上午 07:00:23::2015-04-07 07:00:23:Application Start!

2015/4/7 上午 07:21:22::2015-04-07 07:21:22:Application End!

2015/4/7 上午 07:21:24::2015-04-07 07:21:24:Application Start!

2015/4/7 上午 07:42:24::2015-04-07 07:42:24:Application End!

2015/4/7 上午 07:42:26::2015-04-07 07:42:26:Application Start!

2015/4/7 上午 08:03:27::2015-04-07 08:03:27:Application End!

2015/4/7 上午 08:03:28::2015-04-07 08:03:28:Application Start!

2015/4/7 上午 08:24:29::2015-04-07 08:24:29:Application End!

2015/4/7 上午 08:24:31::2015-04-07 08:24:31:Application Start!

2015/4/7 上午 08:45:31::2015-04-07 08:45:31:Application End!

2015/4/7 上午 08:45:33::2015-04-07 08:45:33:Application Start!

2015/4/7 上午 09:06:33::2015-04-07 09:06:33:Application End!

2015/4/7 上午 09:06:35::2015-04-07 09:06:35:Application Start!

2015/4/7 上午 09:33:36::2015-04-07 09:33:36:Application End!

2015/4/7 上午 09:33:37::2015-04-07 09:33:37:Application Start!

2015/4/7 上午 09:54:38::2015-04-07 09:54:38:Application End!

2015/4/7 上午 09:54:39::2015-04-07 09:54:39:Application Start!

2015/4/7 上午 10:15:40::2015-04-07 10:15:40:Application End!

2015/4/7 上午 10:15:42::2015-04-07 10:15:42:Application Start!

2015/4/7 上午 10:20:00::2015-04-07 10:20:00:AutoTask is Working!

2015/4/7 下午 01:21:13::自動執行計算門禁考勤異常報表:true

2015/4/7 下午 01:43:40::2015-04-07 13:43:40:Application End!

2015/4/7 下午 01:43:42::2015-04-07 13:43:42:Application Start!

2015/4/7 下午 02:04:42::2015-04-07 14:04:42:Application End!

2015/4/7 下午 02:04:44::2015-04-07 14:04:44:Application Start!

2015/4/7 下午 02:39:44::2015-04-07 14:39:44:Application End!

2015/4/7 下午 02:39:46::2015-04-07 14:39:46:Application Start!

2015/4/7 下午 03:00:46::2015-04-07 15:00:46:Application End!

2015/4/7 下午 03:00:48::2015-04-07 15:00:48:Application Start!

2015/4/7 下午 03:38:48::2015-04-07 15:38:48:Application End!

2015/4/7 下午 03:38:50::2015-04-07 15:38:50:Application Start!

2015/4/7 下午 03:59:50::2015-04-07 15:59:50:Application End!

2015/4/7 下午 03:59:52::2015-04-07 15:59:52:Application Start!

2015/4/7 下午 04:20:52::2015-04-07 16:20:52:Application End!

2015/4/7 下午 04:20:54::2015-04-07 16:20:54:Application Start!

2015/4/7 下午 04:41:54::2015-04-07 16:41:54:Application End!

2015/4/7 下午 04:41:56::2015-04-07 16:41:56:Application Start!

2015/4/7 下午 05:02:56::2015-04-07 17:02:56:Application End!

2015/4/7 下午 05:02:58::2015-04-07 17:02:58:Application Start!

2015/4/7 下午 05:23:58::2015-04-07 17:23:58:Application End!

2015/4/7 下午 05:24:00::2015-04-07 17:24:00:Application Start!

2015/4/7 下午 05:56:00::2015-04-07 17:56:00:Application End!

2015/4/7 下午 05:56:02::2015-04-07 17:56:02:Application Start!

2015/4/7 下午 06:17:02::2015-04-07 18:17:02:Application End!

2015/4/7 下午 06:17:04::2015-04-07 18:17:04:Application Start!

2015/4/7 下午 06:38:04::2015-04-07 18:38:04:Application End!

2015/4/7 下午 06:38:06::2015-04-07 18:38:06:Application Start!

2015/4/7 下午 07:19:06::2015-04-07 19:19:06:Application End!

2015/4/7 下午 07:19:08::2015-04-07 19:19:08:Application Start!

2015/4/7 下午 07:40:09::2015-04-07 19:40:09:Application End!

2015/4/7 下午 07:40:11::2015-04-07 19:40:11:Application Start!

2015/4/7 下午 08:01:12::2015-04-07 20:01:12:Application End!

2015/4/7 下午 08:01:14::2015-04-07 20:01:14:Application Start!

2015/4/7 下午 08:22:14::2015-04-07 20:22:14:Application End!

2015/4/7 下午 08:22:16::2015-04-07 20:22:16:Application Start!

2015/4/7 下午 08:43:16::2015-04-07 20:43:16:Application End!

2015/4/7 下午 08:43:18::2015-04-07 20:43:18:Application Start!

2015/4/7 下午 09:07:18::2015-04-07 21:07:18:Application End!

2015/4/7 下午 09:07:20::2015-04-07 21:07:20:Application Start!

2015/4/7 下午 09:28:21::2015-04-07 21:28:21:Application End!

2015/4/7 下午 09:28:22::2015-04-07 21:28:22:Application Start!

2015/4/7 下午 09:49:23::2015-04-07 21:49:23:Application End!

2015/4/7 下午 09:49:25::2015-04-07 21:49:25:Application Start!

2015/4/7 下午 10:10:25::2015-04-07 22:10:25:Application End!

2015/4/7 下午 10:10:27::2015-04-07 22:10:27:Application Start!

2015/4/7 下午 10:31:27::2015-04-07 22:31:27:Application End!

2015/4/7 下午 10:31:29::2015-04-07 22:31:29:Application Start!

2015/4/7 下午 10:52:29::2015-04-07 22:52:29:Application End!

2015/4/7 下午 10:52:31::2015-04-07 22:52:31:Application Start!

2015/4/7 下午 11:13:31::2015-04-07 23:13:31:Application End!

2015/4/7 下午 11:13:33::2015-04-07 23:13:33:Application Start!

2015/4/7 下午 11:34:34::2015-04-07 23:34:34:Application End!

2015/4/7 下午 11:34:35::2015-04-07 23:34:35:Application Start!

2015/4/7 下午 11:55:36::2015-04-07 23:55:36:Application End!

2015/4/7 下午 11:55:38::2015-04-07 23:55:38:Application Start!

