2015/1/14 上午 12:08:30::2015-01-14 00:08:30:Application End!

2015/1/14 上午 12:10:01::2015-01-14 00:10:01:Application Start!

2015/1/14 上午 02:10:01::2015-01-14 02:10:01:Application End!

2015/1/14 上午 02:11:31::2015-01-14 02:11:31:Application Start!

2015/1/14 上午 04:11:32::2015-01-14 04:11:32:Application End!

2015/1/14 上午 04:13:02::2015-01-14 04:13:02:Application Start!

2015/1/14 上午 06:13:02::2015-01-14 06:13:02:Application End!

2015/1/14 上午 06:14:33::2015-01-14 06:14:33:Application Start!

2015/1/14 上午 08:14:34::2015-01-14 08:14:34:Application End!

2015/1/14 上午 08:16:04::2015-01-14 08:16:04:Application Start!

2015/1/14 上午 10:20:00::2015-01-14 10:20:00:AutoTask is Working!

2015/1/14 上午 10:53:10::自動執行計算門禁考勤異常報表:true

2015/1/14 下午 12:53:07::2015-01-14 12:53:07:Application End!

2015/1/14 下午 12:54:41::2015-01-14 12:54:41:Application Start!

2015/1/14 下午 02:54:37::2015-01-14 14:54:37:Application End!

2015/1/14 下午 02:56:08::2015-01-14 14:56:08:Application Start!

2015/1/14 下午 05:41:10::2015-01-14 17:41:10:Application End!

2015/1/14 下午 05:42:42::2015-01-14 17:42:42:Application Start!

2015/1/14 下午 07:55:39::2015-01-14 19:55:39:Application End!

2015/1/14 下午 07:57:10::2015-01-14 19:57:10:Application Start!

2015/1/14 下午 09:57:11::2015-01-14 21:57:11:Application End!

2015/1/14 下午 09:58:44::2015-01-14 21:58:44:Application Start!

2015/1/14 下午 11:58:41::2015-01-14 23:58:41:Application End!

