2015/4/18 上午 12:18:11::2015-04-18 00:18:11:Application End!

2015/4/18 上午 12:18:13::2015-04-18 00:18:13:Application Start!

2015/4/18 上午 12:39:13::2015-04-18 00:39:13:Application End!

2015/4/18 上午 12:39:15::2015-04-18 00:39:15:Application Start!

2015/4/18 上午 01:00:16::2015-04-18 01:00:16:Application End!

2015/4/18 上午 01:00:18::2015-04-18 01:00:18:Application Start!

2015/4/18 上午 01:21:18::2015-04-18 01:21:18:Application End!

2015/4/18 上午 01:21:20::2015-04-18 01:21:20:Application Start!

2015/4/18 上午 01:42:18::2015-04-18 01:42:18:Application End!

2015/4/18 上午 01:42:20::2015-04-18 01:42:20:Application Start!

2015/4/18 上午 02:03:20::2015-04-18 02:03:20:Application End!

2015/4/18 上午 02:03:22::2015-04-18 02:03:22:Application Start!

2015/4/18 上午 02:24:22::2015-04-18 02:24:22:Application End!

2015/4/18 上午 02:24:24::2015-04-18 02:24:24:Application Start!

2015/4/18 上午 02:45:24::2015-04-18 02:45:24:Application End!

2015/4/18 上午 02:45:26::2015-04-18 02:45:26:Application Start!

2015/4/18 上午 03:06:26::2015-04-18 03:06:26:Application End!

2015/4/18 上午 03:06:28::2015-04-18 03:06:28:Application Start!

2015/4/18 上午 03:27:29::2015-04-18 03:27:29:Application End!

2015/4/18 上午 03:27:30::2015-04-18 03:27:30:Application Start!

2015/4/18 上午 03:48:31::2015-04-18 03:48:31:Application End!

2015/4/18 上午 03:48:32::2015-04-18 03:48:32:Application Start!

2015/4/18 上午 04:09:33::2015-04-18 04:09:33:Application End!

2015/4/18 上午 04:09:34::2015-04-18 04:09:34:Application Start!

2015/4/18 上午 04:30:35::2015-04-18 04:30:35:Application End!

2015/4/18 上午 04:30:36::2015-04-18 04:30:36:Application Start!

2015/4/18 上午 04:51:37::2015-04-18 04:51:37:Application End!

2015/4/18 上午 04:51:38::2015-04-18 04:51:38:Application Start!

2015/4/18 上午 05:12:39::2015-04-18 05:12:39:Application End!

2015/4/18 上午 05:12:40::2015-04-18 05:12:40:Application Start!

2015/4/18 上午 05:33:41::2015-04-18 05:33:41:Application End!

2015/4/18 上午 05:33:42::2015-04-18 05:33:42:Application Start!

2015/4/18 上午 05:54:43::2015-04-18 05:54:43:Application End!

2015/4/18 上午 05:54:44::2015-04-18 05:54:44:Application Start!

2015/4/18 上午 06:15:45::2015-04-18 06:15:45:Application End!

2015/4/18 上午 06:15:46::2015-04-18 06:15:46:Application Start!

2015/4/18 上午 06:36:47::2015-04-18 06:36:47:Application End!

2015/4/18 上午 06:36:48::2015-04-18 06:36:48:Application Start!

2015/4/18 上午 06:57:49::2015-04-18 06:57:49:Application End!

2015/4/18 上午 06:57:51::2015-04-18 06:57:51:Application Start!

2015/4/18 上午 07:18:51::2015-04-18 07:18:51:Application End!

2015/4/18 上午 07:18:53::2015-04-18 07:18:53:Application Start!

2015/4/18 上午 07:39:53::2015-04-18 07:39:53:Application End!

2015/4/18 上午 07:39:55::2015-04-18 07:39:55:Application Start!

2015/4/18 上午 08:00:55::2015-04-18 08:00:55:Application End!

2015/4/18 上午 08:00:57::2015-04-18 08:00:57:Application Start!

2015/4/18 上午 08:21:57::2015-04-18 08:21:57:Application End!

2015/4/18 上午 08:22:01::2015-04-18 08:22:01:Application Start!

2015/4/18 上午 08:43:00::2015-04-18 08:43:00:Application End!

2015/4/18 上午 08:43:02::2015-04-18 08:43:02:Application Start!

2015/4/18 上午 09:13:02::2015-04-18 09:13:02:Application End!

2015/4/18 上午 09:13:04::2015-04-18 09:13:04:Application Start!

2015/4/18 上午 09:50:04::2015-04-18 09:50:04:Application End!

2015/4/18 上午 09:50:08::2015-04-18 09:50:08:Application Start!

2015/4/18 上午 10:11:07::2015-04-18 10:11:07:Application End!

2015/4/18 上午 10:11:09::2015-04-18 10:11:09:Application Start!

2015/4/18 上午 10:20:00::2015-04-18 10:20:00:AutoTask is Working!

2015/4/18 下午 01:40:02==> Errors Description:作業逾時Errors Location:   於 System.Net.HttpWebRequest.GetResponse()
   於 ePortal.Web.Core.Job.AttendanceAnomalyJob.ExecuteJob() 於 e:\ePortal\ePortal.Web.Core\Job\AttendanceAnomalyJob.cs: 行 26

2015/4/18 下午 02:00:11::2015-04-18 14:00:11:Application End!

2015/4/18 下午 02:00:13::2015-04-18 14:00:13:Application Start!

2015/4/18 下午 02:21:13::2015-04-18 14:21:13:Application End!

2015/4/18 下午 02:21:15::2015-04-18 14:21:15:Application Start!

2015/4/18 下午 02:42:15::2015-04-18 14:42:15:Application End!

2015/4/18 下午 02:42:17::2015-04-18 14:42:17:Application Start!

2015/4/18 下午 03:03:17::2015-04-18 15:03:17:Application End!

2015/4/18 下午 03:03:19::2015-04-18 15:03:19:Application Start!

2015/4/18 下午 03:24:20::2015-04-18 15:24:20:Application End!

2015/4/18 下午 03:24:21::2015-04-18 15:24:21:Application Start!

2015/4/18 下午 03:45:22::2015-04-18 15:45:22:Application End!

2015/4/18 下午 03:45:24::2015-04-18 15:45:24:Application Start!

2015/4/18 下午 04:06:24::2015-04-18 16:06:24:Application End!

2015/4/18 下午 04:06:26::2015-04-18 16:06:26:Application Start!

2015/4/18 下午 04:27:26::2015-04-18 16:27:26:Application End!

2015/4/18 下午 04:27:28::2015-04-18 16:27:28:Application Start!

2015/4/18 下午 05:04:28::2015-04-18 17:04:28:Application End!

2015/4/18 下午 05:04:30::2015-04-18 17:04:30:Application Start!

2015/4/18 下午 05:25:31::2015-04-18 17:25:30:Application End!

2015/4/18 下午 05:25:32::2015-04-18 17:25:32:Application Start!

2015/4/18 下午 05:48:33::2015-04-18 17:48:33:Application End!

2015/4/18 下午 05:48:34::2015-04-18 17:48:34:Application Start!

2015/4/18 下午 06:09:35::2015-04-18 18:09:35:Application End!

2015/4/18 下午 06:09:37::2015-04-18 18:09:37:Application Start!

2015/4/18 下午 06:30:37::2015-04-18 18:30:37:Application End!

2015/4/18 下午 06:30:39::2015-04-18 18:30:39:Application Start!

2015/4/18 下午 07:04:39::2015-04-18 19:04:39:Application End!

2015/4/18 下午 07:04:41::2015-04-18 19:04:41:Application Start!

2015/4/18 下午 07:25:41::2015-04-18 19:25:41:Application End!

2015/4/18 下午 07:25:43::2015-04-18 19:25:43:Application Start!

2015/4/18 下午 07:46:42::2015-04-18 19:46:42:Application End!

2015/4/18 下午 07:46:44::2015-04-18 19:46:44:Application Start!

2015/4/18 下午 08:07:44::2015-04-18 20:07:44:Application End!

2015/4/18 下午 08:07:46::2015-04-18 20:07:46:Application Start!

2015/4/18 下午 08:28:46::2015-04-18 20:28:46:Application End!

2015/4/18 下午 08:28:48::2015-04-18 20:28:48:Application Start!

2015/4/18 下午 08:49:48::2015-04-18 20:49:48:Application End!

2015/4/18 下午 08:49:50::2015-04-18 20:49:50:Application Start!

2015/4/18 下午 09:10:50::2015-04-18 21:10:50:Application End!

2015/4/18 下午 09:10:52::2015-04-18 21:10:52:Application Start!

2015/4/18 下午 09:47:52::2015-04-18 21:47:52:Application End!

2015/4/18 下午 09:47:54::2015-04-18 21:47:54:Application Start!

2015/4/18 下午 10:08:54::2015-04-18 22:08:54:Application End!

2015/4/18 下午 10:08:56::2015-04-18 22:08:56:Application Start!

2015/4/18 下午 10:29:56::2015-04-18 22:29:56:Application End!

2015/4/18 下午 10:29:58::2015-04-18 22:29:58:Application Start!

2015/4/18 下午 10:50:58::2015-04-18 22:50:58:Application End!

2015/4/18 下午 10:51:00::2015-04-18 22:51:00:Application Start!

2015/4/18 下午 11:12:00::2015-04-18 23:12:00:Application End!

2015/4/18 下午 11:12:02::2015-04-18 23:12:02:Application Start!

2015/4/18 下午 11:33:02::2015-04-18 23:33:02:Application End!

2015/4/18 下午 11:33:04::2015-04-18 23:33:04:Application Start!

2015/4/18 下午 11:54:04::2015-04-18 23:54:04:Application End!

2015/4/18 下午 11:54:06::2015-04-18 23:54:06:Application Start!

