2015/5/1 上午 12:08:01::2015-05-01 00:08:01:Application End!

2015/5/1 上午 12:08:02::2015-05-01 00:08:02:Application Start!

2015/5/1 上午 12:29:03::2015-05-01 00:29:03:Application End!

2015/5/1 上午 12:29:05::2015-05-01 00:29:05:Application Start!

2015/5/1 上午 12:50:05::2015-05-01 00:50:05:Application End!

2015/5/1 上午 12:50:06::2015-05-01 00:50:06:Application Start!

2015/5/1 上午 01:11:07::2015-05-01 01:11:07:Application End!

2015/5/1 上午 01:11:08::2015-05-01 01:11:08:Application Start!

2015/5/1 上午 01:32:09::2015-05-01 01:32:09:Application End!

2015/5/1 上午 01:32:10::2015-05-01 01:32:10:Application Start!

2015/5/1 上午 01:53:11::2015-05-01 01:53:11:Application End!

2015/5/1 上午 01:53:12::2015-05-01 01:53:12:Application Start!

2015/5/1 上午 02:14:13::2015-05-01 02:14:13:Application End!

2015/5/1 上午 02:14:15::2015-05-01 02:14:15:Application Start!

2015/5/1 上午 02:35:15::2015-05-01 02:35:15:Application End!

2015/5/1 上午 02:35:17::2015-05-01 02:35:17:Application Start!

2015/5/1 上午 02:56:17::2015-05-01 02:56:17:Application End!

2015/5/1 上午 02:56:19::2015-05-01 02:56:19:Application Start!

2015/5/1 上午 03:17:19::2015-05-01 03:17:19:Application End!

2015/5/1 上午 03:17:21::2015-05-01 03:17:21:Application Start!

2015/5/1 上午 03:38:21::2015-05-01 03:38:21:Application End!

2015/5/1 上午 03:38:23::2015-05-01 03:38:23:Application Start!

2015/5/1 上午 03:59:23::2015-05-01 03:59:23:Application End!

2015/5/1 上午 03:59:25::2015-05-01 03:59:25:Application Start!

2015/5/1 上午 04:20:25::2015-05-01 04:20:25:Application End!

2015/5/1 上午 04:20:27::2015-05-01 04:20:27:Application Start!

2015/5/1 上午 04:41:27::2015-05-01 04:41:27:Application End!

2015/5/1 上午 04:41:29::2015-05-01 04:41:29:Application Start!

2015/5/1 上午 05:02:29::2015-05-01 05:02:29:Application End!

2015/5/1 上午 05:02:31::2015-05-01 05:02:31:Application Start!

2015/5/1 上午 05:23:31::2015-05-01 05:23:31:Application End!

2015/5/1 上午 05:23:33::2015-05-01 05:23:33:Application Start!

2015/5/1 上午 05:44:33::2015-05-01 05:44:33:Application End!

2015/5/1 上午 05:44:35::2015-05-01 05:44:35:Application Start!

2015/5/1 上午 06:05:35::2015-05-01 06:05:35:Application End!

2015/5/1 上午 06:05:37::2015-05-01 06:05:37:Application Start!

2015/5/1 上午 06:26:37::2015-05-01 06:26:37:Application End!

2015/5/1 上午 06:26:39::2015-05-01 06:26:39:Application Start!

2015/5/1 上午 06:47:39::2015-05-01 06:47:39:Application End!

2015/5/1 上午 06:47:42::2015-05-01 06:47:42:Application Start!

2015/5/1 上午 07:08:42::2015-05-01 07:08:42:Application End!

2015/5/1 上午 07:08:44::2015-05-01 07:08:44:Application Start!

2015/5/1 上午 07:29:44::2015-05-01 07:29:44:Application End!

2015/5/1 上午 07:29:46::2015-05-01 07:29:46:Application Start!

2015/5/1 上午 07:50:46::2015-05-01 07:50:46:Application End!

2015/5/1 上午 07:50:48::2015-05-01 07:50:48:Application Start!

2015/5/1 上午 08:11:49::2015-05-01 08:11:49:Application End!

2015/5/1 上午 08:11:52::2015-05-01 08:11:52:Application Start!

2015/5/1 上午 08:32:52::2015-05-01 08:32:52:Application End!

2015/5/1 上午 08:32:54::2015-05-01 08:32:54:Application Start!

2015/5/1 上午 08:53:54::2015-05-01 08:53:54:Application End!

2015/5/1 上午 08:53:57::2015-05-01 08:53:56:Application Start!

2015/5/1 上午 09:14:57::2015-05-01 09:14:57:Application End!

2015/5/1 上午 09:14:59::2015-05-01 09:14:59:Application Start!

2015/5/1 上午 09:35:59::2015-05-01 09:35:59:Application End!

2015/5/1 上午 09:36:01::2015-05-01 09:36:01:Application Start!

2015/5/1 上午 09:57:01::2015-05-01 09:57:01:Application End!

2015/5/1 上午 09:57:10::2015-05-01 09:57:10:Application Start!

2015/5/1 上午 10:18:05::2015-05-01 10:18:05:Application End!

2015/5/1 上午 10:18:07::2015-05-01 10:18:07:Application Start!

2015/5/1 上午 10:20:00::2015-05-01 10:20:00:AutoTask is Working!

2015/5/1 下午 12:52:29::自動執行計算門禁考勤異常報表:true

2015/5/1 下午 01:13:08::2015-05-01 13:13:08:Application End!

2015/5/1 下午 01:13:09::2015-05-01 13:13:09:Application Start!

2015/5/1 下午 01:34:10::2015-05-01 13:34:10:Application End!

2015/5/1 下午 01:34:12::2015-05-01 13:34:12:Application Start!

2015/5/1 下午 01:55:12::2015-05-01 13:55:12:Application End!

2015/5/1 下午 01:55:14::2015-05-01 13:55:14:Application Start!

2015/5/1 下午 02:16:14::2015-05-01 14:16:14:Application End!

2015/5/1 下午 02:16:16::2015-05-01 14:16:16:Application Start!

2015/5/1 下午 02:37:16::2015-05-01 14:37:16:Application End!

2015/5/1 下午 02:37:18::2015-05-01 14:37:18:Application Start!

2015/5/1 下午 02:58:19::2015-05-01 14:58:18:Application End!

2015/5/1 下午 02:58:20::2015-05-01 14:58:20:Application Start!

2015/5/1 下午 03:19:21::2015-05-01 15:19:21:Application End!

2015/5/1 下午 03:19:22::2015-05-01 15:19:22:Application Start!

2015/5/1 下午 03:40:23::2015-05-01 15:40:23:Application End!

2015/5/1 下午 03:40:25::2015-05-01 15:40:25:Application Start!

2015/5/1 下午 04:01:25::2015-05-01 16:01:25:Application End!

2015/5/1 下午 04:01:33::2015-05-01 16:01:33:Application Start!

2015/5/1 下午 04:22:29::2015-05-01 16:22:29:Application End!

2015/5/1 下午 04:22:31::2015-05-01 16:22:31:Application Start!

2015/5/1 下午 04:43:31::2015-05-01 16:43:31:Application End!

2015/5/1 下午 04:43:33::2015-05-01 16:43:33:Application Start!

2015/5/1 下午 05:04:33::2015-05-01 17:04:33:Application End!

2015/5/1 下午 05:04:35::2015-05-01 17:04:35:Application Start!

2015/5/1 下午 05:25:34::2015-05-01 17:25:34:Application End!

2015/5/1 下午 05:25:36::2015-05-01 17:25:36:Application Start!

2015/5/1 下午 05:46:36::2015-05-01 17:46:36:Application End!

2015/5/1 下午 05:46:38::2015-05-01 17:46:38:Application Start!

2015/5/1 下午 06:07:38::2015-05-01 18:07:38:Application End!

2015/5/1 下午 06:07:40::2015-05-01 18:07:40:Application Start!

2015/5/1 下午 06:28:40::2015-05-01 18:28:40:Application End!

2015/5/1 下午 06:28:42::2015-05-01 18:28:42:Application Start!

2015/5/1 下午 06:49:42::2015-05-01 18:49:42:Application End!

2015/5/1 下午 06:49:44::2015-05-01 18:49:44:Application Start!

2015/5/1 下午 07:10:44::2015-05-01 19:10:44:Application End!

2015/5/1 下午 07:10:46::2015-05-01 19:10:46:Application Start!

2015/5/1 下午 07:31:46::2015-05-01 19:31:46:Application End!

2015/5/1 下午 07:31:48::2015-05-01 19:31:48:Application Start!

2015/5/1 下午 07:52:48::2015-05-01 19:52:48:Application End!

2015/5/1 下午 07:52:50::2015-05-01 19:52:50:Application Start!

2015/5/1 下午 08:13:50::2015-05-01 20:13:50:Application End!

2015/5/1 下午 08:13:52::2015-05-01 20:13:52:Application Start!

2015/5/1 下午 08:34:52::2015-05-01 20:34:52:Application End!

2015/5/1 下午 08:34:54::2015-05-01 20:34:54:Application Start!

2015/5/1 下午 08:55:54::2015-05-01 20:55:54:Application End!

2015/5/1 下午 08:55:56::2015-05-01 20:55:56:Application Start!

2015/5/1 下午 09:16:57::2015-05-01 21:16:56:Application End!

2015/5/1 下午 09:16:58::2015-05-01 21:16:58:Application Start!

2015/5/1 下午 09:37:59::2015-05-01 21:37:59:Application End!

2015/5/1 下午 09:38:00::2015-05-01 21:38:00:Application Start!

2015/5/1 下午 09:59:01::2015-05-01 21:59:01:Application End!

2015/5/1 下午 09:59:05::2015-05-01 21:59:05:Application Start!

2015/5/1 下午 10:20:04::2015-05-01 22:20:04:Application End!

2015/5/1 下午 10:20:06::2015-05-01 22:20:06:Application Start!

2015/5/1 下午 10:41:06::2015-05-01 22:41:06:Application End!

2015/5/1 下午 10:41:08::2015-05-01 22:41:08:Application Start!

2015/5/1 下午 11:02:08::2015-05-01 23:02:08:Application End!

2015/5/1 下午 11:02:10::2015-05-01 23:02:10:Application Start!

2015/5/1 下午 11:23:10::2015-05-01 23:23:10:Application End!

2015/5/1 下午 11:23:12::2015-05-01 23:23:12:Application Start!

2015/5/1 下午 11:44:12::2015-05-01 23:44:12:Application End!

2015/5/1 下午 11:44:14::2015-05-01 23:44:14:Application Start!

