2015/3/17 上午 12:04:50::2015-03-17 00:04:50:Application End!

2015/3/17 上午 12:04:52::2015-03-17 00:04:52:Application Start!

2015/3/17 上午 12:25:52::2015-03-17 00:25:52:Application End!

2015/3/17 上午 12:25:54::2015-03-17 00:25:54:Application Start!

2015/3/17 上午 12:46:54::2015-03-17 00:46:54:Application End!

2015/3/17 上午 12:46:56::2015-03-17 00:46:56:Application Start!

2015/3/17 上午 01:07:56::2015-03-17 01:07:56:Application End!

2015/3/17 上午 01:07:58::2015-03-17 01:07:58:Application Start!

2015/3/17 上午 01:28:58::2015-03-17 01:28:58:Application End!

2015/3/17 上午 01:29:00::2015-03-17 01:29:00:Application Start!

2015/3/17 上午 01:50:01::2015-03-17 01:50:01:Application End!

2015/3/17 上午 01:50:02::2015-03-17 01:50:02:Application Start!

2015/3/17 上午 02:11:03::2015-03-17 02:11:03:Application End!

2015/3/17 上午 02:11:05::2015-03-17 02:11:05:Application Start!

2015/3/17 上午 02:32:05::2015-03-17 02:32:05:Application End!

2015/3/17 上午 02:32:07::2015-03-17 02:32:07:Application Start!

2015/3/17 上午 02:53:07::2015-03-17 02:53:07:Application End!

2015/3/17 上午 02:53:09::2015-03-17 02:53:09:Application Start!

2015/3/17 上午 03:14:09::2015-03-17 03:14:09:Application End!

2015/3/17 上午 03:14:11::2015-03-17 03:14:11:Application Start!

2015/3/17 上午 03:35:11::2015-03-17 03:35:11:Application End!

2015/3/17 上午 03:35:13::2015-03-17 03:35:13:Application Start!

2015/3/17 上午 03:56:14::2015-03-17 03:56:14:Application End!

2015/3/17 上午 03:56:15::2015-03-17 03:56:15:Application Start!

2015/3/17 上午 04:17:16::2015-03-17 04:17:16:Application End!

2015/3/17 上午 04:17:17::2015-03-17 04:17:17:Application Start!

2015/3/17 上午 04:38:18::2015-03-17 04:38:18:Application End!

2015/3/17 上午 04:38:20::2015-03-17 04:38:20:Application Start!

2015/3/17 上午 04:59:18::2015-03-17 04:59:18:Application End!

2015/3/17 上午 04:59:20::2015-03-17 04:59:20:Application Start!

2015/3/17 上午 05:20:20::2015-03-17 05:20:20:Application End!

2015/3/17 上午 05:20:22::2015-03-17 05:20:22:Application Start!

2015/3/17 上午 05:41:23::2015-03-17 05:41:23:Application End!

2015/3/17 上午 05:41:30::2015-03-17 05:41:30:Application Start!

2015/3/17 上午 06:06:26::2015-03-17 06:06:26:Application End!

2015/3/17 上午 06:06:28::2015-03-17 06:06:28:Application Start!

2015/3/17 上午 06:27:28::2015-03-17 06:27:28:Application End!

2015/3/17 上午 06:27:30::2015-03-17 06:27:30:Application Start!

2015/3/17 上午 06:48:30::2015-03-17 06:48:30:Application End!

2015/3/17 上午 06:48:32::2015-03-17 06:48:32:Application Start!

2015/3/17 上午 07:09:32::2015-03-17 07:09:32:Application End!

2015/3/17 上午 07:09:34::2015-03-17 07:09:34:Application Start!

2015/3/17 上午 07:30:35::2015-03-17 07:30:35:Application End!

2015/3/17 上午 07:30:38::2015-03-17 07:30:38:Application Start!

2015/3/17 上午 07:51:37::2015-03-17 07:51:37:Application End!

2015/3/17 上午 07:51:39::2015-03-17 07:51:39:Application Start!

2015/3/17 上午 08:24:39::2015-03-17 08:24:39:Application End!

2015/3/17 上午 08:24:41::2015-03-17 08:24:41:Application Start!

2015/3/17 上午 08:45:41::2015-03-17 08:45:41:Application End!

2015/3/17 上午 08:45:43::2015-03-17 08:45:43:Application Start!

2015/3/17 上午 09:06:43::2015-03-17 09:06:43:Application End!

2015/3/17 上午 09:06:45::2015-03-17 09:06:45:Application Start!

2015/3/17 上午 09:27:45::2015-03-17 09:27:45:Application End!

2015/3/17 上午 09:27:47::2015-03-17 09:27:47:Application Start!

2015/3/17 上午 09:48:47::2015-03-17 09:48:47:Application End!

2015/3/17 上午 09:48:49::2015-03-17 09:48:49:Application Start!

2015/3/17 上午 10:09:49::2015-03-17 10:09:49:Application End!

2015/3/17 上午 10:09:51::2015-03-17 10:09:51:Application Start!

2015/3/17 上午 10:20:00::2015-03-17 10:20:00:AutoTask is Working!

2015/3/17 下午 01:11:47::自動執行計算門禁考勤異常報表:true

2015/3/17 下午 01:31:51::2015-03-17 13:31:51:Application End!

2015/3/17 下午 01:31:53::2015-03-17 13:31:53:Application Start!

2015/3/17 下午 01:52:53::2015-03-17 13:52:53:Application End!

2015/3/17 下午 01:52:55::2015-03-17 13:52:55:Application Start!

2015/3/17 下午 02:13:56::2015-03-17 14:13:56:Application End!

2015/3/17 下午 02:13:58::2015-03-17 14:13:58:Application Start!

2015/3/17 下午 02:34:59::2015-03-17 14:34:59:Application End!

2015/3/17 下午 02:35:00::2015-03-17 14:35:00:Application Start!

2015/3/17 下午 02:56:01::2015-03-17 14:56:01:Application End!

2015/3/17 下午 02:56:02::2015-03-17 14:56:02:Application Start!

2015/3/17 下午 03:17:03::2015-03-17 15:17:03:Application End!

2015/3/17 下午 03:17:05::2015-03-17 15:17:05:Application Start!

2015/3/17 下午 03:38:05::2015-03-17 15:38:05:Application End!

2015/3/17 下午 03:38:07::2015-03-17 15:38:07:Application Start!

2015/3/17 下午 03:59:07::2015-03-17 15:59:07:Application End!

2015/3/17 下午 03:59:09::2015-03-17 15:59:09:Application Start!

2015/3/17 下午 04:20:09::2015-03-17 16:20:09:Application End!

2015/3/17 下午 04:20:11::2015-03-17 16:20:11:Application Start!

2015/3/17 下午 04:41:12::2015-03-17 16:41:12:Application End!

2015/3/17 下午 04:41:13::2015-03-17 16:41:13:Application Start!

2015/3/17 下午 05:02:14::2015-03-17 17:02:14:Application End!

2015/3/17 下午 05:02:15::2015-03-17 17:02:15:Application Start!

2015/3/17 下午 05:23:16::2015-03-17 17:23:16:Application End!

2015/3/17 下午 05:23:18::2015-03-17 17:23:18:Application Start!

2015/3/17 下午 05:44:18::2015-03-17 17:44:18:Application End!

2015/3/17 下午 05:44:20::2015-03-17 17:44:20:Application Start!

2015/3/17 下午 06:05:20::2015-03-17 18:05:20:Application End!

2015/3/17 下午 06:05:22::2015-03-17 18:05:22:Application Start!

2015/3/17 下午 06:26:22::2015-03-17 18:26:22:Application End!

2015/3/17 下午 06:26:24::2015-03-17 18:26:24:Application Start!

2015/3/17 下午 06:47:25::2015-03-17 18:47:25:Application End!

2015/3/17 下午 06:47:26::2015-03-17 18:47:26:Application Start!

2015/3/17 下午 07:12:27::2015-03-17 19:12:27:Application End!

2015/3/17 下午 07:12:29::2015-03-17 19:12:29:Application Start!

2015/3/17 下午 07:33:29::2015-03-17 19:33:29:Application End!

2015/3/17 下午 07:33:31::2015-03-17 19:33:31:Application Start!

2015/3/17 下午 07:54:31::2015-03-17 19:54:31:Application End!

2015/3/17 下午 07:54:33::2015-03-17 19:54:33:Application Start!

2015/3/17 下午 08:15:33::2015-03-17 20:15:33:Application End!

2015/3/17 下午 08:15:35::2015-03-17 20:15:35:Application Start!

2015/3/17 下午 08:36:35::2015-03-17 20:36:35:Application End!

2015/3/17 下午 08:36:37::2015-03-17 20:36:37:Application Start!

2015/3/17 下午 08:57:38::2015-03-17 20:57:38:Application End!

2015/3/17 下午 08:57:39::2015-03-17 20:57:39:Application Start!

2015/3/17 下午 09:18:40::2015-03-17 21:18:40:Application End!

2015/3/17 下午 09:18:42::2015-03-17 21:18:42:Application Start!

2015/3/17 下午 09:39:42::2015-03-17 21:39:42:Application End!

2015/3/17 下午 09:39:44::2015-03-17 21:39:44:Application Start!

2015/3/17 下午 10:12:44::2015-03-17 22:12:44:Application End!

2015/3/17 下午 10:12:46::2015-03-17 22:12:46:Application Start!

2015/3/17 下午 10:33:46::2015-03-17 22:33:46:Application End!

2015/3/17 下午 10:33:48::2015-03-17 22:33:48:Application Start!

2015/3/17 下午 10:54:49::2015-03-17 22:54:49:Application End!

2015/3/17 下午 10:54:50::2015-03-17 22:54:50:Application Start!

2015/3/17 下午 11:15:49::2015-03-17 23:15:49:Application End!

2015/3/17 下午 11:15:51::2015-03-17 23:15:51:Application Start!

2015/3/17 下午 11:36:51::2015-03-17 23:36:51:Application End!

2015/3/17 下午 11:36:53::2015-03-17 23:36:53:Application Start!

2015/3/17 下午 11:57:53::2015-03-17 23:57:53:Application End!

2015/3/17 下午 11:57:55::2015-03-17 23:57:55:Application Start!

