2015/3/22 上午 12:19:19::2015-03-22 00:19:19:Application End!

2015/3/22 上午 12:19:21::2015-03-22 00:19:21:Application Start!

2015/3/22 上午 12:40:21::2015-03-22 00:40:21:Application End!

2015/3/22 上午 12:40:23::2015-03-22 00:40:23:Application Start!

2015/3/22 上午 01:01:23::2015-03-22 01:01:23:Application End!

2015/3/22 上午 01:01:25::2015-03-22 01:01:25:Application Start!

2015/3/22 上午 01:22:25::2015-03-22 01:22:25:Application End!

2015/3/22 上午 01:22:27::2015-03-22 01:22:27:Application Start!

2015/3/22 上午 01:43:27::2015-03-22 01:43:27:Application End!

2015/3/22 上午 01:43:29::2015-03-22 01:43:29:Application Start!

2015/3/22 上午 02:04:29::2015-03-22 02:04:29:Application End!

2015/3/22 上午 02:04:31::2015-03-22 02:04:31:Application Start!

2015/3/22 上午 02:25:31::2015-03-22 02:25:31:Application End!

2015/3/22 上午 02:25:33::2015-03-22 02:25:33:Application Start!

2015/3/22 上午 02:46:33::2015-03-22 02:46:33:Application End!

2015/3/22 上午 02:46:35::2015-03-22 02:46:35:Application Start!

2015/3/22 上午 03:07:36::2015-03-22 03:07:36:Application End!

2015/3/22 上午 03:07:37::2015-03-22 03:07:37:Application Start!

2015/3/22 上午 03:28:39::2015-03-22 03:28:39:Application End!

2015/3/22 上午 03:28:40::2015-03-22 03:28:40:Application Start!

2015/3/22 上午 03:49:41::2015-03-22 03:49:41:Application End!

2015/3/22 上午 03:49:43::2015-03-22 03:49:43:Application Start!

2015/3/22 上午 04:10:43::2015-03-22 04:10:43:Application End!

2015/3/22 上午 04:10:45::2015-03-22 04:10:45:Application Start!

2015/3/22 上午 04:31:45::2015-03-22 04:31:45:Application End!

2015/3/22 上午 04:31:47::2015-03-22 04:31:47:Application Start!

2015/3/22 上午 04:52:47::2015-03-22 04:52:47:Application End!

2015/3/22 上午 04:52:49::2015-03-22 04:52:49:Application Start!

2015/3/22 上午 05:13:49::2015-03-22 05:13:49:Application End!

2015/3/22 上午 05:13:51::2015-03-22 05:13:51:Application Start!

2015/3/22 上午 05:34:52::2015-03-22 05:34:52:Application End!

2015/3/22 上午 05:34:53::2015-03-22 05:34:53:Application Start!

2015/3/22 上午 05:55:54::2015-03-22 05:55:54:Application End!

2015/3/22 上午 05:55:58::2015-03-22 05:55:58:Application Start!

2015/3/22 上午 06:16:57::2015-03-22 06:16:57:Application End!

2015/3/22 上午 06:16:59::2015-03-22 06:16:59:Application Start!

2015/3/22 上午 06:37:59::2015-03-22 06:37:59:Application End!

2015/3/22 上午 06:38:01::2015-03-22 06:38:01:Application Start!

2015/3/22 上午 06:59:01::2015-03-22 06:59:01:Application End!

2015/3/22 上午 06:59:03::2015-03-22 06:59:03:Application Start!

2015/3/22 上午 07:20:04::2015-03-22 07:20:04:Application End!

2015/3/22 上午 07:20:08::2015-03-22 07:20:08:Application Start!

2015/3/22 上午 07:41:07::2015-03-22 07:41:07:Application End!

2015/3/22 上午 07:41:08::2015-03-22 07:41:08:Application Start!

2015/3/22 上午 08:02:09::2015-03-22 08:02:09:Application End!

2015/3/22 上午 08:02:11::2015-03-22 08:02:11:Application Start!

2015/3/22 上午 08:23:11::2015-03-22 08:23:11:Application End!

2015/3/22 上午 08:23:13::2015-03-22 08:23:13:Application Start!

2015/3/22 上午 08:44:13::2015-03-22 08:44:13:Application End!

2015/3/22 上午 08:44:15::2015-03-22 08:44:15:Application Start!

2015/3/22 上午 09:05:15::2015-03-22 09:05:15:Application End!

2015/3/22 上午 09:05:17::2015-03-22 09:05:17:Application Start!

2015/3/22 上午 09:26:17::2015-03-22 09:26:17:Application End!

2015/3/22 上午 09:26:19::2015-03-22 09:26:19:Application Start!

2015/3/22 上午 09:47:20::2015-03-22 09:47:20:Application End!

2015/3/22 上午 09:47:21::2015-03-22 09:47:21:Application Start!

2015/3/22 上午 10:08:22::2015-03-22 10:08:22:Application End!

2015/3/22 上午 10:08:24::2015-03-22 10:08:24:Application Start!

2015/3/22 上午 10:20:00::2015-03-22 10:20:00:AutoTask is Working!

2015/3/22 下午 12:39:55::自動執行計算門禁考勤異常報表:true

2015/3/22 下午 01:00:23::2015-03-22 13:00:23:Application End!

2015/3/22 下午 01:00:27::2015-03-22 13:00:27:Application Start!

2015/3/22 下午 01:21:26::2015-03-22 13:21:26:Application End!

2015/3/22 下午 01:21:28::2015-03-22 13:21:28:Application Start!

2015/3/22 下午 01:42:28::2015-03-22 13:42:28:Application End!

2015/3/22 下午 01:42:33::2015-03-22 13:42:33:Application Start!

2015/3/22 下午 02:03:31::2015-03-22 14:03:31:Application End!

2015/3/22 下午 02:03:33::2015-03-22 14:03:33:Application Start!

2015/3/22 下午 02:24:33::2015-03-22 14:24:33:Application End!

2015/3/22 下午 02:24:35::2015-03-22 14:24:35:Application Start!

2015/3/22 下午 02:45:35::2015-03-22 14:45:35:Application End!

2015/3/22 下午 02:45:37::2015-03-22 14:45:37:Application Start!

2015/3/22 下午 03:06:37::2015-03-22 15:06:37:Application End!

2015/3/22 下午 03:06:39::2015-03-22 15:06:39:Application Start!

2015/3/22 下午 03:27:39::2015-03-22 15:27:39:Application End!

2015/3/22 下午 03:27:41::2015-03-22 15:27:41:Application Start!

2015/3/22 下午 03:48:42::2015-03-22 15:48:42:Application End!

2015/3/22 下午 03:48:43::2015-03-22 15:48:43:Application Start!

2015/3/22 下午 04:09:44::2015-03-22 16:09:44:Application End!

2015/3/22 下午 04:09:45::2015-03-22 16:09:45:Application Start!

2015/3/22 下午 04:30:46::2015-03-22 16:30:46:Application End!

2015/3/22 下午 04:30:47::2015-03-22 16:30:47:Application Start!

2015/3/22 下午 04:51:48::2015-03-22 16:51:48:Application End!

2015/3/22 下午 04:51:50::2015-03-22 16:51:50:Application Start!

2015/3/22 下午 05:12:50::2015-03-22 17:12:50:Application End!

2015/3/22 下午 05:12:52::2015-03-22 17:12:52:Application Start!

2015/3/22 下午 05:33:52::2015-03-22 17:33:52:Application End!

2015/3/22 下午 05:33:54::2015-03-22 17:33:54:Application Start!

2015/3/22 下午 05:54:54::2015-03-22 17:54:54:Application End!

2015/3/22 下午 05:54:56::2015-03-22 17:54:56:Application Start!

2015/3/22 下午 06:15:56::2015-03-22 18:15:56:Application End!

2015/3/22 下午 06:15:58::2015-03-22 18:15:58:Application Start!

2015/3/22 下午 06:36:58::2015-03-22 18:36:58:Application End!

2015/3/22 下午 06:37:00::2015-03-22 18:37:00:Application Start!

2015/3/22 下午 06:58:00::2015-03-22 18:58:00:Application End!

2015/3/22 下午 06:58:02::2015-03-22 18:58:02:Application Start!

2015/3/22 下午 07:19:02::2015-03-22 19:19:02:Application End!

2015/3/22 下午 07:19:04::2015-03-22 19:19:04:Application Start!

2015/3/22 下午 07:40:04::2015-03-22 19:40:04:Application End!

2015/3/22 下午 07:40:06::2015-03-22 19:40:06:Application Start!

2015/3/22 下午 08:01:06::2015-03-22 20:01:06:Application End!

2015/3/22 下午 08:01:08::2015-03-22 20:01:08:Application Start!

2015/3/22 下午 08:22:08::2015-03-22 20:22:08:Application End!

2015/3/22 下午 08:22:10::2015-03-22 20:22:10:Application Start!

2015/3/22 下午 08:43:10::2015-03-22 20:43:10:Application End!

2015/3/22 下午 08:43:12::2015-03-22 20:43:12:Application Start!

2015/3/22 下午 09:04:12::2015-03-22 21:04:12:Application End!

2015/3/22 下午 09:04:14::2015-03-22 21:04:14:Application Start!

2015/3/22 下午 09:25:16::2015-03-22 21:25:16:Application End!

2015/3/22 下午 09:25:17::2015-03-22 21:25:17:Application Start!

2015/3/22 下午 09:46:18::2015-03-22 21:46:18:Application End!

2015/3/22 下午 09:46:20::2015-03-22 21:46:20:Application Start!

2015/3/22 下午 10:07:20::2015-03-22 22:07:20:Application End!

2015/3/22 下午 10:07:22::2015-03-22 22:07:22:Application Start!

2015/3/22 下午 10:28:22::2015-03-22 22:28:22:Application End!

2015/3/22 下午 10:28:24::2015-03-22 22:28:24:Application Start!

2015/3/22 下午 10:49:24::2015-03-22 22:49:24:Application End!

2015/3/22 下午 10:49:26::2015-03-22 22:49:26:Application Start!

2015/3/22 下午 11:10:27::2015-03-22 23:10:27:Application End!

2015/3/22 下午 11:10:28::2015-03-22 23:10:28:Application Start!

2015/3/22 下午 11:31:29::2015-03-22 23:31:29:Application End!

2015/3/22 下午 11:31:31::2015-03-22 23:31:31:Application Start!

