2015/4/8 上午 12:16:38::2015-04-08 00:16:38:Application End!

2015/4/8 上午 12:16:40::2015-04-08 00:16:40:Application Start!

2015/4/8 上午 12:37:40::2015-04-08 00:37:40:Application End!

2015/4/8 上午 12:37:42::2015-04-08 00:37:42:Application Start!

2015/4/8 上午 12:58:42::2015-04-08 00:58:42:Application End!

2015/4/8 上午 12:58:44::2015-04-08 00:58:44:Application Start!

2015/4/8 上午 01:19:45::2015-04-08 01:19:45:Application End!

2015/4/8 上午 01:19:46::2015-04-08 01:19:46:Application Start!

2015/4/8 上午 01:40:47::2015-04-08 01:40:47:Application End!

2015/4/8 上午 01:40:48::2015-04-08 01:40:48:Application Start!

2015/4/8 上午 02:01:49::2015-04-08 02:01:49:Application End!

2015/4/8 上午 02:01:51::2015-04-08 02:01:51:Application Start!

2015/4/8 上午 02:22:51::2015-04-08 02:22:51:Application End!

2015/4/8 上午 02:22:53::2015-04-08 02:22:53:Application Start!

2015/4/8 上午 02:43:53::2015-04-08 02:43:53:Application End!

2015/4/8 上午 02:43:55::2015-04-08 02:43:55:Application Start!

2015/4/8 上午 03:04:55::2015-04-08 03:04:55:Application End!

2015/4/8 上午 03:04:57::2015-04-08 03:04:57:Application Start!

2015/4/8 上午 03:25:57::2015-04-08 03:25:57:Application End!

2015/4/8 上午 03:25:59::2015-04-08 03:25:59:Application Start!

2015/4/8 上午 03:47:00::2015-04-08 03:47:00:Application End!

2015/4/8 上午 03:47:01::2015-04-08 03:47:01:Application Start!

2015/4/8 上午 04:30:02::2015-04-08 04:30:02:Application End!

2015/4/8 上午 04:30:04::2015-04-08 04:30:04:Application Start!

2015/4/8 上午 04:51:03::2015-04-08 04:51:03:Application End!

2015/4/8 上午 04:51:04::2015-04-08 04:51:04:Application Start!

2015/4/8 上午 05:12:04::2015-04-08 05:12:04:Application End!

2015/4/8 上午 05:12:06::2015-04-08 05:12:06:Application Start!

2015/4/8 上午 05:33:06::2015-04-08 05:33:06:Application End!

2015/4/8 上午 05:33:08::2015-04-08 05:33:08:Application Start!

2015/4/8 上午 05:55:08::2015-04-08 05:55:08:Application End!

2015/4/8 上午 05:55:10::2015-04-08 05:55:10:Application Start!

2015/4/8 上午 06:16:10::2015-04-08 06:16:10:Application End!

2015/4/8 上午 06:16:12::2015-04-08 06:16:12:Application Start!

2015/4/8 上午 06:37:13::2015-04-08 06:37:13:Application End!

2015/4/8 上午 06:37:14::2015-04-08 06:37:14:Application Start!

2015/4/8 上午 06:58:15::2015-04-08 06:58:15:Application End!

2015/4/8 上午 06:58:16::2015-04-08 06:58:16:Application Start!

2015/4/8 上午 07:19:17::2015-04-08 07:19:17:Application End!

2015/4/8 上午 07:19:18::2015-04-08 07:19:18:Application Start!

2015/4/8 上午 07:40:19::2015-04-08 07:40:19:Application End!

2015/4/8 上午 07:40:20::2015-04-08 07:40:20:Application Start!

2015/4/8 上午 08:01:21::2015-04-08 08:01:21:Application End!

2015/4/8 上午 08:01:22::2015-04-08 08:01:22:Application Start!

2015/4/8 上午 08:22:23::2015-04-08 08:22:23:Application End!

2015/4/8 上午 08:22:25::2015-04-08 08:22:25:Application Start!

2015/4/8 上午 08:43:25::2015-04-08 08:43:25:Application End!

2015/4/8 上午 08:43:27::2015-04-08 08:43:27:Application Start!

2015/4/8 上午 09:04:27::2015-04-08 09:04:27:Application End!

2015/4/8 上午 09:04:29::2015-04-08 09:04:29:Application Start!

2015/4/8 上午 09:25:29::2015-04-08 09:25:29:Application End!

2015/4/8 上午 09:25:31::2015-04-08 09:25:31:Application Start!

2015/4/8 上午 09:46:31::2015-04-08 09:46:31:Application End!

2015/4/8 上午 09:46:33::2015-04-08 09:46:33:Application Start!

2015/4/8 上午 10:07:33::2015-04-08 10:07:33:Application End!

2015/4/8 上午 10:07:35::2015-04-08 10:07:35:Application Start!

2015/4/8 上午 10:20:00::2015-04-08 10:20:00:AutoTask is Working!

2015/4/8 下午 01:29:55::自動執行計算門禁考勤異常報表:true

2015/4/8 下午 01:50:35::2015-04-08 13:50:35:Application End!

2015/4/8 下午 01:50:37::2015-04-08 13:50:36:Application Start!

2015/4/8 下午 02:11:38::2015-04-08 14:11:38:Application End!

2015/4/8 下午 02:11:40::2015-04-08 14:11:40:Application Start!

2015/4/8 下午 02:32:40::2015-04-08 14:32:40:Application End!

2015/4/8 下午 02:32:42::2015-04-08 14:32:42:Application Start!

2015/4/8 下午 03:02:42::2015-04-08 15:02:42:Application End!

2015/4/8 下午 03:02:44::2015-04-08 15:02:44:Application Start!

2015/4/8 下午 03:23:44::2015-04-08 15:23:44:Application End!

2015/4/8 下午 03:23:46::2015-04-08 15:23:46:Application Start!

2015/4/8 下午 03:45:47::2015-04-08 15:45:47:Application End!

2015/4/8 下午 03:45:48::2015-04-08 15:45:48:Application Start!

2015/4/8 下午 04:06:49::2015-04-08 16:06:49:Application End!

2015/4/8 下午 04:06:51::2015-04-08 16:06:51:Application Start!

2015/4/8 下午 04:27:51::2015-04-08 16:27:51:Application End!

2015/4/8 下午 04:27:55::2015-04-08 16:27:55:Application Start!

2015/4/8 下午 04:48:54::2015-04-08 16:48:54:Application End!

2015/4/8 下午 04:48:56::2015-04-08 16:48:56:Application Start!

2015/4/8 下午 05:09:57::2015-04-08 17:09:56:Application End!

2015/4/8 下午 05:10:06::2015-04-08 17:10:06:Application Start!

2015/4/8 下午 05:44:01::2015-04-08 17:44:01:Application End!

2015/4/8 下午 05:44:02::2015-04-08 17:44:02:Application Start!

2015/4/8 下午 06:05:03::2015-04-08 18:05:03:Application End!

2015/4/8 下午 06:05:05::2015-04-08 18:05:04:Application Start!

2015/4/8 下午 06:26:05::2015-04-08 18:26:05:Application End!

2015/4/8 下午 06:26:07::2015-04-08 18:26:07:Application Start!

2015/4/8 下午 06:47:07::2015-04-08 18:47:07:Application End!

2015/4/8 下午 06:47:09::2015-04-08 18:47:09:Application Start!

2015/4/8 下午 07:08:09::2015-04-08 19:08:09:Application End!

2015/4/8 下午 07:08:11::2015-04-08 19:08:11:Application Start!

2015/4/8 下午 07:29:11::2015-04-08 19:29:11:Application End!

2015/4/8 下午 07:29:13::2015-04-08 19:29:13:Application Start!

2015/4/8 下午 07:50:14::2015-04-08 19:50:14:Application End!

2015/4/8 下午 07:50:15::2015-04-08 19:50:15:Application Start!

2015/4/8 下午 08:24:16::2015-04-08 20:24:16:Application End!

2015/4/8 下午 08:24:18::2015-04-08 20:24:18:Application Start!

2015/4/8 下午 08:45:18::2015-04-08 20:45:18:Application End!

2015/4/8 下午 08:45:20::2015-04-08 20:45:20:Application Start!

2015/4/8 下午 09:06:20::2015-04-08 21:06:20:Application End!

2015/4/8 下午 09:06:22::2015-04-08 21:06:22:Application Start!

2015/4/8 下午 09:27:22::2015-04-08 21:27:22:Application End!

2015/4/8 下午 09:27:24::2015-04-08 21:27:24:Application Start!

2015/4/8 下午 09:48:24::2015-04-08 21:48:24:Application End!

2015/4/8 下午 09:48:26::2015-04-08 21:48:26:Application Start!

2015/4/8 下午 10:09:27::2015-04-08 22:09:27:Application End!

2015/4/8 下午 10:09:28::2015-04-08 22:09:28:Application Start!

2015/4/8 下午 10:30:29::2015-04-08 22:30:29:Application End!

2015/4/8 下午 10:30:31::2015-04-08 22:30:30:Application Start!

2015/4/8 下午 10:51:31::2015-04-08 22:51:31:Application End!

2015/4/8 下午 10:51:33::2015-04-08 22:51:33:Application Start!

2015/4/8 下午 11:12:32::2015-04-08 23:12:31:Application End!

2015/4/8 下午 11:12:33::2015-04-08 23:12:33:Application Start!

2015/4/8 下午 11:33:34::2015-04-08 23:33:34:Application End!

2015/4/8 下午 11:33:35::2015-04-08 23:33:35:Application Start!

2015/4/8 下午 11:54:36::2015-04-08 23:54:36:Application End!

2015/4/8 下午 11:54:37::2015-04-08 23:54:37:Application Start!

