2015/4/23 上午 12:08:09::2015-04-23 00:08:09:Application End!

2015/4/23 上午 12:08:11::2015-04-23 00:08:11:Application Start!

2015/4/23 上午 12:29:12::2015-04-23 00:29:12:Application End!

2015/4/23 上午 12:29:14::2015-04-23 00:29:14:Application Start!

2015/4/23 上午 12:50:14::2015-04-23 00:50:14:Application End!

2015/4/23 上午 12:50:16::2015-04-23 00:50:16:Application Start!

2015/4/23 上午 01:11:16::2015-04-23 01:11:16:Application End!

2015/4/23 上午 01:11:18::2015-04-23 01:11:18:Application Start!

2015/4/23 上午 01:32:18::2015-04-23 01:32:18:Application End!

2015/4/23 上午 01:32:20::2015-04-23 01:32:20:Application Start!

2015/4/23 上午 01:53:20::2015-04-23 01:53:20:Application End!

2015/4/23 上午 01:53:22::2015-04-23 01:53:22:Application Start!

2015/4/23 上午 02:14:22::2015-04-23 02:14:22:Application End!

2015/4/23 上午 02:14:24::2015-04-23 02:14:24:Application Start!

2015/4/23 上午 02:35:25::2015-04-23 02:35:25:Application End!

2015/4/23 上午 02:35:26::2015-04-23 02:35:26:Application Start!

2015/4/23 上午 02:56:27::2015-04-23 02:56:27:Application End!

2015/4/23 上午 02:56:28::2015-04-23 02:56:28:Application Start!

2015/4/23 上午 03:28:29::2015-04-23 03:28:29:Application End!

2015/4/23 上午 03:28:31::2015-04-23 03:28:31:Application Start!

2015/4/23 上午 03:49:31::2015-04-23 03:49:31:Application End!

2015/4/23 上午 03:49:33::2015-04-23 03:49:33:Application Start!

2015/4/23 上午 04:10:33::2015-04-23 04:10:33:Application End!

2015/4/23 上午 04:10:35::2015-04-23 04:10:35:Application Start!

2015/4/23 上午 04:31:36::2015-04-23 04:31:36:Application End!

2015/4/23 上午 04:31:37::2015-04-23 04:31:37:Application Start!

2015/4/23 上午 04:52:38::2015-04-23 04:52:38:Application End!

2015/4/23 上午 04:52:40::2015-04-23 04:52:40:Application Start!

2015/4/23 上午 05:13:40::2015-04-23 05:13:40:Application End!

2015/4/23 上午 05:13:42::2015-04-23 05:13:42:Application Start!

2015/4/23 上午 05:34:42::2015-04-23 05:34:42:Application End!

2015/4/23 上午 05:34:44::2015-04-23 05:34:44:Application Start!

2015/4/23 上午 05:55:44::2015-04-23 05:55:44:Application End!

2015/4/23 上午 05:55:46::2015-04-23 05:55:46:Application Start!

2015/4/23 上午 06:16:46::2015-04-23 06:16:46:Application End!

2015/4/23 上午 06:16:48::2015-04-23 06:16:48:Application Start!

2015/4/23 上午 06:37:49::2015-04-23 06:37:49:Application End!

2015/4/23 上午 06:37:50::2015-04-23 06:37:50:Application Start!

2015/4/23 上午 06:58:51::2015-04-23 06:58:51:Application End!

2015/4/23 上午 06:58:53::2015-04-23 06:58:53:Application Start!

2015/4/23 上午 07:19:53::2015-04-23 07:19:53:Application End!

2015/4/23 上午 07:19:55::2015-04-23 07:19:55:Application Start!

2015/4/23 上午 07:40:55::2015-04-23 07:40:55:Application End!

2015/4/23 上午 07:40:57::2015-04-23 07:40:57:Application Start!

2015/4/23 上午 08:01:57::2015-04-23 08:01:57:Application End!

2015/4/23 上午 08:01:59::2015-04-23 08:01:59:Application Start!

2015/4/23 上午 08:22:59::2015-04-23 08:22:59:Application End!

2015/4/23 上午 08:23:02::2015-04-23 08:23:02:Application Start!

2015/4/23 上午 08:44:02::2015-04-23 08:44:02:Application End!

2015/4/23 上午 08:44:03::2015-04-23 08:44:03:Application Start!

2015/4/23 上午 09:05:02::2015-04-23 09:05:02:Application End!

2015/4/23 上午 09:05:04::2015-04-23 09:05:04:Application Start!

2015/4/23 上午 09:26:04::2015-04-23 09:26:04:Application End!

2015/4/23 上午 09:26:06::2015-04-23 09:26:06:Application Start!

2015/4/23 上午 09:47:06::2015-04-23 09:47:06:Application End!

2015/4/23 上午 09:47:08::2015-04-23 09:47:08:Application Start!

2015/4/23 上午 10:08:08::2015-04-23 10:08:08:Application End!

2015/4/23 上午 10:08:10::2015-04-23 10:08:10:Application Start!

2015/4/23 上午 10:20:00::2015-04-23 10:20:00:AutoTask is Working!

2015/4/23 下午 01:39:59==> Errors Description:作業逾時Errors Location:   於 System.Net.HttpWebRequest.GetResponse()
   於 ePortal.Web.Core.Job.AttendanceAnomalyJob.ExecuteJob() 於 e:\ePortal\ePortal.Web.Core\Job\AttendanceAnomalyJob.cs: 行 26

2015/4/23 下午 02:12:10::2015-04-23 14:12:10:Application End!

2015/4/23 下午 02:12:11::2015-04-23 14:12:11:Application Start!

2015/4/23 下午 02:33:12::2015-04-23 14:33:12:Application End!

2015/4/23 下午 02:33:13::2015-04-23 14:33:13:Application Start!

2015/4/23 下午 02:54:14::2015-04-23 14:54:14:Application End!

2015/4/23 下午 02:54:15::2015-04-23 14:54:15:Application Start!

2015/4/23 下午 03:15:16::2015-04-23 15:15:16:Application End!

2015/4/23 下午 03:15:17::2015-04-23 15:15:17:Application Start!

2015/4/23 下午 03:36:18::2015-04-23 15:36:18:Application End!

2015/4/23 下午 03:36:19::2015-04-23 15:36:19:Application Start!

2015/4/23 下午 03:57:20::2015-04-23 15:57:20:Application End!

2015/4/23 下午 03:57:22::2015-04-23 15:57:21:Application Start!

2015/4/23 下午 04:18:22::2015-04-23 16:18:22:Application End!

2015/4/23 下午 04:18:24::2015-04-23 16:18:24:Application Start!

2015/4/23 下午 04:39:24::2015-04-23 16:39:24:Application End!

2015/4/23 下午 04:39:26::2015-04-23 16:39:26:Application Start!

2015/4/23 下午 05:00:26::2015-04-23 17:00:26:Application End!

2015/4/23 下午 05:00:30::2015-04-23 17:00:30:Application Start!

2015/4/23 下午 05:21:29::2015-04-23 17:21:29:Application End!

2015/4/23 下午 05:21:31::2015-04-23 17:21:31:Application Start!

2015/4/23 下午 05:42:31::2015-04-23 17:42:31:Application End!

2015/4/23 下午 05:42:33::2015-04-23 17:42:33:Application Start!

2015/4/23 下午 06:03:34::2015-04-23 18:03:34:Application End!

2015/4/23 下午 06:03:36::2015-04-23 18:03:36:Application Start!

2015/4/23 下午 06:24:37::2015-04-23 18:24:37:Application End!

2015/4/23 下午 06:24:38::2015-04-23 18:24:38:Application Start!

2015/4/23 下午 06:45:39::2015-04-23 18:45:39:Application End!

2015/4/23 下午 06:45:40::2015-04-23 18:45:40:Application Start!

2015/4/23 下午 07:06:41::2015-04-23 19:06:41:Application End!

2015/4/23 下午 07:06:43::2015-04-23 19:06:43:Application Start!

2015/4/23 下午 07:27:43::2015-04-23 19:27:43:Application End!

2015/4/23 下午 07:27:45::2015-04-23 19:27:45:Application Start!

2015/4/23 下午 07:48:45::2015-04-23 19:48:45:Application End!

2015/4/23 下午 07:48:47::2015-04-23 19:48:47:Application Start!

2015/4/23 下午 08:09:47::2015-04-23 20:09:47:Application End!

2015/4/23 下午 08:09:49::2015-04-23 20:09:49:Application Start!

2015/4/23 下午 08:30:50::2015-04-23 20:30:50:Application End!

2015/4/23 下午 08:30:51::2015-04-23 20:30:51:Application Start!

2015/4/23 下午 08:51:52::2015-04-23 20:51:52:Application End!

2015/4/23 下午 08:51:54::2015-04-23 20:51:54:Application Start!

2015/4/23 下午 09:12:54::2015-04-23 21:12:54:Application End!

2015/4/23 下午 09:12:56::2015-04-23 21:12:56:Application Start!

2015/4/23 下午 09:33:56::2015-04-23 21:33:56:Application End!

2015/4/23 下午 09:33:58::2015-04-23 21:33:58:Application Start!

2015/4/23 下午 09:54:58::2015-04-23 21:54:58:Application End!

2015/4/23 下午 09:55:00::2015-04-23 21:55:00:Application Start!

2015/4/23 下午 10:16:01::2015-04-23 22:16:01:Application End!

2015/4/23 下午 10:16:05::2015-04-23 22:16:05:Application Start!

2015/4/23 下午 10:37:04::2015-04-23 22:37:04:Application End!

2015/4/23 下午 10:37:06::2015-04-23 22:37:06:Application Start!

2015/4/23 下午 10:58:06::2015-04-23 22:58:06:Application End!

2015/4/23 下午 10:58:08::2015-04-23 22:58:08:Application Start!

2015/4/23 下午 11:19:08::2015-04-23 23:19:08:Application End!

2015/4/23 下午 11:19:10::2015-04-23 23:19:10:Application Start!

2015/4/23 下午 11:40:10::2015-04-23 23:40:10:Application End!

2015/4/23 下午 11:40:12::2015-04-23 23:40:12:Application Start!

