2015/2/27 上午 12:05:36::2015-02-27 00:05:36:Application End!

2015/2/27 上午 12:05:37::2015-02-27 00:05:37:Application Start!

2015/2/27 上午 12:26:38::2015-02-27 00:26:38:Application End!

2015/2/27 上午 12:26:39::2015-02-27 00:26:39:Application Start!

2015/2/27 上午 12:47:40::2015-02-27 00:47:40:Application End!

2015/2/27 上午 12:47:41::2015-02-27 00:47:41:Application Start!

2015/2/27 上午 01:08:42::2015-02-27 01:08:42:Application End!

2015/2/27 上午 01:08:43::2015-02-27 01:08:43:Application Start!

2015/2/27 上午 01:29:44::2015-02-27 01:29:44:Application End!

2015/2/27 上午 01:29:45::2015-02-27 01:29:45:Application Start!

2015/2/27 上午 01:50:46::2015-02-27 01:50:46:Application End!

2015/2/27 上午 01:50:47::2015-02-27 01:50:47:Application Start!

2015/2/27 上午 02:11:48::2015-02-27 02:11:48:Application End!

2015/2/27 上午 02:11:50::2015-02-27 02:11:50:Application Start!

2015/2/27 上午 02:32:50::2015-02-27 02:32:50:Application End!

2015/2/27 上午 02:32:52::2015-02-27 02:32:52:Application Start!

2015/2/27 上午 02:53:52::2015-02-27 02:53:52:Application End!

2015/2/27 上午 02:53:57::2015-02-27 02:53:57:Application Start!

2015/2/27 上午 03:14:55::2015-02-27 03:14:55:Application End!

2015/2/27 上午 03:14:57::2015-02-27 03:14:57:Application Start!

2015/2/27 上午 03:35:57::2015-02-27 03:35:57:Application End!

2015/2/27 上午 03:35:59::2015-02-27 03:35:59:Application Start!

2015/2/27 上午 03:56:59::2015-02-27 03:56:59:Application End!

2015/2/27 上午 03:57:01::2015-02-27 03:57:01:Application Start!

2015/2/27 上午 04:18:01::2015-02-27 04:18:01:Application End!

2015/2/27 上午 04:18:03::2015-02-27 04:18:03:Application Start!

2015/2/27 上午 04:39:03::2015-02-27 04:39:03:Application End!

2015/2/27 上午 04:39:05::2015-02-27 04:39:05:Application Start!

2015/2/27 上午 05:00:05::2015-02-27 05:00:05:Application End!

2015/2/27 上午 05:00:07::2015-02-27 05:00:07:Application Start!

2015/2/27 上午 05:21:07::2015-02-27 05:21:07:Application End!

2015/2/27 上午 05:21:09::2015-02-27 05:21:09:Application Start!

2015/2/27 上午 05:42:09::2015-02-27 05:42:09:Application End!

2015/2/27 上午 05:42:11::2015-02-27 05:42:11:Application Start!

2015/2/27 上午 06:03:11::2015-02-27 06:03:11:Application End!

2015/2/27 上午 06:03:13::2015-02-27 06:03:13:Application Start!

2015/2/27 上午 06:24:13::2015-02-27 06:24:13:Application End!

2015/2/27 上午 06:24:15::2015-02-27 06:24:15:Application Start!

2015/2/27 上午 06:45:15::2015-02-27 06:45:15:Application End!

2015/2/27 上午 06:45:17::2015-02-27 06:45:17:Application Start!

2015/2/27 上午 07:22:17::2015-02-27 07:22:17:Application End!

2015/2/27 上午 07:22:19::2015-02-27 07:22:19:Application Start!

2015/2/27 上午 07:43:20::2015-02-27 07:43:20:Application End!

2015/2/27 上午 07:43:21::2015-02-27 07:43:21:Application Start!

2015/2/27 上午 08:04:22::2015-02-27 08:04:22:Application End!

2015/2/27 上午 08:04:30::2015-02-27 08:04:30:Application Start!

2015/2/27 上午 08:25:25::2015-02-27 08:25:25:Application End!

2015/2/27 上午 08:25:27::2015-02-27 08:25:27:Application Start!

2015/2/27 上午 08:46:27::2015-02-27 08:46:27:Application End!

2015/2/27 上午 08:46:29::2015-02-27 08:46:29:Application Start!

2015/2/27 上午 09:07:31::2015-02-27 09:07:31:Application End!

2015/2/27 上午 09:07:33::2015-02-27 09:07:33:Application Start!

2015/2/27 上午 09:30:33::2015-02-27 09:30:33:Application End!

2015/2/27 上午 09:30:35::2015-02-27 09:30:35:Application Start!

2015/2/27 上午 09:51:35::2015-02-27 09:51:35:Application End!

2015/2/27 上午 09:51:37::2015-02-27 09:51:37:Application Start!

2015/2/27 上午 10:12:37::2015-02-27 10:12:37:Application End!

2015/2/27 上午 10:12:39::2015-02-27 10:12:39:Application Start!

2015/2/27 上午 10:20:00::2015-02-27 10:20:00:AutoTask is Working!

2015/2/27 下午 01:10:49::自動執行計算門禁考勤異常報表:true

2015/2/27 下午 01:31:40::2015-02-27 13:31:40:Application End!

2015/2/27 下午 01:31:42::2015-02-27 13:31:42:Application Start!

2015/2/27 下午 01:52:42::2015-02-27 13:52:42:Application End!

2015/2/27 下午 01:52:44::2015-02-27 13:52:44:Application Start!

2015/2/27 下午 02:13:44::2015-02-27 14:13:44:Application End!

2015/2/27 下午 02:13:46::2015-02-27 14:13:46:Application Start!

2015/2/27 下午 02:34:47::2015-02-27 14:34:47:Application End!

2015/2/27 下午 02:34:48::2015-02-27 14:34:48:Application Start!

2015/2/27 下午 02:55:49::2015-02-27 14:55:49:Application End!

2015/2/27 下午 02:55:51::2015-02-27 14:55:51:Application Start!

2015/2/27 下午 03:16:51::2015-02-27 15:16:51:Application End!

2015/2/27 下午 03:16:53::2015-02-27 15:16:53:Application Start!

2015/2/27 下午 03:37:53::2015-02-27 15:37:53:Application End!

2015/2/27 下午 03:37:55::2015-02-27 15:37:55:Application Start!

2015/2/27 下午 03:58:55::2015-02-27 15:58:55:Application End!

2015/2/27 下午 03:58:57::2015-02-27 15:58:57:Application Start!

2015/2/27 下午 04:19:57::2015-02-27 16:19:57:Application End!

2015/2/27 下午 04:19:59::2015-02-27 16:19:59:Application Start!

2015/2/27 下午 04:41:00::2015-02-27 16:41:00:Application End!

2015/2/27 下午 04:41:01::2015-02-27 16:41:01:Application Start!

2015/2/27 下午 05:02:02::2015-02-27 17:02:02:Application End!

2015/2/27 下午 05:02:04::2015-02-27 17:02:03:Application Start!

2015/2/27 下午 05:23:04::2015-02-27 17:23:04:Application End!

2015/2/27 下午 05:23:06::2015-02-27 17:23:06:Application Start!

2015/2/27 下午 05:44:06::2015-02-27 17:44:06:Application End!

2015/2/27 下午 05:44:08::2015-02-27 17:44:08:Application Start!

2015/2/27 下午 06:05:08::2015-02-27 18:05:08:Application End!

2015/2/27 下午 06:05:09::2015-02-27 18:05:09:Application Start!

2015/2/27 下午 06:26:09::2015-02-27 18:26:09:Application End!

2015/2/27 下午 06:26:11::2015-02-27 18:26:11:Application Start!

2015/2/27 下午 06:47:11::2015-02-27 18:47:11:Application End!

2015/2/27 下午 06:47:13::2015-02-27 18:47:13:Application Start!

2015/2/27 下午 07:08:13::2015-02-27 19:08:13:Application End!

2015/2/27 下午 07:08:15::2015-02-27 19:08:15:Application Start!

2015/2/27 下午 07:29:15::2015-02-27 19:29:15:Application End!

2015/2/27 下午 07:29:17::2015-02-27 19:29:17:Application Start!

2015/2/27 下午 07:50:17::2015-02-27 19:50:17:Application End!

2015/2/27 下午 07:50:19::2015-02-27 19:50:19:Application Start!

2015/2/27 下午 08:11:19::2015-02-27 20:11:19:Application End!

2015/2/27 下午 08:11:22::2015-02-27 20:11:22:Application Start!

2015/2/27 下午 08:32:21::2015-02-27 20:32:21:Application End!

2015/2/27 下午 08:32:23::2015-02-27 20:32:23:Application Start!

2015/2/27 下午 08:53:23::2015-02-27 20:53:23:Application End!

2015/2/27 下午 08:53:25::2015-02-27 20:53:25:Application Start!

2015/2/27 下午 09:14:25::2015-02-27 21:14:25:Application End!

2015/2/27 下午 09:14:27::2015-02-27 21:14:27:Application Start!

2015/2/27 下午 09:35:28::2015-02-27 21:35:28:Application End!

2015/2/27 下午 09:35:29::2015-02-27 21:35:29:Application Start!

2015/2/27 下午 09:56:30::2015-02-27 21:56:30:Application End!

2015/2/27 下午 09:56:31::2015-02-27 21:56:31:Application Start!

2015/2/27 下午 10:17:32::2015-02-27 22:17:32:Application End!

2015/2/27 下午 10:17:33::2015-02-27 22:17:33:Application Start!

2015/2/27 下午 10:38:34::2015-02-27 22:38:34:Application End!

2015/2/27 下午 10:38:35::2015-02-27 22:38:35:Application Start!

2015/2/27 下午 10:59:36::2015-02-27 22:59:36:Application End!

2015/2/27 下午 10:59:38::2015-02-27 22:59:38:Application Start!

2015/2/27 下午 11:20:38::2015-02-27 23:20:38:Application End!

2015/2/27 下午 11:20:40::2015-02-27 23:20:40:Application Start!

2015/2/27 下午 11:41:40::2015-02-27 23:41:40:Application End!

2015/2/27 下午 11:41:42::2015-02-27 23:41:42:Application Start!

