2015/4/12 上午 12:11:36::2015-04-12 00:11:36:Application End!

2015/4/12 上午 12:11:38::2015-04-12 00:11:38:Application Start!

2015/4/12 上午 12:32:38::2015-04-12 00:32:38:Application End!

2015/4/12 上午 12:32:40::2015-04-12 00:32:40:Application Start!

2015/4/12 上午 12:53:40::2015-04-12 00:53:40:Application End!

2015/4/12 上午 12:53:42::2015-04-12 00:53:42:Application Start!

2015/4/12 上午 01:14:42::2015-04-12 01:14:42:Application End!

2015/4/12 上午 01:14:44::2015-04-12 01:14:44:Application Start!

2015/4/12 上午 01:35:44::2015-04-12 01:35:44:Application End!

2015/4/12 上午 01:35:46::2015-04-12 01:35:46:Application Start!

2015/4/12 上午 01:56:46::2015-04-12 01:56:46:Application End!

2015/4/12 上午 01:56:48::2015-04-12 01:56:48:Application Start!

2015/4/12 上午 02:17:48::2015-04-12 02:17:48:Application End!

2015/4/12 上午 02:17:50::2015-04-12 02:17:50:Application Start!

2015/4/12 上午 02:38:50::2015-04-12 02:38:50:Application End!

2015/4/12 上午 02:38:52::2015-04-12 02:38:52:Application Start!

2015/4/12 上午 02:59:52::2015-04-12 02:59:52:Application End!

2015/4/12 上午 02:59:54::2015-04-12 02:59:54:Application Start!

2015/4/12 上午 03:20:54::2015-04-12 03:20:54:Application End!

2015/4/12 上午 03:20:56::2015-04-12 03:20:56:Application Start!

2015/4/12 上午 03:41:56::2015-04-12 03:41:56:Application End!

2015/4/12 上午 03:41:58::2015-04-12 03:41:58:Application Start!

2015/4/12 上午 04:02:58::2015-04-12 04:02:58:Application End!

2015/4/12 上午 04:03:00::2015-04-12 04:03:00:Application Start!

2015/4/12 上午 04:24:00::2015-04-12 04:24:00:Application End!

2015/4/12 上午 04:24:02::2015-04-12 04:24:02:Application Start!

2015/4/12 上午 04:45:02::2015-04-12 04:45:02:Application End!

2015/4/12 上午 04:45:04::2015-04-12 04:45:04:Application Start!

2015/4/12 上午 05:06:04::2015-04-12 05:06:04:Application End!

2015/4/12 上午 05:06:06::2015-04-12 05:06:06:Application Start!

2015/4/12 上午 05:27:06::2015-04-12 05:27:06:Application End!

2015/4/12 上午 05:27:08::2015-04-12 05:27:08:Application Start!

2015/4/12 上午 05:48:08::2015-04-12 05:48:08:Application End!

2015/4/12 上午 05:48:10::2015-04-12 05:48:10:Application Start!

2015/4/12 上午 06:09:10::2015-04-12 06:09:10:Application End!

2015/4/12 上午 06:09:12::2015-04-12 06:09:12:Application Start!

2015/4/12 上午 06:30:13::2015-04-12 06:30:12:Application End!

2015/4/12 上午 06:30:15::2015-04-12 06:30:15:Application Start!

2015/4/12 上午 07:00:15::2015-04-12 07:00:15:Application End!

2015/4/12 上午 07:00:16::2015-04-12 07:00:16:Application Start!

2015/4/12 上午 07:21:17::2015-04-12 07:21:17:Application End!

2015/4/12 上午 07:21:18::2015-04-12 07:21:18:Application Start!

2015/4/12 上午 07:42:19::2015-04-12 07:42:19:Application End!

2015/4/12 上午 07:42:21::2015-04-12 07:42:20:Application Start!

2015/4/12 上午 08:03:21::2015-04-12 08:03:21:Application End!

2015/4/12 上午 08:03:22::2015-04-12 08:03:22:Application Start!

2015/4/12 上午 08:24:23::2015-04-12 08:24:23:Application End!

2015/4/12 上午 08:24:25::2015-04-12 08:24:25:Application Start!

2015/4/12 上午 08:45:25::2015-04-12 08:45:25:Application End!

2015/4/12 上午 08:45:27::2015-04-12 08:45:27:Application Start!

2015/4/12 上午 09:06:28::2015-04-12 09:06:28:Application End!

2015/4/12 上午 09:06:30::2015-04-12 09:06:30:Application Start!

2015/4/12 上午 09:27:31::2015-04-12 09:27:31:Application End!

2015/4/12 上午 09:27:32::2015-04-12 09:27:32:Application Start!

2015/4/12 上午 09:48:33::2015-04-12 09:48:33:Application End!

2015/4/12 上午 09:48:34::2015-04-12 09:48:34:Application Start!

2015/4/12 上午 10:09:35::2015-04-12 10:09:35:Application End!

2015/4/12 上午 10:09:37::2015-04-12 10:09:37:Application Start!

2015/4/12 上午 10:20:00::2015-04-12 10:20:00:AutoTask is Working!

2015/4/12 下午 01:31:44::自動執行計算門禁考勤異常報表:true

2015/4/12 下午 01:52:38::2015-04-12 13:52:38:Application End!

2015/4/12 下午 01:52:42::2015-04-12 13:52:42:Application Start!

2015/4/12 下午 02:13:41::2015-04-12 14:13:41:Application End!

2015/4/12 下午 02:13:45::2015-04-12 14:13:45:Application Start!

2015/4/12 下午 02:34:44::2015-04-12 14:34:44:Application End!

2015/4/12 下午 02:34:48::2015-04-12 14:34:48:Application Start!

2015/4/12 下午 02:55:47::2015-04-12 14:55:47:Application End!

2015/4/12 下午 02:55:52::2015-04-12 14:55:52:Application Start!

2015/4/12 下午 03:16:51::2015-04-12 15:16:51:Application End!

2015/4/12 下午 03:16:55::2015-04-12 15:16:55:Application Start!

2015/4/12 下午 03:37:54::2015-04-12 15:37:54:Application End!

2015/4/12 下午 03:37:55::2015-04-12 15:37:55:Application Start!

2015/4/12 下午 03:58:56::2015-04-12 15:58:56:Application End!

2015/4/12 下午 03:58:58::2015-04-12 15:58:58:Application Start!

2015/4/12 下午 04:19:58::2015-04-12 16:19:58:Application End!

2015/4/12 下午 04:20:00::2015-04-12 16:20:00:Application Start!

2015/4/12 下午 04:41:00::2015-04-12 16:41:00:Application End!

2015/4/12 下午 04:41:02::2015-04-12 16:41:02:Application Start!

2015/4/12 下午 05:02:02::2015-04-12 17:02:02:Application End!

2015/4/12 下午 05:02:04::2015-04-12 17:02:04:Application Start!

2015/4/12 下午 05:23:05::2015-04-12 17:23:05:Application End!

2015/4/12 下午 05:23:09::2015-04-12 17:23:09:Application Start!

2015/4/12 下午 05:46:07::2015-04-12 17:46:07:Application End!

2015/4/12 下午 05:46:09::2015-04-12 17:46:09:Application Start!

2015/4/12 下午 06:07:08::2015-04-12 18:07:08:Application End!

2015/4/12 下午 06:07:10::2015-04-12 18:07:10:Application Start!

2015/4/12 下午 06:28:10::2015-04-12 18:28:10:Application End!

2015/4/12 下午 06:28:12::2015-04-12 18:28:12:Application Start!

2015/4/12 下午 06:49:12::2015-04-12 18:49:12:Application End!

2015/4/12 下午 06:49:14::2015-04-12 18:49:14:Application Start!

2015/4/12 下午 07:22:14::2015-04-12 19:22:14:Application End!

2015/4/12 下午 07:22:16::2015-04-12 19:22:16:Application Start!

2015/4/12 下午 07:43:16::2015-04-12 19:43:16:Application End!

2015/4/12 下午 07:43:18::2015-04-12 19:43:18:Application Start!

2015/4/12 下午 08:04:18::2015-04-12 20:04:18:Application End!

2015/4/12 下午 08:04:20::2015-04-12 20:04:20:Application Start!

2015/4/12 下午 08:25:20::2015-04-12 20:25:20:Application End!

2015/4/12 下午 08:25:22::2015-04-12 20:25:22:Application Start!

2015/4/12 下午 08:46:22::2015-04-12 20:46:22:Application End!

2015/4/12 下午 08:46:24::2015-04-12 20:46:24:Application Start!

2015/4/12 下午 09:07:24::2015-04-12 21:07:24:Application End!

2015/4/12 下午 09:07:26::2015-04-12 21:07:26:Application Start!

2015/4/12 下午 09:31:26::2015-04-12 21:31:26:Application End!

2015/4/12 下午 09:31:28::2015-04-12 21:31:28:Application Start!

2015/4/12 下午 09:52:29::2015-04-12 21:52:29:Application End!

2015/4/12 下午 09:52:30::2015-04-12 21:52:30:Application Start!

2015/4/12 下午 10:13:31::2015-04-12 22:13:31:Application End!

2015/4/12 下午 10:13:32::2015-04-12 22:13:32:Application Start!

2015/4/12 下午 10:34:33::2015-04-12 22:34:33:Application End!

2015/4/12 下午 10:34:34::2015-04-12 22:34:34:Application Start!

2015/4/12 下午 10:55:35::2015-04-12 22:55:35:Application End!

2015/4/12 下午 10:55:36::2015-04-12 22:55:36:Application Start!

2015/4/12 下午 11:16:37::2015-04-12 23:16:37:Application End!

2015/4/12 下午 11:16:39::2015-04-12 23:16:39:Application Start!

2015/4/12 下午 11:37:39::2015-04-12 23:37:39:Application End!

2015/4/12 下午 11:37:40::2015-04-12 23:37:40:Application Start!

2015/4/12 下午 11:58:41::2015-04-12 23:58:41:Application End!

2015/4/12 下午 11:58:43::2015-04-12 23:58:43:Application Start!

