2015/2/20 上午 12:02:15::2015-02-20 00:02:15:Application End!

2015/2/20 上午 12:02:17::2015-02-20 00:02:17:Application Start!

2015/2/20 上午 12:23:17::2015-02-20 00:23:17:Application End!

2015/2/20 上午 12:23:19::2015-02-20 00:23:19:Application Start!

2015/2/20 上午 12:44:19::2015-02-20 00:44:19:Application End!

2015/2/20 上午 12:44:21::2015-02-20 00:44:21:Application Start!

2015/2/20 上午 01:05:21::2015-02-20 01:05:21:Application End!

2015/2/20 上午 01:05:23::2015-02-20 01:05:23:Application Start!

2015/2/20 上午 01:26:24::2015-02-20 01:26:24:Application End!

2015/2/20 上午 01:26:25::2015-02-20 01:26:25:Application Start!

2015/2/20 上午 01:47:26::2015-02-20 01:47:26:Application End!

2015/2/20 上午 01:47:27::2015-02-20 01:47:27:Application Start!

2015/2/20 上午 02:08:28::2015-02-20 02:08:28:Application End!

2015/2/20 上午 02:08:30::2015-02-20 02:08:30:Application Start!

2015/2/20 上午 02:29:30::2015-02-20 02:29:30:Application End!

2015/2/20 上午 02:29:32::2015-02-20 02:29:32:Application Start!

2015/2/20 上午 02:50:32::2015-02-20 02:50:32:Application End!

2015/2/20 上午 02:50:34::2015-02-20 02:50:34:Application Start!

2015/2/20 上午 03:11:34::2015-02-20 03:11:34:Application End!

2015/2/20 上午 03:11:36::2015-02-20 03:11:36:Application Start!

2015/2/20 上午 03:32:36::2015-02-20 03:32:36:Application End!

2015/2/20 上午 03:32:38::2015-02-20 03:32:38:Application Start!

2015/2/20 上午 03:53:39::2015-02-20 03:53:39:Application End!

2015/2/20 上午 03:53:40::2015-02-20 03:53:40:Application Start!

2015/2/20 上午 04:14:39::2015-02-20 04:14:39:Application End!

2015/2/20 上午 04:14:41::2015-02-20 04:14:41:Application Start!

2015/2/20 上午 04:35:41::2015-02-20 04:35:41:Application End!

2015/2/20 上午 04:35:43::2015-02-20 04:35:43:Application Start!

2015/2/20 上午 04:56:43::2015-02-20 04:56:43:Application End!

2015/2/20 上午 04:56:45::2015-02-20 04:56:45:Application Start!

2015/2/20 上午 05:17:45::2015-02-20 05:17:45:Application End!

2015/2/20 上午 05:17:47::2015-02-20 05:17:47:Application Start!

2015/2/20 上午 05:38:47::2015-02-20 05:38:47:Application End!

2015/2/20 上午 05:38:49::2015-02-20 05:38:49:Application Start!

2015/2/20 上午 05:59:49::2015-02-20 05:59:49:Application End!

2015/2/20 上午 05:59:51::2015-02-20 05:59:51:Application Start!

2015/2/20 上午 06:20:51::2015-02-20 06:20:51:Application End!

2015/2/20 上午 06:20:53::2015-02-20 06:20:53:Application Start!

2015/2/20 上午 06:41:53::2015-02-20 06:41:53:Application End!

2015/2/20 上午 06:41:55::2015-02-20 06:41:55:Application Start!

2015/2/20 上午 07:02:55::2015-02-20 07:02:55:Application End!

2015/2/20 上午 07:02:57::2015-02-20 07:02:57:Application Start!

2015/2/20 上午 07:23:57::2015-02-20 07:23:57:Application End!

2015/2/20 上午 07:23:59::2015-02-20 07:23:59:Application Start!

2015/2/20 上午 07:44:59::2015-02-20 07:44:59:Application End!

2015/2/20 上午 07:45:01::2015-02-20 07:45:01:Application Start!

2015/2/20 上午 08:06:01::2015-02-20 08:06:01:Application End!

2015/2/20 上午 08:06:03::2015-02-20 08:06:03:Application Start!

2015/2/20 上午 08:27:04::2015-02-20 08:27:04:Application End!

2015/2/20 上午 08:27:05::2015-02-20 08:27:05:Application Start!

2015/2/20 上午 08:48:06::2015-02-20 08:48:06:Application End!

2015/2/20 上午 08:48:07::2015-02-20 08:48:07:Application Start!

2015/2/20 上午 09:09:08::2015-02-20 09:09:08:Application End!

2015/2/20 上午 09:09:09::2015-02-20 09:09:09:Application Start!

2015/2/20 上午 09:30:10::2015-02-20 09:30:10:Application End!

2015/2/20 上午 09:30:11::2015-02-20 09:30:11:Application Start!

2015/2/20 上午 09:51:12::2015-02-20 09:51:12:Application End!

2015/2/20 上午 09:51:13::2015-02-20 09:51:13:Application Start!

2015/2/20 上午 10:12:14::2015-02-20 10:12:14:Application End!

2015/2/20 上午 10:12:15::2015-02-20 10:12:15:Application Start!

2015/2/20 上午 10:20:00::2015-02-20 10:20:00:AutoTask is Working!

2015/2/20 下午 01:04:36::自動執行計算門禁考勤異常報表:true

2015/2/20 下午 01:25:17::2015-02-20 13:25:17:Application End!

2015/2/20 下午 01:25:18::2015-02-20 13:25:18:Application Start!

2015/2/20 下午 01:46:19::2015-02-20 13:46:19:Application End!

2015/2/20 下午 01:46:21::2015-02-20 13:46:21:Application Start!

2015/2/20 下午 02:07:21::2015-02-20 14:07:21:Application End!

2015/2/20 下午 02:07:23::2015-02-20 14:07:23:Application Start!

2015/2/20 下午 02:28:23::2015-02-20 14:28:23:Application End!

2015/2/20 下午 02:28:25::2015-02-20 14:28:25:Application Start!

2015/2/20 下午 02:49:25::2015-02-20 14:49:25:Application End!

2015/2/20 下午 02:49:27::2015-02-20 14:49:27:Application Start!

2015/2/20 下午 03:10:28::2015-02-20 15:10:27:Application End!

2015/2/20 下午 03:10:29::2015-02-20 15:10:29:Application Start!

2015/2/20 下午 03:31:30::2015-02-20 15:31:30:Application End!

2015/2/20 下午 03:31:31::2015-02-20 15:31:31:Application Start!

2015/2/20 下午 03:52:32::2015-02-20 15:52:32:Application End!

2015/2/20 下午 03:52:34::2015-02-20 15:52:34:Application Start!

2015/2/20 下午 04:13:34::2015-02-20 16:13:34:Application End!

2015/2/20 下午 04:13:36::2015-02-20 16:13:36:Application Start!

2015/2/20 下午 04:34:36::2015-02-20 16:34:36:Application End!

2015/2/20 下午 04:34:38::2015-02-20 16:34:38:Application Start!

2015/2/20 下午 04:55:39::2015-02-20 16:55:39:Application End!

2015/2/20 下午 04:55:42::2015-02-20 16:55:42:Application Start!

2015/2/20 下午 05:16:41::2015-02-20 17:16:41:Application End!

2015/2/20 下午 05:16:43::2015-02-20 17:16:43:Application Start!

2015/2/20 下午 05:37:44::2015-02-20 17:37:44:Application End!

2015/2/20 下午 05:37:45::2015-02-20 17:37:45:Application Start!

2015/2/20 下午 05:58:46::2015-02-20 17:58:46:Application End!

2015/2/20 下午 05:58:48::2015-02-20 17:58:48:Application Start!

2015/2/20 下午 06:30:48::2015-02-20 18:30:48:Application End!

2015/2/20 下午 06:30:50::2015-02-20 18:30:50:Application Start!

2015/2/20 下午 06:51:50::2015-02-20 18:51:50:Application End!

2015/2/20 下午 06:51:52::2015-02-20 18:51:52:Application Start!

2015/2/20 下午 07:12:52::2015-02-20 19:12:52:Application End!

2015/2/20 下午 07:12:54::2015-02-20 19:12:54:Application Start!

2015/2/20 下午 07:41:54::2015-02-20 19:41:54:Application End!

2015/2/20 下午 07:41:56::2015-02-20 19:41:56:Application Start!

2015/2/20 下午 08:02:57::2015-02-20 20:02:57:Application End!

2015/2/20 下午 08:02:59::2015-02-20 20:02:59:Application Start!

2015/2/20 下午 08:23:59::2015-02-20 20:23:59:Application End!

2015/2/20 下午 08:24:01::2015-02-20 20:24:01:Application Start!

2015/2/20 下午 08:45:01::2015-02-20 20:45:01:Application End!

2015/2/20 下午 08:45:03::2015-02-20 20:45:03:Application Start!

2015/2/20 下午 09:06:03::2015-02-20 21:06:03:Application End!

2015/2/20 下午 09:06:05::2015-02-20 21:06:05:Application Start!

2015/2/20 下午 09:27:06::2015-02-20 21:27:06:Application End!

2015/2/20 下午 09:27:07::2015-02-20 21:27:07:Application Start!

2015/2/20 下午 09:48:08::2015-02-20 21:48:08:Application End!

2015/2/20 下午 09:48:09::2015-02-20 21:48:09:Application Start!

2015/2/20 下午 10:09:10::2015-02-20 22:09:10:Application End!

2015/2/20 下午 10:09:12::2015-02-20 22:09:12:Application Start!

2015/2/20 下午 10:30:10::2015-02-20 22:30:10:Application End!

2015/2/20 下午 10:30:12::2015-02-20 22:30:12:Application Start!

2015/2/20 下午 10:51:13::2015-02-20 22:51:12:Application End!

2015/2/20 下午 10:51:14::2015-02-20 22:51:14:Application Start!

2015/2/20 下午 11:12:15::2015-02-20 23:12:15:Application End!

2015/2/20 下午 11:12:16::2015-02-20 23:12:16:Application Start!

2015/2/20 下午 11:33:17::2015-02-20 23:33:17:Application End!

2015/2/20 下午 11:33:18::2015-02-20 23:33:18:Application Start!

2015/2/20 下午 11:54:19::2015-02-20 23:54:19:Application End!

2015/2/20 下午 11:54:20::2015-02-20 23:54:20:Application Start!

