2015/3/23 上午 12:07:31::2015-03-23 00:07:31:Application End!

2015/3/23 上午 12:07:35::2015-03-23 00:07:35:Application Start!

2015/3/23 上午 12:28:34::2015-03-23 00:28:34:Application End!

2015/3/23 上午 12:28:36::2015-03-23 00:28:36:Application Start!

2015/3/23 上午 12:49:36::2015-03-23 00:49:36:Application End!

2015/3/23 上午 12:49:38::2015-03-23 00:49:38:Application Start!

2015/3/23 上午 01:10:38::2015-03-23 01:10:38:Application End!

2015/3/23 上午 01:10:40::2015-03-23 01:10:40:Application Start!

2015/3/23 上午 01:31:40::2015-03-23 01:31:40:Application End!

2015/3/23 上午 01:31:42::2015-03-23 01:31:42:Application Start!

2015/3/23 上午 01:52:43::2015-03-23 01:52:43:Application End!

2015/3/23 上午 01:52:47::2015-03-23 01:52:47:Application Start!

2015/3/23 上午 02:13:45::2015-03-23 02:13:45:Application End!

2015/3/23 上午 02:13:47::2015-03-23 02:13:47:Application Start!

2015/3/23 上午 02:34:48::2015-03-23 02:34:48:Application End!

2015/3/23 上午 02:34:49::2015-03-23 02:34:49:Application Start!

2015/3/23 上午 02:55:50::2015-03-23 02:55:50:Application End!

2015/3/23 上午 02:55:54::2015-03-23 02:55:54:Application Start!

2015/3/23 上午 03:16:53::2015-03-23 03:16:53:Application End!

2015/3/23 上午 03:17:01::2015-03-23 03:17:01:Application Start!

2015/3/23 上午 03:37:56::2015-03-23 03:37:56:Application End!

2015/3/23 上午 03:37:58::2015-03-23 03:37:58:Application Start!

2015/3/23 上午 03:58:59::2015-03-23 03:58:59:Application End!

2015/3/23 上午 03:59:00::2015-03-23 03:59:00:Application Start!

2015/3/23 上午 04:20:01::2015-03-23 04:20:01:Application End!

2015/3/23 上午 04:20:02::2015-03-23 04:20:02:Application Start!

2015/3/23 上午 04:41:03::2015-03-23 04:41:03:Application End!

2015/3/23 上午 04:41:05::2015-03-23 04:41:05:Application Start!

2015/3/23 上午 05:02:05::2015-03-23 05:02:05:Application End!

2015/3/23 上午 05:02:07::2015-03-23 05:02:07:Application Start!

2015/3/23 上午 05:23:07::2015-03-23 05:23:07:Application End!

2015/3/23 上午 05:23:09::2015-03-23 05:23:09:Application Start!

2015/3/23 上午 05:44:09::2015-03-23 05:44:09:Application End!

2015/3/23 上午 05:44:11::2015-03-23 05:44:11:Application Start!

2015/3/23 上午 06:05:11::2015-03-23 06:05:11:Application End!

2015/3/23 上午 06:05:13::2015-03-23 06:05:13:Application Start!

2015/3/23 上午 06:26:13::2015-03-23 06:26:13:Application End!

2015/3/23 上午 06:26:15::2015-03-23 06:26:15:Application Start!

2015/3/23 上午 06:47:14::2015-03-23 06:47:14:Application End!

2015/3/23 上午 06:47:16::2015-03-23 06:47:16:Application Start!

2015/3/23 上午 07:08:16::2015-03-23 07:08:16:Application End!

2015/3/23 上午 07:08:20::2015-03-23 07:08:20:Application Start!

2015/3/23 上午 07:29:19::2015-03-23 07:29:19:Application End!

2015/3/23 上午 07:29:21::2015-03-23 07:29:21:Application Start!

2015/3/23 上午 07:50:21::2015-03-23 07:50:21:Application End!

2015/3/23 上午 07:50:23::2015-03-23 07:50:23:Application Start!

2015/3/23 上午 08:20:23::2015-03-23 08:20:23:Application End!

2015/3/23 上午 08:20:25::2015-03-23 08:20:25:Application Start!

2015/3/23 上午 08:41:25::2015-03-23 08:41:25:Application End!

2015/3/23 上午 08:41:27::2015-03-23 08:41:27:Application Start!

2015/3/23 上午 09:02:27::2015-03-23 09:02:27:Application End!

2015/3/23 上午 09:02:29::2015-03-23 09:02:29:Application Start!

2015/3/23 上午 09:40:29::2015-03-23 09:40:29:Application End!

2015/3/23 上午 09:40:31::2015-03-23 09:40:31:Application Start!

2015/3/23 上午 10:01:31::2015-03-23 10:01:31:Application End!

2015/3/23 上午 10:01:33::2015-03-23 10:01:33:Application Start!

2015/3/23 上午 10:20:00::2015-03-23 10:20:00:AutoTask is Working!

2015/3/23 下午 01:11:57::自動執行計算門禁考勤異常報表:true

2015/3/23 下午 01:32:32::2015-03-23 13:32:32:Application End!

2015/3/23 下午 01:32:34::2015-03-23 13:32:34:Application Start!

2015/3/23 下午 01:53:34::2015-03-23 13:53:34:Application End!

2015/3/23 下午 01:53:36::2015-03-23 13:53:36:Application Start!

2015/3/23 下午 02:14:36::2015-03-23 14:14:36:Application End!

2015/3/23 下午 02:14:38::2015-03-23 14:14:38:Application Start!

2015/3/23 下午 02:35:39::2015-03-23 14:35:39:Application End!

2015/3/23 下午 02:35:40::2015-03-23 14:35:40:Application Start!

2015/3/23 下午 02:56:41::2015-03-23 14:56:41:Application End!

2015/3/23 下午 02:56:42::2015-03-23 14:56:42:Application Start!

2015/3/23 下午 03:17:43::2015-03-23 15:17:43:Application End!

2015/3/23 下午 03:17:44::2015-03-23 15:17:44:Application Start!

2015/3/23 下午 03:38:46::2015-03-23 15:38:46:Application End!

2015/3/23 下午 03:38:48::2015-03-23 15:38:48:Application Start!

2015/3/23 下午 03:59:48::2015-03-23 15:59:48:Application End!

2015/3/23 下午 03:59:50::2015-03-23 15:59:50:Application Start!

2015/3/23 下午 04:20:51::2015-03-23 16:20:51:Application End!

2015/3/23 下午 04:20:52::2015-03-23 16:20:52:Application Start!

2015/3/23 下午 04:41:53::2015-03-23 16:41:53:Application End!

2015/3/23 下午 04:41:54::2015-03-23 16:41:54:Application Start!

2015/3/23 下午 05:17:55::2015-03-23 17:17:55:Application End!

2015/3/23 下午 05:17:57::2015-03-23 17:17:57:Application Start!

2015/3/23 下午 05:38:57::2015-03-23 17:38:57:Application End!

2015/3/23 下午 05:38:59::2015-03-23 17:38:59:Application Start!

2015/3/23 下午 06:00:00::2015-03-23 18:00:00:Application End!

2015/3/23 下午 06:00:02::2015-03-23 18:00:02:Application Start!

2015/3/23 下午 06:21:02::2015-03-23 18:21:02:Application End!

2015/3/23 下午 06:21:04::2015-03-23 18:21:04:Application Start!

2015/3/23 下午 06:42:04::2015-03-23 18:42:04:Application End!

2015/3/23 下午 06:42:06::2015-03-23 18:42:06:Application Start!

2015/3/23 下午 07:03:07::2015-03-23 19:03:07:Application End!

2015/3/23 下午 07:03:14::2015-03-23 19:03:14:Application Start!

2015/3/23 下午 07:24:10::2015-03-23 19:24:10:Application End!

2015/3/23 下午 07:24:12::2015-03-23 19:24:12:Application Start!

2015/3/23 下午 07:45:12::2015-03-23 19:45:12:Application End!

2015/3/23 下午 07:45:14::2015-03-23 19:45:14:Application Start!

2015/3/23 下午 08:06:14::2015-03-23 20:06:14:Application End!

2015/3/23 下午 08:06:16::2015-03-23 20:06:16:Application Start!

2015/3/23 下午 08:27:17::2015-03-23 20:27:17:Application End!

2015/3/23 下午 08:27:18::2015-03-23 20:27:18:Application Start!

2015/3/23 下午 08:48:19::2015-03-23 20:48:19:Application End!

2015/3/23 下午 08:48:21::2015-03-23 20:48:21:Application Start!

2015/3/23 下午 09:09:21::2015-03-23 21:09:21:Application End!

2015/3/23 下午 09:09:23::2015-03-23 21:09:23:Application Start!

2015/3/23 下午 09:30:23::2015-03-23 21:30:23:Application End!

2015/3/23 下午 09:30:25::2015-03-23 21:30:25:Application Start!

2015/3/23 下午 09:51:25::2015-03-23 21:51:25:Application End!

2015/3/23 下午 09:51:27::2015-03-23 21:51:27:Application Start!

2015/3/23 下午 10:12:27::2015-03-23 22:12:27:Application End!

2015/3/23 下午 10:12:29::2015-03-23 22:12:29:Application Start!

2015/3/23 下午 10:37:30::2015-03-23 22:37:30:Application End!

2015/3/23 下午 10:37:32::2015-03-23 22:37:32:Application Start!

2015/3/23 下午 10:58:32::2015-03-23 22:58:32:Application End!

2015/3/23 下午 10:58:34::2015-03-23 22:58:34:Application Start!

2015/3/23 下午 11:19:34::2015-03-23 23:19:34:Application End!

2015/3/23 下午 11:19:36::2015-03-23 23:19:36:Application Start!

2015/3/23 下午 11:40:36::2015-03-23 23:40:36:Application End!

2015/3/23 下午 11:40:38::2015-03-23 23:40:38:Application Start!

