2015/4/11 上午 12:16:39::2015-04-11 00:16:39:Application End!

2015/4/11 上午 12:16:41::2015-04-11 00:16:41:Application Start!

2015/4/11 上午 12:37:41::2015-04-11 00:37:41:Application End!

2015/4/11 上午 12:37:43::2015-04-11 00:37:43:Application Start!

2015/4/11 上午 12:58:43::2015-04-11 00:58:43:Application End!

2015/4/11 上午 12:58:45::2015-04-11 00:58:45:Application Start!

2015/4/11 上午 01:19:45::2015-04-11 01:19:45:Application End!

2015/4/11 上午 01:19:47::2015-04-11 01:19:47:Application Start!

2015/4/11 上午 01:40:47::2015-04-11 01:40:47:Application End!

2015/4/11 上午 01:40:49::2015-04-11 01:40:49:Application Start!

2015/4/11 上午 02:01:50::2015-04-11 02:01:50:Application End!

2015/4/11 上午 02:01:51::2015-04-11 02:01:51:Application Start!

2015/4/11 上午 02:34:52::2015-04-11 02:34:52:Application End!

2015/4/11 上午 02:34:53::2015-04-11 02:34:53:Application Start!

2015/4/11 上午 02:55:54::2015-04-11 02:55:54:Application End!

2015/4/11 上午 02:55:56::2015-04-11 02:55:56:Application Start!

2015/4/11 上午 03:16:56::2015-04-11 03:16:56:Application End!

2015/4/11 上午 03:16:58::2015-04-11 03:16:58:Application Start!

2015/4/11 上午 03:37:58::2015-04-11 03:37:58:Application End!

2015/4/11 上午 03:38:00::2015-04-11 03:38:00:Application Start!

2015/4/11 上午 03:59:00::2015-04-11 03:59:00:Application End!

2015/4/11 上午 03:59:02::2015-04-11 03:59:02:Application Start!

2015/4/11 上午 04:20:03::2015-04-11 04:20:03:Application End!

2015/4/11 上午 04:20:11::2015-04-11 04:20:10:Application Start!

2015/4/11 上午 04:41:06::2015-04-11 04:41:06:Application End!

2015/4/11 上午 04:41:08::2015-04-11 04:41:08:Application Start!

2015/4/11 上午 05:02:09::2015-04-11 05:02:09:Application End!

2015/4/11 上午 05:02:10::2015-04-11 05:02:10:Application Start!

2015/4/11 上午 05:23:11::2015-04-11 05:23:11:Application End!

2015/4/11 上午 05:23:13::2015-04-11 05:23:12:Application Start!

2015/4/11 上午 05:44:11::2015-04-11 05:44:11:Application End!

2015/4/11 上午 05:44:13::2015-04-11 05:44:13:Application Start!

2015/4/11 上午 06:24:13::2015-04-11 06:24:13:Application End!

2015/4/11 上午 06:24:15::2015-04-11 06:24:15:Application Start!

2015/4/11 上午 06:45:15::2015-04-11 06:45:15:Application End!

2015/4/11 上午 06:45:17::2015-04-11 06:45:17:Application Start!

2015/4/11 上午 07:06:17::2015-04-11 07:06:17:Application End!

2015/4/11 上午 07:06:19::2015-04-11 07:06:19:Application Start!

2015/4/11 上午 07:27:19::2015-04-11 07:27:19:Application End!

2015/4/11 上午 07:27:21::2015-04-11 07:27:21:Application Start!

2015/4/11 上午 07:48:21::2015-04-11 07:48:21:Application End!

2015/4/11 上午 07:48:23::2015-04-11 07:48:23:Application Start!

2015/4/11 上午 08:09:23::2015-04-11 08:09:23:Application End!

2015/4/11 上午 08:09:25::2015-04-11 08:09:25:Application Start!

2015/4/11 上午 08:45:25::2015-04-11 08:45:25:Application End!

2015/4/11 上午 08:45:27::2015-04-11 08:45:27:Application Start!

2015/4/11 上午 09:06:28::2015-04-11 09:06:28:Application End!

2015/4/11 上午 09:06:32::2015-04-11 09:06:32:Application Start!

2015/4/11 上午 09:41:30::2015-04-11 09:41:30:Application End!

2015/4/11 上午 09:41:32::2015-04-11 09:41:32:Application Start!

2015/4/11 上午 10:13:32::2015-04-11 10:13:32:Application End!

2015/4/11 上午 10:13:34::2015-04-11 10:13:34:Application Start!

2015/4/11 上午 10:20:00::2015-04-11 10:20:00:AutoTask is Working!

2015/4/11 下午 01:36:01::自動執行計算門禁考勤異常報表:true

2015/4/11 下午 01:56:34::2015-04-11 13:56:34:Application End!

2015/4/11 下午 01:56:36::2015-04-11 13:56:36:Application Start!

2015/4/11 下午 02:17:36::2015-04-11 14:17:36:Application End!

2015/4/11 下午 02:17:38::2015-04-11 14:17:38:Application Start!

2015/4/11 下午 02:38:38::2015-04-11 14:38:38:Application End!

2015/4/11 下午 02:38:46::2015-04-11 14:38:46:Application Start!

2015/4/11 下午 02:59:43::2015-04-11 14:59:43:Application End!

2015/4/11 下午 02:59:45::2015-04-11 14:59:45:Application Start!

2015/4/11 下午 03:20:45::2015-04-11 15:20:45:Application End!

2015/4/11 下午 03:20:47::2015-04-11 15:20:47:Application Start!

2015/4/11 下午 03:41:48::2015-04-11 15:41:48:Application End!

2015/4/11 下午 03:41:49::2015-04-11 15:41:49:Application Start!

2015/4/11 下午 04:02:50::2015-04-11 16:02:50:Application End!

2015/4/11 下午 04:02:52::2015-04-11 16:02:51:Application Start!

2015/4/11 下午 04:23:52::2015-04-11 16:23:52:Application End!

2015/4/11 下午 04:23:54::2015-04-11 16:23:54:Application Start!

2015/4/11 下午 04:44:54::2015-04-11 16:44:54:Application End!

2015/4/11 下午 04:44:56::2015-04-11 16:44:56:Application Start!

2015/4/11 下午 05:05:56::2015-04-11 17:05:56:Application End!

2015/4/11 下午 05:05:58::2015-04-11 17:05:58:Application Start!

2015/4/11 下午 05:26:58::2015-04-11 17:26:58:Application End!

2015/4/11 下午 05:27:00::2015-04-11 17:27:00:Application Start!

2015/4/11 下午 06:02:01::2015-04-11 18:02:01:Application End!

2015/4/11 下午 06:02:02::2015-04-11 18:02:02:Application Start!

2015/4/11 下午 06:23:03::2015-04-11 18:23:03:Application End!

2015/4/11 下午 06:23:05::2015-04-11 18:23:05:Application Start!

2015/4/11 下午 06:44:05::2015-04-11 18:44:05:Application End!

2015/4/11 下午 06:44:07::2015-04-11 18:44:07:Application Start!

2015/4/11 下午 07:05:07::2015-04-11 19:05:07:Application End!

2015/4/11 下午 07:05:09::2015-04-11 19:05:09:Application Start!

2015/4/11 下午 07:26:09::2015-04-11 19:26:09:Application End!

2015/4/11 下午 07:26:11::2015-04-11 19:26:11:Application Start!

2015/4/11 下午 07:47:11::2015-04-11 19:47:11:Application End!

2015/4/11 下午 07:47:13::2015-04-11 19:47:13:Application Start!

2015/4/11 下午 08:08:14::2015-04-11 20:08:14:Application End!

2015/4/11 下午 08:08:15::2015-04-11 20:08:15:Application Start!

2015/4/11 下午 08:29:16::2015-04-11 20:29:16:Application End!

2015/4/11 下午 08:29:18::2015-04-11 20:29:18:Application Start!

2015/4/11 下午 08:50:18::2015-04-11 20:50:18:Application End!

2015/4/11 下午 08:50:20::2015-04-11 20:50:20:Application Start!

2015/4/11 下午 09:23:20::2015-04-11 21:23:20:Application End!

2015/4/11 下午 09:23:22::2015-04-11 21:23:22:Application Start!

2015/4/11 下午 09:44:22::2015-04-11 21:44:22:Application End!

2015/4/11 下午 09:44:24::2015-04-11 21:44:24:Application Start!

2015/4/11 下午 10:05:25::2015-04-11 22:05:25:Application End!

2015/4/11 下午 10:05:26::2015-04-11 22:05:26:Application Start!

2015/4/11 下午 10:26:27::2015-04-11 22:26:27:Application End!

2015/4/11 下午 10:26:28::2015-04-11 22:26:28:Application Start!

2015/4/11 下午 10:47:29::2015-04-11 22:47:29:Application End!

2015/4/11 下午 10:47:31::2015-04-11 22:47:31:Application Start!

2015/4/11 下午 11:08:31::2015-04-11 23:08:31:Application End!

2015/4/11 下午 11:08:33::2015-04-11 23:08:33:Application Start!

2015/4/11 下午 11:29:33::2015-04-11 23:29:33:Application End!

2015/4/11 下午 11:29:35::2015-04-11 23:29:35:Application Start!

2015/4/11 下午 11:50:34::2015-04-11 23:50:34:Application End!

2015/4/11 下午 11:50:36::2015-04-11 23:50:36:Application Start!

