2015/1/10 上午 01:07:27::2015-01-10 01:07:26:Application End!

2015/1/10 上午 01:09:00::2015-01-10 01:09:00:Application Start!

2015/1/10 上午 03:08:57::2015-01-10 03:08:57:Application End!

2015/1/10 上午 03:10:28::2015-01-10 03:10:28:Application Start!

2015/1/10 上午 05:10:28::2015-01-10 05:10:28:Application End!

2015/1/10 上午 05:11:59::2015-01-10 05:11:59:Application Start!

2015/1/10 上午 07:11:59::2015-01-10 07:11:59:Application End!

2015/1/10 上午 07:13:30::2015-01-10 07:13:30:Application Start!

2015/1/10 上午 09:13:31::2015-01-10 09:13:30:Application End!

2015/1/10 上午 09:15:04::2015-01-10 09:15:04:Application Start!

2015/1/10 上午 10:20:00::2015-01-10 10:20:00:AutoTask is Working!

2015/1/10 上午 10:51:43::自動執行計算門禁考勤異常報表:true

2015/1/10 下午 12:51:01::2015-01-10 12:51:01:Application End!

2015/1/10 下午 12:52:32::2015-01-10 12:52:32:Application Start!

2015/1/10 下午 02:52:32::2015-01-10 14:52:32:Application End!

2015/1/10 下午 02:54:03::2015-01-10 14:54:03:Application Start!

2015/1/10 下午 04:54:04::2015-01-10 16:54:04:Application End!

2015/1/10 下午 04:55:37::2015-01-10 16:55:37:Application Start!

2015/1/10 下午 06:55:34::2015-01-10 18:55:34:Application End!

2015/1/10 下午 06:57:05::2015-01-10 18:57:05:Application Start!

2015/1/10 下午 08:57:05::2015-01-10 20:57:05:Application End!

2015/1/10 下午 08:58:36::2015-01-10 20:58:36:Application Start!

2015/1/10 下午 10:58:36::2015-01-10 22:58:36:Application End!

2015/1/10 下午 11:00:07::2015-01-10 23:00:07:Application Start!

