2015/4/27 上午 12:00:09::2015-04-27 00:00:09:Application End!

2015/4/27 上午 12:00:10::2015-04-27 00:00:10:Application Start!

2015/4/27 上午 12:21:11::2015-04-27 00:21:11:Application End!

2015/4/27 上午 12:21:13::2015-04-27 00:21:13:Application Start!

2015/4/27 上午 12:42:13::2015-04-27 00:42:13:Application End!

2015/4/27 上午 12:42:15::2015-04-27 00:42:15:Application Start!

2015/4/27 上午 01:03:15::2015-04-27 01:03:15:Application End!

2015/4/27 上午 01:03:17::2015-04-27 01:03:17:Application Start!

2015/4/27 上午 01:24:17::2015-04-27 01:24:17:Application End!

2015/4/27 上午 01:24:19::2015-04-27 01:24:19:Application Start!

2015/4/27 上午 01:45:20::2015-04-27 01:45:20:Application End!

2015/4/27 上午 01:45:21::2015-04-27 01:45:21:Application Start!

2015/4/27 上午 02:06:22::2015-04-27 02:06:22:Application End!

2015/4/27 上午 02:06:23::2015-04-27 02:06:23:Application Start!

2015/4/27 上午 02:27:24::2015-04-27 02:27:24:Application End!

2015/4/27 上午 02:27:26::2015-04-27 02:27:26:Application Start!

2015/4/27 上午 02:48:26::2015-04-27 02:48:26:Application End!

2015/4/27 上午 02:48:28::2015-04-27 02:48:28:Application Start!

2015/4/27 上午 03:09:28::2015-04-27 03:09:28:Application End!

2015/4/27 上午 03:09:30::2015-04-27 03:09:30:Application Start!

2015/4/27 上午 03:30:30::2015-04-27 03:30:30:Application End!

2015/4/27 上午 03:30:32::2015-04-27 03:30:32:Application Start!

2015/4/27 上午 03:51:32::2015-04-27 03:51:32:Application End!

2015/4/27 上午 03:51:34::2015-04-27 03:51:34:Application Start!

2015/4/27 上午 04:12:33::2015-04-27 04:12:33:Application End!

2015/4/27 上午 04:12:35::2015-04-27 04:12:35:Application Start!

2015/4/27 上午 04:33:35::2015-04-27 04:33:35:Application End!

2015/4/27 上午 04:33:38::2015-04-27 04:33:38:Application Start!

2015/4/27 上午 04:54:37::2015-04-27 04:54:37:Application End!

2015/4/27 上午 04:54:39::2015-04-27 04:54:39:Application Start!

2015/4/27 上午 05:15:39::2015-04-27 05:15:39:Application End!

2015/4/27 上午 05:15:41::2015-04-27 05:15:41:Application Start!

2015/4/27 上午 05:36:41::2015-04-27 05:36:41:Application End!

2015/4/27 上午 05:36:43::2015-04-27 05:36:43:Application Start!

2015/4/27 上午 05:57:43::2015-04-27 05:57:43:Application End!

2015/4/27 上午 05:57:45::2015-04-27 05:57:45:Application Start!

2015/4/27 上午 06:18:45::2015-04-27 06:18:45:Application End!

2015/4/27 上午 06:18:47::2015-04-27 06:18:47:Application Start!

2015/4/27 上午 06:39:47::2015-04-27 06:39:47:Application End!

2015/4/27 上午 06:39:49::2015-04-27 06:39:49:Application Start!

2015/4/27 上午 07:00:49::2015-04-27 07:00:49:Application End!

2015/4/27 上午 07:00:52::2015-04-27 07:00:52:Application Start!

2015/4/27 上午 07:21:52::2015-04-27 07:21:52:Application End!

2015/4/27 上午 07:21:53::2015-04-27 07:21:53:Application Start!

2015/4/27 上午 07:42:54::2015-04-27 07:42:54:Application End!

2015/4/27 上午 07:42:55::2015-04-27 07:42:55:Application Start!

2015/4/27 上午 08:03:56::2015-04-27 08:03:56:Application End!

2015/4/27 上午 08:03:57::2015-04-27 08:03:57:Application Start!

2015/4/27 上午 08:24:58::2015-04-27 08:24:58:Application End!

2015/4/27 上午 08:24:59::2015-04-27 08:24:59:Application Start!

2015/4/27 上午 08:46:00::2015-04-27 08:46:00:Application End!

2015/4/27 上午 08:46:02::2015-04-27 08:46:02:Application Start!

2015/4/27 上午 09:07:02::2015-04-27 09:07:02:Application End!

2015/4/27 上午 09:07:04::2015-04-27 09:07:04:Application Start!

2015/4/27 上午 09:28:04::2015-04-27 09:28:04:Application End!

2015/4/27 上午 09:28:06::2015-04-27 09:28:06:Application Start!

2015/4/27 上午 09:49:06::2015-04-27 09:49:06:Application End!

2015/4/27 上午 09:49:08::2015-04-27 09:49:08:Application Start!

2015/4/27 上午 10:13:08::2015-04-27 10:13:08:Application End!

2015/4/27 上午 10:13:10::2015-04-27 10:13:10:Application Start!

2015/4/27 上午 10:20:00::2015-04-27 10:20:00:AutoTask is Working!

2015/4/27 下午 01:40:01==> Errors Description:作業逾時Errors Location:   於 System.Net.HttpWebRequest.GetResponse()
   於 ePortal.Web.Core.Job.AttendanceAnomalyJob.ExecuteJob() 於 e:\ePortal\ePortal.Web.Core\Job\AttendanceAnomalyJob.cs: 行 26

2015/4/27 下午 02:11:12::2015-04-27 14:11:11:Application End!

2015/4/27 下午 02:11:16::2015-04-27 14:11:16:Application Start!

2015/4/27 下午 02:32:14::2015-04-27 14:32:14:Application End!

2015/4/27 下午 02:32:16::2015-04-27 14:32:16:Application Start!

2015/4/27 下午 02:53:16::2015-04-27 14:53:16:Application End!

2015/4/27 下午 02:53:18::2015-04-27 14:53:18:Application Start!

2015/4/27 下午 03:14:19::2015-04-27 15:14:19:Application End!

2015/4/27 下午 03:14:20::2015-04-27 15:14:20:Application Start!

2015/4/27 下午 03:35:21::2015-04-27 15:35:21:Application End!

2015/4/27 下午 03:35:23::2015-04-27 15:35:23:Application Start!

2015/4/27 下午 03:56:23::2015-04-27 15:56:23:Application End!

2015/4/27 下午 03:56:25::2015-04-27 15:56:25:Application Start!

2015/4/27 下午 04:36:25::2015-04-27 16:36:25:Application End!

2015/4/27 下午 04:36:27::2015-04-27 16:36:27:Application Start!

2015/4/27 下午 04:57:28::2015-04-27 16:57:27:Application End!

2015/4/27 下午 04:57:29::2015-04-27 16:57:29:Application Start!

2015/4/27 下午 05:18:30::2015-04-27 17:18:30:Application End!

2015/4/27 下午 05:18:31::2015-04-27 17:18:31:Application Start!

2015/4/27 下午 05:39:32::2015-04-27 17:39:32:Application End!

2015/4/27 下午 05:39:34::2015-04-27 17:39:34:Application Start!

2015/4/27 下午 06:00:34::2015-04-27 18:00:34:Application End!

2015/4/27 下午 06:00:36::2015-04-27 18:00:36:Application Start!

2015/4/27 下午 06:21:36::2015-04-27 18:21:36:Application End!

2015/4/27 下午 06:21:38::2015-04-27 18:21:38:Application Start!

2015/4/27 下午 06:42:39::2015-04-27 18:42:39:Application End!

2015/4/27 下午 06:42:47::2015-04-27 18:42:47:Application Start!

2015/4/27 下午 07:03:42::2015-04-27 19:03:42:Application End!

2015/4/27 下午 07:03:44::2015-04-27 19:03:44:Application Start!

2015/4/27 下午 07:24:44::2015-04-27 19:24:44:Application End!

2015/4/27 下午 07:24:46::2015-04-27 19:24:46:Application Start!

2015/4/27 下午 07:45:47::2015-04-27 19:45:46:Application End!

2015/4/27 下午 07:45:48::2015-04-27 19:45:48:Application Start!

2015/4/27 下午 08:06:49::2015-04-27 20:06:49:Application End!

2015/4/27 下午 08:06:50::2015-04-27 20:06:50:Application Start!

2015/4/27 下午 08:27:51::2015-04-27 20:27:51:Application End!

2015/4/27 下午 08:27:53::2015-04-27 20:27:53:Application Start!

2015/4/27 下午 08:48:53::2015-04-27 20:48:53:Application End!

2015/4/27 下午 08:48:55::2015-04-27 20:48:55:Application Start!

2015/4/27 下午 09:09:55::2015-04-27 21:09:55:Application End!

2015/4/27 下午 09:09:57::2015-04-27 21:09:57:Application Start!

2015/4/27 下午 09:30:57::2015-04-27 21:30:57:Application End!

2015/4/27 下午 09:30:59::2015-04-27 21:30:59:Application Start!

2015/4/27 下午 09:52:00::2015-04-27 21:52:00:Application End!

2015/4/27 下午 09:52:01::2015-04-27 21:52:01:Application Start!

2015/4/27 下午 10:13:00::2015-04-27 22:13:00:Application End!

2015/4/27 下午 10:13:02::2015-04-27 22:13:02:Application Start!

2015/4/27 下午 10:34:02::2015-04-27 22:34:02:Application End!

2015/4/27 下午 10:34:04::2015-04-27 22:34:04:Application Start!

2015/4/27 下午 10:55:04::2015-04-27 22:55:04:Application End!

2015/4/27 下午 10:55:06::2015-04-27 22:55:06:Application Start!

2015/4/27 下午 11:16:06::2015-04-27 23:16:06:Application End!

2015/4/27 下午 11:16:08::2015-04-27 23:16:08:Application Start!

2015/4/27 下午 11:37:08::2015-04-27 23:37:08:Application End!

2015/4/27 下午 11:37:10::2015-04-27 23:37:10:Application Start!

2015/4/27 下午 11:58:10::2015-04-27 23:58:10:Application End!

2015/4/27 下午 11:58:12::2015-04-27 23:58:12:Application Start!

