2015/5/2 上午 12:05:14::2015-05-02 00:05:14:Application End!

2015/5/2 上午 12:05:16::2015-05-02 00:05:16:Application Start!

2015/5/2 上午 12:26:16::2015-05-02 00:26:16:Application End!

2015/5/2 上午 12:26:18::2015-05-02 00:26:18:Application Start!

2015/5/2 上午 01:03:18::2015-05-02 01:03:18:Application End!

2015/5/2 上午 01:03:20::2015-05-02 01:03:20:Application Start!

2015/5/2 上午 01:24:20::2015-05-02 01:24:20:Application End!

2015/5/2 上午 01:24:22::2015-05-02 01:24:22:Application Start!

2015/5/2 上午 01:45:22::2015-05-02 01:45:22:Application End!

2015/5/2 上午 01:45:24::2015-05-02 01:45:24:Application Start!

2015/5/2 上午 02:06:24::2015-05-02 02:06:24:Application End!

2015/5/2 上午 02:06:26::2015-05-02 02:06:26:Application Start!

2015/5/2 上午 02:27:28::2015-05-02 02:27:28:Application End!

2015/5/2 上午 02:27:29::2015-05-02 02:27:29:Application Start!

2015/5/2 上午 02:48:30::2015-05-02 02:48:30:Application End!

2015/5/2 上午 02:48:32::2015-05-02 02:48:32:Application Start!

2015/5/2 上午 03:09:32::2015-05-02 03:09:32:Application End!

2015/5/2 上午 03:09:34::2015-05-02 03:09:34:Application Start!

2015/5/2 上午 03:30:34::2015-05-02 03:30:34:Application End!

2015/5/2 上午 03:30:36::2015-05-02 03:30:36:Application Start!

2015/5/2 上午 03:51:36::2015-05-02 03:51:36:Application End!

2015/5/2 上午 03:51:38::2015-05-02 03:51:38:Application Start!

2015/5/2 上午 04:12:39::2015-05-02 04:12:39:Application End!

2015/5/2 上午 04:12:40::2015-05-02 04:12:40:Application Start!

2015/5/2 上午 04:33:41::2015-05-02 04:33:41:Application End!

2015/5/2 上午 04:33:42::2015-05-02 04:33:42:Application Start!

2015/5/2 上午 04:54:43::2015-05-02 04:54:43:Application End!

2015/5/2 上午 04:54:45::2015-05-02 04:54:45:Application Start!

2015/5/2 上午 05:15:45::2015-05-02 05:15:45:Application End!

2015/5/2 上午 05:15:47::2015-05-02 05:15:47:Application Start!

2015/5/2 上午 05:36:47::2015-05-02 05:36:47:Application End!

2015/5/2 上午 05:36:49::2015-05-02 05:36:49:Application Start!

2015/5/2 上午 05:57:49::2015-05-02 05:57:49:Application End!

2015/5/2 上午 05:57:51::2015-05-02 05:57:51:Application Start!

2015/5/2 上午 06:18:51::2015-05-02 06:18:51:Application End!

2015/5/2 上午 06:18:53::2015-05-02 06:18:53:Application Start!

2015/5/2 上午 06:39:54::2015-05-02 06:39:54:Application End!

2015/5/2 上午 06:39:55::2015-05-02 06:39:55:Application Start!

2015/5/2 上午 07:00:56::2015-05-02 07:00:56:Application End!

2015/5/2 上午 07:01:04::2015-05-02 07:01:04:Application Start!

2015/5/2 上午 07:22:00::2015-05-02 07:22:00:Application End!

2015/5/2 上午 07:22:02::2015-05-02 07:22:02:Application Start!

2015/5/2 上午 07:43:02::2015-05-02 07:43:02:Application End!

2015/5/2 上午 07:43:04::2015-05-02 07:43:04:Application Start!

2015/5/2 上午 08:18:05::2015-05-02 08:18:05:Application End!

2015/5/2 上午 08:18:06::2015-05-02 08:18:06:Application Start!

2015/5/2 上午 08:39:07::2015-05-02 08:39:07:Application End!

2015/5/2 上午 08:39:09::2015-05-02 08:39:09:Application Start!

2015/5/2 上午 09:00:09::2015-05-02 09:00:09:Application End!

2015/5/2 上午 09:00:11::2015-05-02 09:00:11:Application Start!

2015/5/2 上午 09:21:11::2015-05-02 09:21:11:Application End!

2015/5/2 上午 09:21:14::2015-05-02 09:21:14:Application Start!

2015/5/2 上午 09:42:14::2015-05-02 09:42:14:Application End!

2015/5/2 上午 09:42:15::2015-05-02 09:42:15:Application Start!

2015/5/2 上午 10:19:16::2015-05-02 10:19:16:Application End!

2015/5/2 上午 10:19:17::2015-05-02 10:19:17:Application Start!

2015/5/2 上午 10:20:00::2015-05-02 10:20:00:AutoTask is Working!

2015/5/2 下午 12:39:52::自動執行計算門禁考勤異常報表:true

2015/5/2 下午 01:00:16::2015-05-02 13:00:16:Application End!

2015/5/2 下午 01:00:18::2015-05-02 13:00:18:Application Start!

2015/5/2 下午 01:21:18::2015-05-02 13:21:18:Application End!

2015/5/2 下午 01:21:20::2015-05-02 13:21:20:Application Start!

2015/5/2 下午 01:42:20::2015-05-02 13:42:20:Application End!

2015/5/2 下午 01:42:22::2015-05-02 13:42:22:Application Start!

2015/5/2 下午 02:03:22::2015-05-02 14:03:22:Application End!

2015/5/2 下午 02:03:24::2015-05-02 14:03:24:Application Start!

2015/5/2 下午 02:24:24::2015-05-02 14:24:24:Application End!

2015/5/2 下午 02:24:26::2015-05-02 14:24:26:Application Start!

2015/5/2 下午 02:45:26::2015-05-02 14:45:26:Application End!

2015/5/2 下午 02:45:28::2015-05-02 14:45:28:Application Start!

2015/5/2 下午 03:06:28::2015-05-02 15:06:28:Application End!

2015/5/2 下午 03:06:30::2015-05-02 15:06:30:Application Start!

2015/5/2 下午 03:27:30::2015-05-02 15:27:30:Application End!

2015/5/2 下午 03:27:32::2015-05-02 15:27:32:Application Start!

2015/5/2 下午 03:48:33::2015-05-02 15:48:33:Application End!

2015/5/2 下午 03:48:34::2015-05-02 15:48:34:Application Start!

2015/5/2 下午 04:09:35::2015-05-02 16:09:35:Application End!

2015/5/2 下午 04:09:37::2015-05-02 16:09:37:Application Start!

2015/5/2 下午 04:30:37::2015-05-02 16:30:37:Application End!

2015/5/2 下午 04:30:39::2015-05-02 16:30:39:Application Start!

2015/5/2 下午 04:51:39::2015-05-02 16:51:39:Application End!

2015/5/2 下午 04:51:41::2015-05-02 16:51:41:Application Start!

2015/5/2 下午 05:12:41::2015-05-02 17:12:41:Application End!

2015/5/2 下午 05:12:43::2015-05-02 17:12:43:Application Start!

2015/5/2 下午 05:33:43::2015-05-02 17:33:43:Application End!

2015/5/2 下午 05:33:45::2015-05-02 17:33:45:Application Start!

2015/5/2 下午 05:54:45::2015-05-02 17:54:45:Application End!

2015/5/2 下午 05:54:47::2015-05-02 17:54:47:Application Start!

2015/5/2 下午 06:15:47::2015-05-02 18:15:47:Application End!

2015/5/2 下午 06:15:49::2015-05-02 18:15:49:Application Start!

2015/5/2 下午 06:36:49::2015-05-02 18:36:49:Application End!

2015/5/2 下午 06:36:51::2015-05-02 18:36:51:Application Start!

2015/5/2 下午 06:57:51::2015-05-02 18:57:51:Application End!

2015/5/2 下午 06:57:53::2015-05-02 18:57:53:Application Start!

2015/5/2 下午 07:18:53::2015-05-02 19:18:53:Application End!

2015/5/2 下午 07:18:55::2015-05-02 19:18:55:Application Start!

2015/5/2 下午 07:46:55::2015-05-02 19:46:55:Application End!

2015/5/2 下午 07:46:57::2015-05-02 19:46:57:Application Start!

2015/5/2 下午 08:07:57::2015-05-02 20:07:57:Application End!

2015/5/2 下午 08:07:59::2015-05-02 20:07:59:Application Start!

2015/5/2 下午 08:29:00::2015-05-02 20:29:00:Application End!

2015/5/2 下午 08:29:02::2015-05-02 20:29:02:Application Start!

2015/5/2 下午 08:50:03::2015-05-02 20:50:03:Application End!

2015/5/2 下午 08:50:05::2015-05-02 20:50:05:Application Start!

2015/5/2 下午 09:11:05::2015-05-02 21:11:05:Application End!

2015/5/2 下午 09:11:07::2015-05-02 21:11:07:Application Start!

2015/5/2 下午 09:32:07::2015-05-02 21:32:07:Application End!

2015/5/2 下午 09:32:09::2015-05-02 21:32:09:Application Start!

2015/5/2 下午 09:53:10::2015-05-02 21:53:10:Application End!

2015/5/2 下午 09:53:11::2015-05-02 21:53:11:Application Start!

2015/5/2 下午 10:14:12::2015-05-02 22:14:12:Application End!

2015/5/2 下午 10:14:14::2015-05-02 22:14:14:Application Start!

2015/5/2 下午 10:35:14::2015-05-02 22:35:14:Application End!

2015/5/2 下午 10:35:16::2015-05-02 22:35:16:Application Start!

2015/5/2 下午 10:56:16::2015-05-02 22:56:16:Application End!

2015/5/2 下午 10:56:18::2015-05-02 22:56:18:Application Start!

2015/5/2 下午 11:17:18::2015-05-02 23:17:18:Application End!

2015/5/2 下午 11:17:20::2015-05-02 23:17:20:Application Start!

2015/5/2 下午 11:38:20::2015-05-02 23:38:20:Application End!

2015/5/2 下午 11:38:22::2015-05-02 23:38:22:Application Start!

2015/5/2 下午 11:59:23::2015-05-02 23:59:23:Application End!

2015/5/2 下午 11:59:25::2015-05-02 23:59:24:Application Start!

