2015/4/16 上午 12:12:00::2015-04-16 00:12:00:Application End!

2015/4/16 上午 12:12:02::2015-04-16 00:12:02:Application Start!

2015/4/16 上午 12:33:02::2015-04-16 00:33:02:Application End!

2015/4/16 上午 12:33:04::2015-04-16 00:33:04:Application Start!

2015/4/16 上午 12:54:04::2015-04-16 00:54:04:Application End!

2015/4/16 上午 12:54:06::2015-04-16 00:54:06:Application Start!

2015/4/16 上午 01:15:06::2015-04-16 01:15:06:Application End!

2015/4/16 上午 01:15:08::2015-04-16 01:15:08:Application Start!

2015/4/16 上午 01:36:08::2015-04-16 01:36:08:Application End!

2015/4/16 上午 01:36:10::2015-04-16 01:36:10:Application Start!

2015/4/16 上午 01:57:10::2015-04-16 01:57:10:Application End!

2015/4/16 上午 01:57:12::2015-04-16 01:57:12:Application Start!

2015/4/16 上午 02:18:12::2015-04-16 02:18:12:Application End!

2015/4/16 上午 02:18:14::2015-04-16 02:18:14:Application Start!

2015/4/16 上午 02:39:14::2015-04-16 02:39:14:Application End!

2015/4/16 上午 02:39:16::2015-04-16 02:39:16:Application Start!

2015/4/16 上午 03:00:16::2015-04-16 03:00:16:Application End!

2015/4/16 上午 03:00:18::2015-04-16 03:00:18:Application Start!

2015/4/16 上午 03:21:18::2015-04-16 03:21:18:Application End!

2015/4/16 上午 03:21:20::2015-04-16 03:21:20:Application Start!

2015/4/16 上午 03:42:20::2015-04-16 03:42:20:Application End!

2015/4/16 上午 03:42:22::2015-04-16 03:42:22:Application Start!

2015/4/16 上午 04:03:24::2015-04-16 04:03:24:Application End!

2015/4/16 上午 04:03:25::2015-04-16 04:03:25:Application Start!

2015/4/16 上午 04:24:26::2015-04-16 04:24:26:Application End!

2015/4/16 上午 04:24:28::2015-04-16 04:24:28:Application Start!

2015/4/16 上午 04:45:28::2015-04-16 04:45:28:Application End!

2015/4/16 上午 04:45:30::2015-04-16 04:45:30:Application Start!

2015/4/16 上午 05:06:30::2015-04-16 05:06:30:Application End!

2015/4/16 上午 05:06:32::2015-04-16 05:06:32:Application Start!

2015/4/16 上午 05:43:33::2015-04-16 05:43:33:Application End!

2015/4/16 上午 05:43:42::2015-04-16 05:43:42:Application Start!

2015/4/16 上午 06:04:37::2015-04-16 06:04:37:Application End!

2015/4/16 上午 06:04:39::2015-04-16 06:04:39:Application Start!

2015/4/16 上午 06:25:39::2015-04-16 06:25:39:Application End!

2015/4/16 上午 06:25:41::2015-04-16 06:25:41:Application Start!

2015/4/16 上午 06:46:41::2015-04-16 06:46:41:Application End!

2015/4/16 上午 06:46:43::2015-04-16 06:46:43:Application Start!

2015/4/16 上午 07:07:44::2015-04-16 07:07:43:Application End!

2015/4/16 上午 07:07:47::2015-04-16 07:07:47:Application Start!

2015/4/16 上午 07:28:46::2015-04-16 07:28:46:Application End!

2015/4/16 上午 07:28:48::2015-04-16 07:28:48:Application Start!

2015/4/16 上午 07:49:49::2015-04-16 07:49:49:Application End!

2015/4/16 上午 07:49:53::2015-04-16 07:49:53:Application Start!

2015/4/16 上午 08:10:51::2015-04-16 08:10:51:Application End!

2015/4/16 上午 08:10:53::2015-04-16 08:10:53:Application Start!

2015/4/16 上午 08:31:54::2015-04-16 08:31:54:Application End!

2015/4/16 上午 08:31:55::2015-04-16 08:31:55:Application Start!

2015/4/16 上午 08:52:56::2015-04-16 08:52:56:Application End!

2015/4/16 上午 08:52:58::2015-04-16 08:52:58:Application Start!

2015/4/16 上午 09:13:58::2015-04-16 09:13:58:Application End!

2015/4/16 上午 09:14:00::2015-04-16 09:14:00:Application Start!

2015/4/16 上午 09:35:00::2015-04-16 09:35:00:Application End!

2015/4/16 上午 09:35:02::2015-04-16 09:35:02:Application Start!

2015/4/16 上午 09:56:02::2015-04-16 09:56:02:Application End!

2015/4/16 上午 09:56:04::2015-04-16 09:56:04:Application Start!

2015/4/16 上午 10:17:04::2015-04-16 10:17:04:Application End!

2015/4/16 上午 10:17:06::2015-04-16 10:17:06:Application Start!

2015/4/16 上午 10:20:00::2015-04-16 10:20:00:AutoTask is Working!

2015/4/16 下午 01:39:58==> Errors Description:作業逾時Errors Location:   於 System.Net.HttpWebRequest.GetResponse()
   於 ePortal.Web.Core.Job.AttendanceAnomalyJob.ExecuteJob() 於 e:\ePortal\ePortal.Web.Core\Job\AttendanceAnomalyJob.cs: 行 26

2015/4/16 下午 02:07:05::2015-04-16 14:07:05:Application End!

2015/4/16 下午 02:07:07::2015-04-16 14:07:07:Application Start!

2015/4/16 下午 02:28:07::2015-04-16 14:28:07:Application End!

2015/4/16 下午 02:28:09::2015-04-16 14:28:09:Application Start!

2015/4/16 下午 02:49:09::2015-04-16 14:49:09:Application End!

2015/4/16 下午 02:49:11::2015-04-16 14:49:11:Application Start!

2015/4/16 下午 03:10:11::2015-04-16 15:10:11:Application End!

2015/4/16 下午 03:10:13::2015-04-16 15:10:13:Application Start!

2015/4/16 下午 03:31:13::2015-04-16 15:31:13:Application End!

2015/4/16 下午 03:31:15::2015-04-16 15:31:15:Application Start!

2015/4/16 下午 04:05:15::2015-04-16 16:05:15:Application End!

2015/4/16 下午 04:05:17::2015-04-16 16:05:17:Application Start!

2015/4/16 下午 04:26:18::2015-04-16 16:26:17:Application End!

2015/4/16 下午 04:26:19::2015-04-16 16:26:19:Application Start!

2015/4/16 下午 04:47:20::2015-04-16 16:47:20:Application End!

2015/4/16 下午 04:47:21::2015-04-16 16:47:21:Application Start!

2015/4/16 下午 05:08:22::2015-04-16 17:08:22:Application End!

2015/4/16 下午 05:08:23::2015-04-16 17:08:23:Application Start!

2015/4/16 下午 05:29:24::2015-04-16 17:29:24:Application End!

2015/4/16 下午 05:29:25::2015-04-16 17:29:25:Application Start!

2015/4/16 下午 05:50:26::2015-04-16 17:50:26:Application End!

2015/4/16 下午 05:50:27::2015-04-16 17:50:27:Application Start!

2015/4/16 下午 06:11:28::2015-04-16 18:11:28:Application End!

2015/4/16 下午 06:11:29::2015-04-16 18:11:29:Application Start!

2015/4/16 下午 06:32:30::2015-04-16 18:32:30:Application End!

2015/4/16 下午 06:32:32::2015-04-16 18:32:32:Application Start!

2015/4/16 下午 06:57:32::2015-04-16 18:57:32:Application End!

2015/4/16 下午 06:57:34::2015-04-16 18:57:34:Application Start!

2015/4/16 下午 07:18:34::2015-04-16 19:18:34:Application End!

2015/4/16 下午 07:18:36::2015-04-16 19:18:36:Application Start!

2015/4/16 下午 07:39:36::2015-04-16 19:39:36:Application End!

2015/4/16 下午 07:39:38::2015-04-16 19:39:38:Application Start!

2015/4/16 下午 08:01:38::2015-04-16 20:01:38:Application End!

2015/4/16 下午 08:01:40::2015-04-16 20:01:40:Application Start!

2015/4/16 下午 08:22:40::2015-04-16 20:22:40:Application End!

2015/4/16 下午 08:22:42::2015-04-16 20:22:42:Application Start!

2015/4/16 下午 08:43:42::2015-04-16 20:43:42:Application End!

2015/4/16 下午 08:43:44::2015-04-16 20:43:44:Application Start!

2015/4/16 下午 09:04:44::2015-04-16 21:04:44:Application End!

2015/4/16 下午 09:04:46::2015-04-16 21:04:46:Application Start!

2015/4/16 下午 09:34:46::2015-04-16 21:34:46:Application End!

2015/4/16 下午 09:34:50::2015-04-16 21:34:50:Application Start!

2015/4/16 下午 09:55:49::2015-04-16 21:55:49:Application End!

2015/4/16 下午 09:55:53::2015-04-16 21:55:52:Application Start!

2015/4/16 下午 10:16:53::2015-04-16 22:16:53:Application End!

2015/4/16 下午 10:16:55::2015-04-16 22:16:55:Application Start!

2015/4/16 下午 10:37:55::2015-04-16 22:37:55:Application End!

2015/4/16 下午 10:37:57::2015-04-16 22:37:57:Application Start!

2015/4/16 下午 10:58:58::2015-04-16 22:58:57:Application End!

2015/4/16 下午 10:58:59::2015-04-16 22:58:59:Application Start!

2015/4/16 下午 11:20:00::2015-04-16 23:20:00:Application End!

2015/4/16 下午 11:20:01::2015-04-16 23:20:01:Application Start!

2015/4/16 下午 11:41:02::2015-04-16 23:41:02:Application End!

2015/4/16 下午 11:41:04::2015-04-16 23:41:04:Application Start!

