2015/3/30 上午 12:07:28::2015-03-30 00:07:28:Application End!

2015/3/30 上午 12:07:30::2015-03-30 00:07:30:Application Start!

2015/3/30 上午 12:28:30::2015-03-30 00:28:30:Application End!

2015/3/30 上午 12:28:32::2015-03-30 00:28:32:Application Start!

2015/3/30 上午 12:49:33::2015-03-30 00:49:33:Application End!

2015/3/30 上午 12:49:37::2015-03-30 00:49:37:Application Start!

2015/3/30 上午 01:10:36::2015-03-30 01:10:36:Application End!

2015/3/30 上午 01:10:37::2015-03-30 01:10:37:Application Start!

2015/3/30 上午 01:31:38::2015-03-30 01:31:38:Application End!

2015/3/30 上午 01:31:40::2015-03-30 01:31:40:Application Start!

2015/3/30 上午 01:52:40::2015-03-30 01:52:40:Application End!

2015/3/30 上午 01:52:42::2015-03-30 01:52:42:Application Start!

2015/3/30 上午 02:13:42::2015-03-30 02:13:42:Application End!

2015/3/30 上午 02:13:44::2015-03-30 02:13:44:Application Start!

2015/3/30 上午 02:34:43::2015-03-30 02:34:43:Application End!

2015/3/30 上午 02:34:44::2015-03-30 02:34:44:Application Start!

2015/3/30 上午 02:55:45::2015-03-30 02:55:45:Application End!

2015/3/30 上午 02:55:46::2015-03-30 02:55:46:Application Start!

2015/3/30 上午 03:16:47::2015-03-30 03:16:47:Application End!

2015/3/30 上午 03:16:49::2015-03-30 03:16:49:Application Start!

2015/3/30 上午 03:37:49::2015-03-30 03:37:49:Application End!

2015/3/30 上午 03:37:51::2015-03-30 03:37:51:Application Start!

2015/3/30 上午 03:58:51::2015-03-30 03:58:51:Application End!

2015/3/30 上午 03:58:53::2015-03-30 03:58:53:Application Start!

2015/3/30 上午 04:19:53::2015-03-30 04:19:53:Application End!

2015/3/30 上午 04:19:55::2015-03-30 04:19:55:Application Start!

2015/3/30 上午 04:40:55::2015-03-30 04:40:55:Application End!

2015/3/30 上午 04:40:57::2015-03-30 04:40:57:Application Start!

2015/3/30 上午 05:01:57::2015-03-30 05:01:57:Application End!

2015/3/30 上午 05:01:59::2015-03-30 05:01:59:Application Start!

2015/3/30 上午 05:22:59::2015-03-30 05:22:59:Application End!

2015/3/30 上午 05:23:01::2015-03-30 05:23:01:Application Start!

2015/3/30 上午 05:44:01::2015-03-30 05:44:01:Application End!

2015/3/30 上午 05:44:03::2015-03-30 05:44:03:Application Start!

2015/3/30 上午 06:05:03::2015-03-30 06:05:03:Application End!

2015/3/30 上午 06:05:05::2015-03-30 06:05:05:Application Start!

2015/3/30 上午 06:26:05::2015-03-30 06:26:05:Application End!

2015/3/30 上午 06:26:07::2015-03-30 06:26:07:Application Start!

2015/3/30 上午 06:47:07::2015-03-30 06:47:07:Application End!

2015/3/30 上午 06:47:09::2015-03-30 06:47:09:Application Start!

2015/3/30 上午 07:08:09::2015-03-30 07:08:09:Application End!

2015/3/30 上午 07:08:11::2015-03-30 07:08:11:Application Start!

2015/3/30 上午 07:29:11::2015-03-30 07:29:11:Application End!

2015/3/30 上午 07:29:13::2015-03-30 07:29:13:Application Start!

2015/3/30 上午 08:10:13::2015-03-30 08:10:13:Application End!

2015/3/30 上午 08:10:15::2015-03-30 08:10:15:Application Start!

2015/3/30 上午 08:31:15::2015-03-30 08:31:15:Application End!

2015/3/30 上午 08:31:17::2015-03-30 08:31:17:Application Start!

2015/3/30 上午 08:52:17::2015-03-30 08:52:17:Application End!

2015/3/30 上午 08:52:19::2015-03-30 08:52:19:Application Start!

2015/3/30 上午 09:13:19::2015-03-30 09:13:19:Application End!

2015/3/30 上午 09:13:21::2015-03-30 09:13:21:Application Start!

2015/3/30 上午 09:34:21::2015-03-30 09:34:21:Application End!

2015/3/30 上午 09:34:23::2015-03-30 09:34:23:Application Start!

2015/3/30 上午 09:55:24::2015-03-30 09:55:24:Application End!

2015/3/30 上午 09:55:25::2015-03-30 09:55:25:Application Start!

2015/3/30 上午 10:16:26::2015-03-30 10:16:26:Application End!

2015/3/30 上午 10:16:27::2015-03-30 10:16:27:Application Start!

2015/3/30 上午 10:20:00::2015-03-30 10:20:00:AutoTask is Working!

2015/3/30 下午 01:21:53::自動執行計算門禁考勤異常報表:true

2015/3/30 下午 01:42:29::2015-03-30 13:42:29:Application End!

2015/3/30 下午 01:42:31::2015-03-30 13:42:31:Application Start!

2015/3/30 下午 02:03:31::2015-03-30 14:03:31:Application End!

2015/3/30 下午 02:03:33::2015-03-30 14:03:33:Application Start!

2015/3/30 下午 02:24:34::2015-03-30 14:24:34:Application End!

2015/3/30 下午 02:24:35::2015-03-30 14:24:35:Application Start!

2015/3/30 下午 02:45:36::2015-03-30 14:45:36:Application End!

2015/3/30 下午 02:45:38::2015-03-30 14:45:38:Application Start!

2015/3/30 下午 03:06:38::2015-03-30 15:06:38:Application End!

2015/3/30 下午 03:06:40::2015-03-30 15:06:40:Application Start!

2015/3/30 下午 03:27:40::2015-03-30 15:27:40:Application End!

2015/3/30 下午 03:27:42::2015-03-30 15:27:42:Application Start!

2015/3/30 下午 03:48:42::2015-03-30 15:48:42:Application End!

2015/3/30 下午 03:48:44::2015-03-30 15:48:44:Application Start!

2015/3/30 下午 04:09:44::2015-03-30 16:09:44:Application End!

2015/3/30 下午 04:09:46::2015-03-30 16:09:46:Application Start!

2015/3/30 下午 04:30:47::2015-03-30 16:30:47:Application End!

2015/3/30 下午 04:30:48::2015-03-30 16:30:48:Application Start!

2015/3/30 下午 04:51:49::2015-03-30 16:51:49:Application End!

2015/3/30 下午 04:51:51::2015-03-30 16:51:51:Application Start!

2015/3/30 下午 05:12:51::2015-03-30 17:12:51:Application End!

2015/3/30 下午 05:12:53::2015-03-30 17:12:53:Application Start!

2015/3/30 下午 05:33:53::2015-03-30 17:33:53:Application End!

2015/3/30 下午 05:33:55::2015-03-30 17:33:55:Application Start!

2015/3/30 下午 05:54:55::2015-03-30 17:54:55:Application End!

2015/3/30 下午 05:54:57::2015-03-30 17:54:57:Application Start!

2015/3/30 下午 06:15:57::2015-03-30 18:15:57:Application End!

2015/3/30 下午 06:15:59::2015-03-30 18:15:59:Application Start!

2015/3/30 下午 06:37:00::2015-03-30 18:37:00:Application End!

2015/3/30 下午 06:37:01::2015-03-30 18:37:01:Application Start!

2015/3/30 下午 06:58:02::2015-03-30 18:58:02:Application End!

2015/3/30 下午 06:58:04::2015-03-30 18:58:03:Application Start!

2015/3/30 下午 07:19:04::2015-03-30 19:19:04:Application End!

2015/3/30 下午 07:19:06::2015-03-30 19:19:06:Application Start!

2015/3/30 下午 07:40:06::2015-03-30 19:40:06:Application End!

2015/3/30 下午 07:40:08::2015-03-30 19:40:08:Application Start!

2015/3/30 下午 08:01:08::2015-03-30 20:01:08:Application End!

2015/3/30 下午 08:01:10::2015-03-30 20:01:10:Application Start!

2015/3/30 下午 08:22:10::2015-03-30 20:22:10:Application End!

2015/3/30 下午 08:22:12::2015-03-30 20:22:12:Application Start!

2015/3/30 下午 08:43:11::2015-03-30 20:43:11:Application End!

2015/3/30 下午 08:43:13::2015-03-30 20:43:13:Application Start!

2015/3/30 下午 09:04:13::2015-03-30 21:04:13:Application End!

2015/3/30 下午 09:04:15::2015-03-30 21:04:15:Application Start!

2015/3/30 下午 09:25:15::2015-03-30 21:25:15:Application End!

2015/3/30 下午 09:25:17::2015-03-30 21:25:17:Application Start!

2015/3/30 下午 09:46:17::2015-03-30 21:46:17:Application End!

2015/3/30 下午 09:46:19::2015-03-30 21:46:19:Application Start!

2015/3/30 下午 10:07:19::2015-03-30 22:07:19:Application End!

2015/3/30 下午 10:07:21::2015-03-30 22:07:21:Application Start!

2015/3/30 下午 10:28:21::2015-03-30 22:28:21:Application End!

2015/3/30 下午 10:28:23::2015-03-30 22:28:23:Application Start!

2015/3/30 下午 10:49:23::2015-03-30 22:49:23:Application End!

2015/3/30 下午 10:49:26::2015-03-30 22:49:26:Application Start!

2015/3/30 下午 11:10:25::2015-03-30 23:10:25:Application End!

2015/3/30 下午 11:10:27::2015-03-30 23:10:27:Application Start!

2015/3/30 下午 11:31:27::2015-03-30 23:31:27:Application End!

2015/3/30 下午 11:31:29::2015-03-30 23:31:29:Application Start!

2015/3/30 下午 11:52:29::2015-03-30 23:52:29:Application End!

2015/3/30 下午 11:52:31::2015-03-30 23:52:31:Application Start!

