2015/4/29 上午 12:07:07::2015-04-29 00:07:07:Application End!

2015/4/29 上午 12:07:08::2015-04-29 00:07:08:Application Start!

2015/4/29 上午 12:28:09::2015-04-29 00:28:09:Application End!

2015/4/29 上午 12:28:10::2015-04-29 00:28:10:Application Start!

2015/4/29 上午 12:49:11::2015-04-29 00:49:11:Application End!

2015/4/29 上午 12:49:12::2015-04-29 00:49:12:Application Start!

2015/4/29 上午 01:10:13::2015-04-29 01:10:13:Application End!

2015/4/29 上午 01:10:14::2015-04-29 01:10:14:Application Start!

2015/4/29 上午 01:31:16::2015-04-29 01:31:16:Application End!

2015/4/29 上午 01:31:18::2015-04-29 01:31:18:Application Start!

2015/4/29 上午 01:56:18::2015-04-29 01:56:18:Application End!

2015/4/29 上午 01:56:20::2015-04-29 01:56:20:Application Start!

2015/4/29 上午 02:17:21::2015-04-29 02:17:21:Application End!

2015/4/29 上午 02:17:22::2015-04-29 02:17:22:Application Start!

2015/4/29 上午 02:56:23::2015-04-29 02:56:23:Application End!

2015/4/29 上午 02:56:25::2015-04-29 02:56:25:Application Start!

2015/4/29 上午 03:17:25::2015-04-29 03:17:25:Application End!

2015/4/29 上午 03:17:27::2015-04-29 03:17:27:Application Start!

2015/4/29 上午 03:38:27::2015-04-29 03:38:27:Application End!

2015/4/29 上午 03:38:29::2015-04-29 03:38:29:Application Start!

2015/4/29 上午 03:59:29::2015-04-29 03:59:29:Application End!

2015/4/29 上午 03:59:31::2015-04-29 03:59:31:Application Start!

2015/4/29 上午 04:20:31::2015-04-29 04:20:31:Application End!

2015/4/29 上午 04:20:33::2015-04-29 04:20:33:Application Start!

2015/4/29 上午 04:41:34::2015-04-29 04:41:34:Application End!

2015/4/29 上午 04:41:35::2015-04-29 04:41:35:Application Start!

2015/4/29 上午 05:02:36::2015-04-29 05:02:36:Application End!

2015/4/29 上午 05:02:37::2015-04-29 05:02:37:Application Start!

2015/4/29 上午 05:23:38::2015-04-29 05:23:38:Application End!

2015/4/29 上午 05:23:40::2015-04-29 05:23:40:Application Start!

2015/4/29 上午 05:44:40::2015-04-29 05:44:40:Application End!

2015/4/29 上午 05:44:42::2015-04-29 05:44:42:Application Start!

2015/4/29 上午 06:05:42::2015-04-29 06:05:42:Application End!

2015/4/29 上午 06:05:44::2015-04-29 06:05:44:Application Start!

2015/4/29 上午 06:26:44::2015-04-29 06:26:44:Application End!

2015/4/29 上午 06:26:46::2015-04-29 06:26:46:Application Start!

2015/4/29 上午 06:47:47::2015-04-29 06:47:47:Application End!

2015/4/29 上午 06:47:55::2015-04-29 06:47:55:Application Start!

2015/4/29 上午 07:08:51::2015-04-29 07:08:51:Application End!

2015/4/29 上午 07:08:52::2015-04-29 07:08:52:Application Start!

2015/4/29 上午 07:29:53::2015-04-29 07:29:53:Application End!

2015/4/29 上午 07:29:57::2015-04-29 07:29:57:Application Start!

2015/4/29 上午 07:50:56::2015-04-29 07:50:56:Application End!

2015/4/29 上午 07:50:58::2015-04-29 07:50:58:Application Start!

2015/4/29 上午 08:11:58::2015-04-29 08:11:58:Application End!

2015/4/29 上午 08:12:00::2015-04-29 08:12:00:Application Start!

2015/4/29 上午 08:33:00::2015-04-29 08:33:00:Application End!

2015/4/29 上午 08:33:02::2015-04-29 08:33:02:Application Start!

2015/4/29 上午 08:54:02::2015-04-29 08:54:02:Application End!

2015/4/29 上午 08:54:04::2015-04-29 08:54:04:Application Start!

2015/4/29 上午 09:15:05::2015-04-29 09:15:05:Application End!

2015/4/29 上午 09:15:06::2015-04-29 09:15:06:Application Start!

2015/4/29 上午 09:36:07::2015-04-29 09:36:07:Application End!

2015/4/29 上午 09:36:08::2015-04-29 09:36:08:Application Start!

2015/4/29 上午 09:57:09::2015-04-29 09:57:09:Application End!

2015/4/29 上午 09:57:11::2015-04-29 09:57:11:Application Start!

2015/4/29 上午 10:18:11::2015-04-29 10:18:11:Application End!

2015/4/29 上午 10:18:13::2015-04-29 10:18:13:Application Start!

2015/4/29 上午 10:20:00::2015-04-29 10:20:00:AutoTask is Working!

2015/4/29 下午 01:01:45::自動執行計算門禁考勤異常報表:true

2015/4/29 下午 01:41:11::2015-04-29 13:41:11:Application End!

2015/4/29 下午 01:41:13::2015-04-29 13:41:13:Application Start!

2015/4/29 下午 02:02:13::2015-04-29 14:02:13:Application End!

2015/4/29 下午 02:02:15::2015-04-29 14:02:15:Application Start!

2015/4/29 下午 02:33:15::2015-04-29 14:33:15:Application End!

2015/4/29 下午 02:33:17::2015-04-29 14:33:17:Application Start!

2015/4/29 下午 02:54:17::2015-04-29 14:54:17:Application End!

2015/4/29 下午 02:54:19::2015-04-29 14:54:19:Application Start!

2015/4/29 下午 03:15:19::2015-04-29 15:15:19:Application End!

2015/4/29 下午 03:15:21::2015-04-29 15:15:21:Application Start!

2015/4/29 下午 03:36:21::2015-04-29 15:36:21:Application End!

2015/4/29 下午 03:36:23::2015-04-29 15:36:23:Application Start!

2015/4/29 下午 03:57:23::2015-04-29 15:57:23:Application End!

2015/4/29 下午 03:57:25::2015-04-29 15:57:25:Application Start!

2015/4/29 下午 04:18:25::2015-04-29 16:18:25:Application End!

2015/4/29 下午 04:18:30::2015-04-29 16:18:30:Application Start!

2015/4/29 下午 04:36:08==> Operate Description:用戶登錄, Operate Model:用戶管理, Operate creater:test Operate Type:登錄

2015/4/29 下午 04:36:08==> Operate Description:用戶登錄, Operate Model:用戶管理, Operate creater:test Operate Type:登錄

2015/4/29 下午 04:45:31==> Operate Description:用戶登錄, Operate Model:用戶管理, Operate creater:test Operate Type:登錄

2015/4/29 下午 05:49:28::2015-04-29 17:49:28:Application End!

2015/4/29 下午 05:49:30::2015-04-29 17:49:30:Application Start!

2015/4/29 下午 06:10:30::2015-04-29 18:10:30:Application End!

2015/4/29 下午 06:10:32::2015-04-29 18:10:32:Application Start!

2015/4/29 下午 06:31:32::2015-04-29 18:31:32:Application End!

2015/4/29 下午 06:31:34::2015-04-29 18:31:34:Application Start!

2015/4/29 下午 06:52:34::2015-04-29 18:52:34:Application End!

2015/4/29 下午 06:52:36::2015-04-29 18:52:36:Application Start!

2015/4/29 下午 07:13:36::2015-04-29 19:13:36:Application End!

2015/4/29 下午 07:13:38::2015-04-29 19:13:38:Application Start!

2015/4/29 下午 07:34:39::2015-04-29 19:34:39:Application End!

2015/4/29 下午 07:34:40::2015-04-29 19:34:40:Application Start!

2015/4/29 下午 07:55:42::2015-04-29 19:55:42:Application End!

2015/4/29 下午 07:55:44::2015-04-29 19:55:44:Application Start!

2015/4/29 下午 08:16:44::2015-04-29 20:16:44:Application End!

2015/4/29 下午 08:16:46::2015-04-29 20:16:46:Application Start!

2015/4/29 下午 08:37:46::2015-04-29 20:37:46:Application End!

2015/4/29 下午 08:37:48::2015-04-29 20:37:48:Application Start!

2015/4/29 下午 08:58:48::2015-04-29 20:58:48:Application End!

2015/4/29 下午 08:58:50::2015-04-29 20:58:50:Application Start!

2015/4/29 下午 09:19:51::2015-04-29 21:19:51:Application End!

2015/4/29 下午 09:19:52::2015-04-29 21:19:52:Application Start!

2015/4/29 下午 09:40:53::2015-04-29 21:40:53:Application End!

2015/4/29 下午 09:40:55::2015-04-29 21:40:55:Application Start!

2015/4/29 下午 10:01:55::2015-04-29 22:01:55:Application End!

2015/4/29 下午 10:01:57::2015-04-29 22:01:57:Application Start!

2015/4/29 下午 10:25:57::2015-04-29 22:25:57:Application End!

2015/4/29 下午 10:25:59::2015-04-29 22:25:59:Application Start!

2015/4/29 下午 10:46:59::2015-04-29 22:46:59:Application End!

2015/4/29 下午 10:47:01::2015-04-29 22:47:01:Application Start!

2015/4/29 下午 11:08:01::2015-04-29 23:08:01:Application End!

2015/4/29 下午 11:08:03::2015-04-29 23:08:03:Application Start!

2015/4/29 下午 11:29:04::2015-04-29 23:29:04:Application End!

2015/4/29 下午 11:29:05::2015-04-29 23:29:05:Application Start!

2015/4/29 下午 11:50:06::2015-04-29 23:50:06:Application End!

2015/4/29 下午 11:50:08::2015-04-29 23:50:08:Application Start!

