2015/2/24 上午 12:16:29::2015-02-24 00:16:29:Application End!

2015/2/24 上午 12:16:31::2015-02-24 00:16:31:Application Start!

2015/2/24 上午 12:37:31::2015-02-24 00:37:31:Application End!

2015/2/24 上午 12:37:33::2015-02-24 00:37:33:Application Start!

2015/2/24 上午 12:58:33::2015-02-24 00:58:33:Application End!

2015/2/24 上午 12:58:35::2015-02-24 00:58:35:Application Start!

2015/2/24 上午 01:19:35::2015-02-24 01:19:35:Application End!

2015/2/24 上午 01:19:37::2015-02-24 01:19:37:Application Start!

2015/2/24 上午 01:40:37::2015-02-24 01:40:37:Application End!

2015/2/24 上午 01:40:39::2015-02-24 01:40:39:Application Start!

2015/2/24 上午 02:01:39::2015-02-24 02:01:39:Application End!

2015/2/24 上午 02:01:41::2015-02-24 02:01:41:Application Start!

2015/2/24 上午 02:22:41::2015-02-24 02:22:41:Application End!

2015/2/24 上午 02:22:43::2015-02-24 02:22:43:Application Start!

2015/2/24 上午 02:43:44::2015-02-24 02:43:44:Application End!

2015/2/24 上午 02:43:45::2015-02-24 02:43:45:Application Start!

2015/2/24 上午 03:04:46::2015-02-24 03:04:46:Application End!

2015/2/24 上午 03:04:47::2015-02-24 03:04:47:Application Start!

2015/2/24 上午 03:25:48::2015-02-24 03:25:48:Application End!

2015/2/24 上午 03:25:49::2015-02-24 03:25:49:Application Start!

2015/2/24 上午 03:46:50::2015-02-24 03:46:50:Application End!

2015/2/24 上午 03:46:51::2015-02-24 03:46:51:Application Start!

2015/2/24 上午 04:07:52::2015-02-24 04:07:52:Application End!

2015/2/24 上午 04:07:53::2015-02-24 04:07:53:Application Start!

2015/2/24 上午 04:28:54::2015-02-24 04:28:54:Application End!

2015/2/24 上午 04:28:55::2015-02-24 04:28:55:Application Start!

2015/2/24 上午 04:49:56::2015-02-24 04:49:56:Application End!

2015/2/24 上午 04:49:57::2015-02-24 04:49:57:Application Start!

2015/2/24 上午 05:10:58::2015-02-24 05:10:58:Application End!

2015/2/24 上午 05:11:00::2015-02-24 05:11:00:Application Start!

2015/2/24 上午 05:32:00::2015-02-24 05:32:00:Application End!

2015/2/24 上午 05:32:02::2015-02-24 05:32:02:Application Start!

2015/2/24 上午 05:53:02::2015-02-24 05:53:02:Application End!

2015/2/24 上午 05:53:04::2015-02-24 05:53:04:Application Start!

2015/2/24 上午 06:14:04::2015-02-24 06:14:04:Application End!

2015/2/24 上午 06:14:06::2015-02-24 06:14:06:Application Start!

2015/2/24 上午 06:35:06::2015-02-24 06:35:06:Application End!

2015/2/24 上午 06:35:08::2015-02-24 06:35:08:Application Start!

2015/2/24 上午 06:56:08::2015-02-24 06:56:08:Application End!

2015/2/24 上午 06:56:10::2015-02-24 06:56:10:Application Start!

2015/2/24 上午 07:17:10::2015-02-24 07:17:10:Application End!

2015/2/24 上午 07:17:14::2015-02-24 07:17:14:Application Start!

2015/2/24 上午 07:38:13::2015-02-24 07:38:13:Application End!

2015/2/24 上午 07:38:15::2015-02-24 07:38:15:Application Start!

2015/2/24 上午 07:59:15::2015-02-24 07:59:15:Application End!

2015/2/24 上午 07:59:17::2015-02-24 07:59:17:Application Start!

2015/2/24 上午 08:20:19::2015-02-24 08:20:19:Application End!

2015/2/24 上午 08:20:20::2015-02-24 08:20:20:Application Start!

2015/2/24 上午 08:41:21::2015-02-24 08:41:21:Application End!

2015/2/24 上午 08:41:23::2015-02-24 08:41:23:Application Start!

2015/2/24 上午 09:02:23::2015-02-24 09:02:23:Application End!

2015/2/24 上午 09:02:27::2015-02-24 09:02:27:Application Start!

2015/2/24 上午 09:23:26::2015-02-24 09:23:26:Application End!

2015/2/24 上午 09:23:28::2015-02-24 09:23:28:Application Start!

2015/2/24 上午 09:44:28::2015-02-24 09:44:28:Application End!

2015/2/24 上午 09:44:30::2015-02-24 09:44:30:Application Start!

2015/2/24 上午 10:05:31::2015-02-24 10:05:31:Application End!

2015/2/24 上午 10:05:32::2015-02-24 10:05:32:Application Start!

2015/2/24 上午 10:20:00::2015-02-24 10:20:00:AutoTask is Working!

2015/2/24 下午 01:11:55::自動執行計算門禁考勤異常報表:true

2015/2/24 下午 01:32:33::2015-02-24 13:32:33:Application End!

2015/2/24 下午 01:32:35::2015-02-24 13:32:35:Application Start!

2015/2/24 下午 01:53:35::2015-02-24 13:53:35:Application End!

2015/2/24 下午 01:53:37::2015-02-24 13:53:37:Application Start!

2015/2/24 下午 02:14:37::2015-02-24 14:14:37:Application End!

2015/2/24 下午 02:14:39::2015-02-24 14:14:39:Application Start!

2015/2/24 下午 02:35:40::2015-02-24 14:35:40:Application End!

2015/2/24 下午 02:35:44::2015-02-24 14:35:44:Application Start!

2015/2/24 下午 02:56:43::2015-02-24 14:56:43:Application End!

2015/2/24 下午 02:56:44::2015-02-24 14:56:44:Application Start!

2015/2/24 下午 03:17:45::2015-02-24 15:17:45:Application End!

2015/2/24 下午 03:17:47::2015-02-24 15:17:47:Application Start!

2015/2/24 下午 03:38:47::2015-02-24 15:38:47:Application End!

2015/2/24 下午 03:38:49::2015-02-24 15:38:49:Application Start!

2015/2/24 下午 03:59:49::2015-02-24 15:59:49:Application End!

2015/2/24 下午 03:59:51::2015-02-24 15:59:51:Application Start!

2015/2/24 下午 04:20:51::2015-02-24 16:20:51:Application End!

2015/2/24 下午 04:20:53::2015-02-24 16:20:53:Application Start!

2015/2/24 下午 04:41:54::2015-02-24 16:41:54:Application End!

2015/2/24 下午 04:41:55::2015-02-24 16:41:55:Application Start!

2015/2/24 下午 05:02:56::2015-02-24 17:02:56:Application End!

2015/2/24 下午 05:02:58::2015-02-24 17:02:58:Application Start!

2015/2/24 下午 05:23:57::2015-02-24 17:23:56:Application End!

2015/2/24 下午 05:23:58::2015-02-24 17:23:58:Application Start!

2015/2/24 下午 05:44:58::2015-02-24 17:44:58:Application End!

2015/2/24 下午 05:45:00::2015-02-24 17:45:00:Application Start!

2015/2/24 下午 06:06:00::2015-02-24 18:06:00:Application End!

2015/2/24 下午 06:06:02::2015-02-24 18:06:02:Application Start!

2015/2/24 下午 06:27:03::2015-02-24 18:27:02:Application End!

2015/2/24 下午 06:27:04::2015-02-24 18:27:04:Application Start!

2015/2/24 下午 06:48:05::2015-02-24 18:48:05:Application End!

2015/2/24 下午 06:48:06::2015-02-24 18:48:06:Application Start!

2015/2/24 下午 07:09:07::2015-02-24 19:09:07:Application End!

2015/2/24 下午 07:09:08::2015-02-24 19:09:08:Application Start!

2015/2/24 下午 07:30:09::2015-02-24 19:30:09:Application End!

2015/2/24 下午 07:30:10::2015-02-24 19:30:10:Application Start!

2015/2/24 下午 07:51:11::2015-02-24 19:51:11:Application End!

2015/2/24 下午 07:51:12::2015-02-24 19:51:12:Application Start!

2015/2/24 下午 08:12:13::2015-02-24 20:12:13:Application End!

2015/2/24 下午 08:12:15::2015-02-24 20:12:14:Application Start!

2015/2/24 下午 08:33:15::2015-02-24 20:33:15:Application End!

2015/2/24 下午 08:33:16::2015-02-24 20:33:16:Application Start!

2015/2/24 下午 08:54:17::2015-02-24 20:54:17:Application End!

2015/2/24 下午 08:54:19::2015-02-24 20:54:19:Application Start!

2015/2/24 下午 09:33:19::2015-02-24 21:33:19:Application End!

2015/2/24 下午 09:33:21::2015-02-24 21:33:21:Application Start!

2015/2/24 下午 10:06:21::2015-02-24 22:06:21:Application End!

2015/2/24 下午 10:06:23::2015-02-24 22:06:23:Application Start!

2015/2/24 下午 10:27:23::2015-02-24 22:27:23:Application End!

2015/2/24 下午 10:27:25::2015-02-24 22:27:25:Application Start!

2015/2/24 下午 10:48:25::2015-02-24 22:48:25:Application End!

2015/2/24 下午 10:48:27::2015-02-24 22:48:27:Application Start!

2015/2/24 下午 11:09:27::2015-02-24 23:09:27:Application End!

2015/2/24 下午 11:09:29::2015-02-24 23:09:29:Application Start!

2015/2/24 下午 11:30:29::2015-02-24 23:30:29:Application End!

2015/2/24 下午 11:30:31::2015-02-24 23:30:31:Application Start!

2015/2/24 下午 11:51:31::2015-02-24 23:51:31:Application End!

2015/2/24 下午 11:51:33::2015-02-24 23:51:33:Application Start!

