2015/3/3 上午 12:06:27::2015-03-03 00:06:27:Application End!

2015/3/3 上午 12:06:28::2015-03-03 00:06:28:Application Start!

2015/3/3 上午 12:27:29::2015-03-03 00:27:29:Application End!

2015/3/3 上午 12:27:30::2015-03-03 00:27:30:Application Start!

2015/3/3 上午 12:48:31::2015-03-03 00:48:31:Application End!

2015/3/3 上午 12:48:32::2015-03-03 00:48:32:Application Start!

2015/3/3 上午 01:09:33::2015-03-03 01:09:33:Application End!

2015/3/3 上午 01:09:34::2015-03-03 01:09:34:Application Start!

2015/3/3 上午 01:30:35::2015-03-03 01:30:35:Application End!

2015/3/3 上午 01:30:36::2015-03-03 01:30:36:Application Start!

2015/3/3 上午 01:51:37::2015-03-03 01:51:37:Application End!

2015/3/3 上午 01:51:38::2015-03-03 01:51:38:Application Start!

2015/3/3 上午 02:12:39::2015-03-03 02:12:39:Application End!

2015/3/3 上午 02:12:40::2015-03-03 02:12:40:Application Start!

2015/3/3 上午 02:33:41::2015-03-03 02:33:41:Application End!

2015/3/3 上午 02:33:43::2015-03-03 02:33:43:Application Start!

2015/3/3 上午 03:11:43::2015-03-03 03:11:43:Application End!

2015/3/3 上午 03:11:44::2015-03-03 03:11:44:Application Start!

2015/3/3 上午 03:32:45::2015-03-03 03:32:45:Application End!

2015/3/3 上午 03:32:46::2015-03-03 03:32:46:Application Start!

2015/3/3 上午 03:53:47::2015-03-03 03:53:47:Application End!

2015/3/3 上午 03:53:48::2015-03-03 03:53:48:Application Start!

2015/3/3 上午 04:14:51::2015-03-03 04:14:51:Application End!

2015/3/3 上午 04:14:58::2015-03-03 04:14:58:Application Start!

2015/3/3 上午 04:35:54::2015-03-03 04:35:54:Application End!

2015/3/3 上午 04:35:56::2015-03-03 04:35:56:Application Start!

2015/3/3 上午 04:56:56::2015-03-03 04:56:56:Application End!

2015/3/3 上午 04:56:58::2015-03-03 04:56:58:Application Start!

2015/3/3 上午 05:17:58::2015-03-03 05:17:58:Application End!

2015/3/3 上午 05:18:00::2015-03-03 05:18:00:Application Start!

2015/3/3 上午 05:39:01::2015-03-03 05:39:01:Application End!

2015/3/3 上午 05:39:02::2015-03-03 05:39:02:Application Start!

2015/3/3 上午 06:00:03::2015-03-03 06:00:03:Application End!

2015/3/3 上午 06:00:04::2015-03-03 06:00:04:Application Start!

2015/3/3 上午 06:21:05::2015-03-03 06:21:05:Application End!

2015/3/3 上午 06:21:07::2015-03-03 06:21:07:Application Start!

2015/3/3 上午 06:42:07::2015-03-03 06:42:07:Application End!

2015/3/3 上午 06:42:09::2015-03-03 06:42:09:Application Start!

2015/3/3 上午 07:23:09::2015-03-03 07:23:09:Application End!

2015/3/3 上午 07:23:11::2015-03-03 07:23:11:Application Start!

2015/3/3 上午 07:44:12::2015-03-03 07:44:12:Application End!

2015/3/3 上午 07:44:16::2015-03-03 07:44:16:Application Start!

2015/3/3 上午 08:05:14::2015-03-03 08:05:14:Application End!

2015/3/3 上午 08:05:16::2015-03-03 08:05:16:Application Start!

2015/3/3 上午 08:26:17::2015-03-03 08:26:17:Application End!

2015/3/3 上午 08:26:18::2015-03-03 08:26:18:Application Start!

2015/3/3 上午 08:47:19::2015-03-03 08:47:19:Application End!

2015/3/3 上午 08:47:20::2015-03-03 08:47:20:Application Start!

2015/3/3 上午 09:08:21::2015-03-03 09:08:21:Application End!

2015/3/3 上午 09:08:23::2015-03-03 09:08:23:Application Start!

2015/3/3 上午 09:29:23::2015-03-03 09:29:23:Application End!

2015/3/3 上午 09:29:25::2015-03-03 09:29:25:Application Start!

2015/3/3 上午 09:50:25::2015-03-03 09:50:25:Application End!

2015/3/3 上午 09:50:27::2015-03-03 09:50:27:Application Start!

2015/3/3 上午 10:11:27::2015-03-03 10:11:27:Application End!

2015/3/3 上午 10:11:29::2015-03-03 10:11:29:Application Start!

2015/3/3 上午 10:20:00::2015-03-03 10:20:00:AutoTask is Working!

2015/3/3 上午 11:44:51::自動執行計算門禁考勤異常報表:true

2015/3/3 下午 12:05:30::2015-03-03 12:05:30:Application End!

2015/3/3 下午 12:05:32::2015-03-03 12:05:32:Application Start!

2015/3/3 下午 12:26:32::2015-03-03 12:26:32:Application End!

2015/3/3 下午 12:26:34::2015-03-03 12:26:34:Application Start!

2015/3/3 下午 12:47:34::2015-03-03 12:47:34:Application End!

2015/3/3 下午 12:47:36::2015-03-03 12:47:36:Application Start!

2015/3/3 下午 01:08:35::2015-03-03 13:08:35:Application End!

2015/3/3 下午 01:08:37::2015-03-03 13:08:37:Application Start!

2015/3/3 下午 01:29:37::2015-03-03 13:29:37:Application End!

2015/3/3 下午 01:29:45::2015-03-03 13:29:45:Application Start!

2015/3/3 下午 01:58:41::2015-03-03 13:58:41:Application End!

2015/3/3 下午 01:58:43::2015-03-03 13:58:42:Application Start!

2015/3/3 下午 02:19:43::2015-03-03 14:19:43:Application End!

2015/3/3 下午 02:19:45::2015-03-03 14:19:45:Application Start!

2015/3/3 下午 02:40:45::2015-03-03 14:40:45:Application End!

2015/3/3 下午 02:40:47::2015-03-03 14:40:47:Application Start!

2015/3/3 下午 03:01:47::2015-03-03 15:01:47:Application End!

2015/3/3 下午 03:01:49::2015-03-03 15:01:49:Application Start!

2015/3/3 下午 03:22:49::2015-03-03 15:22:49:Application End!

2015/3/3 下午 03:22:51::2015-03-03 15:22:51:Application Start!

2015/3/3 下午 03:47:51::2015-03-03 15:47:51:Application End!

2015/3/3 下午 03:47:53::2015-03-03 15:47:53:Application Start!

2015/3/3 下午 04:08:53::2015-03-03 16:08:53:Application End!

2015/3/3 下午 04:08:55::2015-03-03 16:08:55:Application Start!

2015/3/3 下午 05:00:55::2015-03-03 17:00:55:Application End!

2015/3/3 下午 05:00:57::2015-03-03 17:00:57:Application Start!

2015/3/3 下午 05:21:57::2015-03-03 17:21:57:Application End!

2015/3/3 下午 05:21:59::2015-03-03 17:21:59:Application Start!

2015/3/3 下午 05:42:59::2015-03-03 17:42:59:Application End!

2015/3/3 下午 05:43:01::2015-03-03 17:43:01:Application Start!

2015/3/3 下午 06:04:01::2015-03-03 18:04:01:Application End!

2015/3/3 下午 06:04:03::2015-03-03 18:04:03:Application Start!

2015/3/3 下午 06:25:03::2015-03-03 18:25:03:Application End!

2015/3/3 下午 06:25:05::2015-03-03 18:25:05:Application Start!

2015/3/3 下午 06:46:05::2015-03-03 18:46:05:Application End!

2015/3/3 下午 06:46:07::2015-03-03 18:46:07:Application Start!

2015/3/3 下午 07:12:07::2015-03-03 19:12:07:Application End!

2015/3/3 下午 07:12:09::2015-03-03 19:12:09:Application Start!

2015/3/3 下午 07:33:09::2015-03-03 19:33:09:Application End!

2015/3/3 下午 07:33:11::2015-03-03 19:33:11:Application Start!

2015/3/3 下午 07:54:11::2015-03-03 19:54:11:Application End!

2015/3/3 下午 07:54:13::2015-03-03 19:54:13:Application Start!

2015/3/3 下午 08:15:13::2015-03-03 20:15:13:Application End!

2015/3/3 下午 08:15:15::2015-03-03 20:15:15:Application Start!

2015/3/3 下午 08:36:15::2015-03-03 20:36:15:Application End!

2015/3/3 下午 08:36:17::2015-03-03 20:36:17:Application Start!

2015/3/3 下午 08:57:18::2015-03-03 20:57:18:Application End!

2015/3/3 下午 08:57:19::2015-03-03 20:57:19:Application Start!

2015/3/3 下午 09:18:20::2015-03-03 21:18:20:Application End!

2015/3/3 下午 09:18:21::2015-03-03 21:18:21:Application Start!

2015/3/3 下午 09:39:22::2015-03-03 21:39:22:Application End!

2015/3/3 下午 09:39:23::2015-03-03 21:39:23:Application Start!

2015/3/3 下午 10:00:24::2015-03-03 22:00:24:Application End!

2015/3/3 下午 10:00:25::2015-03-03 22:00:25:Application Start!

2015/3/3 下午 10:21:27::2015-03-03 22:21:27:Application End!

2015/3/3 下午 10:21:35::2015-03-03 22:21:35:Application Start!

2015/3/3 下午 10:42:31::2015-03-03 22:42:31:Application End!

2015/3/3 下午 10:42:33::2015-03-03 22:42:33:Application Start!

2015/3/3 下午 11:03:33::2015-03-03 23:03:33:Application End!

2015/3/3 下午 11:03:35::2015-03-03 23:03:35:Application Start!

2015/3/3 下午 11:24:35::2015-03-03 23:24:35:Application End!

2015/3/3 下午 11:24:37::2015-03-03 23:24:37:Application Start!

2015/3/3 下午 11:45:37::2015-03-03 23:45:37:Application End!

2015/3/3 下午 11:45:39::2015-03-03 23:45:39:Application Start!

