2015/4/1 上午 12:03:26::2015-04-01 00:03:26:Application End!

2015/4/1 上午 12:03:28::2015-04-01 00:03:28:Application Start!

2015/4/1 上午 12:24:28::2015-04-01 00:24:28:Application End!

2015/4/1 上午 12:24:30::2015-04-01 00:24:30:Application Start!

2015/4/1 上午 12:45:31::2015-04-01 00:45:31:Application End!

2015/4/1 上午 12:45:32::2015-04-01 00:45:32:Application Start!

2015/4/1 上午 01:06:33::2015-04-01 01:06:33:Application End!

2015/4/1 上午 01:06:35::2015-04-01 01:06:34:Application Start!

2015/4/1 上午 01:27:35::2015-04-01 01:27:35:Application End!

2015/4/1 上午 01:27:37::2015-04-01 01:27:37:Application Start!

2015/4/1 上午 01:48:37::2015-04-01 01:48:37:Application End!

2015/4/1 上午 01:48:39::2015-04-01 01:48:39:Application Start!

2015/4/1 上午 02:09:39::2015-04-01 02:09:39:Application End!

2015/4/1 上午 02:09:41::2015-04-01 02:09:41:Application Start!

2015/4/1 上午 02:30:41::2015-04-01 02:30:41:Application End!

2015/4/1 上午 02:30:43::2015-04-01 02:30:43:Application Start!

2015/4/1 上午 02:51:44::2015-04-01 02:51:44:Application End!

2015/4/1 上午 02:51:45::2015-04-01 02:51:45:Application Start!

2015/4/1 上午 03:12:46::2015-04-01 03:12:46:Application End!

2015/4/1 上午 03:12:48::2015-04-01 03:12:48:Application Start!

2015/4/1 上午 03:33:48::2015-04-01 03:33:48:Application End!

2015/4/1 上午 03:33:50::2015-04-01 03:33:50:Application Start!

2015/4/1 上午 04:03:50::2015-04-01 04:03:50:Application End!

2015/4/1 上午 04:03:52::2015-04-01 04:03:52:Application Start!

2015/4/1 上午 04:24:52::2015-04-01 04:24:52:Application End!

2015/4/1 上午 04:24:54::2015-04-01 04:24:54:Application Start!

2015/4/1 上午 04:45:54::2015-04-01 04:45:54:Application End!

2015/4/1 上午 04:45:56::2015-04-01 04:45:56:Application Start!

2015/4/1 上午 05:06:57::2015-04-01 05:06:57:Application End!

2015/4/1 上午 05:06:58::2015-04-01 05:06:58:Application Start!

2015/4/1 上午 05:27:59::2015-04-01 05:27:59:Application End!

2015/4/1 上午 05:28:00::2015-04-01 05:28:00:Application Start!

2015/4/1 上午 05:49:01::2015-04-01 05:49:01:Application End!

2015/4/1 上午 05:49:03::2015-04-01 05:49:03:Application Start!

2015/4/1 上午 06:10:03::2015-04-01 06:10:03:Application End!

2015/4/1 上午 06:10:05::2015-04-01 06:10:05:Application Start!

2015/4/1 上午 06:31:05::2015-04-01 06:31:05:Application End!

2015/4/1 上午 06:31:07::2015-04-01 06:31:07:Application Start!

2015/4/1 上午 06:52:07::2015-04-01 06:52:07:Application End!

2015/4/1 上午 06:52:09::2015-04-01 06:52:09:Application Start!

2015/4/1 上午 07:13:10::2015-04-01 07:13:10:Application End!

2015/4/1 上午 07:13:13::2015-04-01 07:13:13:Application Start!

2015/4/1 上午 07:34:12::2015-04-01 07:34:12:Application End!

2015/4/1 上午 07:34:14::2015-04-01 07:34:14:Application Start!

2015/4/1 上午 07:55:15::2015-04-01 07:55:15:Application End!

2015/4/1 上午 07:55:17::2015-04-01 07:55:17:Application Start!

2015/4/1 上午 08:16:17::2015-04-01 08:16:17:Application End!

2015/4/1 上午 08:16:19::2015-04-01 08:16:18:Application Start!

2015/4/1 上午 08:37:19::2015-04-01 08:37:19:Application End!

2015/4/1 上午 08:37:21::2015-04-01 08:37:21:Application Start!

2015/4/1 上午 08:58:20::2015-04-01 08:58:20:Application End!

2015/4/1 上午 08:58:22::2015-04-01 08:58:22:Application Start!

2015/4/1 上午 09:19:22::2015-04-01 09:19:22:Application End!

2015/4/1 上午 09:19:23::2015-04-01 09:19:23:Application Start!

2015/4/1 上午 09:40:24::2015-04-01 09:40:24:Application End!

2015/4/1 上午 09:40:25::2015-04-01 09:40:25:Application Start!

2015/4/1 上午 10:01:26::2015-04-01 10:01:26:Application End!

2015/4/1 上午 10:01:27::2015-04-01 10:01:27:Application Start!

2015/4/1 上午 10:20:00::2015-04-01 10:20:00:AutoTask is Working!

2015/4/1 下午 01:21:12::自動執行計算門禁考勤異常報表:true

2015/4/1 下午 01:41:27::2015-04-01 13:41:27:Application End!

2015/4/1 下午 01:41:29::2015-04-01 13:41:29:Application Start!

2015/4/1 下午 02:02:29::2015-04-01 14:02:29:Application End!

2015/4/1 下午 02:02:31::2015-04-01 14:02:31:Application Start!

2015/4/1 下午 02:23:31::2015-04-01 14:23:31:Application End!

2015/4/1 下午 02:23:33::2015-04-01 14:23:33:Application Start!

2015/4/1 下午 02:44:33::2015-04-01 14:44:33:Application End!

2015/4/1 下午 02:44:35::2015-04-01 14:44:35:Application Start!

2015/4/1 下午 03:16:35::2015-04-01 15:16:35:Application End!

2015/4/1 下午 03:16:37::2015-04-01 15:16:37:Application Start!

2015/4/1 下午 03:37:37::2015-04-01 15:37:37:Application End!

2015/4/1 下午 03:37:39::2015-04-01 15:37:39:Application Start!

2015/4/1 下午 03:58:39::2015-04-01 15:58:39:Application End!

2015/4/1 下午 03:58:41::2015-04-01 15:58:41:Application Start!

2015/4/1 下午 04:19:41::2015-04-01 16:19:41:Application End!

2015/4/1 下午 04:19:43::2015-04-01 16:19:43:Application Start!

2015/4/1 下午 04:40:43::2015-04-01 16:40:43:Application End!

2015/4/1 下午 04:40:45::2015-04-01 16:40:45:Application Start!

2015/4/1 下午 05:01:45::2015-04-01 17:01:45:Application End!

2015/4/1 下午 05:01:47::2015-04-01 17:01:47:Application Start!

2015/4/1 下午 05:22:47::2015-04-01 17:22:47:Application End!

2015/4/1 下午 05:22:49::2015-04-01 17:22:49:Application Start!

2015/4/1 下午 05:49:49::2015-04-01 17:49:49:Application End!

2015/4/1 下午 05:49:51::2015-04-01 17:49:51:Application Start!

2015/4/1 下午 06:10:53::2015-04-01 18:10:53:Application End!

2015/4/1 下午 06:10:55::2015-04-01 18:10:55:Application Start!

2015/4/1 下午 06:31:55::2015-04-01 18:31:55:Application End!

2015/4/1 下午 06:31:57::2015-04-01 18:31:57:Application Start!

2015/4/1 下午 06:52:57::2015-04-01 18:52:57:Application End!

2015/4/1 下午 06:52:59::2015-04-01 18:52:59:Application Start!

2015/4/1 下午 07:14:00::2015-04-01 19:14:00:Application End!

2015/4/1 下午 07:14:01::2015-04-01 19:14:01:Application Start!

2015/4/1 下午 07:37:02::2015-04-01 19:37:02:Application End!

2015/4/1 下午 07:37:03::2015-04-01 19:37:03:Application Start!

2015/4/1 下午 07:58:04::2015-04-01 19:58:04:Application End!

2015/4/1 下午 07:58:06::2015-04-01 19:58:06:Application Start!

2015/4/1 下午 08:19:06::2015-04-01 20:19:06:Application End!

2015/4/1 下午 08:19:08::2015-04-01 20:19:08:Application Start!

2015/4/1 下午 08:40:08::2015-04-01 20:40:08:Application End!

2015/4/1 下午 08:40:15::2015-04-01 20:40:15:Application Start!

2015/4/1 下午 09:01:11::2015-04-01 21:01:11:Application End!

2015/4/1 下午 09:01:13::2015-04-01 21:01:13:Application Start!

2015/4/1 下午 09:22:14::2015-04-01 21:22:14:Application End!

2015/4/1 下午 09:22:15::2015-04-01 21:22:15:Application Start!

2015/4/1 下午 10:00:16::2015-04-01 22:00:16:Application End!

2015/4/1 下午 10:00:18::2015-04-01 22:00:18:Application Start!

2015/4/1 下午 10:21:18::2015-04-01 22:21:18:Application End!

2015/4/1 下午 10:21:20::2015-04-01 22:21:20:Application Start!

2015/4/1 下午 10:42:20::2015-04-01 22:42:20:Application End!

2015/4/1 下午 10:42:22::2015-04-01 22:42:22:Application Start!

2015/4/1 下午 11:03:22::2015-04-01 23:03:22:Application End!

2015/4/1 下午 11:03:24::2015-04-01 23:03:24:Application Start!

2015/4/1 下午 11:24:25::2015-04-01 23:24:25:Application End!

2015/4/1 下午 11:24:26::2015-04-01 23:24:26:Application Start!

2015/4/1 下午 11:45:27::2015-04-01 23:45:27:Application End!

2015/4/1 下午 11:45:28::2015-04-01 23:45:28:Application Start!

