2015/4/13 上午 12:19:43::2015-04-13 00:19:43:Application End!

2015/4/13 上午 12:19:45::2015-04-13 00:19:45:Application Start!

2015/4/13 上午 12:40:45::2015-04-13 00:40:45:Application End!

2015/4/13 上午 12:40:49::2015-04-13 00:40:49:Application Start!

2015/4/13 上午 01:01:48::2015-04-13 01:01:48:Application End!

2015/4/13 上午 01:01:50::2015-04-13 01:01:50:Application Start!

2015/4/13 上午 01:22:50::2015-04-13 01:22:50:Application End!

2015/4/13 上午 01:22:52::2015-04-13 01:22:52:Application Start!

2015/4/13 上午 01:43:52::2015-04-13 01:43:52:Application End!

2015/4/13 上午 01:43:54::2015-04-13 01:43:54:Application Start!

2015/4/13 上午 02:04:54::2015-04-13 02:04:54:Application End!

2015/4/13 上午 02:04:56::2015-04-13 02:04:56:Application Start!

2015/4/13 上午 02:25:56::2015-04-13 02:25:56:Application End!

2015/4/13 上午 02:25:58::2015-04-13 02:25:58:Application Start!

2015/4/13 上午 02:46:58::2015-04-13 02:46:58:Application End!

2015/4/13 上午 02:47:02::2015-04-13 02:47:02:Application Start!

2015/4/13 上午 03:08:02::2015-04-13 03:08:02:Application End!

2015/4/13 上午 03:08:04::2015-04-13 03:08:04:Application Start!

2015/4/13 上午 03:29:05::2015-04-13 03:29:05:Application End!

2015/4/13 上午 03:29:10::2015-04-13 03:29:10:Application Start!

2015/4/13 上午 03:50:08::2015-04-13 03:50:08:Application End!

2015/4/13 上午 03:50:11::2015-04-13 03:50:11:Application Start!

2015/4/13 上午 04:11:10::2015-04-13 04:11:10:Application End!

2015/4/13 上午 04:11:12::2015-04-13 04:11:12:Application Start!

2015/4/13 上午 04:32:13::2015-04-13 04:32:13:Application End!

2015/4/13 上午 04:32:14::2015-04-13 04:32:14:Application Start!

2015/4/13 上午 04:53:15::2015-04-13 04:53:15:Application End!

2015/4/13 上午 04:53:17::2015-04-13 04:53:16:Application Start!

2015/4/13 上午 05:14:17::2015-04-13 05:14:17:Application End!

2015/4/13 上午 05:14:19::2015-04-13 05:14:19:Application Start!

2015/4/13 上午 05:35:19::2015-04-13 05:35:19:Application End!

2015/4/13 上午 05:35:21::2015-04-13 05:35:21:Application Start!

2015/4/13 上午 05:56:21::2015-04-13 05:56:21:Application End!

2015/4/13 上午 05:56:23::2015-04-13 05:56:23:Application Start!

2015/4/13 上午 06:17:23::2015-04-13 06:17:23:Application End!

2015/4/13 上午 06:17:25::2015-04-13 06:17:25:Application Start!

2015/4/13 上午 06:38:26::2015-04-13 06:38:26:Application End!

2015/4/13 上午 06:38:27::2015-04-13 06:38:27:Application Start!

2015/4/13 上午 06:59:28::2015-04-13 06:59:28:Application End!

2015/4/13 上午 06:59:29::2015-04-13 06:59:29:Application Start!

2015/4/13 上午 07:20:30::2015-04-13 07:20:30:Application End!

2015/4/13 上午 07:20:32::2015-04-13 07:20:32:Application Start!

2015/4/13 上午 07:41:32::2015-04-13 07:41:32:Application End!

2015/4/13 上午 07:41:34::2015-04-13 07:41:34:Application Start!

2015/4/13 上午 08:02:34::2015-04-13 08:02:34:Application End!

2015/4/13 上午 08:02:38::2015-04-13 08:02:38:Application Start!

2015/4/13 上午 08:23:37::2015-04-13 08:23:37:Application End!

2015/4/13 上午 08:23:39::2015-04-13 08:23:39:Application Start!

2015/4/13 上午 08:44:39::2015-04-13 08:44:39:Application End!

2015/4/13 上午 08:44:41::2015-04-13 08:44:41:Application Start!

2015/4/13 上午 09:05:42::2015-04-13 09:05:42:Application End!

2015/4/13 上午 09:05:43::2015-04-13 09:05:43:Application Start!

2015/4/13 上午 09:26:44::2015-04-13 09:26:44:Application End!

2015/4/13 上午 09:26:45::2015-04-13 09:26:45:Application Start!

2015/4/13 上午 09:47:46::2015-04-13 09:47:46:Application End!

2015/4/13 上午 09:47:48::2015-04-13 09:47:48:Application Start!

2015/4/13 上午 10:08:48::2015-04-13 10:08:48:Application End!

2015/4/13 上午 10:08:50::2015-04-13 10:08:50:Application Start!

2015/4/13 上午 10:20:02::2015-04-13 10:20:02:AutoTask is Working!

2015/4/13 下午 01:37:58::自動執行計算門禁考勤異常報表:true

2015/4/13 下午 01:58:49::2015-04-13 13:58:49:Application End!

2015/4/13 下午 01:58:50::2015-04-13 13:58:50:Application Start!

2015/4/13 下午 02:19:51::2015-04-13 14:19:51:Application End!

2015/4/13 下午 02:19:52::2015-04-13 14:19:52:Application Start!

2015/4/13 下午 02:40:53::2015-04-13 14:40:53:Application End!

2015/4/13 下午 02:40:54::2015-04-13 14:40:54:Application Start!

2015/4/13 下午 03:01:55::2015-04-13 15:01:55:Application End!

2015/4/13 下午 03:01:56::2015-04-13 15:01:56:Application Start!

2015/4/13 下午 03:22:57::2015-04-13 15:22:57:Application End!

2015/4/13 下午 03:22:58::2015-04-13 15:22:58:Application Start!

2015/4/13 下午 03:43:59::2015-04-13 15:43:59:Application End!

2015/4/13 下午 03:44:01::2015-04-13 15:44:01:Application Start!

2015/4/13 下午 04:05:01::2015-04-13 16:05:01:Application End!

2015/4/13 下午 04:05:03::2015-04-13 16:05:03:Application Start!

2015/4/13 下午 04:26:03::2015-04-13 16:26:03:Application End!

2015/4/13 下午 04:26:05::2015-04-13 16:26:05:Application Start!

2015/4/13 下午 04:47:05::2015-04-13 16:47:05:Application End!

2015/4/13 下午 04:47:07::2015-04-13 16:47:07:Application Start!

2015/4/13 下午 05:08:07::2015-04-13 17:08:07:Application End!

2015/4/13 下午 05:08:09::2015-04-13 17:08:09:Application Start!

2015/4/13 下午 05:30:09::2015-04-13 17:30:09:Application End!

2015/4/13 下午 05:30:11::2015-04-13 17:30:11:Application Start!

2015/4/13 下午 05:51:11::2015-04-13 17:51:11:Application End!

2015/4/13 下午 05:51:13::2015-04-13 17:51:13:Application Start!

2015/4/13 下午 06:12:13::2015-04-13 18:12:13:Application End!

2015/4/13 下午 06:12:15::2015-04-13 18:12:15:Application Start!

2015/4/13 下午 06:33:15::2015-04-13 18:33:15:Application End!

2015/4/13 下午 06:33:17::2015-04-13 18:33:17:Application Start!

2015/4/13 下午 06:54:17::2015-04-13 18:54:17:Application End!

2015/4/13 下午 06:54:19::2015-04-13 18:54:19:Application Start!

2015/4/13 下午 07:15:19::2015-04-13 19:15:19:Application End!

2015/4/13 下午 07:15:21::2015-04-13 19:15:21:Application Start!

2015/4/13 下午 07:36:21::2015-04-13 19:36:21:Application End!

2015/4/13 下午 07:36:23::2015-04-13 19:36:23:Application Start!

2015/4/13 下午 08:08:23::2015-04-13 20:08:23:Application End!

2015/4/13 下午 08:08:25::2015-04-13 20:08:25:Application Start!

2015/4/13 下午 08:29:25::2015-04-13 20:29:25:Application End!

2015/4/13 下午 08:29:27::2015-04-13 20:29:27:Application Start!

2015/4/13 下午 08:50:27::2015-04-13 20:50:27:Application End!

2015/4/13 下午 08:50:29::2015-04-13 20:50:29:Application Start!

2015/4/13 下午 09:11:29::2015-04-13 21:11:29:Application End!

2015/4/13 下午 09:11:31::2015-04-13 21:11:31:Application Start!

2015/4/13 下午 09:32:33::2015-04-13 21:32:33:Application End!

2015/4/13 下午 09:32:35::2015-04-13 21:32:35:Application Start!

2015/4/13 下午 09:53:35::2015-04-13 21:53:35:Application End!

2015/4/13 下午 09:53:37::2015-04-13 21:53:37:Application Start!

2015/4/13 下午 10:14:37::2015-04-13 22:14:37:Application End!

2015/4/13 下午 10:14:39::2015-04-13 22:14:39:Application Start!

2015/4/13 下午 10:35:40::2015-04-13 22:35:40:Application End!

2015/4/13 下午 10:35:41::2015-04-13 22:35:41:Application Start!

2015/4/13 下午 11:12:42::2015-04-13 23:12:42:Application End!

2015/4/13 下午 11:12:44::2015-04-13 23:12:44:Application Start!

2015/4/13 下午 11:33:44::2015-04-13 23:33:44:Application End!

2015/4/13 下午 11:33:46::2015-04-13 23:33:46:Application Start!

2015/4/13 下午 11:54:46::2015-04-13 23:54:46:Application End!

2015/4/13 下午 11:54:48::2015-04-13 23:54:48:Application Start!

