2015/2/23 上午 12:16:30::2015-02-23 00:16:30:Application End!

2015/2/23 上午 12:16:32::2015-02-23 00:16:32:Application Start!

2015/2/23 上午 12:37:32::2015-02-23 00:37:32:Application End!

2015/2/23 上午 12:37:34::2015-02-23 00:37:34:Application Start!

2015/2/23 上午 12:58:35::2015-02-23 00:58:35:Application End!

2015/2/23 上午 12:58:36::2015-02-23 00:58:36:Application Start!

2015/2/23 上午 01:19:37::2015-02-23 01:19:37:Application End!

2015/2/23 上午 01:19:39::2015-02-23 01:19:39:Application Start!

2015/2/23 上午 01:40:39::2015-02-23 01:40:39:Application End!

2015/2/23 上午 01:40:41::2015-02-23 01:40:41:Application Start!

2015/2/23 上午 02:01:41::2015-02-23 02:01:41:Application End!

2015/2/23 上午 02:01:43::2015-02-23 02:01:43:Application Start!

2015/2/23 上午 02:22:43::2015-02-23 02:22:43:Application End!

2015/2/23 上午 02:22:45::2015-02-23 02:22:45:Application Start!

2015/2/23 上午 02:43:45::2015-02-23 02:43:45:Application End!

2015/2/23 上午 02:43:47::2015-02-23 02:43:47:Application Start!

2015/2/23 上午 03:04:48::2015-02-23 03:04:48:Application End!

2015/2/23 上午 03:04:49::2015-02-23 03:04:49:Application Start!

2015/2/23 上午 03:25:50::2015-02-23 03:25:50:Application End!

2015/2/23 上午 03:25:51::2015-02-23 03:25:51:Application Start!

2015/2/23 上午 03:46:52::2015-02-23 03:46:52:Application End!

2015/2/23 上午 03:46:54::2015-02-23 03:46:54:Application Start!

2015/2/23 上午 04:07:54::2015-02-23 04:07:54:Application End!

2015/2/23 上午 04:07:56::2015-02-23 04:07:56:Application Start!

2015/2/23 上午 04:28:56::2015-02-23 04:28:56:Application End!

2015/2/23 上午 04:28:58::2015-02-23 04:28:58:Application Start!

2015/2/23 上午 04:49:58::2015-02-23 04:49:58:Application End!

2015/2/23 上午 04:50:00::2015-02-23 04:50:00:Application Start!

2015/2/23 上午 05:18:59::2015-02-23 05:18:59:Application End!

2015/2/23 上午 05:19:01::2015-02-23 05:19:01:Application Start!

2015/2/23 上午 05:40:01::2015-02-23 05:40:01:Application End!

2015/2/23 上午 05:40:03::2015-02-23 05:40:03:Application Start!

2015/2/23 上午 06:01:03::2015-02-23 06:01:03:Application End!

2015/2/23 上午 06:01:05::2015-02-23 06:01:05:Application Start!

2015/2/23 上午 06:22:05::2015-02-23 06:22:05:Application End!

2015/2/23 上午 06:22:07::2015-02-23 06:22:07:Application Start!

2015/2/23 上午 06:43:07::2015-02-23 06:43:07:Application End!

2015/2/23 上午 06:43:09::2015-02-23 06:43:09:Application Start!

2015/2/23 上午 07:04:09::2015-02-23 07:04:09:Application End!

2015/2/23 上午 07:04:11::2015-02-23 07:04:11:Application Start!

2015/2/23 上午 07:25:11::2015-02-23 07:25:11:Application End!

2015/2/23 上午 07:25:13::2015-02-23 07:25:13:Application Start!

2015/2/23 上午 07:46:13::2015-02-23 07:46:13:Application End!

2015/2/23 上午 07:46:15::2015-02-23 07:46:15:Application Start!

2015/2/23 上午 08:07:15::2015-02-23 08:07:15:Application End!

2015/2/23 上午 08:07:17::2015-02-23 08:07:17:Application Start!

2015/2/23 上午 08:41:17::2015-02-23 08:41:17:Application End!

2015/2/23 上午 08:41:21::2015-02-23 08:41:21:Application Start!

2015/2/23 上午 09:02:20::2015-02-23 09:02:20:Application End!

2015/2/23 上午 09:02:21::2015-02-23 09:02:21:Application Start!

2015/2/23 上午 09:23:22::2015-02-23 09:23:22:Application End!

2015/2/23 上午 09:23:24::2015-02-23 09:23:24:Application Start!

2015/2/23 上午 09:44:24::2015-02-23 09:44:24:Application End!

2015/2/23 上午 09:44:26::2015-02-23 09:44:26:Application Start!

2015/2/23 上午 10:05:26::2015-02-23 10:05:26:Application End!

2015/2/23 上午 10:05:28::2015-02-23 10:05:28:Application Start!

2015/2/23 上午 10:20:00::2015-02-23 10:20:00:AutoTask is Working!

2015/2/23 下午 01:04:34::自動執行計算門禁考勤異常報表:true

2015/2/23 下午 01:25:27::2015-02-23 13:25:27:Application End!

2015/2/23 下午 01:25:29::2015-02-23 13:25:29:Application Start!

2015/2/23 下午 01:46:29::2015-02-23 13:46:29:Application End!

2015/2/23 下午 01:46:31::2015-02-23 13:46:31:Application Start!

2015/2/23 下午 02:28:33::2015-02-23 14:28:33:Application End!

2015/2/23 下午 02:28:35::2015-02-23 14:28:35:Application Start!

2015/2/23 下午 03:00:35::2015-02-23 15:00:35:Application End!

2015/2/23 下午 03:00:37::2015-02-23 15:00:37:Application Start!

2015/2/23 下午 03:21:37::2015-02-23 15:21:37:Application End!

2015/2/23 下午 03:21:39::2015-02-23 15:21:39:Application Start!

2015/2/23 下午 03:42:39::2015-02-23 15:42:39:Application End!

2015/2/23 下午 03:42:41::2015-02-23 15:42:41:Application Start!

2015/2/23 下午 04:03:42::2015-02-23 16:03:42:Application End!

2015/2/23 下午 04:03:46::2015-02-23 16:03:46:Application Start!

2015/2/23 下午 04:35:45::2015-02-23 16:35:45:Application End!

2015/2/23 下午 04:35:46::2015-02-23 16:35:46:Application Start!

2015/2/23 下午 04:56:47::2015-02-23 16:56:47:Application End!

2015/2/23 下午 04:56:49::2015-02-23 16:56:49:Application Start!

2015/2/23 下午 05:17:49::2015-02-23 17:17:49:Application End!

2015/2/23 下午 05:17:51::2015-02-23 17:17:51:Application Start!

2015/2/23 下午 05:38:51::2015-02-23 17:38:51:Application End!

2015/2/23 下午 05:38:53::2015-02-23 17:38:53:Application Start!

2015/2/23 下午 05:59:53::2015-02-23 17:59:53:Application End!

2015/2/23 下午 05:59:55::2015-02-23 17:59:55:Application Start!

2015/2/23 下午 06:20:56::2015-02-23 18:20:56:Application End!

2015/2/23 下午 06:20:57::2015-02-23 18:20:57:Application Start!

2015/2/23 下午 06:41:58::2015-02-23 18:41:58:Application End!

2015/2/23 下午 06:41:59::2015-02-23 18:41:59:Application Start!

2015/2/23 下午 07:03:00::2015-02-23 19:03:00:Application End!

2015/2/23 下午 07:03:02::2015-02-23 19:03:02:Application Start!

2015/2/23 下午 07:24:02::2015-02-23 19:24:02:Application End!

2015/2/23 下午 07:24:04::2015-02-23 19:24:04:Application Start!

2015/2/23 下午 07:45:04::2015-02-23 19:45:04:Application End!

2015/2/23 下午 07:45:06::2015-02-23 19:45:06:Application Start!

2015/2/23 下午 08:06:06::2015-02-23 20:06:06:Application End!

2015/2/23 下午 08:06:08::2015-02-23 20:06:08:Application Start!

2015/2/23 下午 08:28:09::2015-02-23 20:28:09:Application End!

2015/2/23 下午 08:28:10::2015-02-23 20:28:10:Application Start!

2015/2/23 下午 09:07:11::2015-02-23 21:07:11:Application End!

2015/2/23 下午 09:07:13::2015-02-23 21:07:13:Application Start!

2015/2/23 下午 09:28:13::2015-02-23 21:28:13:Application End!

2015/2/23 下午 09:28:15::2015-02-23 21:28:15:Application Start!

2015/2/23 下午 09:49:15::2015-02-23 21:49:15:Application End!

2015/2/23 下午 09:49:19::2015-02-23 21:49:19:Application Start!

2015/2/23 下午 10:10:18::2015-02-23 22:10:18:Application End!

2015/2/23 下午 10:10:20::2015-02-23 22:10:20:Application Start!

2015/2/23 下午 10:31:20::2015-02-23 22:31:20:Application End!

2015/2/23 下午 10:31:22::2015-02-23 22:31:22:Application Start!

2015/2/23 下午 10:52:23::2015-02-23 22:52:23:Application End!

2015/2/23 下午 10:52:24::2015-02-23 22:52:24:Application Start!

2015/2/23 下午 11:13:23::2015-02-23 23:13:23:Application End!

2015/2/23 下午 11:13:25::2015-02-23 23:13:25:Application Start!

2015/2/23 下午 11:34:25::2015-02-23 23:34:25:Application End!

2015/2/23 下午 11:34:27::2015-02-23 23:34:27:Application Start!

2015/2/23 下午 11:55:27::2015-02-23 23:55:27:Application End!

2015/2/23 下午 11:55:29::2015-02-23 23:55:29:Application Start!

