2016/10/19 上午 03:14:45::2016-10-19 03:14:45:Application Start!

2016/10/19 上午 03:35:45::2016-10-19 03:35:45:Application End!

2016/10/19 上午 08:46:13::2016-10-19 08:46:12:Application Start!

2016/10/19 上午 09:20:12::2016-10-19 09:20:12:Application End!

2016/10/19 上午 11:23:55::2016-10-19 11:23:55:Application Start!

2016/10/19 上午 11:24:10==> Operate Description:用戶登錄, Operate Model:用戶管理, Operate creater:test Operate Type:登錄

2016/10/19 上午 11:51:52::2016-10-19 11:51:52:Application End!

2016/10/19 下午 02:04:31::2016-10-19 14:04:31:Application Start!

2016/10/19 下午 02:25:31::2016-10-19 14:25:31:Application End!

2016/10/19 下午 03:11:18::2016-10-19 15:11:17:Application Start!

2016/10/19 下午 03:32:17::2016-10-19 15:32:17:Application End!

2016/10/19 下午 04:49:39::2016-10-19 16:49:39:Application Start!

2016/10/19 下午 04:50:11==> Operate Description:用戶登錄, Operate Model:用戶管理, Operate creater:Tina.Lee Operate Type:登錄

2016/10/19 下午 05:10:38::2016-10-19 17:10:38:Application End!

2016/10/19 下午 08:58:18::2016-10-19 20:58:18:Application Start!

2016/10/19 下午 09:19:18::2016-10-19 21:19:18:Application End!

2016/10/19 下午 09:37:40::2016-10-19 21:37:40:Application Start!

2016/10/19 下午 09:58:40::2016-10-19 21:58:40:Application End!

2016/10/19 下午 10:31:50::2016-10-19 22:31:50:Application Start!

2016/10/19 下午 10:52:51::2016-10-19 22:52:51:Application End!

