2016/10/28 上午 08:17:25::2016-10-28 08:17:25:Application Start!

2016/10/28 上午 08:18:18==> Operate Description:用戶登錄, Operate Model:用戶管理, Operate creater:admin Operate Type:登錄

2016/10/28 上午 08:45:23==> Operate Description:用戶登錄, Operate Model:用戶管理, Operate creater:Obama.Lin Operate Type:登錄

2016/10/28 上午 08:50:38==> Errors Description:遠端主機已關閉連接。錯誤碼為 0x800704CD。Errors Location:   於 System.Web.Hosting.IIS7WorkerRequest.RaiseCommunicationError(Int32 result, Boolean throwOnDisconnect)
   於 System.Web.Hosting.IIS7WorkerRequest.ExplicitFlush()
   於 System.Web.HttpResponse.Flush(Boolean finalFlush, Boolean async)
   於 System.Web.HttpResponse.Flush()
   於 System.Web.HttpResponseWrapper.Flush()
   於 ePortal.Web.Controllers.AttendanceController.attendancexls(Nullable`1 StartDate, Nullable`1 EndDate, String factory, String DeptNoBegin, String DeptNoEnd, String empno, String employes, String emptype, String control, String anomalous, String Chidao, String Zaotui, String Kuanggong, String Qingjia, String Jingchu, String Chejian, String ShowType) 於 d:\Code\ePortl\ePortal\ePortal.Web\Controllers\AttendanceController.cs: 行 693
   於 lambda_method(Closure , ControllerBase , Object[] )
   於 System.Web.Mvc.ActionMethodDispatcher.<>c__DisplayClass1.<WrapVoidAction>b__0(ControllerBase controller, Object[] parameters)
   於 System.Web.Mvc.ActionMethodDispatcher.Execute(ControllerBase controller, Object[] parameters)
   於 System.Web.Mvc.ReflectedActionDescriptor.Execute(ControllerContext controllerContext, IDictionary`2 parameters)
   於 System.Web.Mvc.ControllerActionInvoker.InvokeActionMethod(ControllerContext controllerContext, ActionDescriptor actionDescriptor, IDictionary`2 parameters)
   於 System.Web.Mvc.Async.AsyncControllerActionInvoker.<>c__DisplayClass42.<BeginInvokeSynchronousActionMethod>b__41()
   於 System.Web.Mvc.Async.AsyncResultWrapper.<>c__DisplayClass8`1.<BeginSynchronous>b__7(IAsyncResult _)
   於 System.Web.Mvc.Async.AsyncResultWrapper.WrappedAsyncResult`1.End()
   於 System.Web.Mvc.Async.AsyncControllerActionInvoker.EndInvokeActionMethod(IAsyncResult asyncResult)
   於 System.Web.Mvc.Async.AsyncControllerActionInvoker.<>c__DisplayClass37.<>c__DisplayClass39.<BeginInvokeActionMethodWithFilters>b__33()
   於 System.Web.Mvc.Async.AsyncControllerActionInvoker.<>c__DisplayClass4f.<InvokeActionMethodFilterAsynchronously>b__49()
   於 System.Web.Mvc.Async.AsyncControllerActionInvoker.<>c__DisplayClass4f.<InvokeActionMethodFilterAsynchronously>b__49()
   於 System.Web.Mvc.Async.AsyncControllerActionInvoker.<>c__DisplayClass4f.<InvokeActionMethodFilterAsynchronously>b__49()
   於 System.Web.Mvc.Async.AsyncControllerActionInvoker.<>c__DisplayClass37.<BeginInvokeActionMethodWithFilters>b__36(IAsyncResult asyncResult)
   於 System.Web.Mvc.Async.AsyncResultWrapper.WrappedAsyncResult`1.End()
   於 System.Web.Mvc.Async.AsyncControllerActionInvoker.EndInvokeActionMethodWithFilters(IAsyncResult asyncResult)
   於 System.Web.Mvc.Async.AsyncControllerActionInvoker.<>c__DisplayClass25.<>c__DisplayClass2a.<BeginInvokeAction>b__20()
   於 System.Web.Mvc.Async.AsyncControllerActionInvoker.<>c__DisplayClass25.<BeginInvokeAction>b__22(IAsyncResult asyncResult)

2016/10/28 上午 08:51:23==> Errors Description:遠端主機已關閉連接。錯誤碼為 0x800704CD。Errors Location:   於 System.Web.Hosting.IIS7WorkerRequest.RaiseCommunicationError(Int32 result, Boolean throwOnDisconnect)
   於 System.Web.Hosting.IIS7WorkerRequest.ExplicitFlush()
   於 System.Web.HttpResponse.Flush(Boolean finalFlush, Boolean async)
   於 System.Web.HttpResponse.Flush()
   於 System.Web.HttpResponseWrapper.Flush()
   於 ePortal.Web.Controllers.AttendanceController.attendancexls(Nullable`1 StartDate, Nullable`1 EndDate, String factory, String DeptNoBegin, String DeptNoEnd, String empno, String employes, String emptype, String control, String anomalous, String Chidao, String Zaotui, String Kuanggong, String Qingjia, String Jingchu, String Chejian, String ShowType) 於 d:\Code\ePortl\ePortal\ePortal.Web\Controllers\AttendanceController.cs: 行 693
   於 lambda_method(Closure , ControllerBase , Object[] )
   於 System.Web.Mvc.ActionMethodDispatcher.<>c__DisplayClass1.<WrapVoidAction>b__0(ControllerBase controller, Object[] parameters)
   於 System.Web.Mvc.ActionMethodDispatcher.Execute(ControllerBase controller, Object[] parameters)
   於 System.Web.Mvc.ReflectedActionDescriptor.Execute(ControllerContext controllerContext, IDictionary`2 parameters)
   於 System.Web.Mvc.ControllerActionInvoker.InvokeActionMethod(ControllerContext controllerContext, ActionDescriptor actionDescriptor, IDictionary`2 parameters)
   於 System.Web.Mvc.Async.AsyncControllerActionInvoker.<>c__DisplayClass42.<BeginInvokeSynchronousActionMethod>b__41()
   於 System.Web.Mvc.Async.AsyncResultWrapper.<>c__DisplayClass8`1.<BeginSynchronous>b__7(IAsyncResult _)
   於 System.Web.Mvc.Async.AsyncResultWrapper.WrappedAsyncResult`1.End()
   於 System.Web.Mvc.Async.AsyncControllerActionInvoker.EndInvokeActionMethod(IAsyncResult asyncResult)
   於 System.Web.Mvc.Async.AsyncControllerActionInvoker.<>c__DisplayClass37.<>c__DisplayClass39.<BeginInvokeActionMethodWithFilters>b__33()
   於 System.Web.Mvc.Async.AsyncControllerActionInvoker.<>c__DisplayClass4f.<InvokeActionMethodFilterAsynchronously>b__49()
   於 System.Web.Mvc.Async.AsyncControllerActionInvoker.<>c__DisplayClass4f.<InvokeActionMethodFilterAsynchronously>b__49()
   於 System.Web.Mvc.Async.AsyncControllerActionInvoker.<>c__DisplayClass4f.<InvokeActionMethodFilterAsynchronously>b__49()
   於 System.Web.Mvc.Async.AsyncControllerActionInvoker.<>c__DisplayClass37.<BeginInvokeActionMethodWithFilters>b__36(IAsyncResult asyncResult)
   於 System.Web.Mvc.Async.AsyncResultWrapper.WrappedAsyncResult`1.End()
   於 System.Web.Mvc.Async.AsyncControllerActionInvoker.EndInvokeActionMethodWithFilters(IAsyncResult asyncResult)
   於 System.Web.Mvc.Async.AsyncControllerActionInvoker.<>c__DisplayClass25.<>c__DisplayClass2a.<BeginInvokeAction>b__20()
   於 System.Web.Mvc.Async.AsyncControllerActionInvoker.<>c__DisplayClass25.<BeginInvokeAction>b__22(IAsyncResult asyncResult)

2016/10/28 上午 08:51:26==> Errors Description:遠端主機已關閉連接。錯誤碼為 0x800704CD。Errors Location:   於 System.Web.Hosting.IIS7WorkerRequest.RaiseCommunicationError(Int32 result, Boolean throwOnDisconnect)
   於 System.Web.Hosting.IIS7WorkerRequest.ExplicitFlush()
   於 System.Web.HttpResponse.Flush(Boolean finalFlush, Boolean async)
   於 System.Web.HttpResponse.Flush()
   於 System.Web.HttpResponseWrapper.Flush()
   於 ePortal.Web.Controllers.AttendanceController.attendancexls(Nullable`1 StartDate, Nullable`1 EndDate, String factory, String DeptNoBegin, String DeptNoEnd, String empno, String employes, String emptype, String control, String anomalous, String Chidao, String Zaotui, String Kuanggong, String Qingjia, String Jingchu, String Chejian, String ShowType) 於 d:\Code\ePortl\ePortal\ePortal.Web\Controllers\AttendanceController.cs: 行 693
   於 lambda_method(Closure , ControllerBase , Object[] )
   於 System.Web.Mvc.ActionMethodDispatcher.<>c__DisplayClass1.<WrapVoidAction>b__0(ControllerBase controller, Object[] parameters)
   於 System.Web.Mvc.ActionMethodDispatcher.Execute(ControllerBase controller, Object[] parameters)
   於 System.Web.Mvc.ReflectedActionDescriptor.Execute(ControllerContext controllerContext, IDictionary`2 parameters)
   於 System.Web.Mvc.ControllerActionInvoker.InvokeActionMethod(ControllerContext controllerContext, ActionDescriptor actionDescriptor, IDictionary`2 parameters)
   於 System.Web.Mvc.Async.AsyncControllerActionInvoker.<>c__DisplayClass42.<BeginInvokeSynchronousActionMethod>b__41()
   於 System.Web.Mvc.Async.AsyncResultWrapper.<>c__DisplayClass8`1.<BeginSynchronous>b__7(IAsyncResult _)
   於 System.Web.Mvc.Async.AsyncResultWrapper.WrappedAsyncResult`1.End()
   於 System.Web.Mvc.Async.AsyncControllerActionInvoker.EndInvokeActionMethod(IAsyncResult asyncResult)
   於 System.Web.Mvc.Async.AsyncControllerActionInvoker.<>c__DisplayClass37.<>c__DisplayClass39.<BeginInvokeActionMethodWithFilters>b__33()
   於 System.Web.Mvc.Async.AsyncControllerActionInvoker.<>c__DisplayClass4f.<InvokeActionMethodFilterAsynchronously>b__49()
   於 System.Web.Mvc.Async.AsyncControllerActionInvoker.<>c__DisplayClass4f.<InvokeActionMethodFilterAsynchronously>b__49()
   於 System.Web.Mvc.Async.AsyncControllerActionInvoker.<>c__DisplayClass4f.<InvokeActionMethodFilterAsynchronously>b__49()
   於 System.Web.Mvc.Async.AsyncControllerActionInvoker.<>c__DisplayClass37.<BeginInvokeActionMethodWithFilters>b__36(IAsyncResult asyncResult)
   於 System.Web.Mvc.Async.AsyncResultWrapper.WrappedAsyncResult`1.End()
   於 System.Web.Mvc.Async.AsyncControllerActionInvoker.EndInvokeActionMethodWithFilters(IAsyncResult asyncResult)
   於 System.Web.Mvc.Async.AsyncControllerActionInvoker.<>c__DisplayClass25.<>c__DisplayClass2a.<BeginInvokeAction>b__20()
   於 System.Web.Mvc.Async.AsyncControllerActionInvoker.<>c__DisplayClass25.<BeginInvokeAction>b__22(IAsyncResult asyncResult)

2016/10/28 上午 08:51:26==> Errors Description:遠端主機已關閉連接。錯誤碼為 0x800704CD。Errors Location:   於 System.Web.Hosting.IIS7WorkerRequest.RaiseCommunicationError(Int32 result, Boolean throwOnDisconnect)
   於 System.Web.Hosting.IIS7WorkerRequest.ExplicitFlush()
   於 System.Web.HttpResponse.Flush(Boolean finalFlush, Boolean async)
   於 System.Web.HttpResponse.Flush()
   於 System.Web.HttpResponseWrapper.Flush()
   於 ePortal.Web.Controllers.AttendanceController.attendancexls(Nullable`1 StartDate, Nullable`1 EndDate, String factory, String DeptNoBegin, String DeptNoEnd, String empno, String employes, String emptype, String control, String anomalous, String Chidao, String Zaotui, String Kuanggong, String Qingjia, String Jingchu, String Chejian, String ShowType) 於 d:\Code\ePortl\ePortal\ePortal.Web\Controllers\AttendanceController.cs: 行 693
   於 lambda_method(Closure , ControllerBase , Object[] )
   於 System.Web.Mvc.ActionMethodDispatcher.<>c__DisplayClass1.<WrapVoidAction>b__0(ControllerBase controller, Object[] parameters)
   於 System.Web.Mvc.ActionMethodDispatcher.Execute(ControllerBase controller, Object[] parameters)
   於 System.Web.Mvc.ReflectedActionDescriptor.Execute(ControllerContext controllerContext, IDictionary`2 parameters)
   於 System.Web.Mvc.ControllerActionInvoker.InvokeActionMethod(ControllerContext controllerContext, ActionDescriptor actionDescriptor, IDictionary`2 parameters)
   於 System.Web.Mvc.Async.AsyncControllerActionInvoker.<>c__DisplayClass42.<BeginInvokeSynchronousActionMethod>b__41()
   於 System.Web.Mvc.Async.AsyncResultWrapper.<>c__DisplayClass8`1.<BeginSynchronous>b__7(IAsyncResult _)
   於 System.Web.Mvc.Async.AsyncResultWrapper.WrappedAsyncResult`1.End()
   於 System.Web.Mvc.Async.AsyncControllerActionInvoker.EndInvokeActionMethod(IAsyncResult asyncResult)
   於 System.Web.Mvc.Async.AsyncControllerActionInvoker.<>c__DisplayClass37.<>c__DisplayClass39.<BeginInvokeActionMethodWithFilters>b__33()
   於 System.Web.Mvc.Async.AsyncControllerActionInvoker.<>c__DisplayClass4f.<InvokeActionMethodFilterAsynchronously>b__49()
   於 System.Web.Mvc.Async.AsyncControllerActionInvoker.<>c__DisplayClass4f.<InvokeActionMethodFilterAsynchronously>b__49()
   於 System.Web.Mvc.Async.AsyncControllerActionInvoker.<>c__DisplayClass4f.<InvokeActionMethodFilterAsynchronously>b__49()
   於 System.Web.Mvc.Async.AsyncControllerActionInvoker.<>c__DisplayClass37.<BeginInvokeActionMethodWithFilters>b__36(IAsyncResult asyncResult)
   於 System.Web.Mvc.Async.AsyncResultWrapper.WrappedAsyncResult`1.End()
   於 System.Web.Mvc.Async.AsyncControllerActionInvoker.EndInvokeActionMethodWithFilters(IAsyncResult asyncResult)
   於 System.Web.Mvc.Async.AsyncControllerActionInvoker.<>c__DisplayClass25.<>c__DisplayClass2a.<BeginInvokeAction>b__20()
   於 System.Web.Mvc.Async.AsyncControllerActionInvoker.<>c__DisplayClass25.<BeginInvokeAction>b__22(IAsyncResult asyncResult)

2016/10/28 上午 08:53:08==> Errors Description:遠端主機已關閉連接。錯誤碼為 0x800704CD。Errors Location:   於 System.Web.Hosting.IIS7WorkerRequest.RaiseCommunicationError(Int32 result, Boolean throwOnDisconnect)
   於 System.Web.Hosting.IIS7WorkerRequest.ExplicitFlush()
   於 System.Web.HttpResponse.Flush(Boolean finalFlush, Boolean async)
   於 System.Web.HttpResponse.Flush()
   於 System.Web.HttpResponseWrapper.Flush()
   於 ePortal.Web.Controllers.AttendanceController.attendancexls(Nullable`1 StartDate, Nullable`1 EndDate, String factory, String DeptNoBegin, String DeptNoEnd, String empno, String employes, String emptype, String control, String anomalous, String Chidao, String Zaotui, String Kuanggong, String Qingjia, String Jingchu, String Chejian, String ShowType) 於 d:\Code\ePortl\ePortal\ePortal.Web\Controllers\AttendanceController.cs: 行 693
   於 lambda_method(Closure , ControllerBase , Object[] )
   於 System.Web.Mvc.ActionMethodDispatcher.<>c__DisplayClass1.<WrapVoidAction>b__0(ControllerBase controller, Object[] parameters)
   於 System.Web.Mvc.ActionMethodDispatcher.Execute(ControllerBase controller, Object[] parameters)
   於 System.Web.Mvc.ReflectedActionDescriptor.Execute(ControllerContext controllerContext, IDictionary`2 parameters)
   於 System.Web.Mvc.ControllerActionInvoker.InvokeActionMethod(ControllerContext controllerContext, ActionDescriptor actionDescriptor, IDictionary`2 parameters)
   於 System.Web.Mvc.Async.AsyncControllerActionInvoker.<>c__DisplayClass42.<BeginInvokeSynchronousActionMethod>b__41()
   於 System.Web.Mvc.Async.AsyncResultWrapper.<>c__DisplayClass8`1.<BeginSynchronous>b__7(IAsyncResult _)
   於 System.Web.Mvc.Async.AsyncResultWrapper.WrappedAsyncResult`1.End()
   於 System.Web.Mvc.Async.AsyncControllerActionInvoker.EndInvokeActionMethod(IAsyncResult asyncResult)
   於 System.Web.Mvc.Async.AsyncControllerActionInvoker.<>c__DisplayClass37.<>c__DisplayClass39.<BeginInvokeActionMethodWithFilters>b__33()
   於 System.Web.Mvc.Async.AsyncControllerActionInvoker.<>c__DisplayClass4f.<InvokeActionMethodFilterAsynchronously>b__49()
   於 System.Web.Mvc.Async.AsyncControllerActionInvoker.<>c__DisplayClass4f.<InvokeActionMethodFilterAsynchronously>b__49()
   於 System.Web.Mvc.Async.AsyncControllerActionInvoker.<>c__DisplayClass4f.<InvokeActionMethodFilterAsynchronously>b__49()
   於 System.Web.Mvc.Async.AsyncControllerActionInvoker.<>c__DisplayClass37.<BeginInvokeActionMethodWithFilters>b__36(IAsyncResult asyncResult)
   於 System.Web.Mvc.Async.AsyncResultWrapper.WrappedAsyncResult`1.End()
   於 System.Web.Mvc.Async.AsyncControllerActionInvoker.EndInvokeActionMethodWithFilters(IAsyncResult asyncResult)
   於 System.Web.Mvc.Async.AsyncControllerActionInvoker.<>c__DisplayClass25.<>c__DisplayClass2a.<BeginInvokeAction>b__20()
   於 System.Web.Mvc.Async.AsyncControllerActionInvoker.<>c__DisplayClass25.<BeginInvokeAction>b__22(IAsyncResult asyncResult)

2016/10/28 上午 09:21:03==> Errors Description:遠端主機已關閉連接。錯誤碼為 0x800704CD。Errors Location:   於 System.Web.Hosting.IIS7WorkerRequest.RaiseCommunicationError(Int32 result, Boolean throwOnDisconnect)
   於 System.Web.Hosting.IIS7WorkerRequest.ExplicitFlush()
   於 System.Web.HttpResponse.Flush(Boolean finalFlush, Boolean async)
   於 System.Web.HttpResponse.Flush()
   於 System.Web.HttpResponseWrapper.Flush()
   於 ePortal.Web.Controllers.AttendanceController.attendancexls(Nullable`1 StartDate, Nullable`1 EndDate, String factory, String DeptNoBegin, String DeptNoEnd, String empno, String employes, String emptype, String control, String anomalous, String Chidao, String Zaotui, String Kuanggong, String Qingjia, String Jingchu, String Chejian, String ShowType) 於 d:\Code\ePortl\ePortal\ePortal.Web\Controllers\AttendanceController.cs: 行 693
   於 lambda_method(Closure , ControllerBase , Object[] )
   於 System.Web.Mvc.ActionMethodDispatcher.<>c__DisplayClass1.<WrapVoidAction>b__0(ControllerBase controller, Object[] parameters)
   於 System.Web.Mvc.ActionMethodDispatcher.Execute(ControllerBase controller, Object[] parameters)
   於 System.Web.Mvc.ReflectedActionDescriptor.Execute(ControllerContext controllerContext, IDictionary`2 parameters)
   於 System.Web.Mvc.ControllerActionInvoker.InvokeActionMethod(ControllerContext controllerContext, ActionDescriptor actionDescriptor, IDictionary`2 parameters)
   於 System.Web.Mvc.Async.AsyncControllerActionInvoker.<>c__DisplayClass42.<BeginInvokeSynchronousActionMethod>b__41()
   於 System.Web.Mvc.Async.AsyncResultWrapper.<>c__DisplayClass8`1.<BeginSynchronous>b__7(IAsyncResult _)
   於 System.Web.Mvc.Async.AsyncResultWrapper.WrappedAsyncResult`1.End()
   於 System.Web.Mvc.Async.AsyncControllerActionInvoker.EndInvokeActionMethod(IAsyncResult asyncResult)
   於 System.Web.Mvc.Async.AsyncControllerActionInvoker.<>c__DisplayClass37.<>c__DisplayClass39.<BeginInvokeActionMethodWithFilters>b__33()
   於 System.Web.Mvc.Async.AsyncControllerActionInvoker.<>c__DisplayClass4f.<InvokeActionMethodFilterAsynchronously>b__49()
   於 System.Web.Mvc.Async.AsyncControllerActionInvoker.<>c__DisplayClass4f.<InvokeActionMethodFilterAsynchronously>b__49()
   於 System.Web.Mvc.Async.AsyncControllerActionInvoker.<>c__DisplayClass4f.<InvokeActionMethodFilterAsynchronously>b__49()
   於 System.Web.Mvc.Async.AsyncControllerActionInvoker.<>c__DisplayClass37.<BeginInvokeActionMethodWithFilters>b__36(IAsyncResult asyncResult)
   於 System.Web.Mvc.Async.AsyncResultWrapper.WrappedAsyncResult`1.End()
   於 System.Web.Mvc.Async.AsyncControllerActionInvoker.EndInvokeActionMethodWithFilters(IAsyncResult asyncResult)
   於 System.Web.Mvc.Async.AsyncControllerActionInvoker.<>c__DisplayClass25.<>c__DisplayClass2a.<BeginInvokeAction>b__20()
   於 System.Web.Mvc.Async.AsyncControllerActionInvoker.<>c__DisplayClass25.<BeginInvokeAction>b__22(IAsyncResult asyncResult)

2016/10/28 上午 09:21:04==> Errors Description:遠端主機已關閉連接。錯誤碼為 0x800704CD。Errors Location:   於 System.Web.Hosting.IIS7WorkerRequest.RaiseCommunicationError(Int32 result, Boolean throwOnDisconnect)
   於 System.Web.Hosting.IIS7WorkerRequest.ExplicitFlush()
   於 System.Web.HttpResponse.Flush(Boolean finalFlush, Boolean async)
   於 System.Web.HttpResponse.Flush()
   於 System.Web.HttpResponseWrapper.Flush()
   於 ePortal.Web.Controllers.AttendanceController.attendancexls(Nullable`1 StartDate, Nullable`1 EndDate, String factory, String DeptNoBegin, String DeptNoEnd, String empno, String employes, String emptype, String control, String anomalous, String Chidao, String Zaotui, String Kuanggong, String Qingjia, String Jingchu, String Chejian, String ShowType) 於 d:\Code\ePortl\ePortal\ePortal.Web\Controllers\AttendanceController.cs: 行 693
   於 lambda_method(Closure , ControllerBase , Object[] )
   於 System.Web.Mvc.ActionMethodDispatcher.<>c__DisplayClass1.<WrapVoidAction>b__0(ControllerBase controller, Object[] parameters)
   於 System.Web.Mvc.ActionMethodDispatcher.Execute(ControllerBase controller, Object[] parameters)
   於 System.Web.Mvc.ReflectedActionDescriptor.Execute(ControllerContext controllerContext, IDictionary`2 parameters)
   於 System.Web.Mvc.ControllerActionInvoker.InvokeActionMethod(ControllerContext controllerContext, ActionDescriptor actionDescriptor, IDictionary`2 parameters)
   於 System.Web.Mvc.Async.AsyncControllerActionInvoker.<>c__DisplayClass42.<BeginInvokeSynchronousActionMethod>b__41()
   於 System.Web.Mvc.Async.AsyncResultWrapper.<>c__DisplayClass8`1.<BeginSynchronous>b__7(IAsyncResult _)
   於 System.Web.Mvc.Async.AsyncResultWrapper.WrappedAsyncResult`1.End()
   於 System.Web.Mvc.Async.AsyncControllerActionInvoker.EndInvokeActionMethod(IAsyncResult asyncResult)
   於 System.Web.Mvc.Async.AsyncControllerActionInvoker.<>c__DisplayClass37.<>c__DisplayClass39.<BeginInvokeActionMethodWithFilters>b__33()
   於 System.Web.Mvc.Async.AsyncControllerActionInvoker.<>c__DisplayClass4f.<InvokeActionMethodFilterAsynchronously>b__49()
   於 System.Web.Mvc.Async.AsyncControllerActionInvoker.<>c__DisplayClass4f.<InvokeActionMethodFilterAsynchronously>b__49()
   於 System.Web.Mvc.Async.AsyncControllerActionInvoker.<>c__DisplayClass4f.<InvokeActionMethodFilterAsynchronously>b__49()
   於 System.Web.Mvc.Async.AsyncControllerActionInvoker.<>c__DisplayClass37.<BeginInvokeActionMethodWithFilters>b__36(IAsyncResult asyncResult)
   於 System.Web.Mvc.Async.AsyncResultWrapper.WrappedAsyncResult`1.End()
   於 System.Web.Mvc.Async.AsyncControllerActionInvoker.EndInvokeActionMethodWithFilters(IAsyncResult asyncResult)
   於 System.Web.Mvc.Async.AsyncControllerActionInvoker.<>c__DisplayClass25.<>c__DisplayClass2a.<BeginInvokeAction>b__20()
   於 System.Web.Mvc.Async.AsyncControllerActionInvoker.<>c__DisplayClass25.<BeginInvokeAction>b__22(IAsyncResult asyncResult)

2016/10/28 上午 09:21:21==> Errors Description:遠端主機已關閉連接。錯誤碼為 0x800703E3。Errors Location:   於 System.Web.Hosting.IIS7WorkerRequest.RaiseCommunicationError(Int32 result, Boolean throwOnDisconnect)
   於 System.Web.Hosting.IIS7WorkerRequest.ExplicitFlush()
   於 System.Web.HttpResponse.Flush(Boolean finalFlush, Boolean async)
   於 System.Web.HttpResponse.Flush()
   於 System.Web.HttpResponseWrapper.Flush()
   於 ePortal.Web.Controllers.AttendanceController.attendancexls(Nullable`1 StartDate, Nullable`1 EndDate, String factory, String DeptNoBegin, String DeptNoEnd, String empno, String employes, String emptype, String control, String anomalous, String Chidao, String Zaotui, String Kuanggong, String Qingjia, String Jingchu, String Chejian, String ShowType) 於 d:\Code\ePortl\ePortal\ePortal.Web\Controllers\AttendanceController.cs: 行 693
   於 lambda_method(Closure , ControllerBase , Object[] )
   於 System.Web.Mvc.ActionMethodDispatcher.<>c__DisplayClass1.<WrapVoidAction>b__0(ControllerBase controller, Object[] parameters)
   於 System.Web.Mvc.ActionMethodDispatcher.Execute(ControllerBase controller, Object[] parameters)
   於 System.Web.Mvc.ReflectedActionDescriptor.Execute(ControllerContext controllerContext, IDictionary`2 parameters)
   於 System.Web.Mvc.ControllerActionInvoker.InvokeActionMethod(ControllerContext controllerContext, ActionDescriptor actionDescriptor, IDictionary`2 parameters)
   於 System.Web.Mvc.Async.AsyncControllerActionInvoker.<>c__DisplayClass42.<BeginInvokeSynchronousActionMethod>b__41()
   於 System.Web.Mvc.Async.AsyncResultWrapper.<>c__DisplayClass8`1.<BeginSynchronous>b__7(IAsyncResult _)
   於 System.Web.Mvc.Async.AsyncResultWrapper.WrappedAsyncResult`1.End()
   於 System.Web.Mvc.Async.AsyncControllerActionInvoker.EndInvokeActionMethod(IAsyncResult asyncResult)
   於 System.Web.Mvc.Async.AsyncControllerActionInvoker.<>c__DisplayClass37.<>c__DisplayClass39.<BeginInvokeActionMethodWithFilters>b__33()
   於 System.Web.Mvc.Async.AsyncControllerActionInvoker.<>c__DisplayClass4f.<InvokeActionMethodFilterAsynchronously>b__49()
   於 System.Web.Mvc.Async.AsyncControllerActionInvoker.<>c__DisplayClass4f.<InvokeActionMethodFilterAsynchronously>b__49()
   於 System.Web.Mvc.Async.AsyncControllerActionInvoker.<>c__DisplayClass4f.<InvokeActionMethodFilterAsynchronously>b__49()
   於 System.Web.Mvc.Async.AsyncControllerActionInvoker.<>c__DisplayClass37.<BeginInvokeActionMethodWithFilters>b__36(IAsyncResult asyncResult)
   於 System.Web.Mvc.Async.AsyncResultWrapper.WrappedAsyncResult`1.End()
   於 System.Web.Mvc.Async.AsyncControllerActionInvoker.EndInvokeActionMethodWithFilters(IAsyncResult asyncResult)
   於 System.Web.Mvc.Async.AsyncControllerActionInvoker.<>c__DisplayClass25.<>c__DisplayClass2a.<BeginInvokeAction>b__20()
   於 System.Web.Mvc.Async.AsyncControllerActionInvoker.<>c__DisplayClass25.<BeginInvokeAction>b__22(IAsyncResult asyncResult)

2016/10/28 上午 09:30:52==> Operate Description:用戶登錄, Operate Model:用戶管理, Operate creater:Obama.Lin Operate Type:登錄

2016/10/28 上午 09:43:57==> Errors Description:遠端主機已關閉連接。錯誤碼為 0x800704CD。Errors Location:   於 System.Web.Hosting.IIS7WorkerRequest.RaiseCommunicationError(Int32 result, Boolean throwOnDisconnect)
   於 System.Web.Hosting.IIS7WorkerRequest.ExplicitFlush()
   於 System.Web.HttpResponse.Flush(Boolean finalFlush, Boolean async)
   於 System.Web.HttpResponse.Flush()
   於 System.Web.HttpResponseWrapper.Flush()
   於 ePortal.Web.Controllers.AttendanceController.attendancexls(Nullable`1 StartDate, Nullable`1 EndDate, String factory, String DeptNoBegin, String DeptNoEnd, String empno, String employes, String emptype, String control, String anomalous, String Chidao, String Zaotui, String Kuanggong, String Qingjia, String Jingchu, String Chejian, String ShowType) 於 d:\Code\ePortl\ePortal\ePortal.Web\Controllers\AttendanceController.cs: 行 693
   於 lambda_method(Closure , ControllerBase , Object[] )
   於 System.Web.Mvc.ActionMethodDispatcher.<>c__DisplayClass1.<WrapVoidAction>b__0(ControllerBase controller, Object[] parameters)
   於 System.Web.Mvc.ActionMethodDispatcher.Execute(ControllerBase controller, Object[] parameters)
   於 System.Web.Mvc.ReflectedActionDescriptor.Execute(ControllerContext controllerContext, IDictionary`2 parameters)
   於 System.Web.Mvc.ControllerActionInvoker.InvokeActionMethod(ControllerContext controllerContext, ActionDescriptor actionDescriptor, IDictionary`2 parameters)
   於 System.Web.Mvc.Async.AsyncControllerActionInvoker.<>c__DisplayClass42.<BeginInvokeSynchronousActionMethod>b__41()
   於 System.Web.Mvc.Async.AsyncResultWrapper.<>c__DisplayClass8`1.<BeginSynchronous>b__7(IAsyncResult _)
   於 System.Web.Mvc.Async.AsyncResultWrapper.WrappedAsyncResult`1.End()
   於 System.Web.Mvc.Async.AsyncControllerActionInvoker.EndInvokeActionMethod(IAsyncResult asyncResult)
   於 System.Web.Mvc.Async.AsyncControllerActionInvoker.<>c__DisplayClass37.<>c__DisplayClass39.<BeginInvokeActionMethodWithFilters>b__33()
   於 System.Web.Mvc.Async.AsyncControllerActionInvoker.<>c__DisplayClass4f.<InvokeActionMethodFilterAsynchronously>b__49()
   於 System.Web.Mvc.Async.AsyncControllerActionInvoker.<>c__DisplayClass4f.<InvokeActionMethodFilterAsynchronously>b__49()
   於 System.Web.Mvc.Async.AsyncControllerActionInvoker.<>c__DisplayClass4f.<InvokeActionMethodFilterAsynchronously>b__49()
   於 System.Web.Mvc.Async.AsyncControllerActionInvoker.<>c__DisplayClass37.<BeginInvokeActionMethodWithFilters>b__36(IAsyncResult asyncResult)
   於 System.Web.Mvc.Async.AsyncResultWrapper.WrappedAsyncResult`1.End()
   於 System.Web.Mvc.Async.AsyncControllerActionInvoker.EndInvokeActionMethodWithFilters(IAsyncResult asyncResult)
   於 System.Web.Mvc.Async.AsyncControllerActionInvoker.<>c__DisplayClass25.<>c__DisplayClass2a.<BeginInvokeAction>b__20()
   於 System.Web.Mvc.Async.AsyncControllerActionInvoker.<>c__DisplayClass25.<BeginInvokeAction>b__22(IAsyncResult asyncResult)

2016/10/28 上午 10:04:25::2016-10-28 10:04:25:Application End!

2016/10/28 上午 10:34:50::2016-10-28 10:34:50:Application Start!

2016/10/28 上午 10:55:50::2016-10-28 10:55:50:Application End!

2016/10/28 上午 10:56:03::2016-10-28 10:56:03:Application Start!

2016/10/28 上午 11:27:03::2016-10-28 11:27:03:Application End!

2016/10/28 下午 02:21:54::2016-10-28 14:21:54:Application Start!

2016/10/28 下午 02:42:54::2016-10-28 14:42:54:Application End!

2016/10/28 下午 03:08:08::2016-10-28 15:08:08:Application Start!

2016/10/28 下午 03:29:08::2016-10-28 15:29:08:Application End!

2016/10/28 下午 03:41:37::2016-10-28 15:41:37:Application Start!

2016/10/28 下午 04:02:37::2016-10-28 16:02:37:Application End!

2016/10/28 下午 04:54:17::2016-10-28 16:54:17:Application Start!

2016/10/28 下午 05:15:18::2016-10-28 17:15:18:Application End!

2016/10/28 下午 06:23:52::2016-10-28 18:23:52:Application Start!

2016/10/28 下午 06:44:52::2016-10-28 18:44:52:Application End!

2016/10/28 下午 07:06:34::2016-10-28 19:06:34:Application Start!

2016/10/28 下午 07:27:34::2016-10-28 19:27:34:Application End!

2016/10/28 下午 08:02:33::2016-10-28 20:02:33:Application Start!

2016/10/28 下午 08:23:34::2016-10-28 20:23:34:Application End!

