2016/12/13 上午 12:27:31::2016-12-13 00:27:31:Application Start!

2016/12/13 上午 12:48:31::2016-12-13 00:48:31:Application End!

2016/12/13 上午 01:30:06::2016-12-13 01:30:06:Application Start!

2016/12/13 上午 01:55:06::2016-12-13 01:55:06:Application End!

2016/12/13 上午 04:40:00::2016-12-13 04:39:59:Application Start!

2016/12/13 上午 05:01:00::2016-12-13 05:01:00:Application End!

2016/12/13 上午 05:44:22::2016-12-13 05:44:22:Application Start!

2016/12/13 上午 06:05:23::2016-12-13 06:05:23:Application End!

2016/12/13 上午 08:22:57::2016-12-13 08:22:57:Application Start!

2016/12/13 上午 08:43:58::2016-12-13 08:43:58:Application End!

2016/12/13 上午 08:48:39::2016-12-13 08:48:39:Application Start!

2016/12/13 上午 09:09:39::2016-12-13 09:09:39:Application End!

2016/12/13 上午 09:45:27::2016-12-13 09:45:27:Application Start!

2016/12/13 上午 10:09:27::2016-12-13 10:09:27:Application End!

2016/12/13 上午 10:48:01::2016-12-13 10:48:01:Application Start!

2016/12/13 上午 10:48:14==> Operate Description:用戶登錄, Operate Model:用戶管理, Operate creater:Chris.Hong Operate Type:登錄

2016/12/13 上午 11:09:02::2016-12-13 11:09:02:Application End!

2016/12/13 上午 11:19:25::2016-12-13 11:19:25:Application Start!

2016/12/13 下午 12:17:26::2016-12-13 12:17:26:Application End!

2016/12/13 下午 01:31:53::2016-12-13 13:31:53:Application Start!

2016/12/13 下午 01:52:52::2016-12-13 13:52:52:Application End!

2016/12/13 下午 01:57:50::2016-12-13 13:57:49:Application Start!

2016/12/13 下午 02:20:50::2016-12-13 14:20:50:Application End!

2016/12/13 下午 02:43:50::2016-12-13 14:43:50:Application Start!

2016/12/13 下午 03:04:50::2016-12-13 15:04:50:Application End!

2016/12/13 下午 05:34:32::2016-12-13 17:34:32:Application Start!

2016/12/13 下午 05:55:32::2016-12-13 17:55:32:Application End!

2016/12/13 下午 08:05:22::2016-12-13 20:05:22:Application Start!

2016/12/13 下午 08:42:21::2016-12-13 20:42:21:Application End!

2016/12/13 下午 09:36:38::2016-12-13 21:36:38:Application Start!

2016/12/13 下午 09:57:38::2016-12-13 21:57:38:Application End!

2016/12/13 下午 10:33:40::2016-12-13 22:33:40:Application Start!

2016/12/13 下午 10:54:41::2016-12-13 22:54:41:Application End!

