2016/11/20 上午 12:02:58::2016-11-20 00:02:58:Application End!

2016/11/20 上午 12:36:53::2016-11-20 00:36:53:Application Start!

2016/11/20 上午 12:57:53::2016-11-20 00:57:53:Application End!

2016/11/20 上午 01:45:30::2016-11-20 01:45:30:Application Start!

2016/11/20 上午 02:06:30::2016-11-20 02:06:30:Application End!

2016/11/20 上午 02:18:20::2016-11-20 02:18:20:Application Start!

2016/11/20 上午 02:39:20::2016-11-20 02:39:20:Application End!

2016/11/20 上午 04:54:13::2016-11-20 04:54:13:Application Start!

2016/11/20 上午 05:15:14::2016-11-20 05:15:14:Application End!

2016/11/20 上午 05:28:08::2016-11-20 05:28:08:Application Start!

2016/11/20 上午 05:49:08::2016-11-20 05:49:08:Application End!

2016/11/20 上午 07:28:58::2016-11-20 07:28:58:Application Start!

2016/11/20 上午 08:05:57::2016-11-20 08:05:57:Application End!

2016/11/20 上午 08:36:23::2016-11-20 08:36:23:Application Start!

2016/11/20 上午 09:01:24::2016-11-20 09:01:24:Application End!

2016/11/20 上午 09:44:29::2016-11-20 09:44:29:Application Start!

2016/11/20 上午 10:42:29::2016-11-20 10:42:29:Application End!

2016/11/20 下午 01:10:12::2016-11-20 13:10:12:Application Start!

2016/11/20 下午 01:31:12::2016-11-20 13:31:12:Application End!

2016/11/20 下午 01:34:08::2016-11-20 13:34:08:Application Start!

2016/11/20 下午 01:55:08::2016-11-20 13:55:08:Application End!

2016/11/20 下午 02:21:46::2016-11-20 14:21:46:Application Start!

2016/11/20 下午 03:00:47::2016-11-20 15:00:47:Application End!

2016/11/20 下午 08:47:25::2016-11-20 20:47:25:Application Start!

2016/11/20 下午 08:51:34==> Operate Description:用戶登錄, Operate Model:用戶管理, Operate creater:test Operate Type:登錄

2016/11/20 下午 09:12:25::2016-11-20 21:12:25:Application End!

2016/11/20 下午 09:13:40::2016-11-20 21:13:40:Application Start!

2016/11/20 下午 10:02:40::2016-11-20 22:02:40:Application End!

