2016/11/10 上午 09:26:16::2016-11-10 09:26:16:Application Start!

2016/11/10 上午 09:26:41==> Operate Description:用戶登錄, Operate Model:用戶管理, Operate creater:Tina.Lee Operate Type:登錄

2016/11/10 上午 09:26:41==> Operate Description:用戶登錄, Operate Model:用戶管理, Operate creater:Tina.Lee Operate Type:登錄

2016/11/10 上午 09:29:06==> Operate Description:用戶登錄, Operate Model:用戶管理, Operate creater:test Operate Type:登錄

2016/11/10 上午 09:50:16::2016-11-10 09:50:16:Application End!

2016/11/10 上午 11:04:27::2016-11-10 11:04:27:Application Start!

2016/11/10 上午 11:25:25::2016-11-10 11:25:25:Application End!

2016/11/10 上午 11:30:19::2016-11-10 11:30:19:Application Start!

2016/11/10 上午 11:51:19::2016-11-10 11:51:19:Application End!

2016/11/10 下午 12:04:52::2016-11-10 12:04:52:Application Start!

2016/11/10 下午 12:25:52::2016-11-10 12:25:52:Application End!

2016/11/10 下午 02:26:26::2016-11-10 14:26:26:Application Start!

2016/11/10 下午 02:58:25::2016-11-10 14:58:25:Application End!

2016/11/10 下午 04:11:08::2016-11-10 16:11:08:Application Start!

2016/11/10 下午 04:32:08::2016-11-10 16:32:08:Application End!

2016/11/10 下午 04:41:36::2016-11-10 16:41:36:Application Start!

2016/11/10 下午 05:02:36::2016-11-10 17:02:36:Application End!

2016/11/10 下午 06:02:23::2016-11-10 18:02:23:Application Start!

2016/11/10 下午 06:23:23::2016-11-10 18:23:23:Application End!

2016/11/10 下午 06:35:41::2016-11-10 18:35:41:Application Start!

2016/11/10 下午 06:56:41::2016-11-10 18:56:41:Application End!

