2016/12/12 上午 04:47:24::2016-12-12 04:47:24:Application Start!

2016/12/12 上午 05:08:24::2016-12-12 05:08:24:Application End!

2016/12/12 上午 08:04:32::2016-12-12 08:04:32:Application Start!

2016/12/12 上午 08:25:32::2016-12-12 08:25:32:Application End!

2016/12/12 上午 08:33:20::2016-12-12 08:33:20:Application Start!

2016/12/12 上午 08:56:21::2016-12-12 08:56:21:Application End!

2016/12/12 上午 09:46:48::2016-12-12 09:46:48:Application Start!

2016/12/12 上午 10:30:48::2016-12-12 10:30:48:Application End!

2016/12/12 上午 11:17:58::2016-12-12 11:17:58:Application Start!

2016/12/12 上午 11:18:17==> Operate Description:用戶登錄, Operate Model:用戶管理, Operate creater:test Operate Type:登錄

2016/12/12 上午 11:18:17==> Operate Description:用戶登錄, Operate Model:用戶管理, Operate creater:test Operate Type:登錄

2016/12/12 上午 11:38:59::2016-12-12 11:38:59:Application End!

2016/12/12 下午 01:26:58::2016-12-12 13:26:58:Application Start!

2016/12/12 下午 01:47:58::2016-12-12 13:47:58:Application End!

2016/12/12 下午 01:48:23::2016-12-12 13:48:23:Application Start!

2016/12/12 下午 02:09:24::2016-12-12 14:09:24:Application End!

2016/12/12 下午 02:14:00::2016-12-12 14:14:00:Application Start!

2016/12/12 下午 02:34:58::2016-12-12 14:34:58:Application End!

2016/12/12 下午 03:17:49::2016-12-12 15:17:49:Application Start!

2016/12/12 下午 03:18:07==> Operate Description:用戶登錄, Operate Model:用戶管理, Operate creater:test Operate Type:登錄

2016/12/12 下午 03:19:40==> Operate Description:用戶登錄, Operate Model:用戶管理, Operate creater:test Operate Type:登錄

2016/12/12 下午 03:44:49::2016-12-12 15:44:49:Application End!

2016/12/12 下午 03:50:08::2016-12-12 15:50:08:Application Start!

2016/12/12 下午 04:11:07::2016-12-12 16:11:07:Application End!

2016/12/12 下午 05:50:13::2016-12-12 17:50:13:Application Start!

2016/12/12 下午 06:11:13::2016-12-12 18:11:13:Application End!

2016/12/12 下午 06:36:19::2016-12-12 18:36:19:Application Start!

2016/12/12 下午 06:58:19::2016-12-12 18:58:19:Application End!

2016/12/12 下午 07:09:40::2016-12-12 19:09:40:Application Start!

2016/12/12 下午 07:41:40::2016-12-12 19:41:40:Application End!

2016/12/12 下午 07:59:17::2016-12-12 19:59:17:Application Start!

2016/12/12 下午 08:20:17::2016-12-12 20:20:17:Application End!

2016/12/12 下午 08:35:16::2016-12-12 20:35:16:Application Start!

2016/12/12 下午 08:56:15::2016-12-12 20:56:15:Application End!

2016/12/12 下午 09:21:29::2016-12-12 21:21:29:Application Start!

2016/12/12 下午 09:48:29::2016-12-12 21:48:29:Application End!

