2016/12/24 上午 07:41:04::2016-12-24 07:41:04:Application Start!

2016/12/24 上午 08:02:03::2016-12-24 08:02:03:Application End!

2016/12/24 上午 09:36:33::2016-12-24 09:36:33:Application Start!

2016/12/24 上午 09:57:34::2016-12-24 09:57:34:Application End!

2016/12/24 上午 10:57:25::2016-12-24 10:57:25:Application Start!

2016/12/24 上午 11:18:24::2016-12-24 11:18:24:Application End!

2016/12/24 上午 11:47:06::2016-12-24 11:47:06:Application Start!

2016/12/24 下午 12:17:07::2016-12-24 12:17:07:Application End!

2016/12/24 下午 01:50:13::2016-12-24 13:50:13:Application Start!

2016/12/24 下午 02:11:13::2016-12-24 14:11:13:Application End!

2016/12/24 下午 03:25:38::2016-12-24 15:25:38:Application Start!

2016/12/24 下午 03:46:38::2016-12-24 15:46:38:Application End!

2016/12/24 下午 03:49:20::2016-12-24 15:49:20:Application Start!

2016/12/24 下午 04:10:20::2016-12-24 16:10:20:Application End!

2016/12/24 下午 05:21:43::2016-12-24 17:21:43:Application Start!

2016/12/24 下午 05:56:43::2016-12-24 17:56:43:Application End!

2016/12/24 下午 06:40:52::2016-12-24 18:40:52:Application Start!

2016/12/24 下午 07:24:53::2016-12-24 19:24:53:Application End!

2016/12/24 下午 07:59:12::2016-12-24 19:59:12:Application Start!

2016/12/24 下午 07:59:29==> Operate Description:用戶登錄, Operate Model:用戶管理, Operate creater:admin Operate Type:登錄

2016/12/24 下午 07:59:29==> Operate Description:用戶登錄, Operate Model:用戶管理, Operate creater:admin Operate Type:登錄

2016/12/24 下午 07:59:29==> Operate Description:用戶登錄, Operate Model:用戶管理, Operate creater:admin Operate Type:登錄

2016/12/24 下午 07:59:29==> Operate Description:用戶登錄, Operate Model:用戶管理, Operate creater:admin Operate Type:登錄

2016/12/24 下午 08:52:14::2016-12-24 20:52:14:Application End!

2016/12/24 下午 11:03:36::2016-12-24 23:03:36:Application Start!

2016/12/24 下午 11:25:36::2016-12-24 23:25:36:Application End!

