2016/12/15 上午 07:01:57::2016-12-15 07:01:57:Application Start!

2016/12/15 上午 07:22:58::2016-12-15 07:22:58:Application End!

2016/12/15 上午 08:16:09::2016-12-15 08:16:09:Application Start!

2016/12/15 上午 08:53:08::2016-12-15 08:53:08:Application End!

2016/12/15 上午 08:59:35::2016-12-15 08:59:35:Application Start!

2016/12/15 上午 09:20:36::2016-12-15 09:20:36:Application End!

2016/12/15 上午 10:06:24::2016-12-15 10:06:24:Application Start!

2016/12/15 上午 10:27:24::2016-12-15 10:27:24:Application End!

2016/12/15 上午 10:32:31::2016-12-15 10:32:31:Application Start!

2016/12/15 上午 10:39:00==> Operate Description:用戶登錄, Operate Model:用戶管理, Operate creater:test Operate Type:登錄

2016/12/15 上午 11:15:31::2016-12-15 11:15:31:Application End!

2016/12/15 上午 11:32:53::2016-12-15 11:32:53:Application Start!

2016/12/15 下午 12:09:53::2016-12-15 12:09:53:Application End!

2016/12/15 下午 01:11:29::2016-12-15 13:11:29:Application Start!

2016/12/15 下午 01:32:29::2016-12-15 13:32:29:Application End!

2016/12/15 下午 01:40:06::2016-12-15 13:40:06:Application Start!

2016/12/15 下午 02:01:07::2016-12-15 14:01:07:Application End!

2016/12/15 下午 03:00:36::2016-12-15 15:00:36:Application Start!

2016/12/15 下午 03:11:48==> Operate Description:用戶登錄, Operate Model:用戶管理, Operate creater:test Operate Type:登錄

2016/12/15 下午 03:11:48==> Operate Description:用戶登錄, Operate Model:用戶管理, Operate creater:test Operate Type:登錄

2016/12/15 下午 03:44:37::2016-12-15 15:44:37:Application End!

2016/12/15 下午 03:58:07::2016-12-15 15:58:07:Application Start!

2016/12/15 下午 03:58:27==> Operate Description:用戶登錄, Operate Model:用戶管理, Operate creater:test Operate Type:登錄

2016/12/15 下午 05:13:07::2016-12-15 17:13:07:Application End!

2016/12/15 下午 06:09:49::2016-12-15 18:09:49:Application Start!

2016/12/15 下午 06:38:49::2016-12-15 18:38:49:Application End!

2016/12/15 下午 07:23:28::2016-12-15 19:23:28:Application Start!

2016/12/15 下午 07:44:28::2016-12-15 19:44:28:Application End!

2016/12/15 下午 08:12:31::2016-12-15 20:12:31:Application Start!

2016/12/15 下午 08:33:32::2016-12-15 20:33:32:Application End!

2016/12/15 下午 11:02:59::2016-12-15 23:02:59:Application Start!

2016/12/15 下午 11:23:59::2016-12-15 23:23:59:Application End!

