2016/12/14 上午 01:14:39::2016-12-14 01:14:39:Application Start!

2016/12/14 上午 01:35:39::2016-12-14 01:35:39:Application End!

2016/12/14 上午 06:39:50::2016-12-14 06:39:50:Application Start!

2016/12/14 上午 07:00:50::2016-12-14 07:00:50:Application End!

2016/12/14 上午 08:13:59::2016-12-14 08:13:59:Application Start!

2016/12/14 上午 08:46:59::2016-12-14 08:46:59:Application End!

2016/12/14 上午 09:06:07::2016-12-14 09:06:06:Application Start!

2016/12/14 上午 09:27:07::2016-12-14 09:27:07:Application End!

2016/12/14 上午 09:37:16::2016-12-14 09:37:16:Application Start!

2016/12/14 上午 09:58:16::2016-12-14 09:58:16:Application End!

2016/12/14 上午 11:05:57::2016-12-14 11:05:57:Application Start!

2016/12/14 上午 11:26:58::2016-12-14 11:26:58:Application End!

2016/12/14 下午 01:17:33::2016-12-14 13:17:33:Application Start!

2016/12/14 下午 01:18:31==> Operate Description:用戶登錄, Operate Model:用戶管理, Operate creater:test Operate Type:登錄

2016/12/14 下午 01:18:31==> Operate Description:用戶登錄, Operate Model:用戶管理, Operate creater:test Operate Type:登錄

2016/12/14 下午 02:03:34::2016-12-14 14:03:34:Application End!

2016/12/14 下午 02:56:15::2016-12-14 14:56:15:Application Start!

2016/12/14 下午 03:17:15::2016-12-14 15:17:15:Application End!

2016/12/14 下午 04:15:07::2016-12-14 16:15:07:Application Start!

2016/12/14 下午 04:37:08::2016-12-14 16:37:08:Application End!

2016/12/14 下午 04:50:06::2016-12-14 16:50:06:Application Start!

2016/12/14 下午 05:25:07::2016-12-14 17:25:07:Application End!

2016/12/14 下午 05:31:21::2016-12-14 17:31:21:Application Start!

2016/12/14 下午 06:21:21::2016-12-14 18:21:21:Application End!

2016/12/14 下午 06:35:31::2016-12-14 18:35:31:Application Start!

2016/12/14 下午 06:56:32::2016-12-14 18:56:32:Application End!

2016/12/14 下午 07:58:45::2016-12-14 19:58:45:Application Start!

2016/12/14 下午 08:19:45::2016-12-14 20:19:45:Application End!

2016/12/14 下午 10:21:25::2016-12-14 22:21:25:Application Start!

2016/12/14 下午 10:42:25::2016-12-14 22:42:25:Application End!

2016/12/14 下午 10:47:48::2016-12-14 22:47:48:Application Start!

2016/12/14 下午 11:10:48::2016-12-14 23:10:48:Application End!

