2016/12/27 上午 02:54:19::2016-12-27 02:54:19:Application Start!

2016/12/27 上午 03:15:19::2016-12-27 03:15:19:Application End!

2016/12/27 上午 04:03:11::2016-12-27 04:03:11:Application Start!

2016/12/27 上午 04:24:11::2016-12-27 04:24:11:Application End!

2016/12/27 上午 06:43:09::2016-12-27 06:43:09:Application Start!

2016/12/27 上午 06:43:32==> Operate Description:用戶登錄, Operate Model:用戶管理, Operate creater:test Operate Type:登錄

2016/12/27 上午 07:12:10::2016-12-27 07:12:10:Application End!

2016/12/27 上午 08:17:45::2016-12-27 08:17:45:Application Start!

2016/12/27 上午 09:40:45::2016-12-27 09:40:45:Application End!

2016/12/27 上午 10:08:41::2016-12-27 10:08:40:Application Start!

2016/12/27 上午 10:29:41::2016-12-27 10:29:41:Application End!

2016/12/27 上午 11:10:04::2016-12-27 11:10:04:Application Start!

2016/12/27 上午 11:43:03::2016-12-27 11:43:03:Application End!

2016/12/27 下午 12:10:00::2016-12-27 12:10:00:Application Start!

2016/12/27 下午 12:10:17==> Operate Description:用戶登錄, Operate Model:用戶管理, Operate creater:Chris.Hong Operate Type:登錄

2016/12/27 下午 12:31:00::2016-12-27 12:31:00:Application End!

2016/12/27 下午 01:27:14::2016-12-27 13:27:14:Application Start!

2016/12/27 下午 01:54:14::2016-12-27 13:54:14:Application End!

2016/12/27 下午 01:57:48::2016-12-27 13:57:48:Application Start!

2016/12/27 下午 02:18:48::2016-12-27 14:18:48:Application End!

2016/12/27 下午 02:22:51::2016-12-27 14:22:51:Application Start!

2016/12/27 下午 02:43:51::2016-12-27 14:43:51:Application End!

2016/12/27 下午 02:46:38::2016-12-27 14:46:38:Application Start!

2016/12/27 下午 02:47:10==> Operate Description:用戶登錄, Operate Model:用戶管理, Operate creater:test Operate Type:登錄

2016/12/27 下午 02:47:10==> Operate Description:用戶登錄, Operate Model:用戶管理, Operate creater:test Operate Type:登錄

2016/12/27 下午 03:07:39::2016-12-27 15:07:39:Application End!

2016/12/27 下午 03:46:30::2016-12-27 15:46:30:Application Start!

2016/12/27 下午 03:47:02==> Operate Description:用戶登錄, Operate Model:用戶管理, Operate creater:test Operate Type:登錄

2016/12/27 下午 03:47:02==> Operate Description:用戶登錄, Operate Model:用戶管理, Operate creater:test Operate Type:登錄

2016/12/27 下午 04:09:30::2016-12-27 16:09:30:Application End!

2016/12/27 下午 04:22:17::2016-12-27 16:22:17:Application Start!

2016/12/27 下午 04:43:15::2016-12-27 16:43:15:Application End!

2016/12/27 下午 05:04:51::2016-12-27 17:04:51:Application Start!

2016/12/27 下午 05:25:51::2016-12-27 17:25:51:Application End!

2016/12/27 下午 06:12:53::2016-12-27 18:12:53:Application Start!

2016/12/27 下午 06:33:51::2016-12-27 18:33:51:Application End!

2016/12/27 下午 07:32:32::2016-12-27 19:32:32:Application Start!

2016/12/27 下午 08:35:32::2016-12-27 20:35:32:Application End!

2016/12/27 下午 09:14:25::2016-12-27 21:14:25:Application Start!

2016/12/27 下午 09:35:25::2016-12-27 21:35:25:Application End!

2016/12/27 下午 10:46:38::2016-12-27 22:46:38:Application Start!

2016/12/27 下午 11:07:39::2016-12-27 23:07:39:Application End!

