2016/12/2 上午 12:21:30::2016-12-02 00:21:30:Application Start!

2016/12/2 上午 12:42:30::2016-12-02 00:42:30:Application End!

2016/12/2 上午 01:01:42::2016-12-02 01:01:42:Application Start!

2016/12/2 上午 01:22:42::2016-12-02 01:22:42:Application End!

2016/12/2 上午 04:04:46::2016-12-02 04:04:46:Application Start!

2016/12/2 上午 04:25:46::2016-12-02 04:25:46:Application End!

2016/12/2 上午 04:55:02::2016-12-02 04:55:02:Application Start!

2016/12/2 上午 05:16:02::2016-12-02 05:16:02:Application End!

2016/12/2 上午 08:10:08::2016-12-02 08:10:08:Application Start!

2016/12/2 上午 08:51:08::2016-12-02 08:51:08:Application End!

2016/12/2 上午 08:59:27::2016-12-02 08:59:27:Application Start!

2016/12/2 上午 09:20:28::2016-12-02 09:20:28:Application End!

2016/12/2 上午 09:33:23::2016-12-02 09:33:23:Application Start!

2016/12/2 上午 10:13:24::2016-12-02 10:13:24:Application End!

2016/12/2 上午 10:14:59::2016-12-02 10:14:59:Application Start!

2016/12/2 上午 10:35:59::2016-12-02 10:35:59:Application End!

2016/12/2 上午 10:37:44::2016-12-02 10:37:44:Application Start!

2016/12/2 上午 11:08:44::2016-12-02 11:08:44:Application End!

2016/12/2 上午 11:42:57::2016-12-02 11:42:57:Application Start!

2016/12/2 下午 12:06:57::2016-12-02 12:06:57:Application End!

2016/12/2 下午 12:45:14::2016-12-02 12:45:14:Application Start!

2016/12/2 下午 01:06:15::2016-12-02 13:06:15:Application End!

2016/12/2 下午 02:34:13::2016-12-02 14:34:13:Application Start!

2016/12/2 下午 02:34:40==> Operate Description:用戶登錄, Operate Model:用戶管理, Operate creater:test Operate Type:登錄

2016/12/2 下午 02:57:13::2016-12-02 14:57:13:Application End!

2016/12/2 下午 02:58:12::2016-12-02 14:58:12:Application Start!

2016/12/2 下午 02:58:24==> Operate Description:用戶登錄, Operate Model:用戶管理, Operate creater:test Operate Type:登錄

2016/12/2 下午 03:19:12::2016-12-02 15:19:12:Application End!

2016/12/2 下午 04:05:24::2016-12-02 16:05:24:Application Start!

2016/12/2 下午 04:47:24::2016-12-02 16:47:24:Application End!

2016/12/2 下午 04:51:38::2016-12-02 16:51:38:Application Start!

2016/12/2 下午 04:51:49==> Operate Description:用戶登錄, Operate Model:用戶管理, Operate creater:test Operate Type:登錄

2016/12/2 下午 04:51:49==> Operate Description:用戶登錄, Operate Model:用戶管理, Operate creater:test Operate Type:登錄

2016/12/2 下午 05:13:38::2016-12-02 17:13:38:Application End!

2016/12/2 下午 05:15:35::2016-12-02 17:15:35:Application Start!

2016/12/2 下午 05:36:36::2016-12-02 17:36:36:Application End!

2016/12/2 下午 06:19:04::2016-12-02 18:19:04:Application Start!

2016/12/2 下午 06:40:04::2016-12-02 18:40:04:Application End!

2016/12/2 下午 08:36:17::2016-12-02 20:36:17:Application Start!

2016/12/2 下午 09:12:18::2016-12-02 21:12:18:Application End!

2016/12/2 下午 09:21:54::2016-12-02 21:21:54:Application Start!

2016/12/2 下午 09:42:55::2016-12-02 21:42:55:Application End!

2016/12/2 下午 09:59:31::2016-12-02 21:59:31:Application Start!

2016/12/2 下午 10:20:32::2016-12-02 22:20:32:Application End!

