2016/11/24 上午 01:58:01::2016-11-24 01:58:01:Application Start!

2016/11/24 上午 02:19:01::2016-11-24 02:19:01:Application End!

2016/11/24 上午 07:04:29::2016-11-24 07:04:29:Application Start!

2016/11/24 上午 07:29:27::2016-11-24 07:29:27:Application End!

2016/11/24 上午 07:42:51::2016-11-24 07:42:51:Application Start!

2016/11/24 上午 08:03:51::2016-11-24 08:03:51:Application End!

2016/11/24 上午 08:06:11::2016-11-24 08:06:11:Application Start!

2016/11/24 上午 08:27:12::2016-11-24 08:27:12:Application End!

2016/11/24 上午 09:23:57::2016-11-24 09:23:57:Application Start!

2016/11/24 上午 09:24:16==> Operate Description:用戶登錄, Operate Model:用戶管理, Operate creater:test Operate Type:登錄

2016/11/24 上午 09:24:16==> Operate Description:用戶登錄, Operate Model:用戶管理, Operate creater:test Operate Type:登錄

2016/11/24 上午 09:45:57::2016-11-24 09:45:57:Application End!

2016/11/24 上午 10:01:59::2016-11-24 10:01:59:Application Start!

2016/11/24 上午 11:14:59::2016-11-24 11:14:59:Application End!

2016/11/24 上午 11:18:57::2016-11-24 11:18:56:Application Start!

2016/11/24 上午 11:19:23==> Operate Description:用戶登錄, Operate Model:用戶管理, Operate creater:test Operate Type:登錄

2016/11/24 上午 11:40:57::2016-11-24 11:40:57:Application End!

2016/11/24 下午 02:15:43::2016-11-24 14:15:43:Application Start!

2016/11/24 下午 02:54:43::2016-11-24 14:54:43:Application End!

2016/11/24 下午 03:23:59::2016-11-24 15:23:59:Application Start!

2016/11/24 下午 03:44:59::2016-11-24 15:44:59:Application End!

2016/11/24 下午 04:09:19::2016-11-24 16:09:19:Application Start!

2016/11/24 下午 04:09:32==> Operate Description:用戶登錄, Operate Model:用戶管理, Operate creater:test Operate Type:登錄

2016/11/24 下午 04:32:19::2016-11-24 16:32:19:Application End!

2016/11/24 下午 04:47:50::2016-11-24 16:47:50:Application Start!

2016/11/24 下午 05:11:50::2016-11-24 17:11:50:Application End!

2016/11/24 下午 06:40:29::2016-11-24 18:40:29:Application Start!

2016/11/24 下午 07:02:29::2016-11-24 19:02:29:Application End!

2016/11/24 下午 07:43:35::2016-11-24 19:43:35:Application Start!

2016/11/24 下午 08:04:36::2016-11-24 20:04:36:Application End!

2016/11/24 下午 09:07:49::2016-11-24 21:07:49:Application Start!

2016/11/24 下午 09:28:48::2016-11-24 21:28:48:Application End!

2016/11/24 下午 11:08:13::2016-11-24 23:08:13:Application Start!

2016/11/24 下午 11:32:13::2016-11-24 23:32:13:Application End!

2016/11/24 下午 11:47:22::2016-11-24 23:47:21:Application Start!

