2016/12/8 上午 12:37:35::2016-12-08 00:37:35:Application Start!

2016/12/8 上午 12:58:35::2016-12-08 00:58:35:Application End!

2016/12/8 上午 06:31:27::2016-12-08 06:31:27:Application Start!

2016/12/8 上午 06:52:28::2016-12-08 06:52:28:Application End!

2016/12/8 上午 08:08:16::2016-12-08 08:08:16:Application Start!

2016/12/8 上午 08:14:17==> Operate Description:用戶登錄, Operate Model:用戶管理, Operate creater:test Operate Type:登錄

2016/12/8 上午 08:45:16::2016-12-08 08:45:16:Application End!

2016/12/8 上午 10:53:11::2016-12-08 10:53:11:Application Start!

2016/12/8 上午 11:31:11::2016-12-08 11:31:11:Application End!

2016/12/8 下午 04:14:06::2016-12-08 16:14:06:Application Start!

2016/12/8 下午 04:35:07::2016-12-08 16:35:07:Application End!

2016/12/8 下午 04:36:47::2016-12-08 16:36:47:Application Start!

2016/12/8 下午 04:57:47::2016-12-08 16:57:47:Application End!

2016/12/8 下午 05:01:04::2016-12-08 17:01:04:Application Start!

2016/12/8 下午 05:06:13==> Operate Description:用戶登錄, Operate Model:用戶管理, Operate creater:test Operate Type:登錄

2016/12/8 下午 05:40:04::2016-12-08 17:40:04:Application End!

2016/12/8 下午 06:01:06::2016-12-08 18:01:05:Application Start!

2016/12/8 下午 06:01:23==> Operate Description:用戶登錄, Operate Model:用戶管理, Operate creater:test Operate Type:登錄

2016/12/8 下午 06:01:23==> Operate Description:用戶登錄, Operate Model:用戶管理, Operate creater:test Operate Type:登錄

2016/12/8 下午 07:11:06::2016-12-08 19:11:06:Application End!

2016/12/8 下午 07:23:41::2016-12-08 19:23:41:Application Start!

2016/12/8 下午 07:44:41::2016-12-08 19:44:41:Application End!

2016/12/8 下午 09:31:49::2016-12-08 21:31:49:Application Start!

2016/12/8 下午 09:52:49::2016-12-08 21:52:49:Application End!

