2016/12/7 上午 03:22:26::2016-12-07 03:22:26:Application Start!

2016/12/7 上午 03:44:26::2016-12-07 03:44:26:Application End!

2016/12/7 上午 05:06:29::2016-12-07 05:06:29:Application Start!

2016/12/7 上午 05:27:29::2016-12-07 05:27:29:Application End!

2016/12/7 上午 05:59:25::2016-12-07 05:59:25:Application Start!

2016/12/7 上午 06:20:25::2016-12-07 06:20:25:Application End!

2016/12/7 上午 08:06:17::2016-12-07 08:06:17:Application Start!

2016/12/7 上午 09:03:44==> Operate Description:用戶登錄, Operate Model:用戶管理, Operate creater:test Operate Type:登錄

2016/12/7 上午 09:07:18==> Operate Description:用戶登錄, Operate Model:用戶管理, Operate creater:admin Operate Type:登錄

2016/12/7 上午 09:40:18::2016-12-07 09:40:18:Application End!

2016/12/7 上午 09:41:19::2016-12-07 09:41:19:Application Start!

2016/12/7 上午 10:03:20::2016-12-07 10:03:20:Application End!

2016/12/7 上午 10:34:37::2016-12-07 10:34:37:Application Start!

2016/12/7 上午 10:55:38::2016-12-07 10:55:38:Application End!

2016/12/7 上午 10:56:40::2016-12-07 10:56:40:Application Start!

2016/12/7 上午 11:17:40::2016-12-07 11:17:40:Application End!

2016/12/7 下午 01:47:03::2016-12-07 13:47:03:Application Start!

2016/12/7 下午 01:47:31==> Operate Description:用戶登錄, Operate Model:用戶管理, Operate creater:Tina.Lee Operate Type:登錄

2016/12/7 下午 02:08:04::2016-12-07 14:08:04:Application End!

2016/12/7 下午 03:47:28::2016-12-07 15:47:28:Application Start!

2016/12/7 下午 03:49:18==> Operate Description:用戶登錄, Operate Model:用戶管理, Operate creater:test Operate Type:登錄

2016/12/7 下午 04:28:38==> Operate Description:用戶登錄, Operate Model:用戶管理, Operate creater:test Operate Type:登錄

2016/12/7 下午 04:52:28::2016-12-07 16:52:28:Application End!

2016/12/7 下午 05:33:47::2016-12-07 17:33:47:Application Start!

2016/12/7 下午 05:54:48::2016-12-07 17:54:48:Application End!

2016/12/7 下午 09:35:12::2016-12-07 21:35:12:Application Start!

2016/12/7 下午 09:56:13::2016-12-07 21:56:13:Application End!

2016/12/7 下午 10:44:12::2016-12-07 22:44:12:Application Start!

2016/12/7 下午 11:05:12::2016-12-07 23:05:12:Application End!

