2016/11/16 上午 01:48:49::2016-11-16 01:48:49:Application Start!

2016/11/16 上午 02:09:50::2016-11-16 02:09:50:Application End!

2016/11/16 上午 06:05:08::2016-11-16 06:05:07:Application Start!

2016/11/16 上午 06:26:08::2016-11-16 06:26:08:Application End!

2016/11/16 上午 06:34:15::2016-11-16 06:34:15:Application Start!

2016/11/16 上午 06:37:02==> Operate Description:用戶登錄, Operate Model:用戶管理, Operate creater:test Operate Type:登錄

2016/11/16 上午 07:36:16::2016-11-16 07:36:16:Application End!

2016/11/16 上午 08:06:23::2016-11-16 08:06:23:Application Start!

2016/11/16 上午 08:06:41==> Operate Description:用戶登錄, Operate Model:用戶管理, Operate creater:test Operate Type:登錄

2016/11/16 上午 08:54:12==> Operate Description:用戶登錄, Operate Model:用戶管理, Operate creater:test Operate Type:登錄

2016/11/16 上午 09:24:23::2016-11-16 09:24:23:Application End!

2016/11/16 上午 09:44:44::2016-11-16 09:44:44:Application Start!

2016/11/16 上午 10:10:06==> Operate Description:用戶登錄, Operate Model:用戶管理, Operate creater:test Operate Type:登錄

2016/11/16 上午 10:17:26==> Operate Description:用戶登錄, Operate Model:用戶管理, Operate creater:test Operate Type:登錄

2016/11/16 上午 10:22:28==> Operate Description:用戶登錄, Operate Model:用戶管理, Operate creater:test Operate Type:登錄

2016/11/16 上午 10:25:36==> Operate Description:用戶登錄, Operate Model:用戶管理, Operate creater:test Operate Type:登錄

2016/11/16 上午 10:38:28==> Operate Description:用戶登錄, Operate Model:用戶管理, Operate creater:test Operate Type:登錄

2016/11/16 上午 10:58:09==> Operate Description:用戶登錄, Operate Model:用戶管理, Operate creater:test Operate Type:登錄

2016/11/16 上午 11:28:45::2016-11-16 11:28:45:Application End!

2016/11/16 上午 11:47:49::2016-11-16 11:47:49:Application Start!

2016/11/16 下午 12:08:50::2016-11-16 12:08:50:Application End!

2016/11/16 下午 12:19:21::2016-11-16 12:19:21:Application Start!

2016/11/16 下午 12:40:21::2016-11-16 12:40:21:Application End!

2016/11/16 下午 01:18:20::2016-11-16 13:18:20:Application Start!

2016/11/16 下午 01:36:14==> Operate Description:用戶登錄, Operate Model:用戶管理, Operate creater:test Operate Type:登錄

2016/11/16 下午 02:12:20::2016-11-16 14:12:20:Application End!

2016/11/16 下午 02:23:38::2016-11-16 14:23:38:Application Start!

2016/11/16 下午 02:46:38::2016-11-16 14:46:38:Application End!

2016/11/16 下午 03:06:17::2016-11-16 15:06:17:Application Start!

2016/11/16 下午 03:28:17::2016-11-16 15:28:17:Application End!

2016/11/16 下午 05:55:48::2016-11-16 17:55:48:Application Start!

2016/11/16 下午 05:56:03==> Operate Description:用戶登錄, Operate Model:用戶管理, Operate creater:test Operate Type:登錄

2016/11/16 下午 05:56:03==> Operate Description:用戶登錄, Operate Model:用戶管理, Operate creater:test Operate Type:登錄

2016/11/16 下午 06:11:20==> Operate Description:用戶登錄, Operate Model:用戶管理, Operate creater:test Operate Type:登錄

2016/11/16 下午 06:36:48::2016-11-16 18:36:48:Application End!

2016/11/16 下午 07:00:48::2016-11-16 19:00:48:Application Start!

2016/11/16 下午 07:37:48::2016-11-16 19:37:48:Application End!

2016/11/16 下午 07:52:49::2016-11-16 19:52:49:Application Start!

2016/11/16 下午 08:13:49::2016-11-16 20:13:49:Application End!

2016/11/16 下午 08:20:33::2016-11-16 20:20:33:Application Start!

2016/11/16 下午 08:41:33::2016-11-16 20:41:33:Application End!

2016/11/16 下午 10:36:05::2016-11-16 22:36:05:Application Start!

2016/11/16 下午 10:57:04::2016-11-16 22:57:04:Application End!

