2016/12/23 上午 01:01:53::2016-12-23 01:01:53:Application Start!

2016/12/23 上午 01:38:53::2016-12-23 01:38:53:Application End!

2016/12/23 上午 06:14:08::2016-12-23 06:14:08:Application Start!

2016/12/23 上午 06:35:08::2016-12-23 06:35:08:Application End!

2016/12/23 上午 07:17:04::2016-12-23 07:17:04:Application Start!

2016/12/23 上午 07:38:05::2016-12-23 07:38:05:Application End!

2016/12/23 上午 08:49:37::2016-12-23 08:49:37:Application Start!

2016/12/23 上午 09:10:37::2016-12-23 09:10:37:Application End!

2016/12/23 上午 10:23:49::2016-12-23 10:23:49:Application Start!

2016/12/23 上午 10:44:50::2016-12-23 10:44:50:Application End!

2016/12/23 下午 12:05:04::2016-12-23 12:05:04:Application Start!

2016/12/23 下午 12:26:04::2016-12-23 12:26:04:Application End!

2016/12/23 下午 02:51:09::2016-12-23 14:51:09:Application Start!

2016/12/23 下午 03:12:09::2016-12-23 15:12:09:Application End!

2016/12/23 下午 03:16:10::2016-12-23 15:16:10:Application Start!

2016/12/23 下午 03:37:10::2016-12-23 15:37:10:Application End!

2016/12/23 下午 04:24:40::2016-12-23 16:24:40:Application Start!

2016/12/23 下午 04:55:40::2016-12-23 16:55:40:Application End!

2016/12/23 下午 05:30:12::2016-12-23 17:30:12:Application Start!

2016/12/23 下午 06:01:12::2016-12-23 18:01:12:Application End!

2016/12/23 下午 06:38:07::2016-12-23 18:38:07:Application Start!

2016/12/23 下午 06:59:07::2016-12-23 18:59:07:Application End!

2016/12/23 下午 07:12:37::2016-12-23 19:12:37:Application Start!

2016/12/23 下午 07:52:37::2016-12-23 19:52:37:Application End!

2016/12/23 下午 07:59:17::2016-12-23 19:59:17:Application Start!

2016/12/23 下午 08:20:18::2016-12-23 20:20:18:Application End!

2016/12/23 下午 08:41:35::2016-12-23 20:41:35:Application Start!

2016/12/23 下午 09:17:35::2016-12-23 21:17:35:Application End!

2016/12/23 下午 09:26:01::2016-12-23 21:26:01:Application Start!

2016/12/23 下午 09:35:14==> Operate Description:用戶登錄, Operate Model:用戶管理, Operate creater:test Operate Type:登錄

2016/12/23 下午 09:56:02::2016-12-23 21:56:02:Application End!

2016/12/23 下午 11:00:32::2016-12-23 23:00:32:Application Start!

2016/12/23 下午 11:21:32::2016-12-23 23:21:32:Application End!

