2016/11/25 上午 12:08:22::2016-11-25 00:08:22:Application End!

2016/11/25 上午 01:42:38::2016-11-25 01:42:38:Application Start!

2016/11/25 上午 02:03:39::2016-11-25 02:03:39:Application End!

2016/11/25 上午 08:28:20::2016-11-25 08:28:19:Application Start!

2016/11/25 上午 08:49:20::2016-11-25 08:49:20:Application End!

2016/11/25 上午 09:00:27::2016-11-25 09:00:27:Application Start!

2016/11/25 上午 09:21:27::2016-11-25 09:21:27:Application End!

2016/11/25 下午 12:00:20::2016-11-25 12:00:20:Application Start!

2016/11/25 下午 12:21:21::2016-11-25 12:21:21:Application End!

2016/11/25 下午 12:21:35::2016-11-25 12:21:35:Application Start!

2016/11/25 下午 12:44:36::2016-11-25 12:44:36:Application End!

2016/11/25 下午 01:28:13::2016-11-25 13:28:13:Application Start!

2016/11/25 下午 01:49:14::2016-11-25 13:49:14:Application End!

2016/11/25 下午 02:14:58::2016-11-25 14:14:58:Application Start!

2016/11/25 下午 02:35:58::2016-11-25 14:35:58:Application End!

2016/11/25 下午 03:09:32::2016-11-25 15:09:32:Application Start!

2016/11/25 下午 03:30:31::2016-11-25 15:30:31:Application End!

2016/11/25 下午 03:33:42::2016-11-25 15:33:42:Application Start!

2016/11/25 下午 03:54:42::2016-11-25 15:54:42:Application End!

2016/11/25 下午 04:21:53::2016-11-25 16:21:53:Application Start!

2016/11/25 下午 04:50:57==> Operate Description:用戶登錄, Operate Model:用戶管理, Operate creater:test Operate Type:登錄

2016/11/25 下午 05:18:53::2016-11-25 17:18:53:Application End!

2016/11/25 下午 05:20:47::2016-11-25 17:20:47:Application Start!

2016/11/25 下午 05:20:59==> Operate Description:用戶登錄, Operate Model:用戶管理, Operate creater:test Operate Type:登錄

2016/11/25 下午 05:41:48::2016-11-25 17:41:48:Application End!

2016/11/25 下午 05:53:35::2016-11-25 17:53:35:Application Start!

2016/11/25 下午 06:14:35::2016-11-25 18:14:35:Application End!

2016/11/25 下午 06:51:30::2016-11-25 18:51:30:Application Start!

2016/11/25 下午 07:26:31::2016-11-25 19:26:31:Application End!

2016/11/25 下午 07:35:55::2016-11-25 19:35:55:Application Start!

2016/11/25 下午 07:56:55::2016-11-25 19:56:55:Application End!

2016/11/25 下午 08:22:30::2016-11-25 20:22:30:Application Start!

2016/11/25 下午 08:43:31::2016-11-25 20:43:31:Application End!

2016/11/25 下午 08:53:48::2016-11-25 20:53:48:Application Start!

2016/11/25 下午 09:21:48::2016-11-25 21:21:48:Application End!

2016/11/25 下午 09:40:37::2016-11-25 21:40:37:Application Start!

2016/11/25 下午 10:01:37::2016-11-25 22:01:37:Application End!

2016/11/25 下午 10:30:38::2016-11-25 22:30:38:Application Start!

2016/11/25 下午 10:55:38::2016-11-25 22:55:38:Application End!

2016/11/25 下午 11:04:29::2016-11-25 23:04:29:Application Start!

2016/11/25 下午 11:25:29::2016-11-25 23:25:29:Application End!

