2016/11/21 上午 03:19:01::2016-11-21 03:19:01:Application Start!

2016/11/21 上午 03:40:02::2016-11-21 03:40:02:Application End!

2016/11/21 上午 03:43:53::2016-11-21 03:43:53:Application Start!

2016/11/21 上午 04:04:53::2016-11-21 04:04:53:Application End!

2016/11/21 上午 04:22:11::2016-11-21 04:22:11:Application Start!

2016/11/21 上午 04:43:11::2016-11-21 04:43:11:Application End!

2016/11/21 上午 05:00:22::2016-11-21 05:00:22:Application Start!

2016/11/21 上午 05:32:22::2016-11-21 05:32:22:Application End!

2016/11/21 上午 07:56:33::2016-11-21 07:56:33:Application Start!

2016/11/21 上午 08:23:33::2016-11-21 08:23:33:Application End!

2016/11/21 上午 08:31:30::2016-11-21 08:31:30:Application Start!

2016/11/21 上午 08:52:31::2016-11-21 08:52:31:Application End!

2016/11/21 上午 08:54:09::2016-11-21 08:54:09:Application Start!

2016/11/21 上午 08:54:25==> Operate Description:用戶登錄, Operate Model:用戶管理, Operate creater:test Operate Type:登錄

2016/11/21 上午 09:32:25==> Operate Description:用戶登錄, Operate Model:用戶管理, Operate creater:Tina.Lee Operate Type:登錄

2016/11/21 下午 12:07:11::2016-11-21 12:07:11:Application End!

2016/11/21 下午 01:36:59::2016-11-21 13:36:59:Application Start!

2016/11/21 下午 02:40:02==> Operate Description:用戶登錄, Operate Model:用戶管理, Operate creater:test Operate Type:登錄

2016/11/21 下午 03:37:26==> Operate Description:用戶登錄, Operate Model:用戶管理, Operate creater:test Operate Type:登錄

2016/11/21 下午 03:58:00::2016-11-21 15:58:00:Application End!

2016/11/21 下午 05:02:52::2016-11-21 17:02:52:Application Start!

2016/11/21 下午 05:03:10==> Operate Description:用戶登錄, Operate Model:用戶管理, Operate creater:test Operate Type:登錄

2016/11/21 下午 05:03:10==> Operate Description:用戶登錄, Operate Model:用戶管理, Operate creater:test Operate Type:登錄

2016/11/21 下午 05:31:52::2016-11-21 17:31:52:Application End!

2016/11/21 下午 06:12:08::2016-11-21 18:12:08:Application Start!

2016/11/21 下午 06:33:08::2016-11-21 18:33:08:Application End!

2016/11/21 下午 06:50:02::2016-11-21 18:50:02:Application Start!

2016/11/21 下午 07:21:03::2016-11-21 19:21:03:Application End!

2016/11/21 下午 07:28:01::2016-11-21 19:28:01:Application Start!

2016/11/21 下午 07:48:59::2016-11-21 19:48:59:Application End!

2016/11/21 下午 07:50:34::2016-11-21 19:50:34:Application Start!

2016/11/21 下午 08:53:32::2016-11-21 20:53:32:Application End!

