2016/12/30 上午 08:20:10::2016-12-30 08:20:10:Application Start!

2016/12/30 上午 08:23:44==> Operate Description:用戶登錄, Operate Model:用戶管理, Operate creater:Chris.Hong Operate Type:登錄

2016/12/30 上午 08:46:06==> Errors Description:由於另一個處理序正在使用檔案 'E:\ePortal2\ePortal.Web\temp\Attendance.xls'，所以無法存取該檔案。Errors Location:   於 System.IO.__Error.WinIOError(Int32 errorCode, String maybeFullPath)
   於 System.IO.FileStream.Init(String path, FileMode mode, FileAccess access, Int32 rights, Boolean useRights, FileShare share, Int32 bufferSize, FileOptions options, SECURITY_ATTRIBUTES secAttrs, String msgPath, Boolean bFromProxy, Boolean useLongPath, Boolean checkHost)
   於 System.IO.FileStream..ctor(String path, FileMode mode, FileAccess access, FileShare share, Int32 bufferSize, FileOptions options, String msgPath, Boolean bFromProxy)
   於 System.IO.FileStream..ctor(String path, FileMode mode)
   於 ePortal.Web.Controllers.AttendanceController.attendancexls(Nullable`1 StartDate, Nullable`1 EndDate, String factory, String DeptNoBegin, String DeptNoEnd, String empno, String employes, String emptype, String control, String anomalous, String Chidao, String Zaotui, String Kuanggong, String Qingjia, String Jingchu, String Chejian, String ShowType) 於 d:\Code\ePortl\ePortal\ePortal.Web\Controllers\AttendanceController.cs: 行 660
   於 lambda_method(Closure , ControllerBase , Object[] )
   於 System.Web.Mvc.ActionMethodDispatcher.<>c__DisplayClass1.<WrapVoidAction>b__0(ControllerBase controller, Object[] parameters)
   於 System.Web.Mvc.ActionMethodDispatcher.Execute(ControllerBase controller, Object[] parameters)
   於 System.Web.Mvc.ReflectedActionDescriptor.Execute(ControllerContext controllerContext, IDictionary`2 parameters)
   於 System.Web.Mvc.ControllerActionInvoker.InvokeActionMethod(ControllerContext controllerContext, ActionDescriptor actionDescriptor, IDictionary`2 parameters)
   於 System.Web.Mvc.Async.AsyncControllerActionInvoker.<>c__DisplayClass42.<BeginInvokeSynchronousActionMethod>b__41()
   於 System.Web.Mvc.Async.AsyncResultWrapper.<>c__DisplayClass8`1.<BeginSynchronous>b__7(IAsyncResult _)
   於 System.Web.Mvc.Async.AsyncResultWrapper.WrappedAsyncResult`1.End()
   於 System.Web.Mvc.Async.AsyncControllerActionInvoker.EndInvokeActionMethod(IAsyncResult asyncResult)
   於 System.Web.Mvc.Async.AsyncControllerActionInvoker.<>c__DisplayClass37.<>c__DisplayClass39.<BeginInvokeActionMethodWithFilters>b__33()
   於 System.Web.Mvc.Async.AsyncControllerActionInvoker.<>c__DisplayClass4f.<InvokeActionMethodFilterAsynchronously>b__49()
   於 System.Web.Mvc.Async.AsyncControllerActionInvoker.<>c__DisplayClass4f.<InvokeActionMethodFilterAsynchronously>b__49()
   於 System.Web.Mvc.Async.AsyncControllerActionInvoker.<>c__DisplayClass4f.<InvokeActionMethodFilterAsynchronously>b__49()
   於 System.Web.Mvc.Async.AsyncControllerActionInvoker.<>c__DisplayClass37.<BeginInvokeActionMethodWithFilters>b__36(IAsyncResult asyncResult)
   於 System.Web.Mvc.Async.AsyncResultWrapper.WrappedAsyncResult`1.End()
   於 System.Web.Mvc.Async.AsyncControllerActionInvoker.EndInvokeActionMethodWithFilters(IAsyncResult asyncResult)
   於 System.Web.Mvc.Async.AsyncControllerActionInvoker.<>c__DisplayClass25.<>c__DisplayClass2a.<BeginInvokeAction>b__20()
   於 System.Web.Mvc.Async.AsyncControllerActionInvoker.<>c__DisplayClass25.<BeginInvokeAction>b__22(IAsyncResult asyncResult)

2016/12/30 上午 08:46:08==> Errors Description:遠端主機已關閉連接。錯誤碼為 0x800704CD。Errors Location:   於 System.Web.Hosting.IIS7WorkerRequest.RaiseCommunicationError(Int32 result, Boolean throwOnDisconnect)
   於 System.Web.Hosting.IIS7WorkerRequest.ExplicitFlush()
   於 System.Web.HttpResponse.Flush(Boolean finalFlush, Boolean async)
   於 System.Web.HttpResponse.Flush()
   於 System.Web.HttpResponseWrapper.Flush()
   於 ePortal.Web.Controllers.AttendanceController.attendancexls(Nullable`1 StartDate, Nullable`1 EndDate, String factory, String DeptNoBegin, String DeptNoEnd, String empno, String employes, String emptype, String control, String anomalous, String Chidao, String Zaotui, String Kuanggong, String Qingjia, String Jingchu, String Chejian, String ShowType) 於 d:\Code\ePortl\ePortal\ePortal.Web\Controllers\AttendanceController.cs: 行 693
   於 lambda_method(Closure , ControllerBase , Object[] )
   於 System.Web.Mvc.ActionMethodDispatcher.<>c__DisplayClass1.<WrapVoidAction>b__0(ControllerBase controller, Object[] parameters)
   於 System.Web.Mvc.ActionMethodDispatcher.Execute(ControllerBase controller, Object[] parameters)
   於 System.Web.Mvc.ReflectedActionDescriptor.Execute(ControllerContext controllerContext, IDictionary`2 parameters)
   於 System.Web.Mvc.ControllerActionInvoker.InvokeActionMethod(ControllerContext controllerContext, ActionDescriptor actionDescriptor, IDictionary`2 parameters)
   於 System.Web.Mvc.Async.AsyncControllerActionInvoker.<>c__DisplayClass42.<BeginInvokeSynchronousActionMethod>b__41()
   於 System.Web.Mvc.Async.AsyncResultWrapper.<>c__DisplayClass8`1.<BeginSynchronous>b__7(IAsyncResult _)
   於 System.Web.Mvc.Async.AsyncResultWrapper.WrappedAsyncResult`1.End()
   於 System.Web.Mvc.Async.AsyncControllerActionInvoker.EndInvokeActionMethod(IAsyncResult asyncResult)
   於 System.Web.Mvc.Async.AsyncControllerActionInvoker.<>c__DisplayClass37.<>c__DisplayClass39.<BeginInvokeActionMethodWithFilters>b__33()
   於 System.Web.Mvc.Async.AsyncControllerActionInvoker.<>c__DisplayClass4f.<InvokeActionMethodFilterAsynchronously>b__49()
   於 System.Web.Mvc.Async.AsyncControllerActionInvoker.<>c__DisplayClass4f.<InvokeActionMethodFilterAsynchronously>b__49()
   於 System.Web.Mvc.Async.AsyncControllerActionInvoker.<>c__DisplayClass4f.<InvokeActionMethodFilterAsynchronously>b__49()
   於 System.Web.Mvc.Async.AsyncControllerActionInvoker.<>c__DisplayClass37.<BeginInvokeActionMethodWithFilters>b__36(IAsyncResult asyncResult)
   於 System.Web.Mvc.Async.AsyncResultWrapper.WrappedAsyncResult`1.End()
   於 System.Web.Mvc.Async.AsyncControllerActionInvoker.EndInvokeActionMethodWithFilters(IAsyncResult asyncResult)
   於 System.Web.Mvc.Async.AsyncControllerActionInvoker.<>c__DisplayClass25.<>c__DisplayClass2a.<BeginInvokeAction>b__20()
   於 System.Web.Mvc.Async.AsyncControllerActionInvoker.<>c__DisplayClass25.<BeginInvokeAction>b__22(IAsyncResult asyncResult)

2016/12/30 上午 08:48:16==> Operate Description:用戶登錄, Operate Model:用戶管理, Operate creater:admin Operate Type:登錄

2016/12/30 上午 08:50:34==> Errors Description:遠端主機已關閉連接。錯誤碼為 0x800704CD。Errors Location:   於 System.Web.Hosting.IIS7WorkerRequest.RaiseCommunicationError(Int32 result, Boolean throwOnDisconnect)
   於 System.Web.Hosting.IIS7WorkerRequest.ExplicitFlush()
   於 System.Web.HttpResponse.Flush(Boolean finalFlush, Boolean async)
   於 System.Web.HttpResponse.Flush()
   於 System.Web.HttpResponseWrapper.Flush()
   於 ePortal.Web.Controllers.AttendanceController.attendancexls(Nullable`1 StartDate, Nullable`1 EndDate, String factory, String DeptNoBegin, String DeptNoEnd, String empno, String employes, String emptype, String control, String anomalous, String Chidao, String Zaotui, String Kuanggong, String Qingjia, String Jingchu, String Chejian, String ShowType) 於 d:\Code\ePortl\ePortal\ePortal.Web\Controllers\AttendanceController.cs: 行 693
   於 lambda_method(Closure , ControllerBase , Object[] )
   於 System.Web.Mvc.ActionMethodDispatcher.<>c__DisplayClass1.<WrapVoidAction>b__0(ControllerBase controller, Object[] parameters)
   於 System.Web.Mvc.ActionMethodDispatcher.Execute(ControllerBase controller, Object[] parameters)
   於 System.Web.Mvc.ReflectedActionDescriptor.Execute(ControllerContext controllerContext, IDictionary`2 parameters)
   於 System.Web.Mvc.ControllerActionInvoker.InvokeActionMethod(ControllerContext controllerContext, ActionDescriptor actionDescriptor, IDictionary`2 parameters)
   於 System.Web.Mvc.Async.AsyncControllerActionInvoker.<>c__DisplayClass42.<BeginInvokeSynchronousActionMethod>b__41()
   於 System.Web.Mvc.Async.AsyncResultWrapper.<>c__DisplayClass8`1.<BeginSynchronous>b__7(IAsyncResult _)
   於 System.Web.Mvc.Async.AsyncResultWrapper.WrappedAsyncResult`1.End()
   於 System.Web.Mvc.Async.AsyncControllerActionInvoker.EndInvokeActionMethod(IAsyncResult asyncResult)
   於 System.Web.Mvc.Async.AsyncControllerActionInvoker.<>c__DisplayClass37.<>c__DisplayClass39.<BeginInvokeActionMethodWithFilters>b__33()
   於 System.Web.Mvc.Async.AsyncControllerActionInvoker.<>c__DisplayClass4f.<InvokeActionMethodFilterAsynchronously>b__49()
   於 System.Web.Mvc.Async.AsyncControllerActionInvoker.<>c__DisplayClass4f.<InvokeActionMethodFilterAsynchronously>b__49()
   於 System.Web.Mvc.Async.AsyncControllerActionInvoker.<>c__DisplayClass4f.<InvokeActionMethodFilterAsynchronously>b__49()
   於 System.Web.Mvc.Async.AsyncControllerActionInvoker.<>c__DisplayClass37.<BeginInvokeActionMethodWithFilters>b__36(IAsyncResult asyncResult)
   於 System.Web.Mvc.Async.AsyncResultWrapper.WrappedAsyncResult`1.End()
   於 System.Web.Mvc.Async.AsyncControllerActionInvoker.EndInvokeActionMethodWithFilters(IAsyncResult asyncResult)
   於 System.Web.Mvc.Async.AsyncControllerActionInvoker.<>c__DisplayClass25.<>c__DisplayClass2a.<BeginInvokeAction>b__20()
   於 System.Web.Mvc.Async.AsyncControllerActionInvoker.<>c__DisplayClass25.<BeginInvokeAction>b__22(IAsyncResult asyncResult)

2016/12/30 上午 09:08:47==> Errors Description:遠端主機已關閉連接。錯誤碼為 0x800704CD。Errors Location:   於 System.Web.Hosting.IIS7WorkerRequest.RaiseCommunicationError(Int32 result, Boolean throwOnDisconnect)
   於 System.Web.Hosting.IIS7WorkerRequest.ExplicitFlush()
   於 System.Web.HttpResponse.Flush(Boolean finalFlush, Boolean async)
   於 System.Web.HttpResponse.Flush()
   於 System.Web.HttpResponseWrapper.Flush()
   於 ePortal.Web.Controllers.AttendanceController.attendancexls(Nullable`1 StartDate, Nullable`1 EndDate, String factory, String DeptNoBegin, String DeptNoEnd, String empno, String employes, String emptype, String control, String anomalous, String Chidao, String Zaotui, String Kuanggong, String Qingjia, String Jingchu, String Chejian, String ShowType) 於 d:\Code\ePortl\ePortal\ePortal.Web\Controllers\AttendanceController.cs: 行 693
   於 lambda_method(Closure , ControllerBase , Object[] )
   於 System.Web.Mvc.ActionMethodDispatcher.<>c__DisplayClass1.<WrapVoidAction>b__0(ControllerBase controller, Object[] parameters)
   於 System.Web.Mvc.ActionMethodDispatcher.Execute(ControllerBase controller, Object[] parameters)
   於 System.Web.Mvc.ReflectedActionDescriptor.Execute(ControllerContext controllerContext, IDictionary`2 parameters)
   於 System.Web.Mvc.ControllerActionInvoker.InvokeActionMethod(ControllerContext controllerContext, ActionDescriptor actionDescriptor, IDictionary`2 parameters)
   於 System.Web.Mvc.Async.AsyncControllerActionInvoker.<>c__DisplayClass42.<BeginInvokeSynchronousActionMethod>b__41()
   於 System.Web.Mvc.Async.AsyncResultWrapper.<>c__DisplayClass8`1.<BeginSynchronous>b__7(IAsyncResult _)
   於 System.Web.Mvc.Async.AsyncResultWrapper.WrappedAsyncResult`1.End()
   於 System.Web.Mvc.Async.AsyncControllerActionInvoker.EndInvokeActionMethod(IAsyncResult asyncResult)
   於 System.Web.Mvc.Async.AsyncControllerActionInvoker.<>c__DisplayClass37.<>c__DisplayClass39.<BeginInvokeActionMethodWithFilters>b__33()
   於 System.Web.Mvc.Async.AsyncControllerActionInvoker.<>c__DisplayClass4f.<InvokeActionMethodFilterAsynchronously>b__49()
   於 System.Web.Mvc.Async.AsyncControllerActionInvoker.<>c__DisplayClass4f.<InvokeActionMethodFilterAsynchronously>b__49()
   於 System.Web.Mvc.Async.AsyncControllerActionInvoker.<>c__DisplayClass4f.<InvokeActionMethodFilterAsynchronously>b__49()
   於 System.Web.Mvc.Async.AsyncControllerActionInvoker.<>c__DisplayClass37.<BeginInvokeActionMethodWithFilters>b__36(IAsyncResult asyncResult)
   於 System.Web.Mvc.Async.AsyncResultWrapper.WrappedAsyncResult`1.End()
   於 System.Web.Mvc.Async.AsyncControllerActionInvoker.EndInvokeActionMethodWithFilters(IAsyncResult asyncResult)
   於 System.Web.Mvc.Async.AsyncControllerActionInvoker.<>c__DisplayClass25.<>c__DisplayClass2a.<BeginInvokeAction>b__20()
   於 System.Web.Mvc.Async.AsyncControllerActionInvoker.<>c__DisplayClass25.<BeginInvokeAction>b__22(IAsyncResult asyncResult)

2016/12/30 上午 09:33:54==> Errors Description:遠端主機已關閉連接。錯誤碼為 0x800703E3。Errors Location:   於 System.Web.Hosting.IIS7WorkerRequest.RaiseCommunicationError(Int32 result, Boolean throwOnDisconnect)
   於 System.Web.Hosting.IIS7WorkerRequest.ExplicitFlush()
   於 System.Web.HttpResponse.Flush(Boolean finalFlush, Boolean async)
   於 System.Web.HttpResponse.Flush()
   於 System.Web.HttpResponseWrapper.Flush()
   於 ePortal.Web.Controllers.AttendanceController.attendancexls(Nullable`1 StartDate, Nullable`1 EndDate, String factory, String DeptNoBegin, String DeptNoEnd, String empno, String employes, String emptype, String control, String anomalous, String Chidao, String Zaotui, String Kuanggong, String Qingjia, String Jingchu, String Chejian, String ShowType) 於 d:\Code\ePortl\ePortal\ePortal.Web\Controllers\AttendanceController.cs: 行 693
   於 lambda_method(Closure , ControllerBase , Object[] )
   於 System.Web.Mvc.ActionMethodDispatcher.<>c__DisplayClass1.<WrapVoidAction>b__0(ControllerBase controller, Object[] parameters)
   於 System.Web.Mvc.ActionMethodDispatcher.Execute(ControllerBase controller, Object[] parameters)
   於 System.Web.Mvc.ReflectedActionDescriptor.Execute(ControllerContext controllerContext, IDictionary`2 parameters)
   於 System.Web.Mvc.ControllerActionInvoker.InvokeActionMethod(ControllerContext controllerContext, ActionDescriptor actionDescriptor, IDictionary`2 parameters)
   於 System.Web.Mvc.Async.AsyncControllerActionInvoker.<>c__DisplayClass42.<BeginInvokeSynchronousActionMethod>b__41()
   於 System.Web.Mvc.Async.AsyncResultWrapper.<>c__DisplayClass8`1.<BeginSynchronous>b__7(IAsyncResult _)
   於 System.Web.Mvc.Async.AsyncResultWrapper.WrappedAsyncResult`1.End()
   於 System.Web.Mvc.Async.AsyncControllerActionInvoker.EndInvokeActionMethod(IAsyncResult asyncResult)
   於 System.Web.Mvc.Async.AsyncControllerActionInvoker.<>c__DisplayClass37.<>c__DisplayClass39.<BeginInvokeActionMethodWithFilters>b__33()
   於 System.Web.Mvc.Async.AsyncControllerActionInvoker.<>c__DisplayClass4f.<InvokeActionMethodFilterAsynchronously>b__49()
   於 System.Web.Mvc.Async.AsyncControllerActionInvoker.<>c__DisplayClass4f.<InvokeActionMethodFilterAsynchronously>b__49()
   於 System.Web.Mvc.Async.AsyncControllerActionInvoker.<>c__DisplayClass4f.<InvokeActionMethodFilterAsynchronously>b__49()
   於 System.Web.Mvc.Async.AsyncControllerActionInvoker.<>c__DisplayClass37.<BeginInvokeActionMethodWithFilters>b__36(IAsyncResult asyncResult)
   於 System.Web.Mvc.Async.AsyncResultWrapper.WrappedAsyncResult`1.End()
   於 System.Web.Mvc.Async.AsyncControllerActionInvoker.EndInvokeActionMethodWithFilters(IAsyncResult asyncResult)
   於 System.Web.Mvc.Async.AsyncControllerActionInvoker.<>c__DisplayClass25.<>c__DisplayClass2a.<BeginInvokeAction>b__20()
   於 System.Web.Mvc.Async.AsyncControllerActionInvoker.<>c__DisplayClass25.<BeginInvokeAction>b__22(IAsyncResult asyncResult)

2016/12/30 上午 09:34:58==> Errors Description:遠端主機已關閉連接。錯誤碼為 0x800704CD。Errors Location:   於 System.Web.Hosting.IIS7WorkerRequest.RaiseCommunicationError(Int32 result, Boolean throwOnDisconnect)
   於 System.Web.Hosting.IIS7WorkerRequest.ExplicitFlush()
   於 System.Web.HttpResponse.Flush(Boolean finalFlush, Boolean async)
   於 System.Web.HttpResponse.Flush()
   於 System.Web.HttpResponseWrapper.Flush()
   於 ePortal.Web.Controllers.AttendanceController.attendancexls(Nullable`1 StartDate, Nullable`1 EndDate, String factory, String DeptNoBegin, String DeptNoEnd, String empno, String employes, String emptype, String control, String anomalous, String Chidao, String Zaotui, String Kuanggong, String Qingjia, String Jingchu, String Chejian, String ShowType) 於 d:\Code\ePortl\ePortal\ePortal.Web\Controllers\AttendanceController.cs: 行 693
   於 lambda_method(Closure , ControllerBase , Object[] )
   於 System.Web.Mvc.ActionMethodDispatcher.<>c__DisplayClass1.<WrapVoidAction>b__0(ControllerBase controller, Object[] parameters)
   於 System.Web.Mvc.ActionMethodDispatcher.Execute(ControllerBase controller, Object[] parameters)
   於 System.Web.Mvc.ReflectedActionDescriptor.Execute(ControllerContext controllerContext, IDictionary`2 parameters)
   於 System.Web.Mvc.ControllerActionInvoker.InvokeActionMethod(ControllerContext controllerContext, ActionDescriptor actionDescriptor, IDictionary`2 parameters)
   於 System.Web.Mvc.Async.AsyncControllerActionInvoker.<>c__DisplayClass42.<BeginInvokeSynchronousActionMethod>b__41()
   於 System.Web.Mvc.Async.AsyncResultWrapper.<>c__DisplayClass8`1.<BeginSynchronous>b__7(IAsyncResult _)
   於 System.Web.Mvc.Async.AsyncResultWrapper.WrappedAsyncResult`1.End()
   於 System.Web.Mvc.Async.AsyncControllerActionInvoker.EndInvokeActionMethod(IAsyncResult asyncResult)
   於 System.Web.Mvc.Async.AsyncControllerActionInvoker.<>c__DisplayClass37.<>c__DisplayClass39.<BeginInvokeActionMethodWithFilters>b__33()
   於 System.Web.Mvc.Async.AsyncControllerActionInvoker.<>c__DisplayClass4f.<InvokeActionMethodFilterAsynchronously>b__49()
   於 System.Web.Mvc.Async.AsyncControllerActionInvoker.<>c__DisplayClass4f.<InvokeActionMethodFilterAsynchronously>b__49()
   於 System.Web.Mvc.Async.AsyncControllerActionInvoker.<>c__DisplayClass4f.<InvokeActionMethodFilterAsynchronously>b__49()
   於 System.Web.Mvc.Async.AsyncControllerActionInvoker.<>c__DisplayClass37.<BeginInvokeActionMethodWithFilters>b__36(IAsyncResult asyncResult)
   於 System.Web.Mvc.Async.AsyncResultWrapper.WrappedAsyncResult`1.End()
   於 System.Web.Mvc.Async.AsyncControllerActionInvoker.EndInvokeActionMethodWithFilters(IAsyncResult asyncResult)
   於 System.Web.Mvc.Async.AsyncControllerActionInvoker.<>c__DisplayClass25.<>c__DisplayClass2a.<BeginInvokeAction>b__20()
   於 System.Web.Mvc.Async.AsyncControllerActionInvoker.<>c__DisplayClass25.<BeginInvokeAction>b__22(IAsyncResult asyncResult)

2016/12/30 上午 09:38:07==> Errors Description:遠端主機已關閉連接。錯誤碼為 0x800703E3。Errors Location:   於 System.Web.Hosting.IIS7WorkerRequest.RaiseCommunicationError(Int32 result, Boolean throwOnDisconnect)
   於 System.Web.Hosting.IIS7WorkerRequest.ExplicitFlush()
   於 System.Web.HttpResponse.Flush(Boolean finalFlush, Boolean async)
   於 System.Web.HttpResponse.Flush()
   於 System.Web.HttpResponseWrapper.Flush()
   於 ePortal.Web.Controllers.AttendanceController.attendancexls(Nullable`1 StartDate, Nullable`1 EndDate, String factory, String DeptNoBegin, String DeptNoEnd, String empno, String employes, String emptype, String control, String anomalous, String Chidao, String Zaotui, String Kuanggong, String Qingjia, String Jingchu, String Chejian, String ShowType) 於 d:\Code\ePortl\ePortal\ePortal.Web\Controllers\AttendanceController.cs: 行 693
   於 lambda_method(Closure , ControllerBase , Object[] )
   於 System.Web.Mvc.ActionMethodDispatcher.<>c__DisplayClass1.<WrapVoidAction>b__0(ControllerBase controller, Object[] parameters)
   於 System.Web.Mvc.ActionMethodDispatcher.Execute(ControllerBase controller, Object[] parameters)
   於 System.Web.Mvc.ReflectedActionDescriptor.Execute(ControllerContext controllerContext, IDictionary`2 parameters)
   於 System.Web.Mvc.ControllerActionInvoker.InvokeActionMethod(ControllerContext controllerContext, ActionDescriptor actionDescriptor, IDictionary`2 parameters)
   於 System.Web.Mvc.Async.AsyncControllerActionInvoker.<>c__DisplayClass42.<BeginInvokeSynchronousActionMethod>b__41()
   於 System.Web.Mvc.Async.AsyncResultWrapper.<>c__DisplayClass8`1.<BeginSynchronous>b__7(IAsyncResult _)
   於 System.Web.Mvc.Async.AsyncResultWrapper.WrappedAsyncResult`1.End()
   於 System.Web.Mvc.Async.AsyncControllerActionInvoker.EndInvokeActionMethod(IAsyncResult asyncResult)
   於 System.Web.Mvc.Async.AsyncControllerActionInvoker.<>c__DisplayClass37.<>c__DisplayClass39.<BeginInvokeActionMethodWithFilters>b__33()
   於 System.Web.Mvc.Async.AsyncControllerActionInvoker.<>c__DisplayClass4f.<InvokeActionMethodFilterAsynchronously>b__49()
   於 System.Web.Mvc.Async.AsyncControllerActionInvoker.<>c__DisplayClass4f.<InvokeActionMethodFilterAsynchronously>b__49()
   於 System.Web.Mvc.Async.AsyncControllerActionInvoker.<>c__DisplayClass4f.<InvokeActionMethodFilterAsynchronously>b__49()
   於 System.Web.Mvc.Async.AsyncControllerActionInvoker.<>c__DisplayClass37.<BeginInvokeActionMethodWithFilters>b__36(IAsyncResult asyncResult)
   於 System.Web.Mvc.Async.AsyncResultWrapper.WrappedAsyncResult`1.End()
   於 System.Web.Mvc.Async.AsyncControllerActionInvoker.EndInvokeActionMethodWithFilters(IAsyncResult asyncResult)
   於 System.Web.Mvc.Async.AsyncControllerActionInvoker.<>c__DisplayClass25.<>c__DisplayClass2a.<BeginInvokeAction>b__20()
   於 System.Web.Mvc.Async.AsyncControllerActionInvoker.<>c__DisplayClass25.<BeginInvokeAction>b__22(IAsyncResult asyncResult)

2016/12/30 上午 10:04:32==> Operate Description:用戶登錄, Operate Model:用戶管理, Operate creater:test Operate Type:登錄

2016/12/30 上午 10:10:06==> Errors Description:遠端主機已關閉連接。錯誤碼為 0x800703E3。Errors Location:   於 System.Web.Hosting.IIS7WorkerRequest.RaiseCommunicationError(Int32 result, Boolean throwOnDisconnect)
   於 System.Web.Hosting.IIS7WorkerRequest.ExplicitFlush()
   於 System.Web.HttpResponse.Flush(Boolean finalFlush, Boolean async)
   於 System.Web.HttpResponse.Flush()
   於 System.Web.HttpResponseWrapper.Flush()
   於 ePortal.Web.Controllers.AttendanceController.attendancexls(Nullable`1 StartDate, Nullable`1 EndDate, String factory, String DeptNoBegin, String DeptNoEnd, String empno, String employes, String emptype, String control, String anomalous, String Chidao, String Zaotui, String Kuanggong, String Qingjia, String Jingchu, String Chejian, String ShowType) 於 d:\Code\ePortl\ePortal\ePortal.Web\Controllers\AttendanceController.cs: 行 693
   於 lambda_method(Closure , ControllerBase , Object[] )
   於 System.Web.Mvc.ActionMethodDispatcher.<>c__DisplayClass1.<WrapVoidAction>b__0(ControllerBase controller, Object[] parameters)
   於 System.Web.Mvc.ActionMethodDispatcher.Execute(ControllerBase controller, Object[] parameters)
   於 System.Web.Mvc.ReflectedActionDescriptor.Execute(ControllerContext controllerContext, IDictionary`2 parameters)
   於 System.Web.Mvc.ControllerActionInvoker.InvokeActionMethod(ControllerContext controllerContext, ActionDescriptor actionDescriptor, IDictionary`2 parameters)
   於 System.Web.Mvc.Async.AsyncControllerActionInvoker.<>c__DisplayClass42.<BeginInvokeSynchronousActionMethod>b__41()
   於 System.Web.Mvc.Async.AsyncResultWrapper.<>c__DisplayClass8`1.<BeginSynchronous>b__7(IAsyncResult _)
   於 System.Web.Mvc.Async.AsyncResultWrapper.WrappedAsyncResult`1.End()
   於 System.Web.Mvc.Async.AsyncControllerActionInvoker.EndInvokeActionMethod(IAsyncResult asyncResult)
   於 System.Web.Mvc.Async.AsyncControllerActionInvoker.<>c__DisplayClass37.<>c__DisplayClass39.<BeginInvokeActionMethodWithFilters>b__33()
   於 System.Web.Mvc.Async.AsyncControllerActionInvoker.<>c__DisplayClass4f.<InvokeActionMethodFilterAsynchronously>b__49()
   於 System.Web.Mvc.Async.AsyncControllerActionInvoker.<>c__DisplayClass4f.<InvokeActionMethodFilterAsynchronously>b__49()
   於 System.Web.Mvc.Async.AsyncControllerActionInvoker.<>c__DisplayClass4f.<InvokeActionMethodFilterAsynchronously>b__49()
   於 System.Web.Mvc.Async.AsyncControllerActionInvoker.<>c__DisplayClass37.<BeginInvokeActionMethodWithFilters>b__36(IAsyncResult asyncResult)
   於 System.Web.Mvc.Async.AsyncResultWrapper.WrappedAsyncResult`1.End()
   於 System.Web.Mvc.Async.AsyncControllerActionInvoker.EndInvokeActionMethodWithFilters(IAsyncResult asyncResult)
   於 System.Web.Mvc.Async.AsyncControllerActionInvoker.<>c__DisplayClass25.<>c__DisplayClass2a.<BeginInvokeAction>b__20()
   於 System.Web.Mvc.Async.AsyncControllerActionInvoker.<>c__DisplayClass25.<BeginInvokeAction>b__22(IAsyncResult asyncResult)

2016/12/30 上午 10:46:10::2016-12-30 10:46:10:Application End!

2016/12/30 下午 01:09:15::2016-12-30 13:09:15:Application Start!

2016/12/30 下午 01:30:15::2016-12-30 13:30:15:Application End!

2016/12/30 下午 01:54:51::2016-12-30 13:54:51:Application Start!

2016/12/30 下午 02:13:32==> Operate Description:用戶登錄, Operate Model:用戶管理, Operate creater:test Operate Type:登錄

2016/12/30 下午 02:29:59==> Operate Description:用戶登錄, Operate Model:用戶管理, Operate creater:test Operate Type:登錄

2016/12/30 下午 02:59:28==> Operate Description:用戶登錄, Operate Model:用戶管理, Operate creater:test Operate Type:登錄

2016/12/30 下午 03:36:51::2016-12-30 15:36:51:Application End!

2016/12/30 下午 03:53:47::2016-12-30 15:53:47:Application Start!

2016/12/30 下午 04:14:48::2016-12-30 16:14:48:Application End!

2016/12/30 下午 05:42:43::2016-12-30 17:42:43:Application Start!

2016/12/30 下午 06:03:43::2016-12-30 18:03:43:Application End!

2016/12/30 下午 06:13:25::2016-12-30 18:13:25:Application Start!

2016/12/30 下午 06:34:25::2016-12-30 18:34:25:Application End!

2016/12/30 下午 07:06:21::2016-12-30 19:06:21:Application Start!

2016/12/30 下午 07:27:22::2016-12-30 19:27:22:Application End!

2016/12/30 下午 07:48:38::2016-12-30 19:48:38:Application Start!

2016/12/30 下午 08:09:38::2016-12-30 20:09:38:Application End!

2016/12/30 下午 09:25:07::2016-12-30 21:25:07:Application Start!

2016/12/30 下午 09:46:08::2016-12-30 21:46:08:Application End!

