2016/11/26 上午 12:10:57::2016-11-26 00:10:57:Application Start!

2016/11/26 上午 12:32:59::2016-11-26 00:32:59:Application End!

2016/11/26 上午 12:51:58::2016-11-26 00:51:58:Application Start!

2016/11/26 上午 01:12:58::2016-11-26 01:12:58:Application End!

2016/11/26 上午 03:05:39::2016-11-26 03:05:39:Application Start!

2016/11/26 上午 04:08:39::2016-11-26 04:08:39:Application End!

2016/11/26 上午 05:04:30::2016-11-26 05:04:29:Application Start!

2016/11/26 上午 05:25:30::2016-11-26 05:25:30:Application End!

2016/11/26 上午 06:27:48::2016-11-26 06:27:48:Application Start!

2016/11/26 上午 06:28:01==> Operate Description:用戶登錄, Operate Model:用戶管理, Operate creater:test Operate Type:登錄

2016/11/26 上午 06:53:48::2016-11-26 06:53:48:Application End!

2016/11/26 上午 07:27:46::2016-11-26 07:27:46:Application Start!

2016/11/26 上午 07:49:46::2016-11-26 07:49:46:Application End!

2016/11/26 上午 08:51:46::2016-11-26 08:51:46:Application Start!

2016/11/26 上午 09:12:46::2016-11-26 09:12:46:Application End!

2016/11/26 上午 09:13:32::2016-11-26 09:13:32:Application Start!

2016/11/26 上午 09:34:30::2016-11-26 09:34:30:Application End!

2016/11/26 上午 09:52:31::2016-11-26 09:52:31:Application Start!

2016/11/26 上午 10:46:31::2016-11-26 10:46:31:Application End!

2016/11/26 上午 11:36:25::2016-11-26 11:36:25:Application Start!

2016/11/26 上午 11:57:26::2016-11-26 11:57:26:Application End!

2016/11/26 上午 11:58:41::2016-11-26 11:58:41:Application Start!

2016/11/26 下午 12:19:41::2016-11-26 12:19:41:Application End!

2016/11/26 下午 12:47:20::2016-11-26 12:47:20:Application Start!

2016/11/26 下午 01:16:20::2016-11-26 13:16:20:Application End!

2016/11/26 下午 01:48:09::2016-11-26 13:48:09:Application Start!

2016/11/26 下午 02:09:09::2016-11-26 14:09:09:Application End!

2016/11/26 下午 02:54:25::2016-11-26 14:54:25:Application Start!

2016/11/26 下午 03:18:26::2016-11-26 15:18:26:Application End!

2016/11/26 下午 03:55:35::2016-11-26 15:55:35:Application Start!

2016/11/26 下午 04:18:35::2016-11-26 16:18:35:Application End!

2016/11/26 下午 04:32:56::2016-11-26 16:32:56:Application Start!

2016/11/26 下午 04:53:56::2016-11-26 16:53:56:Application End!

2016/11/26 下午 05:11:35::2016-11-26 17:11:35:Application Start!

2016/11/26 下午 05:40:35::2016-11-26 17:40:35:Application End!

2016/11/26 下午 06:35:00::2016-11-26 18:35:00:Application Start!

2016/11/26 下午 07:12:02::2016-11-26 19:12:02:Application End!

2016/11/26 下午 08:48:49::2016-11-26 20:48:49:Application Start!

2016/11/26 下午 09:09:49::2016-11-26 21:09:49:Application End!

2016/11/26 下午 11:08:06::2016-11-26 23:08:06:Application Start!

2016/11/26 下午 11:32:07::2016-11-26 23:32:07:Application End!

