2016/12/10 上午 12:20:46::2016-12-10 00:20:46:Application End!

2016/12/10 上午 05:37:55::2016-12-10 05:37:55:Application Start!

2016/12/10 上午 05:58:56::2016-12-10 05:58:56:Application End!

2016/12/10 上午 08:09:04::2016-12-10 08:09:04:Application Start!

2016/12/10 上午 08:09:18==> Operate Description:用戶登錄, Operate Model:用戶管理, Operate creater:test Operate Type:登錄

2016/12/10 上午 08:30:04::2016-12-10 08:30:04:Application End!

2016/12/10 上午 08:35:43::2016-12-10 08:35:43:Application Start!

2016/12/10 上午 09:08:43::2016-12-10 09:08:43:Application End!

2016/12/10 上午 09:51:06::2016-12-10 09:51:05:Application Start!

2016/12/10 上午 10:12:06::2016-12-10 10:12:06:Application End!

2016/12/10 上午 11:37:54::2016-12-10 11:37:54:Application Start!

2016/12/10 上午 11:58:55::2016-12-10 11:58:55:Application End!

2016/12/10 下午 01:26:46::2016-12-10 13:26:46:Application Start!

2016/12/10 下午 01:38:01==> Operate Description:用戶登錄, Operate Model:用戶管理, Operate creater:test Operate Type:登錄

2016/12/10 下午 01:58:47::2016-12-10 13:58:47:Application End!

2016/12/10 下午 02:29:04::2016-12-10 14:29:04:Application Start!

2016/12/10 下午 02:50:05::2016-12-10 14:50:05:Application End!

2016/12/10 下午 03:06:17::2016-12-10 15:06:17:Application Start!

2016/12/10 下午 03:27:18::2016-12-10 15:27:18:Application End!

2016/12/10 下午 03:30:52::2016-12-10 15:30:52:Application Start!

2016/12/10 下午 03:51:52::2016-12-10 15:51:52:Application End!

2016/12/10 下午 04:25:33::2016-12-10 16:25:33:Application Start!

2016/12/10 下午 04:46:34::2016-12-10 16:46:34:Application End!

2016/12/10 下午 05:11:38::2016-12-10 17:11:38:Application Start!

2016/12/10 下午 05:32:38::2016-12-10 17:32:38:Application End!

2016/12/10 下午 06:23:18::2016-12-10 18:23:18:Application Start!

2016/12/10 下午 06:23:43==> Operate Description:用戶登錄, Operate Model:用戶管理, Operate creater:test Operate Type:登錄

2016/12/10 下午 06:23:43==> Operate Description:用戶登錄, Operate Model:用戶管理, Operate creater:test Operate Type:登錄

2016/12/10 下午 06:51:19::2016-12-10 18:51:19:Application End!

2016/12/10 下午 07:08:09::2016-12-10 19:08:09:Application Start!

2016/12/10 下午 07:37:08::2016-12-10 19:37:08:Application End!

2016/12/10 下午 09:41:40::2016-12-10 21:41:40:Application Start!

2016/12/10 下午 10:17:40::2016-12-10 22:17:40:Application End!

