2016/8/16 上午 01:09:35::2016-08-16 01:09:35:Application Start!

2016/8/16 上午 01:30:35::2016-08-16 01:30:35:Application End!

2016/8/16 上午 11:42:08::2016-08-16 11:42:08:Application Start!

2016/8/16 下午 12:03:08::2016-08-16 12:03:08:Application End!

2016/8/16 下午 01:11:58::2016-08-16 13:11:58:Application Start!

2016/8/16 下午 01:32:59::2016-08-16 13:32:59:Application End!

2016/8/16 下午 01:39:06::2016-08-16 13:39:06:Application Start!

2016/8/16 下午 01:40:41==> Operate Description:用戶登錄, Operate Model:用戶管理, Operate creater:admin Operate Type:登錄

2016/8/16 下午 01:40:41==> Operate Description:用戶登錄, Operate Model:用戶管理, Operate creater:admin Operate Type:登錄

2016/8/16 下午 01:43:08==> Operate Description:用戶登錄, Operate Model:用戶管理, Operate creater:Jianguo.Zhou Operate Type:登錄

2016/8/16 下午 01:43:26==> Operate Description:用戶登錄, Operate Model:用戶管理, Operate creater:admin Operate Type:登錄

2016/8/16 下午 01:45:12==> Operate Description:用戶登錄, Operate Model:用戶管理, Operate creater:Jianguo.Zhou Operate Type:登錄

2016/8/16 下午 01:51:14==> Operate Description:用戶登錄, Operate Model:用戶管理, Operate creater:Jianguo.Zhou Operate Type:登錄

2016/8/16 下午 02:31:07::2016-08-16 14:31:07:Application End!

2016/8/16 下午 03:59:18::2016-08-16 15:59:18:Application Start!

2016/8/16 下午 04:20:19::2016-08-16 16:20:19:Application End!

2016/8/16 下午 05:42:42::2016-08-16 17:42:42:Application Start!

2016/8/16 下午 06:03:42::2016-08-16 18:03:42:Application End!

2016/8/16 下午 06:29:38::2016-08-16 18:29:38:Application Start!

2016/8/16 下午 06:50:38::2016-08-16 18:50:38:Application End!

