2016/12/19 上午 05:36:26::2016-12-19 05:36:26:Application Start!

2016/12/19 上午 09:06:44==> Operate Description:用戶登錄, Operate Model:用戶管理, Operate creater:test Operate Type:登錄

2016/12/19 上午 09:43:25::2016-12-19 09:43:25:Application End!

2016/12/19 上午 10:08:50::2016-12-19 10:08:50:Application Start!

2016/12/19 上午 10:09:01==> Operate Description:用戶登錄, Operate Model:用戶管理, Operate creater:test Operate Type:登錄

2016/12/19 上午 10:50:50::2016-12-19 10:50:50:Application End!

2016/12/19 上午 10:52:38::2016-12-19 10:52:38:Application Start!

2016/12/19 上午 11:14:39::2016-12-19 11:14:39:Application End!

2016/12/19 上午 11:15:17::2016-12-19 11:15:17:Application Start!

2016/12/19 上午 11:15:36==> Operate Description:用戶登錄, Operate Model:用戶管理, Operate creater:test Operate Type:登錄

2016/12/19 上午 11:24:41==> Operate Description:用戶登錄, Operate Model:用戶管理, Operate creater:test Operate Type:登錄

2016/12/19 上午 11:45:17::2016-12-19 11:45:17:Application End!

2016/12/19 上午 11:46:54::2016-12-19 11:46:54:Application Start!

2016/12/19 上午 11:50:08==> Operate Description:用戶登錄, Operate Model:用戶管理, Operate creater:test Operate Type:登錄

2016/12/19 上午 11:50:08==> Operate Description:用戶登錄, Operate Model:用戶管理, Operate creater:test Operate Type:登錄

2016/12/19 下午 12:46:54::2016-12-19 12:46:54:Application End!

2016/12/19 下午 01:24:05::2016-12-19 13:24:05:Application Start!

2016/12/19 下午 01:47:06::2016-12-19 13:47:06:Application End!

2016/12/19 下午 02:19:51::2016-12-19 14:19:51:Application Start!

2016/12/19 下午 02:40:51::2016-12-19 14:40:51:Application End!

2016/12/19 下午 03:32:51::2016-12-19 15:32:51:Application Start!

2016/12/19 下午 03:58:51::2016-12-19 15:58:51:Application End!

2016/12/19 下午 04:06:47::2016-12-19 16:06:47:Application Start!

2016/12/19 下午 04:07:21==> Operate Description:用戶登錄, Operate Model:用戶管理, Operate creater:test Operate Type:登錄

2016/12/19 下午 04:13:33==> Operate Description:用戶登錄, Operate Model:用戶管理, Operate creater:test Operate Type:登錄

2016/12/19 下午 04:37:47::2016-12-19 16:37:47:Application End!

2016/12/19 下午 05:08:34::2016-12-19 17:08:34:Application Start!

2016/12/19 下午 05:30:35::2016-12-19 17:30:35:Application End!

2016/12/19 下午 07:33:28::2016-12-19 19:33:28:Application Start!

2016/12/19 下午 07:54:28::2016-12-19 19:54:28:Application End!

2016/12/19 下午 08:04:54::2016-12-19 20:04:54:Application Start!

2016/12/19 下午 08:05:13==> Operate Description:用戶登錄, Operate Model:用戶管理, Operate creater:test Operate Type:登錄

2016/12/19 下午 08:09:19==> Operate Description:用戶登錄, Operate Model:用戶管理, Operate creater:test Operate Type:登錄

2016/12/19 下午 08:33:55::2016-12-19 20:33:55:Application End!

2016/12/19 下午 09:29:43::2016-12-19 21:29:43:Application Start!

2016/12/19 下午 09:29:56==> Operate Description:用戶登錄, Operate Model:用戶管理, Operate creater:test Operate Type:登錄

2016/12/19 下午 09:29:56==> Operate Description:用戶登錄, Operate Model:用戶管理, Operate creater:test Operate Type:登錄

2016/12/19 下午 09:51:43::2016-12-19 21:51:43:Application End!

2016/12/19 下午 10:02:38::2016-12-19 22:02:38:Application Start!

2016/12/19 下午 10:37:38::2016-12-19 22:37:38:Application End!

