2016/11/18 上午 12:05:21::2016-11-18 00:05:21:Application End!

2016/11/18 上午 12:17:33::2016-11-18 00:17:33:Application Start!

2016/11/18 上午 12:38:33::2016-11-18 00:38:33:Application End!

2016/11/18 上午 01:19:23::2016-11-18 01:19:23:Application Start!

2016/11/18 上午 01:40:23::2016-11-18 01:40:23:Application End!

2016/11/18 上午 05:32:28::2016-11-18 05:32:28:Application Start!

2016/11/18 上午 05:53:29::2016-11-18 05:53:29:Application End!

2016/11/18 上午 06:50:15::2016-11-18 06:50:15:Application Start!

2016/11/18 上午 07:11:15::2016-11-18 07:11:15:Application End!

2016/11/18 上午 07:24:14::2016-11-18 07:24:14:Application Start!

2016/11/18 上午 08:03:14::2016-11-18 08:03:14:Application End!

2016/11/18 上午 09:39:21::2016-11-18 09:39:21:Application Start!

2016/11/18 上午 10:11:21::2016-11-18 10:11:21:Application End!

2016/11/18 上午 11:14:53::2016-11-18 11:14:53:Application Start!

2016/11/18 上午 11:35:53::2016-11-18 11:35:53:Application End!

2016/11/18 上午 11:38:19::2016-11-18 11:38:19:Application Start!

2016/11/18 下午 12:12:19::2016-11-18 12:12:19:Application End!

2016/11/18 下午 01:16:57::2016-11-18 13:16:57:Application Start!

2016/11/18 下午 01:46:58::2016-11-18 13:46:58:Application End!

2016/11/18 下午 01:57:37::2016-11-18 13:57:37:Application Start!

2016/11/18 下午 01:57:50==> Operate Description:用戶登錄, Operate Model:用戶管理, Operate creater:Chris.Hong Operate Type:登錄

2016/11/18 下午 02:18:37::2016-11-18 14:18:37:Application End!

2016/11/18 下午 03:00:05::2016-11-18 15:00:05:Application Start!

2016/11/18 下午 03:00:14==> Operate Description:用戶登錄, Operate Model:用戶管理, Operate creater:Tina.Lee Operate Type:登錄

2016/11/18 下午 03:46:06==> Operate Description:用戶登錄, Operate Model:用戶管理, Operate creater:test Operate Type:登錄

2016/11/18 下午 05:40:05::2016-11-18 17:40:05:Application End!

2016/11/18 下午 05:41:42::2016-11-18 17:41:42:Application Start!

2016/11/18 下午 07:40:41::2016-11-18 19:40:41:Application End!

2016/11/18 下午 08:02:10::2016-11-18 20:02:10:Application Start!

2016/11/18 下午 08:31:10::2016-11-18 20:31:10:Application End!

2016/11/18 下午 09:07:24::2016-11-18 21:07:24:Application Start!

2016/11/18 下午 09:35:24::2016-11-18 21:35:24:Application End!

2016/11/18 下午 11:04:30::2016-11-18 23:04:30:Application Start!

2016/11/18 下午 11:26:30::2016-11-18 23:26:30:Application End!

