2016/12/16 上午 04:29:58::2016-12-16 04:29:58:Application Start!

2016/12/16 上午 04:50:58::2016-12-16 04:50:58:Application End!

2016/12/16 上午 06:29:45::2016-12-16 06:29:45:Application Start!

2016/12/16 上午 06:54:45::2016-12-16 06:54:45:Application End!

2016/12/16 上午 08:02:18::2016-12-16 08:02:18:Application Start!

2016/12/16 上午 08:40:18::2016-12-16 08:40:18:Application End!

2016/12/16 上午 10:02:34::2016-12-16 10:02:34:Application Start!

2016/12/16 上午 10:24:34::2016-12-16 10:24:34:Application End!

2016/12/16 上午 11:35:02::2016-12-16 11:35:02:Application Start!

2016/12/16 上午 11:56:03::2016-12-16 11:56:03:Application End!

2016/12/16 下午 01:13:29::2016-12-16 13:13:29:Application Start!

2016/12/16 下午 01:34:30::2016-12-16 13:34:30:Application End!

2016/12/16 下午 02:40:38::2016-12-16 14:40:38:Application Start!

2016/12/16 下午 03:11:39::2016-12-16 15:11:39:Application End!

2016/12/16 下午 03:33:59::2016-12-16 15:33:59:Application Start!

2016/12/16 下午 03:59:59::2016-12-16 15:59:59:Application End!

2016/12/16 下午 04:01:40::2016-12-16 16:01:40:Application Start!

2016/12/16 下午 04:23:40::2016-12-16 16:23:40:Application End!

2016/12/16 下午 04:35:17::2016-12-16 16:35:17:Application Start!

2016/12/16 下午 04:56:18::2016-12-16 16:56:18:Application End!

2016/12/16 下午 05:16:27::2016-12-16 17:16:27:Application Start!

2016/12/16 下午 05:37:28::2016-12-16 17:37:28:Application End!

2016/12/16 下午 06:10:12::2016-12-16 18:10:12:Application Start!

2016/12/16 下午 06:46:13::2016-12-16 18:46:13:Application End!

2016/12/16 下午 06:51:28::2016-12-16 18:51:28:Application Start!

2016/12/16 下午 07:12:29::2016-12-16 19:12:29:Application End!

2016/12/16 下午 09:10:18::2016-12-16 21:10:18:Application Start!

2016/12/16 下午 09:31:18::2016-12-16 21:31:18:Application End!

2016/12/16 下午 10:07:51::2016-12-16 22:07:51:Application Start!

2016/12/16 下午 10:28:52::2016-12-16 22:28:52:Application End!

2016/12/16 下午 10:41:06::2016-12-16 22:41:06:Application Start!

2016/12/16 下午 10:41:29==> Operate Description:用戶登錄, Operate Model:用戶管理, Operate creater:test Operate Type:登錄

2016/12/16 下午 11:14:06::2016-12-16 23:14:06:Application End!

2016/12/16 下午 11:25:32::2016-12-16 23:25:32:Application Start!

2016/12/16 下午 11:52:33::2016-12-16 23:52:33:Application End!

