2016/12/9 上午 06:41:42::2016-12-09 06:41:42:Application Start!

2016/12/9 上午 07:02:42::2016-12-09 07:02:42:Application End!

2016/12/9 上午 07:55:24::2016-12-09 07:55:24:Application Start!

2016/12/9 上午 08:18:24::2016-12-09 08:18:24:Application End!

2016/12/9 上午 09:10:53::2016-12-09 09:10:53:Application Start!

2016/12/9 上午 09:11:18==> Operate Description:用戶登錄, Operate Model:用戶管理, Operate creater:test Operate Type:登錄

2016/12/9 上午 09:18:41==> Operate Description:用戶登錄, Operate Model:用戶管理, Operate creater:test Operate Type:登錄

2016/12/9 上午 09:45:53::2016-12-09 09:45:53:Application End!

2016/12/9 上午 10:21:23::2016-12-09 10:21:23:Application Start!

2016/12/9 上午 10:42:24::2016-12-09 10:42:24:Application End!

2016/12/9 上午 11:06:17::2016-12-09 11:06:17:Application Start!

2016/12/9 上午 11:31:18::2016-12-09 11:31:18:Application End!

2016/12/9 下午 02:58:21::2016-12-09 14:58:21:Application Start!

2016/12/9 下午 03:21:20::2016-12-09 15:21:20:Application End!

2016/12/9 下午 03:45:27::2016-12-09 15:45:27:Application Start!

2016/12/9 下午 04:09:51==> Operate Description:用戶登錄, Operate Model:用戶管理, Operate creater:test Operate Type:登錄

2016/12/9 下午 04:10:11==> Operate Description:用戶登錄, Operate Model:用戶管理, Operate creater:test Operate Type:登錄

2016/12/9 下午 04:39:29::2016-12-09 16:39:29:Application End!

2016/12/9 下午 05:46:05::2016-12-09 17:46:05:Application Start!

2016/12/9 下午 06:08:05::2016-12-09 18:08:05:Application End!

2016/12/9 下午 07:33:02::2016-12-09 19:33:02:Application Start!

2016/12/9 下午 07:54:02::2016-12-09 19:54:02:Application End!

2016/12/9 下午 08:24:21::2016-12-09 20:24:21:Application Start!

2016/12/9 下午 08:45:21::2016-12-09 20:45:21:Application End!

2016/12/9 下午 09:41:52::2016-12-09 21:41:52:Application Start!

2016/12/9 下午 10:17:52::2016-12-09 22:17:52:Application End!

2016/12/9 下午 11:59:46::2016-12-09 23:59:46:Application Start!

