2017/3/7 上午 03:58:14::2017-03-07 03:58:14:Application Start!

2017/3/7 上午 04:19:13::2017-03-07 04:19:13:Application End!

2017/3/7 上午 08:30:06::2017-03-07 08:30:06:Application Start!

2017/3/7 上午 08:51:05::2017-03-07 08:51:05:Application End!

2017/3/7 上午 10:15:55::2017-03-07 10:15:55:Application Start!

2017/3/7 上午 10:30:12==> Operate Description:用戶登錄, Operate Model:用戶管理, Operate creater:Chris.Hong Operate Type:登錄

2017/3/7 上午 10:30:12==> Operate Description:用戶登錄, Operate Model:用戶管理, Operate creater:Chris.Hong Operate Type:登錄

2017/3/7 上午 10:50:55::2017-03-07 10:50:55:Application End!

2017/3/7 下午 01:18:56::2017-03-07 13:18:56:Application Start!

2017/3/7 下午 01:39:57::2017-03-07 13:39:57:Application End!

2017/3/7 下午 01:43:35::2017-03-07 13:43:35:Application Start!

2017/3/7 下午 02:05:33::2017-03-07 14:05:33:Application End!

2017/3/7 下午 02:55:29::2017-03-07 14:55:29:Application Start!

2017/3/7 下午 02:55:39==> Operate Description:用戶登錄, Operate Model:用戶管理, Operate creater:admin Operate Type:登錄

2017/3/7 下午 03:16:30::2017-03-07 15:16:30:Application End!

2017/3/7 下午 03:32:59::2017-03-07 15:32:59:Application Start!

2017/3/7 下午 03:35:56==> Operate Description:用戶登錄, Operate Model:用戶管理, Operate creater:admin Operate Type:登錄

2017/3/7 下午 03:38:44==> Errors Description:遠端主機已關閉連接。錯誤碼為 0x800704CD。Errors Location:   於 System.Web.Hosting.IIS7WorkerRequest.RaiseCommunicationError(Int32 result, Boolean throwOnDisconnect)
   於 System.Web.Hosting.IIS7WorkerRequest.ExplicitFlush()
   於 System.Web.HttpResponse.Flush(Boolean finalFlush, Boolean async)
   於 System.Web.HttpResponse.Flush()
   於 System.Web.HttpResponseWrapper.Flush()
   於 ePortal.Web.Controllers.AttendanceController.attendancexls(Nullable`1 StartDate, Nullable`1 EndDate, String factory, String DeptNoBegin, String DeptNoEnd, String empno, String employes, String emptype, String control, String anomalous, String Chidao, String Zaotui, String Kuanggong, String Qingjia, String Jingchu, String Chejian, String ShowType) 於 d:\Code\ePortl\ePortal\ePortal.Web\Controllers\AttendanceController.cs: 行 693
   於 lambda_method(Closure , ControllerBase , Object[] )
   於 System.Web.Mvc.ActionMethodDispatcher.<>c__DisplayClass1.<WrapVoidAction>b__0(ControllerBase controller, Object[] parameters)
   於 System.Web.Mvc.ActionMethodDispatcher.Execute(ControllerBase controller, Object[] parameters)
   於 System.Web.Mvc.ReflectedActionDescriptor.Execute(ControllerContext controllerContext, IDictionary`2 parameters)
   於 System.Web.Mvc.ControllerActionInvoker.InvokeActionMethod(ControllerContext controllerContext, ActionDescriptor actionDescriptor, IDictionary`2 parameters)
   於 System.Web.Mvc.Async.AsyncControllerActionInvoker.<>c__DisplayClass42.<BeginInvokeSynchronousActionMethod>b__41()
   於 System.Web.Mvc.Async.AsyncResultWrapper.<>c__DisplayClass8`1.<BeginSynchronous>b__7(IAsyncResult _)
   於 System.Web.Mvc.Async.AsyncResultWrapper.WrappedAsyncResult`1.End()
   於 System.Web.Mvc.Async.AsyncControllerActionInvoker.EndInvokeActionMethod(IAsyncResult asyncResult)
   於 System.Web.Mvc.Async.AsyncControllerActionInvoker.<>c__DisplayClass37.<>c__DisplayClass39.<BeginInvokeActionMethodWithFilters>b__33()
   於 System.Web.Mvc.Async.AsyncControllerActionInvoker.<>c__DisplayClass4f.<InvokeActionMethodFilterAsynchronously>b__49()
   於 System.Web.Mvc.Async.AsyncControllerActionInvoker.<>c__DisplayClass4f.<InvokeActionMethodFilterAsynchronously>b__49()
   於 System.Web.Mvc.Async.AsyncControllerActionInvoker.<>c__DisplayClass4f.<InvokeActionMethodFilterAsynchronously>b__49()
   於 System.Web.Mvc.Async.AsyncControllerActionInvoker.<>c__DisplayClass37.<BeginInvokeActionMethodWithFilters>b__36(IAsyncResult asyncResult)
   於 System.Web.Mvc.Async.AsyncResultWrapper.WrappedAsyncResult`1.End()
   於 System.Web.Mvc.Async.AsyncControllerActionInvoker.EndInvokeActionMethodWithFilters(IAsyncResult asyncResult)
   於 System.Web.Mvc.Async.AsyncControllerActionInvoker.<>c__DisplayClass25.<>c__DisplayClass2a.<BeginInvokeAction>b__20()
   於 System.Web.Mvc.Async.AsyncControllerActionInvoker.<>c__DisplayClass25.<BeginInvokeAction>b__22(IAsyncResult asyncResult)

2017/3/7 下午 03:58:56::2017-03-07 15:58:55:Application End!

2017/3/7 下午 04:14:24::2017-03-07 16:14:24:Application Start!

2017/3/7 下午 04:35:24::2017-03-07 16:35:24:Application End!

2017/3/7 下午 04:36:42::2017-03-07 16:36:42:Application Start!

2017/3/7 下午 05:10:41::2017-03-07 17:10:41:Application End!

2017/3/7 下午 06:52:28::2017-03-07 18:52:28:Application Start!

2017/3/7 下午 07:13:27::2017-03-07 19:13:27:Application End!

2017/3/7 下午 08:38:27::2017-03-07 20:38:27:Application Start!

2017/3/7 下午 08:59:27::2017-03-07 20:59:27:Application End!

