2017/3/20 上午 06:39:50::2017-03-20 06:39:50:Application Start!

2017/3/20 上午 07:00:50::2017-03-20 07:00:50:Application End!

2017/3/20 上午 09:50:25::2017-03-20 09:50:25:Application Start!

2017/3/20 上午 10:15:25::2017-03-20 10:15:25:Application End!

2017/3/20 上午 10:44:05::2017-03-20 10:44:04:Application Start!

2017/3/20 上午 11:05:01::2017-03-20 11:05:01:Application End!

2017/3/20 上午 11:15:38::2017-03-20 11:15:38:Application Start!

2017/3/20 上午 11:41:38::2017-03-20 11:41:38:Application End!

2017/3/20 下午 12:51:27::2017-03-20 12:51:27:Application Start!

2017/3/20 下午 01:12:27::2017-03-20 13:12:27:Application End!

2017/3/20 下午 01:55:42::2017-03-20 13:55:42:Application Start!

2017/3/20 下午 02:16:42::2017-03-20 14:16:42:Application End!

2017/3/20 下午 02:39:57::2017-03-20 14:39:57:Application Start!

2017/3/20 下午 03:12:57::2017-03-20 15:12:57:Application End!

2017/3/20 下午 04:33:54::2017-03-20 16:33:54:Application Start!

2017/3/20 下午 04:34:19==> Operate Description:用戶登錄, Operate Model:用戶管理, Operate creater:test Operate Type:登錄

2017/3/20 下午 04:34:19==> Operate Description:用戶登錄, Operate Model:用戶管理, Operate creater:test Operate Type:登錄

2017/3/20 下午 04:54:54::2017-03-20 16:54:54:Application End!

2017/3/20 下午 05:14:57::2017-03-20 17:14:57:Application Start!

2017/3/20 下午 05:29:14==> Operate Description:用戶登錄, Operate Model:用戶管理, Operate creater:Chris.Hong Operate Type:登錄

2017/3/20 下午 06:20:57::2017-03-20 18:20:57:Application End!

2017/3/20 下午 06:48:44::2017-03-20 18:48:44:Application Start!

2017/3/20 下午 07:09:44::2017-03-20 19:09:44:Application End!

