2017/1/4 上午 01:37:22::2017-01-04 01:37:22:Application Start!

2017/1/4 上午 01:58:22::2017-01-04 01:58:22:Application End!

2017/1/4 上午 02:04:11::2017-01-04 02:04:11:Application Start!

2017/1/4 上午 02:25:10::2017-01-04 02:25:10:Application End!

2017/1/4 上午 04:06:59::2017-01-04 04:06:59:Application Start!

2017/1/4 上午 04:27:59::2017-01-04 04:27:59:Application End!

2017/1/4 上午 08:20:48::2017-01-04 08:20:48:Application Start!

2017/1/4 上午 08:42:47::2017-01-04 08:42:47:Application End!

2017/1/4 上午 09:10:11::2017-01-04 09:10:11:Application Start!

2017/1/4 上午 10:02:13::2017-01-04 10:02:13:Application End!

2017/1/4 上午 10:25:53::2017-01-04 10:25:53:Application Start!

2017/1/4 上午 10:46:53::2017-01-04 10:46:53:Application End!

2017/1/4 上午 11:09:52::2017-01-04 11:09:52:Application Start!

2017/1/4 上午 11:10:11==> Operate Description:用戶登錄, Operate Model:用戶管理, Operate creater:admin Operate Type:登錄

2017/1/4 上午 11:10:11==> Operate Description:用戶登錄, Operate Model:用戶管理, Operate creater:admin Operate Type:登錄

2017/1/4 上午 11:14:24==> Operate Description:用戶登錄, Operate Model:用戶管理, Operate creater:admin Operate Type:登錄

2017/1/4 上午 11:15:28==> Operate Description:用戶登錄, Operate Model:用戶管理, Operate creater:Rainbow.Jiang Operate Type:登錄

2017/1/4 上午 11:35:51::2017-01-04 11:35:51:Application End!

2017/1/4 上午 11:37:39::2017-01-04 11:37:39:Application Start!

2017/1/4 上午 11:58:39::2017-01-04 11:58:39:Application End!

2017/1/4 下午 01:42:08::2017-01-04 13:42:08:Application Start!

2017/1/4 下午 02:03:08::2017-01-04 14:03:08:Application End!

2017/1/4 下午 02:40:06::2017-01-04 14:40:06:Application Start!

2017/1/4 下午 03:01:05::2017-01-04 15:01:05:Application End!

2017/1/4 下午 04:32:19::2017-01-04 16:32:19:Application Start!

2017/1/4 下午 05:05:16::2017-01-04 17:05:16:Application End!

2017/1/4 下午 06:32:11::2017-01-04 18:32:11:Application Start!

2017/1/4 下午 06:53:10::2017-01-04 18:53:10:Application End!

2017/1/4 下午 07:54:05::2017-01-04 19:54:05:Application Start!

2017/1/4 下午 08:15:05::2017-01-04 20:15:05:Application End!

2017/1/4 下午 09:45:25::2017-01-04 21:45:25:Application Start!

2017/1/4 下午 10:11:25::2017-01-04 22:11:25:Application End!

2017/1/4 下午 10:29:45::2017-01-04 22:29:44:Application Start!

2017/1/4 下午 10:50:45::2017-01-04 22:50:45:Application End!

