2017/2/21 上午 12:23:28::2017-02-21 00:23:28:Application Start!

2017/2/21 上午 12:44:29::2017-02-21 00:44:29:Application End!

2017/2/21 上午 03:28:36::2017-02-21 03:28:36:Application Start!

2017/2/21 上午 03:49:38::2017-02-21 03:49:38:Application End!

2017/2/21 上午 08:20:24::2017-02-21 08:20:24:Application Start!

2017/2/21 上午 08:44:23::2017-02-21 08:44:23:Application End!

2017/2/21 上午 09:02:00::2017-02-21 09:02:00:Application Start!

2017/2/21 上午 09:30:00::2017-02-21 09:30:00:Application End!

2017/2/21 上午 09:35:24::2017-02-21 09:35:24:Application Start!

2017/2/21 上午 10:23:22::2017-02-21 10:23:22:Application End!

2017/2/21 上午 10:48:50::2017-02-21 10:48:50:Application Start!

2017/2/21 上午 11:09:51::2017-02-21 11:09:51:Application End!

2017/2/21 上午 11:10:16::2017-02-21 11:10:16:Application Start!

2017/2/21 上午 11:10:36==> Operate Description:用戶登錄, Operate Model:用戶管理, Operate creater:test Operate Type:登錄

2017/2/21 上午 11:10:36==> Operate Description:用戶登錄, Operate Model:用戶管理, Operate creater:test Operate Type:登錄

2017/2/21 上午 11:36:09==> Operate Description:用戶登錄, Operate Model:用戶管理, Operate creater:Chris.Hong Operate Type:登錄

2017/2/21 上午 11:59:15::2017-02-21 11:59:15:Application End!

2017/2/21 下午 01:09:15::2017-02-21 13:09:15:Application Start!

2017/2/21 下午 01:30:15::2017-02-21 13:30:15:Application End!

2017/2/21 下午 02:14:46::2017-02-21 14:14:46:Application Start!

2017/2/21 下午 02:35:46::2017-02-21 14:35:46:Application End!

2017/2/21 下午 02:40:23::2017-02-21 14:40:23:Application Start!

2017/2/21 下午 03:01:23::2017-02-21 15:01:23:Application End!

2017/2/21 下午 03:40:45::2017-02-21 15:40:45:Application Start!

2017/2/21 下午 04:01:44::2017-02-21 16:01:44:Application End!

2017/2/21 下午 04:49:32::2017-02-21 16:49:32:Application Start!

2017/2/21 下午 05:26:31::2017-02-21 17:26:31:Application End!

2017/2/21 下午 08:46:57::2017-02-21 20:46:57:Application Start!

2017/2/21 下午 09:21:57::2017-02-21 21:21:57:Application End!

2017/2/21 下午 09:56:10::2017-02-21 21:56:10:Application Start!

2017/2/21 下午 10:17:11::2017-02-21 22:17:11:Application End!

2017/2/21 下午 11:59:07::2017-02-21 23:59:07:Application Start!

