2017/2/28 上午 12:55:19::2017-02-28 00:55:19:Application Start!

2017/2/28 上午 01:16:18::2017-02-28 01:16:18:Application End!

2017/2/28 上午 07:20:18::2017-02-28 07:20:18:Application Start!

2017/2/28 上午 07:41:18::2017-02-28 07:41:18:Application End!

2017/2/28 上午 07:57:56::2017-02-28 07:57:56:Application Start!

2017/2/28 上午 08:18:56::2017-02-28 08:18:56:Application End!

2017/2/28 上午 09:28:28::2017-02-28 09:28:28:Application Start!

2017/2/28 上午 09:31:18==> Operate Description:用戶登錄, Operate Model:用戶管理, Operate creater:test Operate Type:登錄

2017/2/28 上午 09:31:18==> Operate Description:用戶登錄, Operate Model:用戶管理, Operate creater:test Operate Type:登錄

2017/2/28 上午 09:55:28::2017-02-28 09:55:28:Application End!

2017/2/28 上午 10:14:01::2017-02-28 10:14:01:Application Start!

2017/2/28 上午 10:35:01::2017-02-28 10:35:01:Application End!

2017/2/28 上午 10:35:24::2017-02-28 10:35:24:Application Start!

2017/2/28 上午 10:56:22::2017-02-28 10:56:22:Application End!

2017/2/28 下午 12:52:45::2017-02-28 12:52:45:Application Start!

2017/2/28 下午 01:13:44::2017-02-28 13:13:44:Application End!

2017/2/28 下午 01:37:01::2017-02-28 13:37:01:Application Start!

2017/2/28 下午 01:58:02::2017-02-28 13:58:02:Application End!

2017/2/28 下午 02:49:49::2017-02-28 14:49:49:Application Start!

2017/2/28 下午 03:03:23==> Operate Description:用戶登錄, Operate Model:用戶管理, Operate creater:test Operate Type:登錄

2017/2/28 下午 03:23:49::2017-02-28 15:23:49:Application End!

2017/2/28 下午 04:38:54::2017-02-28 16:38:53:Application Start!

2017/2/28 下午 04:39:04==> Operate Description:用戶登錄, Operate Model:用戶管理, Operate creater:Chris.Hong Operate Type:登錄

2017/2/28 下午 04:59:52::2017-02-28 16:59:52:Application End!

2017/2/28 下午 05:54:04::2017-02-28 17:54:04:Application Start!

2017/2/28 下午 06:15:04::2017-02-28 18:15:04:Application End!

