2017/1/3 上午 01:53:48::2017-01-03 01:53:48:Application Start!

2017/1/3 上午 01:54:06==> Operate Description:用戶登錄, Operate Model:用戶管理, Operate creater:test Operate Type:登錄

2017/1/3 上午 01:54:06==> Operate Description:用戶登錄, Operate Model:用戶管理, Operate creater:test Operate Type:登錄

2017/1/3 上午 02:15:48::2017-01-03 02:15:48:Application End!

2017/1/3 上午 03:38:53::2017-01-03 03:38:53:Application Start!

2017/1/3 上午 03:59:53::2017-01-03 03:59:53:Application End!

2017/1/3 上午 08:25:30::2017-01-03 08:25:30:Application Start!

2017/1/3 上午 08:46:30::2017-01-03 08:46:30:Application End!

2017/1/3 上午 09:25:00::2017-01-03 09:25:00:Application Start!

2017/1/3 上午 09:52:00::2017-01-03 09:52:00:Application End!

2017/1/3 上午 10:00:33::2017-01-03 10:00:33:Application Start!

2017/1/3 上午 10:33:33::2017-01-03 10:33:33:Application End!

2017/1/3 上午 10:45:02::2017-01-03 10:45:02:Application Start!

2017/1/3 上午 11:06:03::2017-01-03 11:06:03:Application End!

2017/1/3 上午 11:08:23::2017-01-03 11:08:23:Application Start!

2017/1/3 上午 11:33:24::2017-01-03 11:33:24:Application End!

2017/1/3 上午 11:42:03::2017-01-03 11:42:03:Application Start!

2017/1/3 上午 11:42:21==> Operate Description:用戶登錄, Operate Model:用戶管理, Operate creater:Chris.Hong Operate Type:登錄

2017/1/3 上午 11:42:21==> Operate Description:用戶登錄, Operate Model:用戶管理, Operate creater:Chris.Hong Operate Type:登錄

2017/1/3 下午 12:03:03::2017-01-03 12:03:03:Application End!

2017/1/3 下午 01:52:37::2017-01-03 13:52:37:Application Start!

2017/1/3 下午 02:40:37::2017-01-03 14:40:37:Application End!

2017/1/3 下午 03:29:20::2017-01-03 15:29:20:Application Start!

2017/1/3 下午 03:50:20::2017-01-03 15:50:20:Application End!

2017/1/3 下午 03:58:21::2017-01-03 15:58:21:Application Start!

2017/1/3 下午 04:19:21::2017-01-03 16:19:21:Application End!

2017/1/3 下午 04:56:36::2017-01-03 16:56:36:Application Start!

2017/1/3 下午 05:17:36::2017-01-03 17:17:36:Application End!

2017/1/3 下午 06:41:22::2017-01-03 18:41:22:Application Start!

2017/1/3 下午 07:02:22::2017-01-03 19:02:22:Application End!

2017/1/3 下午 09:01:29::2017-01-03 21:01:29:Application Start!

2017/1/3 下午 09:02:07==> Operate Description:用戶登錄, Operate Model:用戶管理, Operate creater:test Operate Type:登錄

2017/1/3 下午 09:02:24==> Operate Description:用戶登錄, Operate Model:用戶管理, Operate creater:test Operate Type:登錄

2017/1/3 下午 09:50:29::2017-01-03 21:50:29:Application End!

2017/1/3 下午 11:25:17::2017-01-03 23:25:17:Application Start!

2017/1/3 下午 11:46:17::2017-01-03 23:46:17:Application End!

