2017/2/22 上午 12:20:07::2017-02-22 00:20:07:Application End!

2017/2/22 上午 12:31:54::2017-02-22 00:31:54:Application Start!

2017/2/22 上午 12:52:54::2017-02-22 00:52:54:Application End!

2017/2/22 上午 09:10:21::2017-02-22 09:10:21:Application Start!

2017/2/22 上午 09:10:49==> Operate Description:用戶登錄, Operate Model:用戶管理, Operate creater:Jianguo.Zhou Operate Type:登錄

2017/2/22 上午 09:10:49==> Operate Description:用戶登錄, Operate Model:用戶管理, Operate creater:Jianguo.Zhou Operate Type:登錄

2017/2/22 上午 10:20:20::2017-02-22 10:20:20:Application End!

2017/2/22 上午 11:00:29::2017-02-22 11:00:29:Application Start!

2017/2/22 上午 11:01:29==> Errors Description:遠端主機已關閉連接。錯誤碼為 0x800703E3。Errors Location:   於 System.Web.Hosting.IIS7WorkerRequest.RaiseCommunicationError(Int32 result, Boolean throwOnDisconnect)
   於 System.Web.Hosting.IIS7WorkerRequest.ExplicitFlush()
   於 System.Web.HttpResponse.Flush(Boolean finalFlush, Boolean async)
   於 System.Web.HttpResponse.Flush()
   於 System.Web.HttpResponseWrapper.Flush()
   於 ePortal.Web.Controllers.AttendanceController.attendancexls(Nullable`1 StartDate, Nullable`1 EndDate, String factory, String DeptNoBegin, String DeptNoEnd, String empno, String employes, String emptype, String control, String anomalous, String Chidao, String Zaotui, String Kuanggong, String Qingjia, String Jingchu, String Chejian, String ShowType) 於 d:\Code\ePortl\ePortal\ePortal.Web\Controllers\AttendanceController.cs: 行 693
   於 lambda_method(Closure , ControllerBase , Object[] )
   於 System.Web.Mvc.ActionMethodDispatcher.<>c__DisplayClass1.<WrapVoidAction>b__0(ControllerBase controller, Object[] parameters)
   於 System.Web.Mvc.ActionMethodDispatcher.Execute(ControllerBase controller, Object[] parameters)
   於 System.Web.Mvc.ReflectedActionDescriptor.Execute(ControllerContext controllerContext, IDictionary`2 parameters)
   於 System.Web.Mvc.ControllerActionInvoker.InvokeActionMethod(ControllerContext controllerContext, ActionDescriptor actionDescriptor, IDictionary`2 parameters)
   於 System.Web.Mvc.Async.AsyncControllerActionInvoker.<>c__DisplayClass42.<BeginInvokeSynchronousActionMethod>b__41()
   於 System.Web.Mvc.Async.AsyncResultWrapper.<>c__DisplayClass8`1.<BeginSynchronous>b__7(IAsyncResult _)
   於 System.Web.Mvc.Async.AsyncResultWrapper.WrappedAsyncResult`1.End()
   於 System.Web.Mvc.Async.AsyncControllerActionInvoker.EndInvokeActionMethod(IAsyncResult asyncResult)
   於 System.Web.Mvc.Async.AsyncControllerActionInvoker.<>c__DisplayClass37.<>c__DisplayClass39.<BeginInvokeActionMethodWithFilters>b__33()
   於 System.Web.Mvc.Async.AsyncControllerActionInvoker.<>c__DisplayClass4f.<InvokeActionMethodFilterAsynchronously>b__49()
   於 System.Web.Mvc.Async.AsyncControllerActionInvoker.<>c__DisplayClass4f.<InvokeActionMethodFilterAsynchronously>b__49()
   於 System.Web.Mvc.Async.AsyncControllerActionInvoker.<>c__DisplayClass4f.<InvokeActionMethodFilterAsynchronously>b__49()
   於 System.Web.Mvc.Async.AsyncControllerActionInvoker.<>c__DisplayClass37.<BeginInvokeActionMethodWithFilters>b__36(IAsyncResult asyncResult)
   於 System.Web.Mvc.Async.AsyncResultWrapper.WrappedAsyncResult`1.End()
   於 System.Web.Mvc.Async.AsyncControllerActionInvoker.EndInvokeActionMethodWithFilters(IAsyncResult asyncResult)
   於 System.Web.Mvc.Async.AsyncControllerActionInvoker.<>c__DisplayClass25.<>c__DisplayClass2a.<BeginInvokeAction>b__20()
   於 System.Web.Mvc.Async.AsyncControllerActionInvoker.<>c__DisplayClass25.<BeginInvokeAction>b__22(IAsyncResult asyncResult)

2017/2/22 上午 11:03:21==> Operate Description:用戶登錄, Operate Model:用戶管理, Operate creater:Chris.Hong Operate Type:登錄

2017/2/22 上午 11:03:21==> Operate Description:用戶登錄, Operate Model:用戶管理, Operate creater:Chris.Hong Operate Type:登錄

2017/2/22 上午 11:03:21==> Operate Description:用戶登錄, Operate Model:用戶管理, Operate creater:Chris.Hong Operate Type:登錄

2017/2/22 上午 11:25:27::2017-02-22 11:25:27:Application End!

2017/2/22 下午 02:05:57::2017-02-22 14:05:57:Application Start!

2017/2/22 下午 02:26:57::2017-02-22 14:26:57:Application End!

2017/2/22 下午 04:46:47::2017-02-22 16:46:47:Application Start!

2017/2/22 下午 05:07:46::2017-02-22 17:07:46:Application End!

2017/2/22 下午 05:11:58::2017-02-22 17:11:58:Application Start!

2017/2/22 下午 05:32:57::2017-02-22 17:32:57:Application End!

2017/2/22 下午 09:35:36::2017-02-22 21:35:36:Application Start!

2017/2/22 下午 09:56:34::2017-02-22 21:56:34:Application End!

