2017/1/6 上午 01:50:15::2017-01-06 01:50:15:Application Start!

2017/1/6 上午 01:50:45==> Operate Description:用戶登錄, Operate Model:用戶管理, Operate creater:test Operate Type:登錄

2017/1/6 上午 01:50:45==> Operate Description:用戶登錄, Operate Model:用戶管理, Operate creater:test Operate Type:登錄

2017/1/6 上午 02:11:15::2017-01-06 02:11:15:Application End!

2017/1/6 上午 03:33:55::2017-01-06 03:33:55:Application Start!

2017/1/6 上午 03:34:08==> Operate Description:用戶登錄, Operate Model:用戶管理, Operate creater:test Operate Type:登錄

2017/1/6 上午 03:55:53::2017-01-06 03:55:53:Application End!

2017/1/6 上午 09:53:05::2017-01-06 09:53:05:Application Start!

2017/1/6 上午 10:14:03::2017-01-06 10:14:02:Application End!

2017/1/6 上午 10:58:29::2017-01-06 10:58:29:Application Start!

2017/1/6 上午 11:19:29::2017-01-06 11:19:29:Application End!

2017/1/6 上午 11:42:02::2017-01-06 11:42:02:Application Start!

2017/1/6 下午 12:03:02::2017-01-06 12:03:02:Application End!

2017/1/6 下午 01:02:02::2017-01-06 13:02:02:Application Start!

2017/1/6 下午 01:23:02::2017-01-06 13:23:02:Application End!

2017/1/6 下午 01:27:54::2017-01-06 13:27:54:Application Start!

2017/1/6 下午 01:48:54::2017-01-06 13:48:54:Application End!

2017/1/6 下午 01:51:49::2017-01-06 13:51:49:Application Start!

2017/1/6 下午 02:12:49::2017-01-06 14:12:49:Application End!

2017/1/6 下午 04:30:14::2017-01-06 16:30:14:Application Start!

2017/1/6 下午 04:51:14::2017-01-06 16:51:14:Application End!

2017/1/6 下午 05:03:50::2017-01-06 17:03:50:Application Start!

2017/1/6 下午 05:13:58==> Operate Description:用戶登錄, Operate Model:用戶管理, Operate creater:test Operate Type:登錄

2017/1/6 下午 05:41:50::2017-01-06 17:41:50:Application End!

2017/1/6 下午 07:01:31::2017-01-06 19:01:31:Application Start!

2017/1/6 下午 07:22:31::2017-01-06 19:22:31:Application End!

2017/1/6 下午 07:45:13::2017-01-06 19:45:13:Application Start!

2017/1/6 下午 07:45:48==> Operate Description:用戶登錄, Operate Model:用戶管理, Operate creater:Rainbow.Jiang Operate Type:登錄

2017/1/6 下午 07:45:48==> Operate Description:用戶登錄, Operate Model:用戶管理, Operate creater:Rainbow.Jiang Operate Type:登錄

2017/1/6 下午 07:47:33==> Operate Description:用戶登錄, Operate Model:用戶管理, Operate creater:Rainbow.Jiang Operate Type:登錄

2017/1/6 下午 08:08:13::2017-01-06 20:08:13:Application End!

2017/1/6 下午 09:05:17::2017-01-06 21:05:17:Application Start!

2017/1/6 下午 09:26:17::2017-01-06 21:26:17:Application End!

2017/1/6 下午 09:43:34::2017-01-06 21:43:34:Application Start!

2017/1/6 下午 10:24:35::2017-01-06 22:24:35:Application End!

