2017/1/2 上午 08:20:11::2017-01-02 08:20:11:Application Start!

2017/1/2 上午 08:41:11::2017-01-02 08:41:11:Application End!

2017/1/2 上午 09:28:28::2017-01-02 09:28:28:Application Start!

2017/1/2 上午 09:49:29::2017-01-02 09:49:29:Application End!

2017/1/2 上午 10:15:11::2017-01-02 10:15:11:Application Start!

2017/1/2 上午 10:48:11::2017-01-02 10:48:11:Application End!

2017/1/2 上午 11:24:46::2017-01-02 11:24:46:Application Start!

2017/1/2 上午 11:45:47::2017-01-02 11:45:47:Application End!

2017/1/2 上午 11:45:50::2017-01-02 11:45:50:Application Start!

2017/1/2 下午 12:06:50::2017-01-02 12:06:50:Application End!

2017/1/2 下午 02:30:03::2017-01-02 14:30:03:Application Start!

2017/1/2 下午 02:51:03::2017-01-02 14:51:03:Application End!

2017/1/2 下午 03:02:44::2017-01-02 15:02:44:Application Start!

2017/1/2 下午 03:23:45::2017-01-02 15:23:45:Application End!

2017/1/2 下午 04:19:10::2017-01-02 16:19:10:Application Start!

2017/1/2 下午 04:40:11::2017-01-02 16:40:11:Application End!

2017/1/2 下午 06:53:14::2017-01-02 18:53:14:Application Start!

2017/1/2 下午 07:14:15::2017-01-02 19:14:15:Application End!

2017/1/2 下午 07:43:37::2017-01-02 19:43:37:Application Start!

2017/1/2 下午 08:22:37::2017-01-02 20:22:37:Application End!

2017/1/2 下午 08:23:15::2017-01-02 20:23:15:Application Start!

2017/1/2 下午 08:24:17==> Operate Description:用戶登錄, Operate Model:用戶管理, Operate creater:test Operate Type:登錄

2017/1/2 下午 08:47:16::2017-01-02 20:47:16:Application End!

2017/1/2 下午 08:48:15::2017-01-02 20:48:15:Application Start!

2017/1/2 下午 09:39:15::2017-01-02 21:39:15:Application End!

2017/1/2 下午 10:28:31::2017-01-02 22:28:31:Application Start!

2017/1/2 下午 10:49:31::2017-01-02 22:49:31:Application End!

2017/1/2 下午 11:31:56::2017-01-02 23:31:56:Application Start!

2017/1/2 下午 11:52:56::2017-01-02 23:52:56:Application End!

