2017/3/16 上午 12:23:13::2017-03-16 00:23:13:Application Start!

2017/3/16 上午 12:44:12::2017-03-16 00:44:12:Application End!

2017/3/16 上午 03:15:35::2017-03-16 03:15:35:Application Start!

2017/3/16 上午 03:36:34::2017-03-16 03:36:34:Application End!

2017/3/16 上午 04:24:46::2017-03-16 04:24:46:Application Start!

2017/3/16 上午 04:45:47::2017-03-16 04:45:47:Application End!

2017/3/16 上午 08:18:28::2017-03-16 08:18:28:Application Start!

2017/3/16 上午 08:39:28::2017-03-16 08:39:28:Application End!

2017/3/16 上午 08:59:04::2017-03-16 08:59:04:Application Start!

2017/3/16 上午 09:27:04::2017-03-16 09:27:04:Application End!

2017/3/16 上午 10:02:52::2017-03-16 10:02:52:Application Start!

2017/3/16 上午 10:23:52::2017-03-16 10:23:52:Application End!

2017/3/16 上午 10:53:07::2017-03-16 10:53:07:Application Start!

2017/3/16 上午 11:14:07::2017-03-16 11:14:07:Application End!

2017/3/16 上午 11:22:24::2017-03-16 11:22:24:Application Start!

2017/3/16 上午 11:43:22::2017-03-16 11:43:22:Application End!

2017/3/16 上午 11:54:41::2017-03-16 11:54:41:Application Start!

2017/3/16 下午 12:15:41::2017-03-16 12:15:41:Application End!

2017/3/16 下午 02:58:22::2017-03-16 14:58:22:Application Start!

2017/3/16 下午 02:58:48==> Operate Description:用戶登錄, Operate Model:用戶管理, Operate creater:test Operate Type:登錄

2017/3/16 下午 02:58:48==> Operate Description:用戶登錄, Operate Model:用戶管理, Operate creater:test Operate Type:登錄

2017/3/16 下午 03:23:22::2017-03-16 15:23:22:Application End!

2017/3/16 下午 03:54:05::2017-03-16 15:54:05:Application Start!

2017/3/16 下午 04:31:04::2017-03-16 16:31:04:Application End!

2017/3/16 下午 04:45:01::2017-03-16 16:45:01:Application Start!

2017/3/16 下午 05:06:01::2017-03-16 17:06:01:Application End!

2017/3/16 下午 05:15:15::2017-03-16 17:15:15:Application Start!

2017/3/16 下午 05:36:16::2017-03-16 17:36:16:Application End!

2017/3/16 下午 07:16:50::2017-03-16 19:16:50:Application Start!

2017/3/16 下午 07:37:50::2017-03-16 19:37:50:Application End!

2017/3/16 下午 07:58:44::2017-03-16 19:58:44:Application Start!

2017/3/16 下午 08:19:44::2017-03-16 20:19:44:Application End!

2017/3/16 下午 09:03:38::2017-03-16 21:03:38:Application Start!

2017/3/16 下午 09:24:39::2017-03-16 21:24:39:Application End!

