2017/1/16 上午 12:27:18::2017-01-16 00:27:18:Application Start!

2017/1/16 上午 12:27:42==> Operate Description:用戶登錄, Operate Model:用戶管理, Operate creater:test Operate Type:登錄

2017/1/16 上午 12:27:42==> Operate Description:用戶登錄, Operate Model:用戶管理, Operate creater:test Operate Type:登錄

2017/1/16 上午 12:27:42==> Operate Description:用戶登錄, Operate Model:用戶管理, Operate creater:test Operate Type:登錄

2017/1/16 上午 12:54:18::2017-01-16 00:54:18:Application End!

2017/1/16 上午 05:06:15::2017-01-16 05:06:15:Application Start!

2017/1/16 上午 05:27:17::2017-01-16 05:27:17:Application End!

2017/1/16 上午 07:59:42::2017-01-16 07:59:42:Application Start!

2017/1/16 上午 08:27:41::2017-01-16 08:27:41:Application End!

2017/1/16 上午 10:42:57::2017-01-16 10:42:57:Application Start!

2017/1/16 上午 11:03:57::2017-01-16 11:03:57:Application End!

2017/1/16 下午 02:11:38::2017-01-16 14:11:38:Application Start!

2017/1/16 下午 02:32:26::2017-01-16 14:32:26:Application End!

2017/1/16 下午 04:54:52::2017-01-16 16:54:52:Application Start!

2017/1/16 下午 05:15:52::2017-01-16 17:15:52:Application End!

2017/1/16 下午 06:28:01::2017-01-16 18:28:01:Application Start!

2017/1/16 下午 06:49:01::2017-01-16 18:49:01:Application End!

2017/1/16 下午 07:24:00::2017-01-16 19:24:00:Application Start!

2017/1/16 下午 07:58:00::2017-01-16 19:58:00:Application End!

2017/1/16 下午 08:25:31::2017-01-16 20:25:31:Application Start!

2017/1/16 下午 08:46:31::2017-01-16 20:46:31:Application End!

2017/1/16 下午 08:56:51::2017-01-16 20:56:51:Application Start!

2017/1/16 下午 08:57:04==> Operate Description:用戶登錄, Operate Model:用戶管理, Operate creater:test Operate Type:登錄

2017/1/16 下午 08:57:04==> Operate Description:用戶登錄, Operate Model:用戶管理, Operate creater:test Operate Type:登錄

2017/1/16 下午 09:19:51::2017-01-16 21:19:51:Application End!

2017/1/16 下午 10:42:04::2017-01-16 22:42:04:Application Start!

2017/1/16 下午 11:03:04::2017-01-16 23:03:04:Application End!

