2017/2/17 上午 02:36:43::2017-02-17 02:36:43:Application Start!

2017/2/17 上午 02:57:43::2017-02-17 02:57:43:Application End!

2017/2/17 上午 06:44:04::2017-02-17 06:44:04:Application Start!

2017/2/17 上午 07:05:05::2017-02-17 07:05:05:Application End!

2017/2/17 上午 08:08:45::2017-02-17 08:08:45:Application Start!

2017/2/17 上午 08:30:45::2017-02-17 08:30:45:Application End!

2017/2/17 上午 08:31:04::2017-02-17 08:31:04:Application Start!

2017/2/17 上午 08:52:05::2017-02-17 08:52:05:Application End!

2017/2/17 上午 09:28:07::2017-02-17 09:28:07:Application Start!

2017/2/17 上午 09:49:04::2017-02-17 09:49:04:Application End!

2017/2/17 上午 10:02:05::2017-02-17 10:02:05:Application Start!

2017/2/17 上午 10:33:06::2017-02-17 10:33:06:Application End!

2017/2/17 上午 11:37:16::2017-02-17 11:37:16:Application Start!

2017/2/17 上午 11:59:15::2017-02-17 11:59:15:Application End!

2017/2/17 下午 12:01:26::2017-02-17 12:01:26:Application Start!

2017/2/17 下午 12:22:27::2017-02-17 12:22:27:Application End!

2017/2/17 下午 01:35:56::2017-02-17 13:35:56:Application Start!

2017/2/17 下午 01:56:56::2017-02-17 13:56:56:Application End!

2017/2/17 下午 02:10:55::2017-02-17 14:10:55:Application Start!

2017/2/17 下午 04:47:23==> Operate Description:用戶登錄, Operate Model:用戶管理, Operate creater:Jianguo.Zhou Operate Type:登錄

2017/2/17 下午 05:08:56::2017-02-17 17:08:56:Application End!

2017/2/17 下午 05:43:56::2017-02-17 17:43:56:Application Start!

2017/2/17 下午 05:44:15==> Operate Description:用戶登錄, Operate Model:用戶管理, Operate creater:admin Operate Type:登錄

2017/2/17 下午 06:20:55::2017-02-17 18:20:55:Application End!

2017/2/17 下午 06:36:00::2017-02-17 18:36:00:Application Start!

2017/2/17 下午 06:57:00::2017-02-17 18:57:00:Application End!

2017/2/17 下午 07:52:28::2017-02-17 19:52:28:Application Start!

2017/2/17 下午 08:27:26::2017-02-17 20:27:26:Application End!

2017/2/17 下午 09:01:19::2017-02-17 21:01:19:Application Start!

2017/2/17 下午 09:56:19::2017-02-17 21:56:19:Application End!

2017/2/17 下午 10:53:13::2017-02-17 22:53:13:Application Start!

2017/2/17 下午 11:14:13::2017-02-17 23:14:13:Application End!

