2017/1/10 上午 02:06:11::2017-01-10 02:06:11:Application Start!

2017/1/10 上午 02:27:11::2017-01-10 02:27:11:Application End!

2017/1/10 上午 08:29:29::2017-01-10 08:29:29:Application Start!

2017/1/10 上午 08:50:28::2017-01-10 08:50:28:Application End!

2017/1/10 上午 10:06:04::2017-01-10 10:06:04:Application Start!

2017/1/10 上午 10:25:04==> Operate Description:用戶登錄, Operate Model:用戶管理, Operate creater:test Operate Type:登錄

2017/1/10 上午 10:46:04::2017-01-10 10:46:04:Application End!

2017/1/10 下午 03:10:48::2017-01-10 15:10:48:Application Start!

2017/1/10 下午 03:31:47::2017-01-10 15:31:47:Application End!

2017/1/10 下午 04:04:42::2017-01-10 16:04:42:Application Start!

2017/1/10 下午 04:25:42::2017-01-10 16:25:42:Application End!

2017/1/10 下午 04:29:33::2017-01-10 16:29:33:Application Start!

2017/1/10 下午 04:50:34::2017-01-10 16:50:34:Application End!

2017/1/10 下午 05:32:45::2017-01-10 17:32:45:Application Start!

2017/1/10 下午 05:53:45::2017-01-10 17:53:45:Application End!

2017/1/10 下午 07:14:25::2017-01-10 19:14:25:Application Start!

2017/1/10 下午 07:35:25::2017-01-10 19:35:25:Application End!

2017/1/10 下午 07:41:16::2017-01-10 19:41:16:Application Start!

2017/1/10 下午 08:02:16::2017-01-10 20:02:16:Application End!

2017/1/10 下午 08:44:40::2017-01-10 20:44:40:Application Start!

2017/1/10 下午 09:05:41::2017-01-10 21:05:41:Application End!

2017/1/10 下午 09:16:44::2017-01-10 21:16:44:Application Start!

2017/1/10 下午 09:37:45::2017-01-10 21:37:45:Application End!

2017/1/10 下午 11:01:02::2017-01-10 23:01:02:Application Start!

2017/1/10 下午 11:22:02::2017-01-10 23:22:02:Application End!

