2017/1/7 上午 12:45:53::2017-01-07 00:45:53:Application Start!

2017/1/7 上午 01:06:53::2017-01-07 01:06:53:Application End!

2017/1/7 上午 08:45:18::2017-01-07 08:45:18:Application Start!

2017/1/7 上午 09:06:18::2017-01-07 09:06:18:Application End!

2017/1/7 上午 10:26:52::2017-01-07 10:26:52:Application Start!

2017/1/7 上午 10:47:51::2017-01-07 10:47:51:Application End!

2017/1/7 上午 11:37:40::2017-01-07 11:37:40:Application Start!

2017/1/7 上午 11:59:39::2017-01-07 11:59:39:Application End!

2017/1/7 下午 01:26:15::2017-01-07 13:26:15:Application Start!

2017/1/7 下午 01:47:14::2017-01-07 13:47:14:Application End!

2017/1/7 下午 02:23:02::2017-01-07 14:23:02:Application Start!

2017/1/7 下午 02:56:02::2017-01-07 14:56:02:Application End!

2017/1/7 下午 02:59:42::2017-01-07 14:59:42:Application Start!

2017/1/7 下午 03:40:42::2017-01-07 15:40:42:Application End!

2017/1/7 下午 04:35:59::2017-01-07 16:35:59:Application Start!

2017/1/7 下午 04:36:14==> Operate Description:用戶登錄, Operate Model:用戶管理, Operate creater:test Operate Type:登錄

2017/1/7 下午 04:36:14==> Operate Description:用戶登錄, Operate Model:用戶管理, Operate creater:test Operate Type:登錄

2017/1/7 下午 05:08:58::2017-01-07 17:08:58:Application End!

2017/1/7 下午 05:09:31::2017-01-07 17:09:31:Application Start!

2017/1/7 下午 05:30:31::2017-01-07 17:30:31:Application End!

2017/1/7 下午 05:32:04::2017-01-07 17:32:04:Application Start!

2017/1/7 下午 05:53:05::2017-01-07 17:53:05:Application End!

2017/1/7 下午 06:56:48::2017-01-07 18:56:47:Application Start!

2017/1/7 下午 07:17:48::2017-01-07 19:17:48:Application End!

2017/1/7 下午 07:44:07::2017-01-07 19:44:07:Application Start!

2017/1/7 下午 08:18:07::2017-01-07 20:18:07:Application End!

2017/1/7 下午 08:20:37::2017-01-07 20:20:37:Application Start!

2017/1/7 下午 08:41:37::2017-01-07 20:41:37:Application End!

2017/1/7 下午 09:22:55::2017-01-07 21:22:55:Application Start!

2017/1/7 下午 09:43:56::2017-01-07 21:43:56:Application End!

2017/1/7 下午 09:51:46::2017-01-07 21:51:46:Application Start!

2017/1/7 下午 10:25:47::2017-01-07 22:25:47:Application End!

2017/1/7 下午 11:40:22::2017-01-07 23:40:22:Application Start!

