2017/3/1 上午 08:28:00::2017-03-01 08:28:00:Application Start!

2017/3/1 上午 09:00:58::2017-03-01 09:00:58:Application End!

2017/3/1 上午 09:33:56::2017-03-01 09:33:56:Application Start!

2017/3/1 上午 09:54:56::2017-03-01 09:54:56:Application End!

2017/3/1 上午 09:57:52::2017-03-01 09:57:52:Application Start!

2017/3/1 上午 10:25:53::2017-03-01 10:25:53:Application End!

2017/3/1 上午 10:33:45::2017-03-01 10:33:45:Application Start!

2017/3/1 上午 10:54:43::2017-03-01 10:54:43:Application End!

2017/3/1 上午 11:11:57::2017-03-01 11:11:57:Application Start!

2017/3/1 上午 11:29:23==> Operate Description:用戶登錄, Operate Model:用戶管理, Operate creater:Chris.Hong Operate Type:登錄

2017/3/1 下午 12:17:59::2017-03-01 12:17:59:Application End!

2017/3/1 下午 01:20:29::2017-03-01 13:20:29:Application Start!

2017/3/1 下午 01:41:29::2017-03-01 13:41:29:Application End!

2017/3/1 下午 01:44:59::2017-03-01 13:44:59:Application Start!

2017/3/1 下午 02:05:59::2017-03-01 14:05:59:Application End!

2017/3/1 下午 04:50:09::2017-03-01 16:50:09:Application Start!

2017/3/1 下午 04:50:27==> Operate Description:用戶登錄, Operate Model:用戶管理, Operate creater:test Operate Type:登錄

2017/3/1 下午 05:13:09::2017-03-01 17:13:09:Application End!

2017/3/1 下午 05:26:36::2017-03-01 17:26:36:Application Start!

2017/3/1 下午 05:48:37::2017-03-01 17:48:37:Application End!

2017/3/1 下午 05:59:15::2017-03-01 17:59:15:Application Start!

2017/3/1 下午 06:20:16::2017-03-01 18:20:16:Application End!

2017/3/1 下午 06:20:59::2017-03-01 18:20:59:Application Start!

2017/3/1 下午 06:42:00::2017-03-01 18:42:00:Application End!

2017/3/1 下午 08:25:20::2017-03-01 20:25:20:Application Start!

2017/3/1 下午 09:03:19::2017-03-01 21:03:19:Application End!

2017/3/1 下午 09:03:57::2017-03-01 21:03:57:Application Start!

2017/3/1 下午 09:24:57::2017-03-01 21:24:57:Application End!

