2017/2/6 上午 08:22:06::2017-02-06 08:22:06:Application Start!

2017/2/6 上午 08:43:04::2017-02-06 08:43:04:Application End!

2017/2/6 上午 10:57:12::2017-02-06 10:57:12:Application Start!

2017/2/6 上午 11:18:13::2017-02-06 11:18:13:Application End!

2017/2/6 下午 01:30:01::2017-02-06 13:30:01:Application Start!

2017/2/6 下午 01:51:02::2017-02-06 13:51:02:Application End!

2017/2/6 下午 02:16:19::2017-02-06 14:16:19:Application Start!

2017/2/6 下午 02:37:20::2017-02-06 14:37:20:Application End!

2017/2/6 下午 02:58:02::2017-02-06 14:58:02:Application Start!

2017/2/6 下午 03:19:02::2017-02-06 15:19:02:Application End!

2017/2/6 下午 03:58:41::2017-02-06 15:58:41:Application Start!

2017/2/6 下午 04:19:41::2017-02-06 16:19:41:Application End!

2017/2/6 下午 05:50:22::2017-02-06 17:50:22:Application Start!

2017/2/6 下午 06:11:23::2017-02-06 18:11:23:Application End!

2017/2/6 下午 06:42:02::2017-02-06 18:42:01:Application Start!

2017/2/6 下午 07:03:02::2017-02-06 19:03:02:Application End!

2017/2/6 下午 08:48:07::2017-02-06 20:48:07:Application Start!

2017/2/6 下午 08:48:26==> Operate Description:用戶登錄, Operate Model:用戶管理, Operate creater:test Operate Type:登錄

2017/2/6 下午 08:48:26==> Operate Description:用戶登錄, Operate Model:用戶管理, Operate creater:test Operate Type:登錄

2017/2/6 下午 09:09:07::2017-02-06 21:09:07:Application End!

